<?xml version="1.0" encoding="UTF-8"?>
<TestRun id="79f3fcd2-1c6b-4add-a0c4-1abaf0c8d2a3" name="chrisna@TIANCOMP 2012-05-24 22:51:02" runUser="TIANCOMP\chrisna" xmlns="http://microsoft.com/schemas/VisualStudio/TeamTest/2010">
  <TestSettings name="Local" id="3df5505e-b0c9-4ce6-83fc-f06cb2fb1d4f">
    <Description>These are default test settings for a local test run.</Description>
    <Deployment enabled="false" runDeploymentRoot="chrisna_TIANCOMP 2012-05-24 22_51_02">
      <DeploymentItem filename="D:\TIAN\KULIAH\SEMESTER 6\MPPL\FP\mppl\mppl\itextsharp.xtra.dll" />
      <DeploymentItem filename="D:\TIAN\KULIAH\SEMESTER 6\MPPL\FP\mppl\mppl\bin\mppl.dll" />
      <DeploymentItem filename="D:\TIAN\KULIAH\SEMESTER 6\MPPL\FP\mppl\mppl\itextsharp.dll" />
    </Deployment>
    <Execution>
      <TestTypeSpecific />
      <AgentRule name="Execution Agents">
      </AgentRule>
    </Execution>
  </TestSettings>
  <Times creation="2012-05-24T22:51:02.9098480+07:00" queuing="2012-05-24T22:51:03.0338551+07:00" start="2012-05-24T22:51:03.0708573+07:00" finish="2012-05-24T22:51:26.7292104+07:00" />
  <ResultSummary outcome="Inconclusive">
    <Counters total="2" executed="2" error="0" failed="0" timeout="0" aborted="0" inconclusive="2" passedButRunAborted="0" notRunnable="0" notExecuted="0" disconnected="0" warning="0" passed="0" completed="0" inProgress="0" pending="0" />
  </ResultSummary>
  <TestDefinitions>
    <UnitTest name="menuUtamaUIConstructorTest" storage="d:\tian\kuliah\semester 6\mppl\fp\mppl\testproject2\bin\debug\testproject2.dll" id="db46635a-c39c-bd8d-b0b6-a0672a310324">
      <Execution id="bea8ea18-7f0b-497a-8ac7-c09204827320" />
      <TestMethod codeBase="D:/TIAN/KULIAH/SEMESTER 6/MPPL/FP/mppl/TestProject2/bin/Debug/TestProject2.DLL" adapterTypeName="Microsoft.VisualStudio.TestTools.TestTypes.Unit.UnitTestAdapter, Microsoft.VisualStudio.QualityTools.Tips.UnitTest.Adapter, Version=10.0.0.0, Culture=neutral, PublicKeyToken=b03f5f7f11d50a3a" className="TestProject2.menuUtamaUITest, TestProject2, Version=1.0.0.0, Culture=neutral, PublicKeyToken=null" name="menuUtamaUIConstructorTest" />
      <AspNet webSiteUrl="http://localhost:1904/">
        <Host pathToWebApp="D:\TIAN\KULIAH\SEMESTER 6\MPPL\FP\mppl\mppl" webAppRoot="/" />
      </AspNet>
    </UnitTest>
    <UnitTest name="pilihCekDokumenTest" storage="d:\tian\kuliah\semester 6\mppl\fp\mppl\testproject2\bin\debug\testproject2.dll" id="ee2d4e2e-8c2c-c2a8-9060-2fd4da3dca4c">
      <Execution id="6228da36-abca-41a0-a03f-6401490f359f" />
      <TestMethod codeBase="D:/TIAN/KULIAH/SEMESTER 6/MPPL/FP/mppl/TestProject2/bin/Debug/TestProject2.DLL" adapterTypeName="Microsoft.VisualStudio.TestTools.TestTypes.Unit.UnitTestAdapter, Microsoft.VisualStudio.QualityTools.Tips.UnitTest.Adapter, Version=10.0.0.0, Culture=neutral, PublicKeyToken=b03f5f7f11d50a3a" className="TestProject2.menuUtamaUITest, TestProject2, Version=1.0.0.0, Culture=neutral, PublicKeyToken=null" name="pilihCekDokumenTest" />
      <AspNet webSiteUrl="http://localhost:1904/">
        <Host pathToWebApp="D:\TIAN\KULIAH\SEMESTER 6\MPPL\FP\mppl\mppl" webAppRoot="/" />
      </AspNet>
    </UnitTest>
  </TestDefinitions>
  <TestLists>
    <TestList name="Results Not in a List" id="8c84fa94-04c1-424b-9868-57a2d4851a1d" />
    <TestList name="All Loaded Results" id="19431567-8539-422a-85d7-44ee4e166bda" />
  </TestLists>
  <TestEntries>
    <TestEntry testId="db46635a-c39c-bd8d-b0b6-a0672a310324" executionId="bea8ea18-7f0b-497a-8ac7-c09204827320" testListId="8c84fa94-04c1-424b-9868-57a2d4851a1d" />
    <TestEntry testId="ee2d4e2e-8c2c-c2a8-9060-2fd4da3dca4c" executionId="6228da36-abca-41a0-a03f-6401490f359f" testListId="8c84fa94-04c1-424b-9868-57a2d4851a1d" />
  </TestEntries>
  <Results>
    <UnitTestResult executionId="bea8ea18-7f0b-497a-8ac7-c09204827320" testId="db46635a-c39c-bd8d-b0b6-a0672a310324" testName="menuUtamaUIConstructorTest" computerName="TIANCOMP" duration="00:00:00.0340559" startTime="2012-05-24T22:51:03.0868582+07:00" endTime="2012-05-24T22:51:25.9511659+07:00" testType="13cdc9d9-ddb5-4fa4-a97d-d965ccfc6d4b" outcome="Inconclusive" testListId="8c84fa94-04c1-424b-9868-57a2d4851a1d" relativeResultsDirectory="bea8ea18-7f0b-497a-8ac7-c09204827320">
      <Output>
        <ErrorInfo>
          <Message>Assert.Inconclusive failed. TODO: Implement code to verify target</Message>
          <StackTrace>   at TestProject2.menuUtamaUITest.menuUtamaUIConstructorTest() in D:\TIAN\KULIAH\SEMESTER 6\MPPL\FP\mppl\TestProject2\menuUtamaUITest.cs:line 81
</StackTrace>
        </ErrorInfo>
      </Output>
    </UnitTestResult>
    <UnitTestResult executionId="6228da36-abca-41a0-a03f-6401490f359f" testId="ee2d4e2e-8c2c-c2a8-9060-2fd4da3dca4c" testName="pilihCekDokumenTest" computerName="TIANCOMP" duration="00:00:00.0270761" startTime="2012-05-24T22:51:25.9551662+07:00" endTime="2012-05-24T22:51:26.5672012+07:00" testType="13cdc9d9-ddb5-4fa4-a97d-d965ccfc6d4b" outcome="Inconclusive" testListId="8c84fa94-04c1-424b-9868-57a2d4851a1d" relativeResultsDirectory="6228da36-abca-41a0-a03f-6401490f359f">
      <Output>
        <ErrorInfo>
          <Message>Assert.Inconclusive failed. A method that does not return a value cannot be verified.</Message>
          <StackTrace>   at TestProject2.menuUtamaUITest.pilihCekDokumenTest() in D:\TIAN\KULIAH\SEMESTER 6\MPPL\FP\mppl\TestProject2\menuUtamaUITest.cs:line 98
</StackTrace>
        </ErrorInfo>
      </Output>
    </UnitTestResult>
  </Results>
</TestRun>