<?xml version="1.0" encoding="UTF-8"?>
<TestRun id="469dec9f-0283-4faf-92e8-c17ed23a0866" name="chrisna@TIANCOMP 2012-05-24 22:53:10" runUser="TIANCOMP\chrisna" xmlns="http://microsoft.com/schemas/VisualStudio/TeamTest/2010">
  <TestSettings name="Local" id="3df5505e-b0c9-4ce6-83fc-f06cb2fb1d4f">
    <Description>These are default test settings for a local test run.</Description>
    <Deployment enabled="false" runDeploymentRoot="chrisna_TIANCOMP 2012-05-24 22_53_10">
      <DeploymentItem filename="D:\TIAN\KULIAH\SEMESTER 6\MPPL\FP\mppl\mppl\itextsharp.xtra.dll" />
      <DeploymentItem filename="D:\TIAN\KULIAH\SEMESTER 6\MPPL\FP\mppl\mppl\bin\mppl.dll" />
      <DeploymentItem filename="D:\TIAN\KULIAH\SEMESTER 6\MPPL\FP\mppl\mppl\itextsharp.dll" />
    </Deployment>
    <Execution>
      <TestTypeSpecific />
      <AgentRule name="Execution Agents">
      </AgentRule>
    </Execution>
  </TestSettings>
  <Times creation="2012-05-24T22:53:10.8301647+07:00" queuing="2012-05-24T22:53:10.8981686+07:00" start="2012-05-24T22:53:10.9211699+07:00" finish="2012-05-24T22:53:34.5745228+07:00" />
  <ResultSummary outcome="Completed">
    <Counters total="3" executed="3" passed="3" error="0" failed="0" timeout="0" aborted="0" inconclusive="0" passedButRunAborted="0" notRunnable="0" notExecuted="0" disconnected="0" warning="0" completed="0" inProgress="0" pending="0" />
  </ResultSummary>
  <TestDefinitions>
    <UnitTest name="PenjelajahDirektoriUiConstructorTest" storage="d:\tian\kuliah\semester 6\mppl\fp\mppl\testproject2\bin\debug\testproject2.dll" id="65d0434f-f0a5-99d5-e83c-4d1cfb69a9a9">
      <Execution id="e9fe7d04-23c6-4ae6-beeb-46bc35662f6c" />
      <TestMethod codeBase="D:/TIAN/KULIAH/SEMESTER 6/MPPL/FP/mppl/TestProject2/bin/Debug/TestProject2.DLL" adapterTypeName="Microsoft.VisualStudio.TestTools.TestTypes.Unit.UnitTestAdapter, Microsoft.VisualStudio.QualityTools.Tips.UnitTest.Adapter, Version=10.0.0.0, Culture=neutral, PublicKeyToken=b03f5f7f11d50a3a" className="TestProject2.PenjelajahDirektoriUiTest, TestProject2, Version=1.0.0.0, Culture=neutral, PublicKeyToken=null" name="PenjelajahDirektoriUiConstructorTest" />
      <AspNet webSiteUrl="http://localhost:1904/">
        <Host pathToWebApp="D:\TIAN\KULIAH\SEMESTER 6\MPPL\FP\mppl\mppl" webAppRoot="/" />
      </AspNet>
    </UnitTest>
    <UnitTest name="tampilkanDirektoriTest" storage="d:\tian\kuliah\semester 6\mppl\fp\mppl\testproject2\bin\debug\testproject2.dll" id="8f16abe5-f34d-1113-b553-619f972f23f8">
      <Execution id="6b66c29f-fa5d-4457-9aa9-bb13f1229b26" />
      <TestMethod codeBase="D:/TIAN/KULIAH/SEMESTER 6/MPPL/FP/mppl/TestProject2/bin/Debug/TestProject2.DLL" adapterTypeName="Microsoft.VisualStudio.TestTools.TestTypes.Unit.UnitTestAdapter, Microsoft.VisualStudio.QualityTools.Tips.UnitTest.Adapter, Version=10.0.0.0, Culture=neutral, PublicKeyToken=b03f5f7f11d50a3a" className="TestProject2.PenjelajahDirektoriUiTest, TestProject2, Version=1.0.0.0, Culture=neutral, PublicKeyToken=null" name="tampilkanDirektoriTest" />
      <AspNet webSiteUrl="http://localhost:1904/">
        <Host pathToWebApp="D:\TIAN\KULIAH\SEMESTER 6\MPPL\FP\mppl\mppl" webAppRoot="/" />
      </AspNet>
    </UnitTest>
    <UnitTest name="pilihDokumenTest" storage="d:\tian\kuliah\semester 6\mppl\fp\mppl\testproject2\bin\debug\testproject2.dll" id="cd5f66a4-1649-71a8-b970-8c5a4bee2167">
      <Execution id="71c282f3-8c79-4397-a750-45dc028b87fa" />
      <TestMethod codeBase="D:/TIAN/KULIAH/SEMESTER 6/MPPL/FP/mppl/TestProject2/bin/Debug/TestProject2.DLL" adapterTypeName="Microsoft.VisualStudio.TestTools.TestTypes.Unit.UnitTestAdapter, Microsoft.VisualStudio.QualityTools.Tips.UnitTest.Adapter, Version=10.0.0.0, Culture=neutral, PublicKeyToken=b03f5f7f11d50a3a" className="TestProject2.PenjelajahDirektoriUiTest, TestProject2, Version=1.0.0.0, Culture=neutral, PublicKeyToken=null" name="pilihDokumenTest" />
      <AspNet webSiteUrl="http://localhost:1904/">
        <Host pathToWebApp="D:\TIAN\KULIAH\SEMESTER 6\MPPL\FP\mppl\mppl" webAppRoot="/" />
      </AspNet>
    </UnitTest>
  </TestDefinitions>
  <TestLists>
    <TestList name="Results Not in a List" id="8c84fa94-04c1-424b-9868-57a2d4851a1d" />
    <TestList name="All Loaded Results" id="19431567-8539-422a-85d7-44ee4e166bda" />
  </TestLists>
  <TestEntries>
    <TestEntry testId="65d0434f-f0a5-99d5-e83c-4d1cfb69a9a9" executionId="e9fe7d04-23c6-4ae6-beeb-46bc35662f6c" testListId="8c84fa94-04c1-424b-9868-57a2d4851a1d" />
    <TestEntry testId="8f16abe5-f34d-1113-b553-619f972f23f8" executionId="6b66c29f-fa5d-4457-9aa9-bb13f1229b26" testListId="8c84fa94-04c1-424b-9868-57a2d4851a1d" />
    <TestEntry testId="cd5f66a4-1649-71a8-b970-8c5a4bee2167" executionId="71c282f3-8c79-4397-a750-45dc028b87fa" testListId="8c84fa94-04c1-424b-9868-57a2d4851a1d" />
  </TestEntries>
  <Results>
    <UnitTestResult executionId="e9fe7d04-23c6-4ae6-beeb-46bc35662f6c" testId="65d0434f-f0a5-99d5-e83c-4d1cfb69a9a9" testName="PenjelajahDirektoriUiConstructorTest" computerName="TIANCOMP" duration="00:00:00.0197614" startTime="2012-05-24T22:53:10.9571719+07:00" endTime="2012-05-24T22:53:33.6824717+07:00" testType="13cdc9d9-ddb5-4fa4-a97d-d965ccfc6d4b" outcome="Passed" testListId="8c84fa94-04c1-424b-9868-57a2d4851a1d" relativeResultsDirectory="e9fe7d04-23c6-4ae6-beeb-46bc35662f6c">
    </UnitTestResult>
    <UnitTestResult executionId="6b66c29f-fa5d-4457-9aa9-bb13f1229b26" testId="8f16abe5-f34d-1113-b553-619f972f23f8" testName="tampilkanDirektoriTest" computerName="TIANCOMP" duration="00:00:00.0167698" startTime="2012-05-24T22:53:33.6844719+07:00" endTime="2012-05-24T22:53:34.2885064+07:00" testType="13cdc9d9-ddb5-4fa4-a97d-d965ccfc6d4b" outcome="Passed" testListId="8c84fa94-04c1-424b-9868-57a2d4851a1d" relativeResultsDirectory="6b66c29f-fa5d-4457-9aa9-bb13f1229b26">
    </UnitTestResult>
    <UnitTestResult executionId="71c282f3-8c79-4397-a750-45dc028b87fa" testId="cd5f66a4-1649-71a8-b970-8c5a4bee2167" testName="pilihDokumenTest" computerName="TIANCOMP" duration="00:00:00.0003184" startTime="2012-05-24T22:53:34.2965069+07:00" endTime="2012-05-24T22:53:34.3935124+07:00" testType="13cdc9d9-ddb5-4fa4-a97d-d965ccfc6d4b" outcome="Passed" testListId="8c84fa94-04c1-424b-9868-57a2d4851a1d" relativeResultsDirectory="71c282f3-8c79-4397-a750-45dc028b87fa">
    </UnitTestResult>
  </Results>
</TestRun>