<?xml version="1.0" encoding="UTF-8"?>
<TestRun id="a9c17f84-c02f-434d-acab-5b8266c1e492" name="chrisna@TIANCOMP 2012-05-25 15:27:41" runUser="TIANCOMP\chrisna" xmlns="http://microsoft.com/schemas/VisualStudio/TeamTest/2010">
  <TestSettings name="Local" id="3df5505e-b0c9-4ce6-83fc-f06cb2fb1d4f">
    <Description>These are default test settings for a local test run.</Description>
    <Deployment enabled="false" runDeploymentRoot="chrisna_TIANCOMP 2012-05-25 15_27_41">
      <DeploymentItem filename="D:\TIAN\KULIAH\SEMESTER 6\MPPL\FP\mppl\mppl\itextsharp.xtra.dll" />
      <DeploymentItem filename="D:\TIAN\KULIAH\SEMESTER 6\MPPL\FP\mppl\mppl\bin\mppl.dll" />
      <DeploymentItem filename="D:\TIAN\KULIAH\SEMESTER 6\MPPL\FP\mppl\mppl\itextsharp.dll" />
    </Deployment>
    <Execution>
      <TestTypeSpecific />
      <AgentRule name="Execution Agents">
      </AgentRule>
    </Execution>
  </TestSettings>
  <Times creation="2012-05-25T15:27:41.8901410+07:00" queuing="2012-05-25T15:27:41.9851465+07:00" start="2012-05-25T15:27:42.0351493+07:00" finish="2012-05-25T15:27:42.1891582+07:00" />
  <ResultSummary outcome="Failed">
    <Counters total="2" executed="2" error="0" failed="2" timeout="0" aborted="0" inconclusive="0" passedButRunAborted="0" notRunnable="0" notExecuted="0" disconnected="0" warning="0" passed="0" completed="0" inProgress="0" pending="0" />
  </ResultSummary>
  <TestDefinitions>
    <UnitTest name="hasilCekDokumenUiConstructorTest" storage="d:\tian\kuliah\semester 6\mppl\fp\mppl\testproject2\bin\debug\testproject2.dll" id="f7b316c3-6ca9-cb65-3b0b-d56276d7bb99">
      <Execution id="8e0af13d-390b-4c6b-8b4b-de2643a00391" />
      <TestMethod codeBase="D:/TIAN/KULIAH/SEMESTER 6/MPPL/FP/mppl/TestProject2/bin/Debug/TestProject2.DLL" adapterTypeName="Microsoft.VisualStudio.TestTools.TestTypes.Unit.UnitTestAdapter, Microsoft.VisualStudio.QualityTools.Tips.UnitTest.Adapter, Version=10.0.0.0, Culture=neutral, PublicKeyToken=b03f5f7f11d50a3a" className="TestProject2.hasilCekDokumenUiTest, TestProject2, Version=1.0.0.0, Culture=neutral, PublicKeyToken=null" name="hasilCekDokumenUiConstructorTest" />
      <AspNet webSiteUrl="http://localhost:1904/">
        <Host pathToWebApp="D:\TIAN\KULIAH\SEMESTER 6\MPPL\FP\mppl\mppl" webAppRoot="/" />
      </AspNet>
    </UnitTest>
    <UnitTest name="tampilkanHasilTest" storage="d:\tian\kuliah\semester 6\mppl\fp\mppl\testproject2\bin\debug\testproject2.dll" id="e3f6b427-c2b5-581d-7a03-7e51570a39c8">
      <Execution id="5f5b9a98-3adb-4919-86da-9995f9cf8b2b" />
      <TestMethod codeBase="D:/TIAN/KULIAH/SEMESTER 6/MPPL/FP/mppl/TestProject2/bin/Debug/TestProject2.DLL" adapterTypeName="Microsoft.VisualStudio.TestTools.TestTypes.Unit.UnitTestAdapter, Microsoft.VisualStudio.QualityTools.Tips.UnitTest.Adapter, Version=10.0.0.0, Culture=neutral, PublicKeyToken=b03f5f7f11d50a3a" className="TestProject2.hasilCekDokumenUiTest, TestProject2, Version=1.0.0.0, Culture=neutral, PublicKeyToken=null" name="tampilkanHasilTest" />
      <AspNet webSiteUrl="http://localhost:1904/">
        <Host pathToWebApp="D:\TIAN\KULIAH\SEMESTER 6\MPPL\FP\mppl\mppl" webAppRoot="/" />
      </AspNet>
    </UnitTest>
  </TestDefinitions>
  <TestLists>
    <TestList name="Results Not in a List" id="8c84fa94-04c1-424b-9868-57a2d4851a1d" />
    <TestList name="All Loaded Results" id="19431567-8539-422a-85d7-44ee4e166bda" />
  </TestLists>
  <TestEntries>
    <TestEntry testId="e3f6b427-c2b5-581d-7a03-7e51570a39c8" executionId="5f5b9a98-3adb-4919-86da-9995f9cf8b2b" testListId="8c84fa94-04c1-424b-9868-57a2d4851a1d" />
    <TestEntry testId="f7b316c3-6ca9-cb65-3b0b-d56276d7bb99" executionId="8e0af13d-390b-4c6b-8b4b-de2643a00391" testListId="8c84fa94-04c1-424b-9868-57a2d4851a1d" />
  </TestEntries>
  <Results>
    <UnitTestResult executionId="5f5b9a98-3adb-4919-86da-9995f9cf8b2b" testId="e3f6b427-c2b5-581d-7a03-7e51570a39c8" testName="tampilkanHasilTest" computerName="TIANCOMP" startTime="2012-05-25T15:27:42.0731515+07:00" endTime="2012-05-25T15:27:42.1081535+07:00" testType="13cdc9d9-ddb5-4fa4-a97d-d965ccfc6d4b" outcome="Failed" testListId="8c84fa94-04c1-424b-9868-57a2d4851a1d" relativeResultsDirectory="5f5b9a98-3adb-4919-86da-9995f9cf8b2b">
      <Output>
        <ErrorInfo>
          <Message>The ASP.NET Web application at 'D:\TIAN\KULIAH\SEMESTER 6\MPPL\FP\mppl\mppl' is already configured for testing by another test run. Only one test run at a time can run tests in ASP.NET. If there are no other test runs using this Web application, ensure that the Web.config file does not contain an httpModule named HostAdapter.</Message>
        </ErrorInfo>
      </Output>
    </UnitTestResult>
    <UnitTestResult executionId="8e0af13d-390b-4c6b-8b4b-de2643a00391" testId="f7b316c3-6ca9-cb65-3b0b-d56276d7bb99" testName="hasilCekDokumenUiConstructorTest" computerName="TIANCOMP" startTime="2012-05-25T15:27:42.1191541+07:00" endTime="2012-05-25T15:27:42.1261545+07:00" testType="13cdc9d9-ddb5-4fa4-a97d-d965ccfc6d4b" outcome="Failed" testListId="8c84fa94-04c1-424b-9868-57a2d4851a1d" relativeResultsDirectory="8e0af13d-390b-4c6b-8b4b-de2643a00391">
      <Output>
        <ErrorInfo>
          <Message>The ASP.NET Web application at 'D:\TIAN\KULIAH\SEMESTER 6\MPPL\FP\mppl\mppl' is already configured for testing by another test run. Only one test run at a time can run tests in ASP.NET. If there are no other test runs using this Web application, ensure that the Web.config file does not contain an httpModule named HostAdapter.</Message>
        </ErrorInfo>
      </Output>
    </UnitTestResult>
  </Results>
</TestRun>