<?xml version="1.0" encoding="UTF-8"?>
<TestRun id="12546bbe-10a1-4605-aa1b-6942f9f9638c" name="chrisna@TIANCOMP 2012-05-24 22:09:47" runUser="TIANCOMP\chrisna" xmlns="http://microsoft.com/schemas/VisualStudio/TeamTest/2010">
  <TestSettings name="Local" id="3df5505e-b0c9-4ce6-83fc-f06cb2fb1d4f">
    <Description>These are default test settings for a local test run.</Description>
    <Deployment enabled="false" runDeploymentRoot="chrisna_TIANCOMP 2012-05-24 22_09_47">
      <DeploymentItem filename="D:\TIAN\KULIAH\SEMESTER 6\MPPL\FP\mppl\mppl\itextsharp.xtra.dll" />
      <DeploymentItem filename="D:\TIAN\KULIAH\SEMESTER 6\MPPL\FP\mppl\mppl\bin\mppl.dll" />
      <DeploymentItem filename="D:\TIAN\KULIAH\SEMESTER 6\MPPL\FP\mppl\mppl\itextsharp.dll" />
    </Deployment>
    <Execution>
      <TestTypeSpecific />
      <AgentRule name="Execution Agents">
      </AgentRule>
    </Execution>
  </TestSettings>
  <Times creation="2012-05-24T22:09:47.6071249+07:00" queuing="2012-05-24T22:09:49.7002446+07:00" start="2012-05-24T22:09:49.8002504+07:00" finish="2012-05-24T22:09:53.7854783+07:00" />
  <ResultSummary outcome="Completed">
    <Counters total="2" executed="2" passed="2" error="0" failed="0" timeout="0" aborted="0" inconclusive="0" passedButRunAborted="0" notRunnable="0" notExecuted="0" disconnected="0" warning="0" completed="0" inProgress="0" pending="0" />
  </ResultSummary>
  <TestDefinitions>
    <UnitTest name="simpanTest" storage="d:\tian\kuliah\semester 6\mppl\fp\mppl\testproject2\bin\debug\testproject2.dll" id="606e1268-e2ae-e9a9-0462-ac7f52ce1c5f">
      <Execution id="fa28f514-5ee1-4984-bc33-73bbbe1acf26" />
      <TestMethod codeBase="D:/TIAN/KULIAH/SEMESTER 6/MPPL/FP/mppl/TestProject2/bin/Debug/TestProject2.DLL" adapterTypeName="Microsoft.VisualStudio.TestTools.TestTypes.Unit.UnitTestAdapter, Microsoft.VisualStudio.QualityTools.Tips.UnitTest.Adapter, Version=10.0.0.0, Culture=neutral, PublicKeyToken=b03f5f7f11d50a3a" className="TestProject2.controlTambahTest, TestProject2, Version=1.0.0.0, Culture=neutral, PublicKeyToken=null" name="simpanTest" />
      <AspNet webSiteUrl="http://localhost:1904/">
        <Host pathToWebApp="D:\TIAN\KULIAH\SEMESTER 6\MPPL\FP\mppl\mppl" webAppRoot="/" />
      </AspNet>
    </UnitTest>
    <UnitTest name="controlTambahConstructorTest" storage="d:\tian\kuliah\semester 6\mppl\fp\mppl\testproject2\bin\debug\testproject2.dll" id="86601b2e-43db-2fe2-36e8-be0b3a78dbe2">
      <Execution id="01e589dc-7bb9-4359-9dcd-e36c9bcee81d" />
      <TestMethod codeBase="D:/TIAN/KULIAH/SEMESTER 6/MPPL/FP/mppl/TestProject2/bin/Debug/TestProject2.DLL" adapterTypeName="Microsoft.VisualStudio.TestTools.TestTypes.Unit.UnitTestAdapter, Microsoft.VisualStudio.QualityTools.Tips.UnitTest.Adapter, Version=10.0.0.0, Culture=neutral, PublicKeyToken=b03f5f7f11d50a3a" className="TestProject2.controlTambahTest, TestProject2, Version=1.0.0.0, Culture=neutral, PublicKeyToken=null" name="controlTambahConstructorTest" />
      <AspNet webSiteUrl="http://localhost:1904/">
        <Host pathToWebApp="D:\TIAN\KULIAH\SEMESTER 6\MPPL\FP\mppl\mppl" webAppRoot="/" />
      </AspNet>
    </UnitTest>
  </TestDefinitions>
  <TestLists>
    <TestList name="Results Not in a List" id="8c84fa94-04c1-424b-9868-57a2d4851a1d" />
    <TestList name="All Loaded Results" id="19431567-8539-422a-85d7-44ee4e166bda" />
  </TestLists>
  <TestEntries>
    <TestEntry testId="606e1268-e2ae-e9a9-0462-ac7f52ce1c5f" executionId="fa28f514-5ee1-4984-bc33-73bbbe1acf26" testListId="8c84fa94-04c1-424b-9868-57a2d4851a1d" />
    <TestEntry testId="86601b2e-43db-2fe2-36e8-be0b3a78dbe2" executionId="01e589dc-7bb9-4359-9dcd-e36c9bcee81d" testListId="8c84fa94-04c1-424b-9868-57a2d4851a1d" />
  </TestEntries>
  <Results>
    <UnitTestResult executionId="fa28f514-5ee1-4984-bc33-73bbbe1acf26" testId="606e1268-e2ae-e9a9-0462-ac7f52ce1c5f" testName="simpanTest" computerName="TIANCOMP" duration="00:00:00.0802011" startTime="2012-05-24T22:09:49.8332522+07:00" endTime="2012-05-24T22:09:52.9164286+07:00" testType="13cdc9d9-ddb5-4fa4-a97d-d965ccfc6d4b" outcome="Passed" testListId="8c84fa94-04c1-424b-9868-57a2d4851a1d" relativeResultsDirectory="fa28f514-5ee1-4984-bc33-73bbbe1acf26">
    </UnitTestResult>
    <UnitTestResult executionId="01e589dc-7bb9-4359-9dcd-e36c9bcee81d" testId="86601b2e-43db-2fe2-36e8-be0b3a78dbe2" testName="controlTambahConstructorTest" computerName="TIANCOMP" duration="00:00:00.0004613" startTime="2012-05-24T22:09:52.9314295+07:00" endTime="2012-05-24T22:09:53.2394471+07:00" testType="13cdc9d9-ddb5-4fa4-a97d-d965ccfc6d4b" outcome="Passed" testListId="8c84fa94-04c1-424b-9868-57a2d4851a1d" relativeResultsDirectory="01e589dc-7bb9-4359-9dcd-e36c9bcee81d">
    </UnitTestResult>
  </Results>
</TestRun>