<?xml version="1.0" encoding="UTF-8"?>
<TestRun id="5ebbb04e-7bce-45c2-923d-179032be29bf" name="chrisna@TIANCOMP 2012-05-24 22:41:01" runUser="TIANCOMP\chrisna" xmlns="http://microsoft.com/schemas/VisualStudio/TeamTest/2010">
  <TestSettings name="Local" id="3df5505e-b0c9-4ce6-83fc-f06cb2fb1d4f">
    <Description>These are default test settings for a local test run.</Description>
    <Deployment enabled="false" runDeploymentRoot="chrisna_TIANCOMP 2012-05-24 22_41_01">
      <DeploymentItem filename="D:\TIAN\KULIAH\SEMESTER 6\MPPL\FP\mppl\mppl\itextsharp.xtra.dll" />
      <DeploymentItem filename="D:\TIAN\KULIAH\SEMESTER 6\MPPL\FP\mppl\mppl\bin\mppl.dll" />
      <DeploymentItem filename="D:\TIAN\KULIAH\SEMESTER 6\MPPL\FP\mppl\mppl\itextsharp.dll" />
    </Deployment>
    <Execution>
      <TestTypeSpecific />
      <AgentRule name="Execution Agents">
      </AgentRule>
    </Execution>
  </TestSettings>
  <Times creation="2012-05-24T22:41:01.8354686+07:00" queuing="2012-05-24T22:41:01.8964720+07:00" start="2012-05-24T22:41:01.9734764+07:00" finish="2012-05-24T22:41:04.3766139+07:00" />
  <ResultSummary outcome="Completed">
    <Counters total="3" executed="3" passed="3" error="0" failed="0" timeout="0" aborted="0" inconclusive="0" passedButRunAborted="0" notRunnable="0" notExecuted="0" disconnected="0" warning="0" completed="0" inProgress="0" pending="0" />
  </ResultSummary>
  <TestDefinitions>
    <UnitTest name="uploadDokumenTest" storage="d:\tian\kuliah\semester 6\mppl\fp\mppl\testproject2\bin\debug\testproject2.dll" id="1c58633c-d189-7f46-745a-73c2bc8ac956">
      <Execution id="67f3d754-ff6c-412e-9ae5-99f416193f9b" />
      <TestMethod codeBase="D:/TIAN/KULIAH/SEMESTER 6/MPPL/FP/mppl/TestProject2/bin/Debug/TestProject2.DLL" adapterTypeName="Microsoft.VisualStudio.TestTools.TestTypes.Unit.UnitTestAdapter, Microsoft.VisualStudio.QualityTools.Tips.UnitTest.Adapter, Version=10.0.0.0, Culture=neutral, PublicKeyToken=b03f5f7f11d50a3a" className="TestProject2.tambahUITest, TestProject2, Version=1.0.0.0, Culture=neutral, PublicKeyToken=null" name="uploadDokumenTest" />
      <AspNet webSiteUrl="http://localhost:1904/">
        <Host pathToWebApp="D:\TIAN\KULIAH\SEMESTER 6\MPPL\FP\mppl\mppl" webAppRoot="/" />
      </AspNet>
    </UnitTest>
    <UnitTest name="tambahUIConstructorTest" storage="d:\tian\kuliah\semester 6\mppl\fp\mppl\testproject2\bin\debug\testproject2.dll" id="380e6108-d79b-4b3b-1d75-88697b5807ae">
      <Execution id="09354c3c-3e07-40d1-978c-7bc67338ef57" />
      <TestMethod codeBase="D:/TIAN/KULIAH/SEMESTER 6/MPPL/FP/mppl/TestProject2/bin/Debug/TestProject2.DLL" adapterTypeName="Microsoft.VisualStudio.TestTools.TestTypes.Unit.UnitTestAdapter, Microsoft.VisualStudio.QualityTools.Tips.UnitTest.Adapter, Version=10.0.0.0, Culture=neutral, PublicKeyToken=b03f5f7f11d50a3a" className="TestProject2.tambahUITest, TestProject2, Version=1.0.0.0, Culture=neutral, PublicKeyToken=null" name="tambahUIConstructorTest" />
      <AspNet webSiteUrl="http://localhost:1904/">
        <Host pathToWebApp="D:\TIAN\KULIAH\SEMESTER 6\MPPL\FP\mppl\mppl" webAppRoot="/" />
      </AspNet>
    </UnitTest>
    <UnitTest name="isiDataDokumenTest" storage="d:\tian\kuliah\semester 6\mppl\fp\mppl\testproject2\bin\debug\testproject2.dll" id="7d0e268c-5343-fe7f-2b52-2465929a2ea0">
      <Execution id="603143a7-f8f4-48a4-8716-ec0f2ac8e94c" />
      <TestMethod codeBase="D:/TIAN/KULIAH/SEMESTER 6/MPPL/FP/mppl/TestProject2/bin/Debug/TestProject2.DLL" adapterTypeName="Microsoft.VisualStudio.TestTools.TestTypes.Unit.UnitTestAdapter, Microsoft.VisualStudio.QualityTools.Tips.UnitTest.Adapter, Version=10.0.0.0, Culture=neutral, PublicKeyToken=b03f5f7f11d50a3a" className="TestProject2.tambahUITest, TestProject2, Version=1.0.0.0, Culture=neutral, PublicKeyToken=null" name="isiDataDokumenTest" />
      <AspNet webSiteUrl="http://localhost:1904/">
        <Host pathToWebApp="D:\TIAN\KULIAH\SEMESTER 6\MPPL\FP\mppl\mppl" webAppRoot="/" />
      </AspNet>
    </UnitTest>
  </TestDefinitions>
  <TestLists>
    <TestList name="Results Not in a List" id="8c84fa94-04c1-424b-9868-57a2d4851a1d" />
    <TestList name="All Loaded Results" id="19431567-8539-422a-85d7-44ee4e166bda" />
  </TestLists>
  <TestEntries>
    <TestEntry testId="1c58633c-d189-7f46-745a-73c2bc8ac956" executionId="67f3d754-ff6c-412e-9ae5-99f416193f9b" testListId="8c84fa94-04c1-424b-9868-57a2d4851a1d" />
    <TestEntry testId="380e6108-d79b-4b3b-1d75-88697b5807ae" executionId="09354c3c-3e07-40d1-978c-7bc67338ef57" testListId="8c84fa94-04c1-424b-9868-57a2d4851a1d" />
    <TestEntry testId="7d0e268c-5343-fe7f-2b52-2465929a2ea0" executionId="603143a7-f8f4-48a4-8716-ec0f2ac8e94c" testListId="8c84fa94-04c1-424b-9868-57a2d4851a1d" />
  </TestEntries>
  <Results>
    <UnitTestResult executionId="67f3d754-ff6c-412e-9ae5-99f416193f9b" testId="1c58633c-d189-7f46-745a-73c2bc8ac956" testName="uploadDokumenTest" computerName="TIANCOMP" duration="00:00:00.0215425" startTime="2012-05-24T22:41:02.0094785+07:00" endTime="2012-05-24T22:41:04.0195935+07:00" testType="13cdc9d9-ddb5-4fa4-a97d-d965ccfc6d4b" outcome="Passed" testListId="8c84fa94-04c1-424b-9868-57a2d4851a1d" relativeResultsDirectory="67f3d754-ff6c-412e-9ae5-99f416193f9b">
    </UnitTestResult>
    <UnitTestResult executionId="09354c3c-3e07-40d1-978c-7bc67338ef57" testId="380e6108-d79b-4b3b-1d75-88697b5807ae" testName="tambahUIConstructorTest" computerName="TIANCOMP" duration="00:00:00.0002812" startTime="2012-05-24T22:41:04.0325942+07:00" endTime="2012-05-24T22:41:04.1125988+07:00" testType="13cdc9d9-ddb5-4fa4-a97d-d965ccfc6d4b" outcome="Passed" testListId="8c84fa94-04c1-424b-9868-57a2d4851a1d" relativeResultsDirectory="09354c3c-3e07-40d1-978c-7bc67338ef57">
    </UnitTestResult>
    <UnitTestResult executionId="603143a7-f8f4-48a4-8716-ec0f2ac8e94c" testId="7d0e268c-5343-fe7f-2b52-2465929a2ea0" testName="isiDataDokumenTest" computerName="TIANCOMP" duration="00:00:00.0003006" startTime="2012-05-24T22:41:04.1165990+07:00" endTime="2012-05-24T22:41:04.2446063+07:00" testType="13cdc9d9-ddb5-4fa4-a97d-d965ccfc6d4b" outcome="Passed" testListId="8c84fa94-04c1-424b-9868-57a2d4851a1d" relativeResultsDirectory="603143a7-f8f4-48a4-8716-ec0f2ac8e94c">
    </UnitTestResult>
  </Results>
</TestRun>