<?xml version="1.0" encoding="UTF-8"?>
<TestRun id="de4c21dd-298d-4165-a3f4-d3ccdfb6ad4f" name="chrisna@TIANCOMP 2012-05-24 22:52:02" runUser="TIANCOMP\chrisna" xmlns="http://microsoft.com/schemas/VisualStudio/TeamTest/2010">
  <TestSettings name="Local" id="3df5505e-b0c9-4ce6-83fc-f06cb2fb1d4f">
    <Description>These are default test settings for a local test run.</Description>
    <Deployment enabled="false" runDeploymentRoot="chrisna_TIANCOMP 2012-05-24 22_52_02">
      <DeploymentItem filename="D:\TIAN\KULIAH\SEMESTER 6\MPPL\FP\mppl\mppl\itextsharp.xtra.dll" />
      <DeploymentItem filename="D:\TIAN\KULIAH\SEMESTER 6\MPPL\FP\mppl\mppl\bin\mppl.dll" />
      <DeploymentItem filename="D:\TIAN\KULIAH\SEMESTER 6\MPPL\FP\mppl\mppl\itextsharp.dll" />
    </Deployment>
    <Execution>
      <TestTypeSpecific />
      <AgentRule name="Execution Agents">
      </AgentRule>
    </Execution>
  </TestSettings>
  <Times creation="2012-05-24T22:52:02.1482363+07:00" queuing="2012-05-24T22:52:02.2102398+07:00" start="2012-05-24T22:52:02.2272408+07:00" finish="2012-05-24T22:52:26.9526550+07:00" />
  <ResultSummary outcome="Completed">
    <Counters total="2" executed="2" passed="2" error="0" failed="0" timeout="0" aborted="0" inconclusive="0" passedButRunAborted="0" notRunnable="0" notExecuted="0" disconnected="0" warning="0" completed="0" inProgress="0" pending="0" />
  </ResultSummary>
  <TestDefinitions>
    <UnitTest name="menuUtamaUIConstructorTest" storage="d:\tian\kuliah\semester 6\mppl\fp\mppl\testproject2\bin\debug\testproject2.dll" id="db46635a-c39c-bd8d-b0b6-a0672a310324">
      <Execution id="696905e6-9361-462b-ad8d-f489510aa0f1" />
      <TestMethod codeBase="D:/TIAN/KULIAH/SEMESTER 6/MPPL/FP/mppl/TestProject2/bin/Debug/TestProject2.DLL" adapterTypeName="Microsoft.VisualStudio.TestTools.TestTypes.Unit.UnitTestAdapter, Microsoft.VisualStudio.QualityTools.Tips.UnitTest.Adapter, Version=10.0.0.0, Culture=neutral, PublicKeyToken=b03f5f7f11d50a3a" className="TestProject2.menuUtamaUITest, TestProject2, Version=1.0.0.0, Culture=neutral, PublicKeyToken=null" name="menuUtamaUIConstructorTest" />
      <AspNet webSiteUrl="http://localhost:1904/">
        <Host pathToWebApp="D:\TIAN\KULIAH\SEMESTER 6\MPPL\FP\mppl\mppl" webAppRoot="/" />
      </AspNet>
    </UnitTest>
    <UnitTest name="pilihCekDokumenTest" storage="d:\tian\kuliah\semester 6\mppl\fp\mppl\testproject2\bin\debug\testproject2.dll" id="ee2d4e2e-8c2c-c2a8-9060-2fd4da3dca4c">
      <Execution id="edbf4dbe-5fb0-460e-a244-d8ec07d2c35b" />
      <TestMethod codeBase="D:/TIAN/KULIAH/SEMESTER 6/MPPL/FP/mppl/TestProject2/bin/Debug/TestProject2.DLL" adapterTypeName="Microsoft.VisualStudio.TestTools.TestTypes.Unit.UnitTestAdapter, Microsoft.VisualStudio.QualityTools.Tips.UnitTest.Adapter, Version=10.0.0.0, Culture=neutral, PublicKeyToken=b03f5f7f11d50a3a" className="TestProject2.menuUtamaUITest, TestProject2, Version=1.0.0.0, Culture=neutral, PublicKeyToken=null" name="pilihCekDokumenTest" />
      <AspNet webSiteUrl="http://localhost:1904/">
        <Host pathToWebApp="D:\TIAN\KULIAH\SEMESTER 6\MPPL\FP\mppl\mppl" webAppRoot="/" />
      </AspNet>
    </UnitTest>
  </TestDefinitions>
  <TestLists>
    <TestList name="Results Not in a List" id="8c84fa94-04c1-424b-9868-57a2d4851a1d" />
    <TestList name="All Loaded Results" id="19431567-8539-422a-85d7-44ee4e166bda" />
  </TestLists>
  <TestEntries>
    <TestEntry testId="db46635a-c39c-bd8d-b0b6-a0672a310324" executionId="696905e6-9361-462b-ad8d-f489510aa0f1" testListId="8c84fa94-04c1-424b-9868-57a2d4851a1d" />
    <TestEntry testId="ee2d4e2e-8c2c-c2a8-9060-2fd4da3dca4c" executionId="edbf4dbe-5fb0-460e-a244-d8ec07d2c35b" testListId="8c84fa94-04c1-424b-9868-57a2d4851a1d" />
  </TestEntries>
  <Results>
    <UnitTestResult executionId="696905e6-9361-462b-ad8d-f489510aa0f1" testId="db46635a-c39c-bd8d-b0b6-a0672a310324" testName="menuUtamaUIConstructorTest" computerName="TIANCOMP" duration="00:00:00.0191281" startTime="2012-05-24T22:52:02.3922502+07:00" endTime="2012-05-24T22:52:26.2216132+07:00" testType="13cdc9d9-ddb5-4fa4-a97d-d965ccfc6d4b" outcome="Passed" testListId="8c84fa94-04c1-424b-9868-57a2d4851a1d" relativeResultsDirectory="696905e6-9361-462b-ad8d-f489510aa0f1">
    </UnitTestResult>
    <UnitTestResult executionId="edbf4dbe-5fb0-460e-a244-d8ec07d2c35b" testId="ee2d4e2e-8c2c-c2a8-9060-2fd4da3dca4c" testName="pilihCekDokumenTest" computerName="TIANCOMP" duration="00:00:00.0189018" startTime="2012-05-24T22:52:26.2376141+07:00" endTime="2012-05-24T22:52:26.7566438+07:00" testType="13cdc9d9-ddb5-4fa4-a97d-d965ccfc6d4b" outcome="Passed" testListId="8c84fa94-04c1-424b-9868-57a2d4851a1d" relativeResultsDirectory="edbf4dbe-5fb0-460e-a244-d8ec07d2c35b">
    </UnitTestResult>
  </Results>
</TestRun>