<?xml version="1.0" encoding="UTF-8"?>
<TestRun id="9ce42b5c-77bf-4a8e-a9f0-a08f0c0b4d56" name="chrisna@TIANCOMP 2012-05-24 22:54:04" runUser="TIANCOMP\chrisna" xmlns="http://microsoft.com/schemas/VisualStudio/TeamTest/2010">
  <TestSettings name="Local" id="3df5505e-b0c9-4ce6-83fc-f06cb2fb1d4f">
    <Description>These are default test settings for a local test run.</Description>
    <Deployment enabled="false" runDeploymentRoot="chrisna_TIANCOMP 2012-05-24 22_54_04">
      <DeploymentItem filename="D:\TIAN\KULIAH\SEMESTER 6\MPPL\FP\mppl\mppl\itextsharp.xtra.dll" />
      <DeploymentItem filename="D:\TIAN\KULIAH\SEMESTER 6\MPPL\FP\mppl\mppl\bin\mppl.dll" />
      <DeploymentItem filename="D:\TIAN\KULIAH\SEMESTER 6\MPPL\FP\mppl\mppl\itextsharp.dll" />
    </Deployment>
    <Execution>
      <TestTypeSpecific />
      <AgentRule name="Execution Agents">
      </AgentRule>
    </Execution>
  </TestSettings>
  <Times creation="2012-05-24T22:54:04.3912282+07:00" queuing="2012-05-24T22:54:04.5022345+07:00" start="2012-05-24T22:54:04.5552376+07:00" finish="2012-05-24T22:54:29.0886408+07:00" />
  <ResultSummary outcome="Inconclusive">
    <Counters total="2" executed="2" error="0" failed="0" timeout="0" aborted="0" inconclusive="2" passedButRunAborted="0" notRunnable="0" notExecuted="0" disconnected="0" warning="0" passed="0" completed="0" inProgress="0" pending="0" />
  </ResultSummary>
  <TestDefinitions>
    <UnitTest name="hasilCekDokumenUiConstructorTest" storage="d:\tian\kuliah\semester 6\mppl\fp\mppl\testproject2\bin\debug\testproject2.dll" id="f7b316c3-6ca9-cb65-3b0b-d56276d7bb99">
      <Execution id="72c6d12f-5c53-4feb-bb43-ac3005e3ecdd" />
      <TestMethod codeBase="D:/TIAN/KULIAH/SEMESTER 6/MPPL/FP/mppl/TestProject2/bin/Debug/TestProject2.DLL" adapterTypeName="Microsoft.VisualStudio.TestTools.TestTypes.Unit.UnitTestAdapter, Microsoft.VisualStudio.QualityTools.Tips.UnitTest.Adapter, Version=10.0.0.0, Culture=neutral, PublicKeyToken=b03f5f7f11d50a3a" className="TestProject2.hasilCekDokumenUiTest, TestProject2, Version=1.0.0.0, Culture=neutral, PublicKeyToken=null" name="hasilCekDokumenUiConstructorTest" />
      <AspNet webSiteUrl="http://localhost:1904/">
        <Host pathToWebApp="D:\TIAN\KULIAH\SEMESTER 6\MPPL\FP\mppl\mppl" webAppRoot="/" />
      </AspNet>
    </UnitTest>
    <UnitTest name="tampilkanHasilTest" storage="d:\tian\kuliah\semester 6\mppl\fp\mppl\testproject2\bin\debug\testproject2.dll" id="e3f6b427-c2b5-581d-7a03-7e51570a39c8">
      <Execution id="f829aa39-c1a4-44d8-a000-3244ac21f982" />
      <TestMethod codeBase="D:/TIAN/KULIAH/SEMESTER 6/MPPL/FP/mppl/TestProject2/bin/Debug/TestProject2.DLL" adapterTypeName="Microsoft.VisualStudio.TestTools.TestTypes.Unit.UnitTestAdapter, Microsoft.VisualStudio.QualityTools.Tips.UnitTest.Adapter, Version=10.0.0.0, Culture=neutral, PublicKeyToken=b03f5f7f11d50a3a" className="TestProject2.hasilCekDokumenUiTest, TestProject2, Version=1.0.0.0, Culture=neutral, PublicKeyToken=null" name="tampilkanHasilTest" />
      <AspNet webSiteUrl="http://localhost:1904/">
        <Host pathToWebApp="D:\TIAN\KULIAH\SEMESTER 6\MPPL\FP\mppl\mppl" webAppRoot="/" />
      </AspNet>
    </UnitTest>
  </TestDefinitions>
  <TestLists>
    <TestList name="Results Not in a List" id="8c84fa94-04c1-424b-9868-57a2d4851a1d" />
    <TestList name="All Loaded Results" id="19431567-8539-422a-85d7-44ee4e166bda" />
  </TestLists>
  <TestEntries>
    <TestEntry testId="e3f6b427-c2b5-581d-7a03-7e51570a39c8" executionId="f829aa39-c1a4-44d8-a000-3244ac21f982" testListId="8c84fa94-04c1-424b-9868-57a2d4851a1d" />
    <TestEntry testId="f7b316c3-6ca9-cb65-3b0b-d56276d7bb99" executionId="72c6d12f-5c53-4feb-bb43-ac3005e3ecdd" testListId="8c84fa94-04c1-424b-9868-57a2d4851a1d" />
  </TestEntries>
  <Results>
    <UnitTestResult executionId="f829aa39-c1a4-44d8-a000-3244ac21f982" testId="e3f6b427-c2b5-581d-7a03-7e51570a39c8" testName="tampilkanHasilTest" computerName="TIANCOMP" duration="00:00:00.0340760" startTime="2012-05-24T22:54:04.5702384+07:00" endTime="2012-05-24T22:54:28.3936010+07:00" testType="13cdc9d9-ddb5-4fa4-a97d-d965ccfc6d4b" outcome="Inconclusive" testListId="8c84fa94-04c1-424b-9868-57a2d4851a1d" relativeResultsDirectory="f829aa39-c1a4-44d8-a000-3244ac21f982">
      <Output>
        <ErrorInfo>
          <Message>Assert.Inconclusive failed. A method that does not return a value cannot be verified.</Message>
          <StackTrace>   at TestProject2.hasilCekDokumenUiTest.tampilkanHasilTest() in D:\TIAN\KULIAH\SEMESTER 6\MPPL\FP\mppl\TestProject2\hasilCekDokumenUiTest.cs:line 98
</StackTrace>
        </ErrorInfo>
      </Output>
    </UnitTestResult>
    <UnitTestResult executionId="72c6d12f-5c53-4feb-bb43-ac3005e3ecdd" testId="f7b316c3-6ca9-cb65-3b0b-d56276d7bb99" testName="hasilCekDokumenUiConstructorTest" computerName="TIANCOMP" duration="00:00:00.0250096" startTime="2012-05-24T22:54:28.3956012+07:00" endTime="2012-05-24T22:54:28.9276316+07:00" testType="13cdc9d9-ddb5-4fa4-a97d-d965ccfc6d4b" outcome="Inconclusive" testListId="8c84fa94-04c1-424b-9868-57a2d4851a1d" relativeResultsDirectory="72c6d12f-5c53-4feb-bb43-ac3005e3ecdd">
      <Output>
        <ErrorInfo>
          <Message>Assert.Inconclusive failed. TODO: Implement code to verify target</Message>
          <StackTrace>   at TestProject2.hasilCekDokumenUiTest.hasilCekDokumenUiConstructorTest() in D:\TIAN\KULIAH\SEMESTER 6\MPPL\FP\mppl\TestProject2\hasilCekDokumenUiTest.cs:line 81
</StackTrace>
        </ErrorInfo>
      </Output>
    </UnitTestResult>
  </Results>
</TestRun>