<?xml version="1.0" encoding="UTF-8"?>
<TestRun id="4b96a28b-112d-488d-9914-b2f10dcd5f89" name="m.rap@ALRAZI 2012-06-10 15:59:22" runUser="ALRAZI\m.rap" xmlns="http://microsoft.com/schemas/VisualStudio/TeamTest/2010">
  <TestSettings name="Local" id="eab3ea35-57cf-4928-ba6d-7d1f642f9577">
    <Description>These are default test settings for a local test run.</Description>
    <Deployment enabled="false" runDeploymentRoot="m.rap_ALRAZI 2012-06-10 15_59_22">
      <DeploymentItem filename="C:\Users\Admin\Documents\Visual Studio 2010\Projects\OjoPodo\mppl\mppl\itextsharp.xtra.dll" />
      <DeploymentItem filename="C:\Users\Admin\Documents\Visual Studio 2010\Projects\OjoPodo\mppl\mppl\itextsharp.dll" />
      <DeploymentItem filename="C:\Users\Admin\Documents\Visual Studio 2010\Projects\OjoPodo\mppl\mppl\bin\mppl.dll" />
    </Deployment>
    <Execution>
      <TestTypeSpecific />
      <AgentRule name="Execution Agents">
      </AgentRule>
    </Execution>
  </TestSettings>
  <Times creation="2012-06-10T15:59:22.6683177+07:00" queuing="2012-06-10T15:59:35.8223177+07:00" start="2012-06-10T15:59:36.3003177+07:00" finish="2012-06-10T15:59:50.2223177+07:00" />
  <ResultSummary outcome="Failed">
    <Counters total="181" executed="181" error="0" failed="181" timeout="0" aborted="0" inconclusive="0" passedButRunAborted="0" notRunnable="0" notExecuted="0" disconnected="0" warning="0" passed="0" completed="0" inProgress="0" pending="0" />
  </ResultSummary>
  <TestDefinitions>
    <UnitTest name="alamat_fingerprintTest1" storage="c:\users\admin\documents\visual studio 2010\projects\ojopodo\mppl\ojopodotestproject\bin\debug\ojopodotestproject.dll" id="ad1414cc-75d2-7f95-6c70-2538b30d7f14">
      <Execution id="872d71f2-004a-4b23-9e01-d8fcdd7ad37a" />
      <TestMethod codeBase="C:/Users/Admin/Documents/Visual Studio 2010/Projects/OjoPodo/mppl/OjopodoTestProject/bin/Debug/OjopodoTestProject.DLL" adapterTypeName="Microsoft.VisualStudio.TestTools.TestTypes.Unit.UnitTestAdapter, Microsoft.VisualStudio.QualityTools.Tips.UnitTest.Adapter, Version=10.0.0.0, Culture=neutral, PublicKeyToken=b03f5f7f11d50a3a" className="OjopodoTestProject.dokumenTest, OjopodoTestProject, Version=1.0.0.0, Culture=neutral, PublicKeyToken=null" name="alamat_fingerprintTest1" />
      <AspNet webSiteUrl="http://localhost:1904/">
        <Host pathToWebApp="C:\Users\Admin\Documents\Visual Studio 2010\Projects\OjoPodo\mppl\mppl" webAppRoot="/" />
      </AspNet>
    </UnitTest>
    <UnitTest name="Page_LoadTest" storage="c:\users\admin\documents\visual studio 2010\projects\ojopodo\mppl\ojopodotestproject\bin\debug\ojopodotestproject.dll" id="d9d47804-5928-aea8-b35d-3672c7dd24b2">
      <DeploymentItems>
        <DeploymentItem filename="mppl.dll" />
      </DeploymentItems>
      <Execution id="bd06cfd9-d744-414e-865d-68784ff19560" />
      <TestMethod codeBase="C:/Users/Admin/Documents/Visual Studio 2010/Projects/OjoPodo/mppl/OjopodoTestProject/bin/Debug/OjopodoTestProject.DLL" adapterTypeName="Microsoft.VisualStudio.TestTools.TestTypes.Unit.UnitTestAdapter, Microsoft.VisualStudio.QualityTools.Tips.UnitTest.Adapter, Version=10.0.0.0, Culture=neutral, PublicKeyToken=b03f5f7f11d50a3a" className="OjopodoTestProject.RegisterTest, OjopodoTestProject, Version=1.0.0.0, Culture=neutral, PublicKeyToken=null" name="Page_LoadTest" />
      <AspNet webSiteUrl="http://localhost:1904/">
        <Host pathToWebApp="C:\Users\Admin\Documents\Visual Studio 2010\Projects\OjoPodo\mppl\mppl" webAppRoot="/" />
      </AspNet>
    </UnitTest>
    <UnitTest name="namauserTest2" storage="c:\users\admin\documents\visual studio 2010\projects\ojopodo\mppl\ojopodotestproject\bin\debug\ojopodotestproject.dll" id="5f6cfebe-e375-22f8-ef8e-bffe33fa0902">
      <Execution id="64097ee3-a116-4a4e-9521-27ad2ed69a62" />
      <TestMethod codeBase="C:/Users/Admin/Documents/Visual Studio 2010/Projects/OjoPodo/mppl/OjopodoTestProject/bin/Debug/OjopodoTestProject.DLL" adapterTypeName="Microsoft.VisualStudio.TestTools.TestTypes.Unit.UnitTestAdapter, Microsoft.VisualStudio.QualityTools.Tips.UnitTest.Adapter, Version=10.0.0.0, Culture=neutral, PublicKeyToken=b03f5f7f11d50a3a" className="OjopodoTestProject.userTest, OjopodoTestProject, Version=1.0.0.0, Culture=neutral, PublicKeyToken=null" name="namauserTest2" />
      <AspNet webSiteUrl="http://localhost:1904/">
        <Host pathToWebApp="C:\Users\Admin\Documents\Visual Studio 2010\Projects\OjoPodo\mppl\mppl" webAppRoot="/" />
      </AspNet>
    </UnitTest>
    <UnitTest name="RegisterConstructorTest1" storage="c:\users\admin\documents\visual studio 2010\projects\ojopodo\mppl\ojopodotestproject\bin\debug\ojopodotestproject.dll" id="e90bb5c9-b014-8321-409a-23dd35feb9fb">
      <Execution id="191cabfc-4783-4bfa-823a-b3d56d89b1e6" />
      <TestMethod codeBase="C:/Users/Admin/Documents/Visual Studio 2010/Projects/OjoPodo/mppl/OjopodoTestProject/bin/Debug/OjopodoTestProject.DLL" adapterTypeName="Microsoft.VisualStudio.TestTools.TestTypes.Unit.UnitTestAdapter, Microsoft.VisualStudio.QualityTools.Tips.UnitTest.Adapter, Version=10.0.0.0, Culture=neutral, PublicKeyToken=b03f5f7f11d50a3a" className="OjopodoTestProject.RegisterTest, OjopodoTestProject, Version=1.0.0.0, Culture=neutral, PublicKeyToken=null" name="RegisterConstructorTest1" />
      <AspNet webSiteUrl="http://localhost:1904/">
        <Host pathToWebApp="C:\Users\Admin\Documents\Visual Studio 2010\Projects\OjoPodo\mppl\mppl" webAppRoot="/" />
      </AspNet>
    </UnitTest>
    <UnitTest name="teksTest1" storage="c:\users\admin\documents\visual studio 2010\projects\ojopodo\mppl\ojopodotestproject\bin\debug\ojopodotestproject.dll" id="958d9c76-5ae1-96ec-8563-323f58042ef2">
      <DeploymentItems>
        <DeploymentItem filename="mppl.dll" />
      </DeploymentItems>
      <Execution id="4ceef893-b135-4c04-aada-9d1b02377866" />
      <TestMethod codeBase="C:/Users/Admin/Documents/Visual Studio 2010/Projects/OjoPodo/mppl/OjopodoTestProject/bin/Debug/OjopodoTestProject.DLL" adapterTypeName="Microsoft.VisualStudio.TestTools.TestTypes.Unit.UnitTestAdapter, Microsoft.VisualStudio.QualityTools.Tips.UnitTest.Adapter, Version=10.0.0.0, Culture=neutral, PublicKeyToken=b03f5f7f11d50a3a" className="OjopodoTestProject.formCekUITest, OjopodoTestProject, Version=1.0.0.0, Culture=neutral, PublicKeyToken=null" name="teksTest1" />
      <AspNet webSiteUrl="http://localhost:1904/">
        <Host pathToWebApp="C:\Users\Admin\Documents\Visual Studio 2010\Projects\OjoPodo\mppl\mppl" webAppRoot="/" />
      </AspNet>
    </UnitTest>
    <UnitTest name="QuitTest1" storage="c:\users\admin\documents\visual studio 2010\projects\ojopodo\mppl\ojopodotestproject\bin\debug\ojopodotestproject.dll" id="235e3ff4-3a6e-575e-ac74-c70e2cbb4f4f">
      <Execution id="534fc47c-cbe2-4e5e-8f29-19695672b0b4" />
      <TestMethod codeBase="C:/Users/Admin/Documents/Visual Studio 2010/Projects/OjoPodo/mppl/OjopodoTestProject/bin/Debug/OjopodoTestProject.DLL" adapterTypeName="Microsoft.VisualStudio.TestTools.TestTypes.Unit.UnitTestAdapter, Microsoft.VisualStudio.QualityTools.Tips.UnitTest.Adapter, Version=10.0.0.0, Culture=neutral, PublicKeyToken=b03f5f7f11d50a3a" className="OjopodoTestProject._ApplicationTest, OjopodoTestProject, Version=1.0.0.0, Culture=neutral, PublicKeyToken=null" name="QuitTest1" />
      <AspNet webSiteUrl="http://localhost:1904/">
        <Host pathToWebApp="C:\Users\Admin\Documents\Visual Studio 2010\Projects\OjoPodo\mppl\mppl" webAppRoot="/" />
      </AspNet>
    </UnitTest>
    <UnitTest name="ControlCekConstructorTest5" storage="c:\users\admin\documents\visual studio 2010\projects\ojopodo\mppl\ojopodotestproject\bin\debug\ojopodotestproject.dll" id="51e50505-664d-ba89-1be0-d65fae32f623">
      <Execution id="51748d68-bf8b-4599-8964-6feecebbe27e" />
      <TestMethod codeBase="C:/Users/Admin/Documents/Visual Studio 2010/Projects/OjoPodo/mppl/OjopodoTestProject/bin/Debug/OjopodoTestProject.DLL" adapterTypeName="Microsoft.VisualStudio.TestTools.TestTypes.Unit.UnitTestAdapter, Microsoft.VisualStudio.QualityTools.Tips.UnitTest.Adapter, Version=10.0.0.0, Culture=neutral, PublicKeyToken=b03f5f7f11d50a3a" className="OjopodoTestProject.ControlCekTest, OjopodoTestProject, Version=1.0.0.0, Culture=neutral, PublicKeyToken=null" name="ControlCekConstructorTest5" />
      <AspNet webSiteUrl="http://localhost:1904/">
        <Host pathToWebApp="C:\Users\Admin\Documents\Visual Studio 2010\Projects\OjoPodo\mppl\mppl" webAppRoot="/" />
      </AspNet>
    </UnitTest>
    <UnitTest name="Page_LoadTest1" storage="c:\users\admin\documents\visual studio 2010\projects\ojopodo\mppl\ojopodotestproject\bin\debug\ojopodotestproject.dll" id="ac04f3d9-0fc1-6ca8-92d8-1c7b25679fc0">
      <DeploymentItems>
        <DeploymentItem filename="mppl.dll" />
      </DeploymentItems>
      <Execution id="3d453ed2-4eea-4416-a3ce-d408be44fb4b" />
      <TestMethod codeBase="C:/Users/Admin/Documents/Visual Studio 2010/Projects/OjoPodo/mppl/OjopodoTestProject/bin/Debug/OjopodoTestProject.DLL" adapterTypeName="Microsoft.VisualStudio.TestTools.TestTypes.Unit.UnitTestAdapter, Microsoft.VisualStudio.QualityTools.Tips.UnitTest.Adapter, Version=10.0.0.0, Culture=neutral, PublicKeyToken=b03f5f7f11d50a3a" className="OjopodoTestProject.formCekUITest, OjopodoTestProject, Version=1.0.0.0, Culture=neutral, PublicKeyToken=null" name="Page_LoadTest1" />
      <AspNet webSiteUrl="http://localhost:1904/">
        <Host pathToWebApp="C:\Users\Admin\Documents\Visual Studio 2010\Projects\OjoPodo\mppl\mppl" webAppRoot="/" />
      </AspNet>
    </UnitTest>
    <UnitTest name="Button_Submit_ClickTest2" storage="c:\users\admin\documents\visual studio 2010\projects\ojopodo\mppl\ojopodotestproject\bin\debug\ojopodotestproject.dll" id="92ef12d5-42de-df64-6e6a-8ee14f99027f">
      <DeploymentItems>
        <DeploymentItem filename="mppl.dll" />
      </DeploymentItems>
      <Execution id="dd7fce44-c978-4091-9b88-cc494673d724" />
      <TestMethod codeBase="C:/Users/Admin/Documents/Visual Studio 2010/Projects/OjoPodo/mppl/OjopodoTestProject/bin/Debug/OjopodoTestProject.DLL" adapterTypeName="Microsoft.VisualStudio.TestTools.TestTypes.Unit.UnitTestAdapter, Microsoft.VisualStudio.QualityTools.Tips.UnitTest.Adapter, Version=10.0.0.0, Culture=neutral, PublicKeyToken=b03f5f7f11d50a3a" className="OjopodoTestProject.FormTambahTest, OjopodoTestProject, Version=1.0.0.0, Culture=neutral, PublicKeyToken=null" name="Button_Submit_ClickTest2" />
      <AspNet webSiteUrl="http://localhost:1904/">
        <Host pathToWebApp="C:\Users\Admin\Documents\Visual Studio 2010\Projects\OjoPodo\mppl\mppl" webAppRoot="/" />
      </AspNet>
    </UnitTest>
    <UnitTest name="RegisterUser_CreatedUserTest" storage="c:\users\admin\documents\visual studio 2010\projects\ojopodo\mppl\ojopodotestproject\bin\debug\ojopodotestproject.dll" id="1289c68f-9b5d-2bf6-4be5-0d5fe51cbce5">
      <DeploymentItems>
        <DeploymentItem filename="mppl.dll" />
      </DeploymentItems>
      <Execution id="395da407-a40e-4cd3-91ea-d10de8b8b6a1" />
      <TestMethod codeBase="C:/Users/Admin/Documents/Visual Studio 2010/Projects/OjoPodo/mppl/OjopodoTestProject/bin/Debug/OjopodoTestProject.DLL" adapterTypeName="Microsoft.VisualStudio.TestTools.TestTypes.Unit.UnitTestAdapter, Microsoft.VisualStudio.QualityTools.Tips.UnitTest.Adapter, Version=10.0.0.0, Culture=neutral, PublicKeyToken=b03f5f7f11d50a3a" className="OjopodoTestProject.RegisterTest, OjopodoTestProject, Version=1.0.0.0, Culture=neutral, PublicKeyToken=null" name="RegisterUser_CreatedUserTest" />
      <AspNet webSiteUrl="http://localhost:1904/">
        <Host pathToWebApp="C:\Users\Admin\Documents\Visual Studio 2010\Projects\OjoPodo\mppl\mppl" webAppRoot="/" />
      </AspNet>
    </UnitTest>
    <UnitTest name="id_userTest2" storage="c:\users\admin\documents\visual studio 2010\projects\ojopodo\mppl\ojopodotestproject\bin\debug\ojopodotestproject.dll" id="a33973eb-bd6f-bfa1-3833-3d6594005853">
      <Execution id="0b410b8e-8ed2-474b-b8d8-4ea769a68906" />
      <TestMethod codeBase="C:/Users/Admin/Documents/Visual Studio 2010/Projects/OjoPodo/mppl/OjopodoTestProject/bin/Debug/OjopodoTestProject.DLL" adapterTypeName="Microsoft.VisualStudio.TestTools.TestTypes.Unit.UnitTestAdapter, Microsoft.VisualStudio.QualityTools.Tips.UnitTest.Adapter, Version=10.0.0.0, Culture=neutral, PublicKeyToken=b03f5f7f11d50a3a" className="OjopodoTestProject.userTest, OjopodoTestProject, Version=1.0.0.0, Culture=neutral, PublicKeyToken=null" name="id_userTest2" />
      <AspNet webSiteUrl="http://localhost:1904/">
        <Host pathToWebApp="C:\Users\Admin\Documents\Visual Studio 2010\Projects\OjoPodo\mppl\mppl" webAppRoot="/" />
      </AspNet>
    </UnitTest>
    <UnitTest name="teksTest" storage="c:\users\admin\documents\visual studio 2010\projects\ojopodo\mppl\ojopodotestproject\bin\debug\ojopodotestproject.dll" id="51695535-be86-aaf1-a2d3-99a7fd4020d7">
      <DeploymentItems>
        <DeploymentItem filename="mppl.dll" />
      </DeploymentItems>
      <Execution id="97930798-a618-4b4e-b770-779d72267a86" />
      <TestMethod codeBase="C:/Users/Admin/Documents/Visual Studio 2010/Projects/OjoPodo/mppl/OjopodoTestProject/bin/Debug/OjopodoTestProject.DLL" adapterTypeName="Microsoft.VisualStudio.TestTools.TestTypes.Unit.UnitTestAdapter, Microsoft.VisualStudio.QualityTools.Tips.UnitTest.Adapter, Version=10.0.0.0, Culture=neutral, PublicKeyToken=b03f5f7f11d50a3a" className="OjopodoTestProject.formCekUITest, OjopodoTestProject, Version=1.0.0.0, Culture=neutral, PublicKeyToken=null" name="teksTest" />
      <AspNet webSiteUrl="http://localhost:1904/">
        <Host pathToWebApp="C:\Users\Admin\Documents\Visual Studio 2010\Projects\OjoPodo\mppl\mppl" webAppRoot="/" />
      </AspNet>
    </UnitTest>
    <UnitTest name="Page_LoadTest2" storage="c:\users\admin\documents\visual studio 2010\projects\ojopodo\mppl\ojopodotestproject\bin\debug\ojopodotestproject.dll" id="69357bf5-a1e4-cd1a-9a34-6beb5e0e5181">
      <DeploymentItems>
        <DeploymentItem filename="mppl.dll" />
      </DeploymentItems>
      <Execution id="1ed75fd2-1aad-4175-b4c2-ada982b36f54" />
      <TestMethod codeBase="C:/Users/Admin/Documents/Visual Studio 2010/Projects/OjoPodo/mppl/OjopodoTestProject/bin/Debug/OjopodoTestProject.DLL" adapterTypeName="Microsoft.VisualStudio.TestTools.TestTypes.Unit.UnitTestAdapter, Microsoft.VisualStudio.QualityTools.Tips.UnitTest.Adapter, Version=10.0.0.0, Culture=neutral, PublicKeyToken=b03f5f7f11d50a3a" className="OjopodoTestProject.SiteMasterTest, OjopodoTestProject, Version=1.0.0.0, Culture=neutral, PublicKeyToken=null" name="Page_LoadTest2" />
      <AspNet webSiteUrl="http://localhost:1904/">
        <Host pathToWebApp="C:\Users\Admin\Documents\Visual Studio 2010\Projects\OjoPodo\mppl\mppl" webAppRoot="/" />
      </AspNet>
    </UnitTest>
    <UnitTest name="Page_LoadTest2" storage="c:\users\admin\documents\visual studio 2010\projects\ojopodo\mppl\ojopodotestproject\bin\debug\ojopodotestproject.dll" id="125cc352-7d78-77fc-968b-29d124f59e9c">
      <DeploymentItems>
        <DeploymentItem filename="mppl.dll" />
      </DeploymentItems>
      <Execution id="f7f21670-100d-4115-b219-1114562c0ca1" />
      <TestMethod codeBase="C:/Users/Admin/Documents/Visual Studio 2010/Projects/OjoPodo/mppl/OjopodoTestProject/bin/Debug/OjopodoTestProject.DLL" adapterTypeName="Microsoft.VisualStudio.TestTools.TestTypes.Unit.UnitTestAdapter, Microsoft.VisualStudio.QualityTools.Tips.UnitTest.Adapter, Version=10.0.0.0, Culture=neutral, PublicKeyToken=b03f5f7f11d50a3a" className="OjopodoTestProject.FormTambahTest, OjopodoTestProject, Version=1.0.0.0, Culture=neutral, PublicKeyToken=null" name="Page_LoadTest2" />
      <AspNet webSiteUrl="http://localhost:1904/">
        <Host pathToWebApp="C:\Users\Admin\Documents\Visual Studio 2010\Projects\OjoPodo\mppl\mppl" webAppRoot="/" />
      </AspNet>
    </UnitTest>
    <UnitTest name="Page_LoadTest2" storage="c:\users\admin\documents\visual studio 2010\projects\ojopodo\mppl\ojopodotestproject\bin\debug\ojopodotestproject.dll" id="e9289cd3-b115-770d-29f2-23e3804c6430">
      <DeploymentItems>
        <DeploymentItem filename="mppl.dll" />
      </DeploymentItems>
      <Execution id="53b8ff69-efa8-4e17-a77b-45d49e2af98b" />
      <TestMethod codeBase="C:/Users/Admin/Documents/Visual Studio 2010/Projects/OjoPodo/mppl/OjopodoTestProject/bin/Debug/OjopodoTestProject.DLL" adapterTypeName="Microsoft.VisualStudio.TestTools.TestTypes.Unit.UnitTestAdapter, Microsoft.VisualStudio.QualityTools.Tips.UnitTest.Adapter, Version=10.0.0.0, Culture=neutral, PublicKeyToken=b03f5f7f11d50a3a" className="OjopodoTestProject.AboutTest, OjopodoTestProject, Version=1.0.0.0, Culture=neutral, PublicKeyToken=null" name="Page_LoadTest2" />
      <AspNet webSiteUrl="http://localhost:1904/">
        <Host pathToWebApp="C:\Users\Admin\Documents\Visual Studio 2010\Projects\OjoPodo\mppl\mppl" webAppRoot="/" />
      </AspNet>
    </UnitTest>
    <UnitTest name="Page_LoadTest" storage="c:\users\admin\documents\visual studio 2010\projects\ojopodo\mppl\ojopodotestproject\bin\debug\ojopodotestproject.dll" id="5399227d-bc55-42e1-34de-ac63001b8a22">
      <DeploymentItems>
        <DeploymentItem filename="mppl.dll" />
      </DeploymentItems>
      <Execution id="6d6cdb71-ed7e-477b-bf95-c6867990a286" />
      <TestMethod codeBase="C:/Users/Admin/Documents/Visual Studio 2010/Projects/OjoPodo/mppl/OjopodoTestProject/bin/Debug/OjopodoTestProject.DLL" adapterTypeName="Microsoft.VisualStudio.TestTools.TestTypes.Unit.UnitTestAdapter, Microsoft.VisualStudio.QualityTools.Tips.UnitTest.Adapter, Version=10.0.0.0, Culture=neutral, PublicKeyToken=b03f5f7f11d50a3a" className="OjopodoTestProject.SiteMasterTest, OjopodoTestProject, Version=1.0.0.0, Culture=neutral, PublicKeyToken=null" name="Page_LoadTest" />
      <AspNet webSiteUrl="http://localhost:1904/">
        <Host pathToWebApp="C:\Users\Admin\Documents\Visual Studio 2010\Projects\OjoPodo\mppl\mppl" webAppRoot="/" />
      </AspNet>
    </UnitTest>
    <UnitTest name="Page_LoadTest" storage="c:\users\admin\documents\visual studio 2010\projects\ojopodo\mppl\ojopodotestproject\bin\debug\ojopodotestproject.dll" id="e4b7a1cd-439f-8431-3f3a-d83dfaba6f7e">
      <DeploymentItems>
        <DeploymentItem filename="mppl.dll" />
      </DeploymentItems>
      <Execution id="515cf62e-12a1-4026-9371-d2182e31a48f" />
      <TestMethod codeBase="C:/Users/Admin/Documents/Visual Studio 2010/Projects/OjoPodo/mppl/OjopodoTestProject/bin/Debug/OjopodoTestProject.DLL" adapterTypeName="Microsoft.VisualStudio.TestTools.TestTypes.Unit.UnitTestAdapter, Microsoft.VisualStudio.QualityTools.Tips.UnitTest.Adapter, Version=10.0.0.0, Culture=neutral, PublicKeyToken=b03f5f7f11d50a3a" className="OjopodoTestProject.ChangePasswordTest, OjopodoTestProject, Version=1.0.0.0, Culture=neutral, PublicKeyToken=null" name="Page_LoadTest" />
      <AspNet webSiteUrl="http://localhost:1904/">
        <Host pathToWebApp="C:\Users\Admin\Documents\Visual Studio 2010\Projects\OjoPodo\mppl\mppl" webAppRoot="/" />
      </AspNet>
    </UnitTest>
    <UnitTest name="userConstructorTest" storage="c:\users\admin\documents\visual studio 2010\projects\ojopodo\mppl\ojopodotestproject\bin\debug\ojopodotestproject.dll" id="a1405876-cf86-1399-8ca7-7f1d71633bef">
      <Execution id="0425e9b2-72d2-48c4-ba41-fb29282729ae" />
      <TestMethod codeBase="C:/Users/Admin/Documents/Visual Studio 2010/Projects/OjoPodo/mppl/OjopodoTestProject/bin/Debug/OjopodoTestProject.DLL" adapterTypeName="Microsoft.VisualStudio.TestTools.TestTypes.Unit.UnitTestAdapter, Microsoft.VisualStudio.QualityTools.Tips.UnitTest.Adapter, Version=10.0.0.0, Culture=neutral, PublicKeyToken=b03f5f7f11d50a3a" className="OjopodoTestProject.userTest, OjopodoTestProject, Version=1.0.0.0, Culture=neutral, PublicKeyToken=null" name="userConstructorTest" />
      <AspNet webSiteUrl="http://localhost:1904/">
        <Host pathToWebApp="C:\Users\Admin\Documents\Visual Studio 2010\Projects\OjoPodo\mppl\mppl" webAppRoot="/" />
      </AspNet>
    </UnitTest>
    <UnitTest name="CreateuserTest" storage="c:\users\admin\documents\visual studio 2010\projects\ojopodo\mppl\ojopodotestproject\bin\debug\ojopodotestproject.dll" id="8c815e5e-e172-65f0-92fc-65b30edd2fd4">
      <Execution id="e52e3735-b950-4a19-8296-9be20e351484" />
      <TestMethod codeBase="C:/Users/Admin/Documents/Visual Studio 2010/Projects/OjoPodo/mppl/OjopodoTestProject/bin/Debug/OjopodoTestProject.DLL" adapterTypeName="Microsoft.VisualStudio.TestTools.TestTypes.Unit.UnitTestAdapter, Microsoft.VisualStudio.QualityTools.Tips.UnitTest.Adapter, Version=10.0.0.0, Culture=neutral, PublicKeyToken=b03f5f7f11d50a3a" className="OjopodoTestProject.userTest, OjopodoTestProject, Version=1.0.0.0, Culture=neutral, PublicKeyToken=null" name="CreateuserTest" />
      <AspNet webSiteUrl="http://localhost:1904/">
        <Host pathToWebApp="C:\Users\Admin\Documents\Visual Studio 2010\Projects\OjoPodo\mppl\mppl" webAppRoot="/" />
      </AspNet>
    </UnitTest>
    <UnitTest name="AddTouserTest" storage="c:\users\admin\documents\visual studio 2010\projects\ojopodo\mppl\ojopodotestproject\bin\debug\ojopodotestproject.dll" id="e22ef012-b1c7-dc7f-5a34-afcc3752b48b">
      <Execution id="443809c1-acba-4b90-97a0-1eb616aa519c" />
      <TestMethod codeBase="C:/Users/Admin/Documents/Visual Studio 2010/Projects/OjoPodo/mppl/OjopodoTestProject/bin/Debug/OjopodoTestProject.DLL" adapterTypeName="Microsoft.VisualStudio.TestTools.TestTypes.Unit.UnitTestAdapter, Microsoft.VisualStudio.QualityTools.Tips.UnitTest.Adapter, Version=10.0.0.0, Culture=neutral, PublicKeyToken=b03f5f7f11d50a3a" className="OjopodoTestProject.ojopodoEntitiesTest, OjopodoTestProject, Version=1.0.0.0, Culture=neutral, PublicKeyToken=null" name="AddTouserTest" />
      <AspNet webSiteUrl="http://localhost:1904/">
        <Host pathToWebApp="C:\Users\Admin\Documents\Visual Studio 2010\Projects\OjoPodo\mppl\mppl" webAppRoot="/" />
      </AspNet>
    </UnitTest>
    <UnitTest name="rollHashRightTest" storage="c:\users\admin\documents\visual studio 2010\projects\ojopodo\mppl\ojopodotestproject\bin\debug\ojopodotestproject.dll" id="a5238c7e-8a95-cb5a-b528-67036ccdafb9">
      <Execution id="c24b2af0-9a68-4cf3-909d-327a73fac69c" />
      <TestMethod codeBase="C:/Users/Admin/Documents/Visual Studio 2010/Projects/OjoPodo/mppl/OjopodoTestProject/bin/Debug/OjopodoTestProject.DLL" adapterTypeName="Microsoft.VisualStudio.TestTools.TestTypes.Unit.UnitTestAdapter, Microsoft.VisualStudio.QualityTools.Tips.UnitTest.Adapter, Version=10.0.0.0, Culture=neutral, PublicKeyToken=b03f5f7f11d50a3a" className="OjopodoTestProject.WinnowingTest, OjopodoTestProject, Version=1.0.0.0, Culture=neutral, PublicKeyToken=null" name="rollHashRightTest" />
      <AspNet webSiteUrl="http://localhost:1904/">
        <Host pathToWebApp="C:\Users\Admin\Documents\Visual Studio 2010\Projects\OjoPodo\mppl\mppl" webAppRoot="/" />
      </AspNet>
    </UnitTest>
    <UnitTest name="HasilCekDokumenUIConstructorTest" storage="c:\users\admin\documents\visual studio 2010\projects\ojopodo\mppl\ojopodotestproject\bin\debug\ojopodotestproject.dll" id="4098347f-2de2-abbe-1f31-4d142f11500d">
      <Execution id="dc3cfcd8-db3a-4c86-b129-d31ea65e8d8e" />
      <TestMethod codeBase="C:/Users/Admin/Documents/Visual Studio 2010/Projects/OjoPodo/mppl/OjopodoTestProject/bin/Debug/OjopodoTestProject.DLL" adapterTypeName="Microsoft.VisualStudio.TestTools.TestTypes.Unit.UnitTestAdapter, Microsoft.VisualStudio.QualityTools.Tips.UnitTest.Adapter, Version=10.0.0.0, Culture=neutral, PublicKeyToken=b03f5f7f11d50a3a" className="OjopodoTestProject.HasilCekDokumenUITest, OjopodoTestProject, Version=1.0.0.0, Culture=neutral, PublicKeyToken=null" name="HasilCekDokumenUIConstructorTest" />
      <AspNet webSiteUrl="http://localhost:1904/">
        <Host pathToWebApp="C:\Users\Admin\Documents\Visual Studio 2010\Projects\OjoPodo\mppl\mppl" webAppRoot="/" />
      </AspNet>
    </UnitTest>
    <UnitTest name="cekKemiripanTest1" storage="c:\users\admin\documents\visual studio 2010\projects\ojopodo\mppl\ojopodotestproject\bin\debug\ojopodotestproject.dll" id="3739142b-6f26-80db-8216-ffad29a08f8b">
      <DeploymentItems>
        <DeploymentItem filename="mppl.dll" />
      </DeploymentItems>
      <Execution id="4ed94669-a204-433b-9787-c5150173fc50" />
      <TestMethod codeBase="C:/Users/Admin/Documents/Visual Studio 2010/Projects/OjoPodo/mppl/OjopodoTestProject/bin/Debug/OjopodoTestProject.DLL" adapterTypeName="Microsoft.VisualStudio.TestTools.TestTypes.Unit.UnitTestAdapter, Microsoft.VisualStudio.QualityTools.Tips.UnitTest.Adapter, Version=10.0.0.0, Culture=neutral, PublicKeyToken=b03f5f7f11d50a3a" className="OjopodoTestProject.ControlCekTest, OjopodoTestProject, Version=1.0.0.0, Culture=neutral, PublicKeyToken=null" name="cekKemiripanTest1" />
      <AspNet webSiteUrl="http://localhost:1904/">
        <Host pathToWebApp="C:\Users\Admin\Documents\Visual Studio 2010\Projects\OjoPodo\mppl\mppl" webAppRoot="/" />
      </AspNet>
    </UnitTest>
    <UnitTest name="judulTest" storage="c:\users\admin\documents\visual studio 2010\projects\ojopodo\mppl\ojopodotestproject\bin\debug\ojopodotestproject.dll" id="4d8b1b28-0c2e-a583-3eee-88626c8e49f8">
      <Execution id="a7b33869-ffc5-42d1-b743-08ddbeaa353b" />
      <TestMethod codeBase="C:/Users/Admin/Documents/Visual Studio 2010/Projects/OjoPodo/mppl/OjopodoTestProject/bin/Debug/OjopodoTestProject.DLL" adapterTypeName="Microsoft.VisualStudio.TestTools.TestTypes.Unit.UnitTestAdapter, Microsoft.VisualStudio.QualityTools.Tips.UnitTest.Adapter, Version=10.0.0.0, Culture=neutral, PublicKeyToken=b03f5f7f11d50a3a" className="OjopodoTestProject.dokumenTest, OjopodoTestProject, Version=1.0.0.0, Culture=neutral, PublicKeyToken=null" name="judulTest" />
      <AspNet webSiteUrl="http://localhost:1904/">
        <Host pathToWebApp="C:\Users\Admin\Documents\Visual Studio 2010\Projects\OjoPodo\mppl\mppl" webAppRoot="/" />
      </AspNet>
    </UnitTest>
    <UnitTest name="ChangePasswordConstructorTest1" storage="c:\users\admin\documents\visual studio 2010\projects\ojopodo\mppl\ojopodotestproject\bin\debug\ojopodotestproject.dll" id="e8e8089e-b63c-b4a2-7cfe-b9b154554811">
      <Execution id="2ce050f6-52aa-401d-b1b1-6f8ad2010f88" />
      <TestMethod codeBase="C:/Users/Admin/Documents/Visual Studio 2010/Projects/OjoPodo/mppl/OjopodoTestProject/bin/Debug/OjopodoTestProject.DLL" adapterTypeName="Microsoft.VisualStudio.TestTools.TestTypes.Unit.UnitTestAdapter, Microsoft.VisualStudio.QualityTools.Tips.UnitTest.Adapter, Version=10.0.0.0, Culture=neutral, PublicKeyToken=b03f5f7f11d50a3a" className="OjopodoTestProject.ChangePasswordTest, OjopodoTestProject, Version=1.0.0.0, Culture=neutral, PublicKeyToken=null" name="ChangePasswordConstructorTest1" />
      <AspNet webSiteUrl="http://localhost:1904/">
        <Host pathToWebApp="C:\Users\Admin\Documents\Visual Studio 2010\Projects\OjoPodo\mppl\mppl" webAppRoot="/" />
      </AspNet>
    </UnitTest>
    <UnitTest name="Page_LoadTest" storage="c:\users\admin\documents\visual studio 2010\projects\ojopodo\mppl\ojopodotestproject\bin\debug\ojopodotestproject.dll" id="9a3de24e-2eff-76ae-d300-8685d9bcb047">
      <DeploymentItems>
        <DeploymentItem filename="mppl.dll" />
      </DeploymentItems>
      <Execution id="8efcc1b6-c2ba-42e8-9de2-67a678872e5c" />
      <TestMethod codeBase="C:/Users/Admin/Documents/Visual Studio 2010/Projects/OjoPodo/mppl/OjopodoTestProject/bin/Debug/OjopodoTestProject.DLL" adapterTypeName="Microsoft.VisualStudio.TestTools.TestTypes.Unit.UnitTestAdapter, Microsoft.VisualStudio.QualityTools.Tips.UnitTest.Adapter, Version=10.0.0.0, Culture=neutral, PublicKeyToken=b03f5f7f11d50a3a" className="OjopodoTestProject.LoginTest, OjopodoTestProject, Version=1.0.0.0, Culture=neutral, PublicKeyToken=null" name="Page_LoadTest" />
      <AspNet webSiteUrl="http://localhost:1904/">
        <Host pathToWebApp="C:\Users\Admin\Documents\Visual Studio 2010\Projects\OjoPodo\mppl\mppl" webAppRoot="/" />
      </AspNet>
    </UnitTest>
    <UnitTest name="uploadTest2" storage="c:\users\admin\documents\visual studio 2010\projects\ojopodo\mppl\ojopodotestproject\bin\debug\ojopodotestproject.dll" id="2acf2280-bb85-7972-3410-c5621017b3e0">
      <Execution id="561dd1db-e5cf-4335-8e13-e3d44d9f7076" />
      <TestMethod codeBase="C:/Users/Admin/Documents/Visual Studio 2010/Projects/OjoPodo/mppl/OjopodoTestProject/bin/Debug/OjopodoTestProject.DLL" adapterTypeName="Microsoft.VisualStudio.TestTools.TestTypes.Unit.UnitTestAdapter, Microsoft.VisualStudio.QualityTools.Tips.UnitTest.Adapter, Version=10.0.0.0, Culture=neutral, PublicKeyToken=b03f5f7f11d50a3a" className="OjopodoTestProject.ControlCekTest, OjopodoTestProject, Version=1.0.0.0, Culture=neutral, PublicKeyToken=null" name="uploadTest2" />
      <AspNet webSiteUrl="http://localhost:1904/">
        <Host pathToWebApp="C:\Users\Admin\Documents\Visual Studio 2010\Projects\OjoPodo\mppl\mppl" webAppRoot="/" />
      </AspNet>
    </UnitTest>
    <UnitTest name="periksaTest" storage="c:\users\admin\documents\visual studio 2010\projects\ojopodo\mppl\ojopodotestproject\bin\debug\ojopodotestproject.dll" id="e5df7cbe-7d97-608b-71b8-524f6e4300bd">
      <DeploymentItems>
        <DeploymentItem filename="mppl.dll" />
      </DeploymentItems>
      <Execution id="29593f16-5c46-42dc-a093-ea3498711439" />
      <TestMethod codeBase="C:/Users/Admin/Documents/Visual Studio 2010/Projects/OjoPodo/mppl/OjopodoTestProject/bin/Debug/OjopodoTestProject.DLL" adapterTypeName="Microsoft.VisualStudio.TestTools.TestTypes.Unit.UnitTestAdapter, Microsoft.VisualStudio.QualityTools.Tips.UnitTest.Adapter, Version=10.0.0.0, Culture=neutral, PublicKeyToken=b03f5f7f11d50a3a" className="OjopodoTestProject.formCekUITest, OjopodoTestProject, Version=1.0.0.0, Culture=neutral, PublicKeyToken=null" name="periksaTest" />
      <AspNet webSiteUrl="http://localhost:1904/">
        <Host pathToWebApp="C:\Users\Admin\Documents\Visual Studio 2010\Projects\OjoPodo\mppl\mppl" webAppRoot="/" />
      </AspNet>
    </UnitTest>
    <UnitTest name="Page_LoadTest2" storage="c:\users\admin\documents\visual studio 2010\projects\ojopodo\mppl\ojopodotestproject\bin\debug\ojopodotestproject.dll" id="4b3af668-3ad1-6912-e9b5-039fba3a0624">
      <DeploymentItems>
        <DeploymentItem filename="mppl.dll" />
      </DeploymentItems>
      <Execution id="9d8e0c89-c591-4a6d-ba73-e5b013f93946" />
      <TestMethod codeBase="C:/Users/Admin/Documents/Visual Studio 2010/Projects/OjoPodo/mppl/OjopodoTestProject/bin/Debug/OjopodoTestProject.DLL" adapterTypeName="Microsoft.VisualStudio.TestTools.TestTypes.Unit.UnitTestAdapter, Microsoft.VisualStudio.QualityTools.Tips.UnitTest.Adapter, Version=10.0.0.0, Culture=neutral, PublicKeyToken=b03f5f7f11d50a3a" className="OjopodoTestProject.ChangePasswordSuccessTest, OjopodoTestProject, Version=1.0.0.0, Culture=neutral, PublicKeyToken=null" name="Page_LoadTest2" />
      <AspNet webSiteUrl="http://localhost:1904/">
        <Host pathToWebApp="C:\Users\Admin\Documents\Visual Studio 2010\Projects\OjoPodo\mppl\mppl" webAppRoot="/" />
      </AspNet>
    </UnitTest>
    <UnitTest name="Session_EndTest" storage="c:\users\admin\documents\visual studio 2010\projects\ojopodo\mppl\ojopodotestproject\bin\debug\ojopodotestproject.dll" id="530f76cd-2bf8-89d2-187b-0eaec20d2d9b">
      <DeploymentItems>
        <DeploymentItem filename="mppl.dll" />
      </DeploymentItems>
      <Execution id="00a02dfb-5018-4eae-b7e6-a5bd931c1480" />
      <TestMethod codeBase="C:/Users/Admin/Documents/Visual Studio 2010/Projects/OjoPodo/mppl/OjopodoTestProject/bin/Debug/OjopodoTestProject.DLL" adapterTypeName="Microsoft.VisualStudio.TestTools.TestTypes.Unit.UnitTestAdapter, Microsoft.VisualStudio.QualityTools.Tips.UnitTest.Adapter, Version=10.0.0.0, Culture=neutral, PublicKeyToken=b03f5f7f11d50a3a" className="OjopodoTestProject.GlobalTest, OjopodoTestProject, Version=1.0.0.0, Culture=neutral, PublicKeyToken=null" name="Session_EndTest" />
      <AspNet webSiteUrl="http://localhost:1904/">
        <Host pathToWebApp="C:\Users\Admin\Documents\Visual Studio 2010\Projects\OjoPodo\mppl\mppl" webAppRoot="/" />
      </AspNet>
    </UnitTest>
    <UnitTest name="Application_ErrorTest" storage="c:\users\admin\documents\visual studio 2010\projects\ojopodo\mppl\ojopodotestproject\bin\debug\ojopodotestproject.dll" id="307e7801-f7cb-4520-3fc5-ad970cec9664">
      <DeploymentItems>
        <DeploymentItem filename="mppl.dll" />
      </DeploymentItems>
      <Execution id="ae935123-21e5-4892-afb5-9fc2d8a0afa8" />
      <TestMethod codeBase="C:/Users/Admin/Documents/Visual Studio 2010/Projects/OjoPodo/mppl/OjopodoTestProject/bin/Debug/OjopodoTestProject.DLL" adapterTypeName="Microsoft.VisualStudio.TestTools.TestTypes.Unit.UnitTestAdapter, Microsoft.VisualStudio.QualityTools.Tips.UnitTest.Adapter, Version=10.0.0.0, Culture=neutral, PublicKeyToken=b03f5f7f11d50a3a" className="OjopodoTestProject.GlobalTest, OjopodoTestProject, Version=1.0.0.0, Culture=neutral, PublicKeyToken=null" name="Application_ErrorTest" />
      <AspNet webSiteUrl="http://localhost:1904/">
        <Host pathToWebApp="C:\Users\Admin\Documents\Visual Studio 2010\Projects\OjoPodo\mppl\mppl" webAppRoot="/" />
      </AspNet>
    </UnitTest>
    <UnitTest name="uploadTest1" storage="c:\users\admin\documents\visual studio 2010\projects\ojopodo\mppl\ojopodotestproject\bin\debug\ojopodotestproject.dll" id="3a502c86-b169-8369-3888-4a52feab6ec0">
      <DeploymentItems>
        <DeploymentItem filename="mppl.dll" />
      </DeploymentItems>
      <Execution id="cc4c1004-1583-49ef-a5b3-6ce6bc4c5e83" />
      <TestMethod codeBase="C:/Users/Admin/Documents/Visual Studio 2010/Projects/OjoPodo/mppl/OjopodoTestProject/bin/Debug/OjopodoTestProject.DLL" adapterTypeName="Microsoft.VisualStudio.TestTools.TestTypes.Unit.UnitTestAdapter, Microsoft.VisualStudio.QualityTools.Tips.UnitTest.Adapter, Version=10.0.0.0, Culture=neutral, PublicKeyToken=b03f5f7f11d50a3a" className="OjopodoTestProject.formCekUITest, OjopodoTestProject, Version=1.0.0.0, Culture=neutral, PublicKeyToken=null" name="uploadTest1" />
      <AspNet webSiteUrl="http://localhost:1904/">
        <Host pathToWebApp="C:\Users\Admin\Documents\Visual Studio 2010\Projects\OjoPodo\mppl\mppl" webAppRoot="/" />
      </AspNet>
    </UnitTest>
    <UnitTest name="Page_LoadTest2" storage="c:\users\admin\documents\visual studio 2010\projects\ojopodo\mppl\ojopodotestproject\bin\debug\ojopodotestproject.dll" id="2a4e0f54-5912-32cb-b4f8-e3f4dbada93f">
      <DeploymentItems>
        <DeploymentItem filename="mppl.dll" />
      </DeploymentItems>
      <Execution id="8c5c9b20-69fd-4f2b-9fe9-e839904ca3c1" />
      <TestMethod codeBase="C:/Users/Admin/Documents/Visual Studio 2010/Projects/OjoPodo/mppl/OjopodoTestProject/bin/Debug/OjopodoTestProject.DLL" adapterTypeName="Microsoft.VisualStudio.TestTools.TestTypes.Unit.UnitTestAdapter, Microsoft.VisualStudio.QualityTools.Tips.UnitTest.Adapter, Version=10.0.0.0, Culture=neutral, PublicKeyToken=b03f5f7f11d50a3a" className="OjopodoTestProject.RegisterTest, OjopodoTestProject, Version=1.0.0.0, Culture=neutral, PublicKeyToken=null" name="Page_LoadTest2" />
      <AspNet webSiteUrl="http://localhost:1904/">
        <Host pathToWebApp="C:\Users\Admin\Documents\Visual Studio 2010\Projects\OjoPodo\mppl\mppl" webAppRoot="/" />
      </AspNet>
    </UnitTest>
    <UnitTest name="Page_LoadTest1" storage="c:\users\admin\documents\visual studio 2010\projects\ojopodo\mppl\ojopodotestproject\bin\debug\ojopodotestproject.dll" id="0dcbd4e9-295c-7c4b-8f3f-7cf71ccc8de3">
      <DeploymentItems>
        <DeploymentItem filename="mppl.dll" />
      </DeploymentItems>
      <Execution id="39d06bba-7a8d-4c89-8689-78117f485283" />
      <TestMethod codeBase="C:/Users/Admin/Documents/Visual Studio 2010/Projects/OjoPodo/mppl/OjopodoTestProject/bin/Debug/OjopodoTestProject.DLL" adapterTypeName="Microsoft.VisualStudio.TestTools.TestTypes.Unit.UnitTestAdapter, Microsoft.VisualStudio.QualityTools.Tips.UnitTest.Adapter, Version=10.0.0.0, Culture=neutral, PublicKeyToken=b03f5f7f11d50a3a" className="OjopodoTestProject.AboutTest, OjopodoTestProject, Version=1.0.0.0, Culture=neutral, PublicKeyToken=null" name="Page_LoadTest1" />
      <AspNet webSiteUrl="http://localhost:1904/">
        <Host pathToWebApp="C:\Users\Admin\Documents\Visual Studio 2010\Projects\OjoPodo\mppl\mppl" webAppRoot="/" />
      </AspNet>
    </UnitTest>
    <UnitTest name="ChangePasswordSuccessConstructorTest2" storage="c:\users\admin\documents\visual studio 2010\projects\ojopodo\mppl\ojopodotestproject\bin\debug\ojopodotestproject.dll" id="3098ab9c-926b-8ba8-fc81-11f4715f1c5d">
      <Execution id="8db8a550-560f-40e9-a6ad-c3e0cf06f4cd" />
      <TestMethod codeBase="C:/Users/Admin/Documents/Visual Studio 2010/Projects/OjoPodo/mppl/OjopodoTestProject/bin/Debug/OjopodoTestProject.DLL" adapterTypeName="Microsoft.VisualStudio.TestTools.TestTypes.Unit.UnitTestAdapter, Microsoft.VisualStudio.QualityTools.Tips.UnitTest.Adapter, Version=10.0.0.0, Culture=neutral, PublicKeyToken=b03f5f7f11d50a3a" className="OjopodoTestProject.ChangePasswordSuccessTest, OjopodoTestProject, Version=1.0.0.0, Culture=neutral, PublicKeyToken=null" name="ChangePasswordSuccessConstructorTest2" />
      <AspNet webSiteUrl="http://localhost:1904/">
        <Host pathToWebApp="C:\Users\Admin\Documents\Visual Studio 2010\Projects\OjoPodo\mppl\mppl" webAppRoot="/" />
      </AspNet>
    </UnitTest>
    <UnitTest name="ApplicationTest" storage="c:\users\admin\documents\visual studio 2010\projects\ojopodo\mppl\ojopodotestproject\bin\debug\ojopodotestproject.dll" id="64ea801d-33d6-013c-5185-7e54b431c6bd">
      <Execution id="bc102796-a857-44a9-a750-639a2a8a1a66" />
      <TestMethod codeBase="C:/Users/Admin/Documents/Visual Studio 2010/Projects/OjoPodo/mppl/OjopodoTestProject/bin/Debug/OjopodoTestProject.DLL" adapterTypeName="Microsoft.VisualStudio.TestTools.TestTypes.Unit.UnitTestAdapter, Microsoft.VisualStudio.QualityTools.Tips.UnitTest.Adapter, Version=10.0.0.0, Culture=neutral, PublicKeyToken=b03f5f7f11d50a3a" className="OjopodoTestProject._ApplicationTest, OjopodoTestProject, Version=1.0.0.0, Culture=neutral, PublicKeyToken=null" name="ApplicationTest" />
      <AspNet webSiteUrl="http://localhost:1904/">
        <Host pathToWebApp="C:\Users\Admin\Documents\Visual Studio 2010\Projects\OjoPodo\mppl\mppl" webAppRoot="/" />
      </AspNet>
    </UnitTest>
    <UnitTest name="Page_LoadTest" storage="c:\users\admin\documents\visual studio 2010\projects\ojopodo\mppl\ojopodotestproject\bin\debug\ojopodotestproject.dll" id="8b701a3f-93a8-9878-8623-9c67db29b59c">
      <DeploymentItems>
        <DeploymentItem filename="mppl.dll" />
      </DeploymentItems>
      <Execution id="0e4b750c-b0fa-4f2b-9d5f-fc6d3ea2e5a0" />
      <TestMethod codeBase="C:/Users/Admin/Documents/Visual Studio 2010/Projects/OjoPodo/mppl/OjopodoTestProject/bin/Debug/OjopodoTestProject.DLL" adapterTypeName="Microsoft.VisualStudio.TestTools.TestTypes.Unit.UnitTestAdapter, Microsoft.VisualStudio.QualityTools.Tips.UnitTest.Adapter, Version=10.0.0.0, Culture=neutral, PublicKeyToken=b03f5f7f11d50a3a" className="OjopodoTestProject.FormTambahTest, OjopodoTestProject, Version=1.0.0.0, Culture=neutral, PublicKeyToken=null" name="Page_LoadTest" />
      <AspNet webSiteUrl="http://localhost:1904/">
        <Host pathToWebApp="C:\Users\Admin\Documents\Visual Studio 2010\Projects\OjoPodo\mppl\mppl" webAppRoot="/" />
      </AspNet>
    </UnitTest>
    <UnitTest name="Page_LoadTest1" storage="c:\users\admin\documents\visual studio 2010\projects\ojopodo\mppl\ojopodotestproject\bin\debug\ojopodotestproject.dll" id="f6332b14-8b0e-6c1a-8542-dbf2c7a5e6d7">
      <DeploymentItems>
        <DeploymentItem filename="mppl.dll" />
      </DeploymentItems>
      <Execution id="b0007ded-ad25-4b3e-9312-d2e68061ef6c" />
      <TestMethod codeBase="C:/Users/Admin/Documents/Visual Studio 2010/Projects/OjoPodo/mppl/OjopodoTestProject/bin/Debug/OjopodoTestProject.DLL" adapterTypeName="Microsoft.VisualStudio.TestTools.TestTypes.Unit.UnitTestAdapter, Microsoft.VisualStudio.QualityTools.Tips.UnitTest.Adapter, Version=10.0.0.0, Culture=neutral, PublicKeyToken=b03f5f7f11d50a3a" className="OjopodoTestProject.ChangePasswordTest, OjopodoTestProject, Version=1.0.0.0, Culture=neutral, PublicKeyToken=null" name="Page_LoadTest1" />
      <AspNet webSiteUrl="http://localhost:1904/">
        <Host pathToWebApp="C:\Users\Admin\Documents\Visual Studio 2010\Projects\OjoPodo\mppl\mppl" webAppRoot="/" />
      </AspNet>
    </UnitTest>
    <UnitTest name="dokumenTest" storage="c:\users\admin\documents\visual studio 2010\projects\ojopodo\mppl\ojopodotestproject\bin\debug\ojopodotestproject.dll" id="ed1a279c-f71e-b268-001d-b878afe901ac">
      <Execution id="d5e9e57f-ab52-409a-b3bf-0645784d07d8" />
      <TestMethod codeBase="C:/Users/Admin/Documents/Visual Studio 2010/Projects/OjoPodo/mppl/OjopodoTestProject/bin/Debug/OjopodoTestProject.DLL" adapterTypeName="Microsoft.VisualStudio.TestTools.TestTypes.Unit.UnitTestAdapter, Microsoft.VisualStudio.QualityTools.Tips.UnitTest.Adapter, Version=10.0.0.0, Culture=neutral, PublicKeyToken=b03f5f7f11d50a3a" className="OjopodoTestProject.ojopodoEntitiesTest, OjopodoTestProject, Version=1.0.0.0, Culture=neutral, PublicKeyToken=null" name="dokumenTest" />
      <AspNet webSiteUrl="http://localhost:1904/">
        <Host pathToWebApp="C:\Users\Admin\Documents\Visual Studio 2010\Projects\OjoPodo\mppl\mppl" webAppRoot="/" />
      </AspNet>
    </UnitTest>
    <UnitTest name="Page_LoadTest" storage="c:\users\admin\documents\visual studio 2010\projects\ojopodo\mppl\ojopodotestproject\bin\debug\ojopodotestproject.dll" id="8e873a5d-9ef0-f58b-6bbc-65e7dd23c2e5">
      <DeploymentItems>
        <DeploymentItem filename="mppl.dll" />
      </DeploymentItems>
      <Execution id="7f0e8b93-ff57-458f-b030-da1675d7a5c4" />
      <TestMethod codeBase="C:/Users/Admin/Documents/Visual Studio 2010/Projects/OjoPodo/mppl/OjopodoTestProject/bin/Debug/OjopodoTestProject.DLL" adapterTypeName="Microsoft.VisualStudio.TestTools.TestTypes.Unit.UnitTestAdapter, Microsoft.VisualStudio.QualityTools.Tips.UnitTest.Adapter, Version=10.0.0.0, Culture=neutral, PublicKeyToken=b03f5f7f11d50a3a" className="OjopodoTestProject.HasilCekDokumenUITest, OjopodoTestProject, Version=1.0.0.0, Culture=neutral, PublicKeyToken=null" name="Page_LoadTest" />
      <AspNet webSiteUrl="http://localhost:1904/">
        <Host pathToWebApp="C:\Users\Admin\Documents\Visual Studio 2010\Projects\OjoPodo\mppl\mppl" webAppRoot="/" />
      </AspNet>
    </UnitTest>
    <UnitTest name="FormTambahConstructorTest" storage="c:\users\admin\documents\visual studio 2010\projects\ojopodo\mppl\ojopodotestproject\bin\debug\ojopodotestproject.dll" id="839b1fda-f48a-29f2-f1a5-52dd9999b657">
      <Execution id="ccb42994-604c-41ee-b96e-e3ad649300ee" />
      <TestMethod codeBase="C:/Users/Admin/Documents/Visual Studio 2010/Projects/OjoPodo/mppl/OjopodoTestProject/bin/Debug/OjopodoTestProject.DLL" adapterTypeName="Microsoft.VisualStudio.TestTools.TestTypes.Unit.UnitTestAdapter, Microsoft.VisualStudio.QualityTools.Tips.UnitTest.Adapter, Version=10.0.0.0, Culture=neutral, PublicKeyToken=b03f5f7f11d50a3a" className="OjopodoTestProject.FormTambahTest, OjopodoTestProject, Version=1.0.0.0, Culture=neutral, PublicKeyToken=null" name="FormTambahConstructorTest" />
      <AspNet webSiteUrl="http://localhost:1904/">
        <Host pathToWebApp="C:\Users\Admin\Documents\Visual Studio 2010\Projects\OjoPodo\mppl\mppl" webAppRoot="/" />
      </AspNet>
    </UnitTest>
    <UnitTest name="Page_LoadTest" storage="c:\users\admin\documents\visual studio 2010\projects\ojopodo\mppl\ojopodotestproject\bin\debug\ojopodotestproject.dll" id="ef735321-e8ca-c197-a69c-cbbcac1ad724">
      <DeploymentItems>
        <DeploymentItem filename="mppl.dll" />
      </DeploymentItems>
      <Execution id="8e1ab4d5-5fd6-4745-aa57-f1936e107fbf" />
      <TestMethod codeBase="C:/Users/Admin/Documents/Visual Studio 2010/Projects/OjoPodo/mppl/OjopodoTestProject/bin/Debug/OjopodoTestProject.DLL" adapterTypeName="Microsoft.VisualStudio.TestTools.TestTypes.Unit.UnitTestAdapter, Microsoft.VisualStudio.QualityTools.Tips.UnitTest.Adapter, Version=10.0.0.0, Culture=neutral, PublicKeyToken=b03f5f7f11d50a3a" className="OjopodoTestProject.AboutTest, OjopodoTestProject, Version=1.0.0.0, Culture=neutral, PublicKeyToken=null" name="Page_LoadTest" />
      <AspNet webSiteUrl="http://localhost:1904/">
        <Host pathToWebApp="C:\Users\Admin\Documents\Visual Studio 2010\Projects\OjoPodo\mppl\mppl" webAppRoot="/" />
      </AspNet>
    </UnitTest>
    <UnitTest name="OpenTest" storage="c:\users\admin\documents\visual studio 2010\projects\ojopodo\mppl\ojopodotestproject\bin\debug\ojopodotestproject.dll" id="ef6c8606-cfba-9915-b5b2-5226c9cf9e4c">
      <Execution id="db37e430-ac01-4f04-bbdd-e4c507743e06" />
      <TestMethod codeBase="C:/Users/Admin/Documents/Visual Studio 2010/Projects/OjoPodo/mppl/OjopodoTestProject/bin/Debug/OjopodoTestProject.DLL" adapterTypeName="Microsoft.VisualStudio.TestTools.TestTypes.Unit.UnitTestAdapter, Microsoft.VisualStudio.QualityTools.Tips.UnitTest.Adapter, Version=10.0.0.0, Culture=neutral, PublicKeyToken=b03f5f7f11d50a3a" className="OjopodoTestProject.DocumentsTest, OjopodoTestProject, Version=1.0.0.0, Culture=neutral, PublicKeyToken=null" name="OpenTest" />
      <AspNet webSiteUrl="http://localhost:1904/">
        <Host pathToWebApp="C:\Users\Admin\Documents\Visual Studio 2010\Projects\OjoPodo\mppl\mppl" webAppRoot="/" />
      </AspNet>
    </UnitTest>
    <UnitTest name="SiteMasterConstructorTest2" storage="c:\users\admin\documents\visual studio 2010\projects\ojopodo\mppl\ojopodotestproject\bin\debug\ojopodotestproject.dll" id="5deb9f7c-5c2c-5ae9-8cb9-a9140e695c54">
      <Execution id="66195933-4dd8-4c73-9b39-50d19e622519" />
      <TestMethod codeBase="C:/Users/Admin/Documents/Visual Studio 2010/Projects/OjoPodo/mppl/OjopodoTestProject/bin/Debug/OjopodoTestProject.DLL" adapterTypeName="Microsoft.VisualStudio.TestTools.TestTypes.Unit.UnitTestAdapter, Microsoft.VisualStudio.QualityTools.Tips.UnitTest.Adapter, Version=10.0.0.0, Culture=neutral, PublicKeyToken=b03f5f7f11d50a3a" className="OjopodoTestProject.SiteMasterTest, OjopodoTestProject, Version=1.0.0.0, Culture=neutral, PublicKeyToken=null" name="SiteMasterConstructorTest2" />
      <AspNet webSiteUrl="http://localhost:1904/">
        <Host pathToWebApp="C:\Users\Admin\Documents\Visual Studio 2010\Projects\OjoPodo\mppl\mppl" webAppRoot="/" />
      </AspNet>
    </UnitTest>
    <UnitTest name="RegisterConstructorTest" storage="c:\users\admin\documents\visual studio 2010\projects\ojopodo\mppl\ojopodotestproject\bin\debug\ojopodotestproject.dll" id="a4433993-2487-547b-d585-2365a7f7daed">
      <Execution id="309daf5b-4265-40ff-b124-c2f0d6a9dab7" />
      <TestMethod codeBase="C:/Users/Admin/Documents/Visual Studio 2010/Projects/OjoPodo/mppl/OjopodoTestProject/bin/Debug/OjopodoTestProject.DLL" adapterTypeName="Microsoft.VisualStudio.TestTools.TestTypes.Unit.UnitTestAdapter, Microsoft.VisualStudio.QualityTools.Tips.UnitTest.Adapter, Version=10.0.0.0, Culture=neutral, PublicKeyToken=b03f5f7f11d50a3a" className="OjopodoTestProject.RegisterTest, OjopodoTestProject, Version=1.0.0.0, Culture=neutral, PublicKeyToken=null" name="RegisterConstructorTest" />
      <AspNet webSiteUrl="http://localhost:1904/">
        <Host pathToWebApp="C:\Users\Admin\Documents\Visual Studio 2010\Projects\OjoPodo\mppl\mppl" webAppRoot="/" />
      </AspNet>
    </UnitTest>
    <UnitTest name="ContentTest" storage="c:\users\admin\documents\visual studio 2010\projects\ojopodo\mppl\ojopodotestproject\bin\debug\ojopodotestproject.dll" id="c9d757f6-1a08-f7b4-98e9-65d3146b0498">
      <Execution id="3f458411-83cf-4515-994d-41da2688b866" />
      <TestMethod codeBase="C:/Users/Admin/Documents/Visual Studio 2010/Projects/OjoPodo/mppl/OjopodoTestProject/bin/Debug/OjopodoTestProject.DLL" adapterTypeName="Microsoft.VisualStudio.TestTools.TestTypes.Unit.UnitTestAdapter, Microsoft.VisualStudio.QualityTools.Tips.UnitTest.Adapter, Version=10.0.0.0, Culture=neutral, PublicKeyToken=b03f5f7f11d50a3a" className="OjopodoTestProject._DocumentTest, OjopodoTestProject, Version=1.0.0.0, Culture=neutral, PublicKeyToken=null" name="ContentTest" />
      <AspNet webSiteUrl="http://localhost:1904/">
        <Host pathToWebApp="C:\Users\Admin\Documents\Visual Studio 2010\Projects\OjoPodo\mppl\mppl" webAppRoot="/" />
      </AspNet>
    </UnitTest>
    <UnitTest name="FormDokumenConstructorTest" storage="c:\users\admin\documents\visual studio 2010\projects\ojopodo\mppl\ojopodotestproject\bin\debug\ojopodotestproject.dll" id="1f20f062-a6d2-2673-5b32-9716fcfd97a3">
      <Execution id="e8fa1b19-ff77-4c48-b8f3-6337aa2d427c" />
      <TestMethod codeBase="C:/Users/Admin/Documents/Visual Studio 2010/Projects/OjoPodo/mppl/OjopodoTestProject/bin/Debug/OjopodoTestProject.DLL" adapterTypeName="Microsoft.VisualStudio.TestTools.TestTypes.Unit.UnitTestAdapter, Microsoft.VisualStudio.QualityTools.Tips.UnitTest.Adapter, Version=10.0.0.0, Culture=neutral, PublicKeyToken=b03f5f7f11d50a3a" className="OjopodoTestProject.FormDokumenTest, OjopodoTestProject, Version=1.0.0.0, Culture=neutral, PublicKeyToken=null" name="FormDokumenConstructorTest" />
      <AspNet webSiteUrl="http://localhost:1904/">
        <Host pathToWebApp="C:\Users\Admin\Documents\Visual Studio 2010\Projects\OjoPodo\mppl\mppl" webAppRoot="/" />
      </AspNet>
    </UnitTest>
    <UnitTest name="AboutConstructorTest1" storage="c:\users\admin\documents\visual studio 2010\projects\ojopodo\mppl\ojopodotestproject\bin\debug\ojopodotestproject.dll" id="9fd6ddcc-dce1-9122-28d8-991e28340a1f">
      <Execution id="31c57836-2ebf-474e-9344-0f42575a701c" />
      <TestMethod codeBase="C:/Users/Admin/Documents/Visual Studio 2010/Projects/OjoPodo/mppl/OjopodoTestProject/bin/Debug/OjopodoTestProject.DLL" adapterTypeName="Microsoft.VisualStudio.TestTools.TestTypes.Unit.UnitTestAdapter, Microsoft.VisualStudio.QualityTools.Tips.UnitTest.Adapter, Version=10.0.0.0, Culture=neutral, PublicKeyToken=b03f5f7f11d50a3a" className="OjopodoTestProject.AboutTest, OjopodoTestProject, Version=1.0.0.0, Culture=neutral, PublicKeyToken=null" name="AboutConstructorTest1" />
      <AspNet webSiteUrl="http://localhost:1904/">
        <Host pathToWebApp="C:\Users\Admin\Documents\Visual Studio 2010\Projects\OjoPodo\mppl\mppl" webAppRoot="/" />
      </AspNet>
    </UnitTest>
    <UnitTest name="uploadTest" storage="c:\users\admin\documents\visual studio 2010\projects\ojopodo\mppl\ojopodotestproject\bin\debug\ojopodotestproject.dll" id="03e6391d-8e94-0978-2d94-fb5f513b97bc">
      <Execution id="4e01280a-ff4c-412e-bc93-5aca1e904154" />
      <TestMethod codeBase="C:/Users/Admin/Documents/Visual Studio 2010/Projects/OjoPodo/mppl/OjopodoTestProject/bin/Debug/OjopodoTestProject.DLL" adapterTypeName="Microsoft.VisualStudio.TestTools.TestTypes.Unit.UnitTestAdapter, Microsoft.VisualStudio.QualityTools.Tips.UnitTest.Adapter, Version=10.0.0.0, Culture=neutral, PublicKeyToken=b03f5f7f11d50a3a" className="OjopodoTestProject.ControlCekTest, OjopodoTestProject, Version=1.0.0.0, Culture=neutral, PublicKeyToken=null" name="uploadTest" />
      <AspNet webSiteUrl="http://localhost:1904/">
        <Host pathToWebApp="C:\Users\Admin\Documents\Visual Studio 2010\Projects\OjoPodo\mppl\mppl" webAppRoot="/" />
      </AspNet>
    </UnitTest>
    <UnitTest name="Page_LoadTest1" storage="c:\users\admin\documents\visual studio 2010\projects\ojopodo\mppl\ojopodotestproject\bin\debug\ojopodotestproject.dll" id="26b83414-d9ca-8fd0-9185-f8c357e7dc1b">
      <DeploymentItems>
        <DeploymentItem filename="mppl.dll" />
      </DeploymentItems>
      <Execution id="aab63635-13ee-4379-8ac0-9370aa9ff2a0" />
      <TestMethod codeBase="C:/Users/Admin/Documents/Visual Studio 2010/Projects/OjoPodo/mppl/OjopodoTestProject/bin/Debug/OjopodoTestProject.DLL" adapterTypeName="Microsoft.VisualStudio.TestTools.TestTypes.Unit.UnitTestAdapter, Microsoft.VisualStudio.QualityTools.Tips.UnitTest.Adapter, Version=10.0.0.0, Culture=neutral, PublicKeyToken=b03f5f7f11d50a3a" className="OjopodoTestProject.RegisterTest, OjopodoTestProject, Version=1.0.0.0, Culture=neutral, PublicKeyToken=null" name="Page_LoadTest1" />
      <AspNet webSiteUrl="http://localhost:1904/">
        <Host pathToWebApp="C:\Users\Admin\Documents\Visual Studio 2010\Projects\OjoPodo\mppl\mppl" webAppRoot="/" />
      </AspNet>
    </UnitTest>
    <UnitTest name="ContentTest1" storage="c:\users\admin\documents\visual studio 2010\projects\ojopodo\mppl\ojopodotestproject\bin\debug\ojopodotestproject.dll" id="ca3aa9db-0cba-fcd0-10f5-747dd263a49e">
      <Execution id="6b6174ee-758f-4ad0-95c7-1009fd5b908c" />
      <TestMethod codeBase="C:/Users/Admin/Documents/Visual Studio 2010/Projects/OjoPodo/mppl/OjopodoTestProject/bin/Debug/OjopodoTestProject.DLL" adapterTypeName="Microsoft.VisualStudio.TestTools.TestTypes.Unit.UnitTestAdapter, Microsoft.VisualStudio.QualityTools.Tips.UnitTest.Adapter, Version=10.0.0.0, Culture=neutral, PublicKeyToken=b03f5f7f11d50a3a" className="OjopodoTestProject._DocumentTest, OjopodoTestProject, Version=1.0.0.0, Culture=neutral, PublicKeyToken=null" name="ContentTest1" />
      <AspNet webSiteUrl="http://localhost:1904/">
        <Host pathToWebApp="C:\Users\Admin\Documents\Visual Studio 2010\Projects\OjoPodo\mppl\mppl" webAppRoot="/" />
      </AspNet>
    </UnitTest>
    <UnitTest name="url_dokumenTest" storage="c:\users\admin\documents\visual studio 2010\projects\ojopodo\mppl\ojopodotestproject\bin\debug\ojopodotestproject.dll" id="27ec534b-fcdb-3c7a-ccc1-4d1c8483001f">
      <Execution id="8a233eaf-dcb2-4483-ac2a-3610668e512a" />
      <TestMethod codeBase="C:/Users/Admin/Documents/Visual Studio 2010/Projects/OjoPodo/mppl/OjopodoTestProject/bin/Debug/OjopodoTestProject.DLL" adapterTypeName="Microsoft.VisualStudio.TestTools.TestTypes.Unit.UnitTestAdapter, Microsoft.VisualStudio.QualityTools.Tips.UnitTest.Adapter, Version=10.0.0.0, Culture=neutral, PublicKeyToken=b03f5f7f11d50a3a" className="OjopodoTestProject.dokumenTest, OjopodoTestProject, Version=1.0.0.0, Culture=neutral, PublicKeyToken=null" name="url_dokumenTest" />
      <AspNet webSiteUrl="http://localhost:1904/">
        <Host pathToWebApp="C:\Users\Admin\Documents\Visual Studio 2010\Projects\OjoPodo\mppl\mppl" webAppRoot="/" />
      </AspNet>
    </UnitTest>
    <UnitTest name="CreatedokumenTest2" storage="c:\users\admin\documents\visual studio 2010\projects\ojopodo\mppl\ojopodotestproject\bin\debug\ojopodotestproject.dll" id="b445ccbf-7184-5834-78c5-9f29529a2bad">
      <Execution id="50da8a93-6a4d-4dbe-a356-a2b339fc4aef" />
      <TestMethod codeBase="C:/Users/Admin/Documents/Visual Studio 2010/Projects/OjoPodo/mppl/OjopodoTestProject/bin/Debug/OjopodoTestProject.DLL" adapterTypeName="Microsoft.VisualStudio.TestTools.TestTypes.Unit.UnitTestAdapter, Microsoft.VisualStudio.QualityTools.Tips.UnitTest.Adapter, Version=10.0.0.0, Culture=neutral, PublicKeyToken=b03f5f7f11d50a3a" className="OjopodoTestProject.dokumenTest, OjopodoTestProject, Version=1.0.0.0, Culture=neutral, PublicKeyToken=null" name="CreatedokumenTest2" />
      <AspNet webSiteUrl="http://localhost:1904/">
        <Host pathToWebApp="C:\Users\Admin\Documents\Visual Studio 2010\Projects\OjoPodo\mppl\mppl" webAppRoot="/" />
      </AspNet>
    </UnitTest>
    <UnitTest name="alamat_fingerprintTest2" storage="c:\users\admin\documents\visual studio 2010\projects\ojopodo\mppl\ojopodotestproject\bin\debug\ojopodotestproject.dll" id="eda3f7d0-9cf3-b7b6-b353-79d614de4234">
      <Execution id="e5f7ce5f-4540-4804-962f-74d11481ca4d" />
      <TestMethod codeBase="C:/Users/Admin/Documents/Visual Studio 2010/Projects/OjoPodo/mppl/OjopodoTestProject/bin/Debug/OjopodoTestProject.DLL" adapterTypeName="Microsoft.VisualStudio.TestTools.TestTypes.Unit.UnitTestAdapter, Microsoft.VisualStudio.QualityTools.Tips.UnitTest.Adapter, Version=10.0.0.0, Culture=neutral, PublicKeyToken=b03f5f7f11d50a3a" className="OjopodoTestProject.dokumenTest, OjopodoTestProject, Version=1.0.0.0, Culture=neutral, PublicKeyToken=null" name="alamat_fingerprintTest2" />
      <AspNet webSiteUrl="http://localhost:1904/">
        <Host pathToWebApp="C:\Users\Admin\Documents\Visual Studio 2010\Projects\OjoPodo\mppl\mppl" webAppRoot="/" />
      </AspNet>
    </UnitTest>
    <UnitTest name="katasandiTest2" storage="c:\users\admin\documents\visual studio 2010\projects\ojopodo\mppl\ojopodotestproject\bin\debug\ojopodotestproject.dll" id="738cbf73-1fe1-7e5d-b3c4-aa4dd501f31a">
      <Execution id="6c5b7217-7b61-4f9c-8da6-494edd81b7d1" />
      <TestMethod codeBase="C:/Users/Admin/Documents/Visual Studio 2010/Projects/OjoPodo/mppl/OjopodoTestProject/bin/Debug/OjopodoTestProject.DLL" adapterTypeName="Microsoft.VisualStudio.TestTools.TestTypes.Unit.UnitTestAdapter, Microsoft.VisualStudio.QualityTools.Tips.UnitTest.Adapter, Version=10.0.0.0, Culture=neutral, PublicKeyToken=b03f5f7f11d50a3a" className="OjopodoTestProject.userTest, OjopodoTestProject, Version=1.0.0.0, Culture=neutral, PublicKeyToken=null" name="katasandiTest2" />
      <AspNet webSiteUrl="http://localhost:1904/">
        <Host pathToWebApp="C:\Users\Admin\Documents\Visual Studio 2010\Projects\OjoPodo\mppl\mppl" webAppRoot="/" />
      </AspNet>
    </UnitTest>
    <UnitTest name="formCekUIConstructorTest1" storage="c:\users\admin\documents\visual studio 2010\projects\ojopodo\mppl\ojopodotestproject\bin\debug\ojopodotestproject.dll" id="cb69e223-7c7d-2c88-27e6-5393a64d62ef">
      <Execution id="4efb2996-935f-4369-9124-bdfc1c542ed9" />
      <TestMethod codeBase="C:/Users/Admin/Documents/Visual Studio 2010/Projects/OjoPodo/mppl/OjopodoTestProject/bin/Debug/OjopodoTestProject.DLL" adapterTypeName="Microsoft.VisualStudio.TestTools.TestTypes.Unit.UnitTestAdapter, Microsoft.VisualStudio.QualityTools.Tips.UnitTest.Adapter, Version=10.0.0.0, Culture=neutral, PublicKeyToken=b03f5f7f11d50a3a" className="OjopodoTestProject.formCekUITest, OjopodoTestProject, Version=1.0.0.0, Culture=neutral, PublicKeyToken=null" name="formCekUIConstructorTest1" />
      <AspNet webSiteUrl="http://localhost:1904/">
        <Host pathToWebApp="C:\Users\Admin\Documents\Visual Studio 2010\Projects\OjoPodo\mppl\mppl" webAppRoot="/" />
      </AspNet>
    </UnitTest>
    <UnitTest name="Page_LoadTest" storage="c:\users\admin\documents\visual studio 2010\projects\ojopodo\mppl\ojopodotestproject\bin\debug\ojopodotestproject.dll" id="f3be4e00-7dc4-f436-3a48-2f20ddf9fa9f">
      <DeploymentItems>
        <DeploymentItem filename="mppl.dll" />
      </DeploymentItems>
      <Execution id="87b635e0-5e8a-48b3-9a6c-8df70e04fcab" />
      <TestMethod codeBase="C:/Users/Admin/Documents/Visual Studio 2010/Projects/OjoPodo/mppl/OjopodoTestProject/bin/Debug/OjopodoTestProject.DLL" adapterTypeName="Microsoft.VisualStudio.TestTools.TestTypes.Unit.UnitTestAdapter, Microsoft.VisualStudio.QualityTools.Tips.UnitTest.Adapter, Version=10.0.0.0, Culture=neutral, PublicKeyToken=b03f5f7f11d50a3a" className="OjopodoTestProject.FormDokumenTest, OjopodoTestProject, Version=1.0.0.0, Culture=neutral, PublicKeyToken=null" name="Page_LoadTest" />
      <AspNet webSiteUrl="http://localhost:1904/">
        <Host pathToWebApp="C:\Users\Admin\Documents\Visual Studio 2010\Projects\OjoPodo\mppl\mppl" webAppRoot="/" />
      </AspNet>
    </UnitTest>
    <UnitTest name="ControlCekConstructorTest1" storage="c:\users\admin\documents\visual studio 2010\projects\ojopodo\mppl\ojopodotestproject\bin\debug\ojopodotestproject.dll" id="58b5f6af-ee3b-0101-403f-8c761b6c47c6">
      <Execution id="591c5dd9-0fae-42f2-ba83-aee0a561e559" />
      <TestMethod codeBase="C:/Users/Admin/Documents/Visual Studio 2010/Projects/OjoPodo/mppl/OjopodoTestProject/bin/Debug/OjopodoTestProject.DLL" adapterTypeName="Microsoft.VisualStudio.TestTools.TestTypes.Unit.UnitTestAdapter, Microsoft.VisualStudio.QualityTools.Tips.UnitTest.Adapter, Version=10.0.0.0, Culture=neutral, PublicKeyToken=b03f5f7f11d50a3a" className="OjopodoTestProject.ControlCekTest, OjopodoTestProject, Version=1.0.0.0, Culture=neutral, PublicKeyToken=null" name="ControlCekConstructorTest1" />
      <AspNet webSiteUrl="http://localhost:1904/">
        <Host pathToWebApp="C:\Users\Admin\Documents\Visual Studio 2010\Projects\OjoPodo\mppl\mppl" webAppRoot="/" />
      </AspNet>
    </UnitTest>
    <UnitTest name="ApplicationTest2" storage="c:\users\admin\documents\visual studio 2010\projects\ojopodo\mppl\ojopodotestproject\bin\debug\ojopodotestproject.dll" id="f224e4bc-374e-e0b2-2174-2223c27b2629">
      <Execution id="4bd7191e-2396-492e-9f2f-9eaf4883123a" />
      <TestMethod codeBase="C:/Users/Admin/Documents/Visual Studio 2010/Projects/OjoPodo/mppl/OjopodoTestProject/bin/Debug/OjopodoTestProject.DLL" adapterTypeName="Microsoft.VisualStudio.TestTools.TestTypes.Unit.UnitTestAdapter, Microsoft.VisualStudio.QualityTools.Tips.UnitTest.Adapter, Version=10.0.0.0, Culture=neutral, PublicKeyToken=b03f5f7f11d50a3a" className="OjopodoTestProject._ApplicationTest, OjopodoTestProject, Version=1.0.0.0, Culture=neutral, PublicKeyToken=null" name="ApplicationTest2" />
      <AspNet webSiteUrl="http://localhost:1904/">
        <Host pathToWebApp="C:\Users\Admin\Documents\Visual Studio 2010\Projects\OjoPodo\mppl\mppl" webAppRoot="/" />
      </AspNet>
    </UnitTest>
    <UnitTest name="pengarangTest2" storage="c:\users\admin\documents\visual studio 2010\projects\ojopodo\mppl\ojopodotestproject\bin\debug\ojopodotestproject.dll" id="ef8bbac0-7fe7-3eb8-4487-a2848a640ab4">
      <Execution id="5bbcba5b-f3c5-4cf6-b21b-5dfeaad41d05" />
      <TestMethod codeBase="C:/Users/Admin/Documents/Visual Studio 2010/Projects/OjoPodo/mppl/OjopodoTestProject/bin/Debug/OjopodoTestProject.DLL" adapterTypeName="Microsoft.VisualStudio.TestTools.TestTypes.Unit.UnitTestAdapter, Microsoft.VisualStudio.QualityTools.Tips.UnitTest.Adapter, Version=10.0.0.0, Culture=neutral, PublicKeyToken=b03f5f7f11d50a3a" className="OjopodoTestProject.dokumenTest, OjopodoTestProject, Version=1.0.0.0, Culture=neutral, PublicKeyToken=null" name="pengarangTest2" />
      <AspNet webSiteUrl="http://localhost:1904/">
        <Host pathToWebApp="C:\Users\Admin\Documents\Visual Studio 2010\Projects\OjoPodo\mppl\mppl" webAppRoot="/" />
      </AspNet>
    </UnitTest>
    <UnitTest name="WinnowingConstructorTest" storage="c:\users\admin\documents\visual studio 2010\projects\ojopodo\mppl\ojopodotestproject\bin\debug\ojopodotestproject.dll" id="ac64bbc8-aeb0-2b58-1325-61a2768c0e83">
      <Execution id="e26e2796-8b44-47cb-b32d-d4d2511abdaf" />
      <TestMethod codeBase="C:/Users/Admin/Documents/Visual Studio 2010/Projects/OjoPodo/mppl/OjopodoTestProject/bin/Debug/OjopodoTestProject.DLL" adapterTypeName="Microsoft.VisualStudio.TestTools.TestTypes.Unit.UnitTestAdapter, Microsoft.VisualStudio.QualityTools.Tips.UnitTest.Adapter, Version=10.0.0.0, Culture=neutral, PublicKeyToken=b03f5f7f11d50a3a" className="OjopodoTestProject.WinnowingTest, OjopodoTestProject, Version=1.0.0.0, Culture=neutral, PublicKeyToken=null" name="WinnowingConstructorTest" />
      <AspNet webSiteUrl="http://localhost:1904/">
        <Host pathToWebApp="C:\Users\Admin\Documents\Visual Studio 2010\Projects\OjoPodo\mppl\mppl" webAppRoot="/" />
      </AspNet>
    </UnitTest>
    <UnitTest name="ContentTest2" storage="c:\users\admin\documents\visual studio 2010\projects\ojopodo\mppl\ojopodotestproject\bin\debug\ojopodotestproject.dll" id="2dc6ae02-a4bb-239f-0994-592d791b9742">
      <Execution id="9b333dca-a96c-4d45-b38a-717efd30fb99" />
      <TestMethod codeBase="C:/Users/Admin/Documents/Visual Studio 2010/Projects/OjoPodo/mppl/OjopodoTestProject/bin/Debug/OjopodoTestProject.DLL" adapterTypeName="Microsoft.VisualStudio.TestTools.TestTypes.Unit.UnitTestAdapter, Microsoft.VisualStudio.QualityTools.Tips.UnitTest.Adapter, Version=10.0.0.0, Culture=neutral, PublicKeyToken=b03f5f7f11d50a3a" className="OjopodoTestProject._DocumentTest, OjopodoTestProject, Version=1.0.0.0, Culture=neutral, PublicKeyToken=null" name="ContentTest2" />
      <AspNet webSiteUrl="http://localhost:1904/">
        <Host pathToWebApp="C:\Users\Admin\Documents\Visual Studio 2010\Projects\OjoPodo\mppl\mppl" webAppRoot="/" />
      </AspNet>
    </UnitTest>
    <UnitTest name="cekTest1" storage="c:\users\admin\documents\visual studio 2010\projects\ojopodo\mppl\ojopodotestproject\bin\debug\ojopodotestproject.dll" id="8a96e5bc-a94b-24be-9a2d-ef2133d39e83">
      <Execution id="c6bade08-59c5-4f98-95ad-525c23a79eff" />
      <TestMethod codeBase="C:/Users/Admin/Documents/Visual Studio 2010/Projects/OjoPodo/mppl/OjopodoTestProject/bin/Debug/OjopodoTestProject.DLL" adapterTypeName="Microsoft.VisualStudio.TestTools.TestTypes.Unit.UnitTestAdapter, Microsoft.VisualStudio.QualityTools.Tips.UnitTest.Adapter, Version=10.0.0.0, Culture=neutral, PublicKeyToken=b03f5f7f11d50a3a" className="OjopodoTestProject.ControlCekTest, OjopodoTestProject, Version=1.0.0.0, Culture=neutral, PublicKeyToken=null" name="cekTest1" />
      <AspNet webSiteUrl="http://localhost:1904/">
        <Host pathToWebApp="C:\Users\Admin\Documents\Visual Studio 2010\Projects\OjoPodo\mppl\mppl" webAppRoot="/" />
      </AspNet>
    </UnitTest>
    <UnitTest name="ApplicationTest1" storage="c:\users\admin\documents\visual studio 2010\projects\ojopodo\mppl\ojopodotestproject\bin\debug\ojopodotestproject.dll" id="7273a285-324a-d6db-db0d-ed890d703a7f">
      <Execution id="9fa3d437-6127-473c-8860-f6321419338e" />
      <TestMethod codeBase="C:/Users/Admin/Documents/Visual Studio 2010/Projects/OjoPodo/mppl/OjopodoTestProject/bin/Debug/OjopodoTestProject.DLL" adapterTypeName="Microsoft.VisualStudio.TestTools.TestTypes.Unit.UnitTestAdapter, Microsoft.VisualStudio.QualityTools.Tips.UnitTest.Adapter, Version=10.0.0.0, Culture=neutral, PublicKeyToken=b03f5f7f11d50a3a" className="OjopodoTestProject._ApplicationTest, OjopodoTestProject, Version=1.0.0.0, Culture=neutral, PublicKeyToken=null" name="ApplicationTest1" />
      <AspNet webSiteUrl="http://localhost:1904/">
        <Host pathToWebApp="C:\Users\Admin\Documents\Visual Studio 2010\Projects\OjoPodo\mppl\mppl" webAppRoot="/" />
      </AspNet>
    </UnitTest>
    <UnitTest name="cekTest2" storage="c:\users\admin\documents\visual studio 2010\projects\ojopodo\mppl\ojopodotestproject\bin\debug\ojopodotestproject.dll" id="7c9ab0e5-c4cd-674a-ce89-8121d9ef4247">
      <Execution id="b0ad17fa-1672-4b3d-9be1-606c2167b881" />
      <TestMethod codeBase="C:/Users/Admin/Documents/Visual Studio 2010/Projects/OjoPodo/mppl/OjopodoTestProject/bin/Debug/OjopodoTestProject.DLL" adapterTypeName="Microsoft.VisualStudio.TestTools.TestTypes.Unit.UnitTestAdapter, Microsoft.VisualStudio.QualityTools.Tips.UnitTest.Adapter, Version=10.0.0.0, Culture=neutral, PublicKeyToken=b03f5f7f11d50a3a" className="OjopodoTestProject.ControlCekTest, OjopodoTestProject, Version=1.0.0.0, Culture=neutral, PublicKeyToken=null" name="cekTest2" />
      <AspNet webSiteUrl="http://localhost:1904/">
        <Host pathToWebApp="C:\Users\Admin\Documents\Visual Studio 2010\Projects\OjoPodo\mppl\mppl" webAppRoot="/" />
      </AspNet>
    </UnitTest>
    <UnitTest name="btn_mulai_ClickTest1" storage="c:\users\admin\documents\visual studio 2010\projects\ojopodo\mppl\ojopodotestproject\bin\debug\ojopodotestproject.dll" id="98613ab8-3831-19a4-9233-6799fbdfe76d">
      <DeploymentItems>
        <DeploymentItem filename="mppl.dll" />
      </DeploymentItems>
      <Execution id="a97deb68-3a69-4e23-bf73-4f8f86bd76da" />
      <TestMethod codeBase="C:/Users/Admin/Documents/Visual Studio 2010/Projects/OjoPodo/mppl/OjopodoTestProject/bin/Debug/OjopodoTestProject.DLL" adapterTypeName="Microsoft.VisualStudio.TestTools.TestTypes.Unit.UnitTestAdapter, Microsoft.VisualStudio.QualityTools.Tips.UnitTest.Adapter, Version=10.0.0.0, Culture=neutral, PublicKeyToken=b03f5f7f11d50a3a" className="OjopodoTestProject._DefaultTest, OjopodoTestProject, Version=1.0.0.0, Culture=neutral, PublicKeyToken=null" name="btn_mulai_ClickTest1" />
      <AspNet webSiteUrl="http://localhost:1904/">
        <Host pathToWebApp="C:\Users\Admin\Documents\Visual Studio 2010\Projects\OjoPodo\mppl\mppl" webAppRoot="/" />
      </AspNet>
    </UnitTest>
    <UnitTest name="grv_hasil_SelectedIndexChangedTest" storage="c:\users\admin\documents\visual studio 2010\projects\ojopodo\mppl\ojopodotestproject\bin\debug\ojopodotestproject.dll" id="65592419-f6ff-494c-da67-eb32078e50e6">
      <DeploymentItems>
        <DeploymentItem filename="mppl.dll" />
      </DeploymentItems>
      <Execution id="2a57b543-3d35-4c6e-8589-49298885f4a1" />
      <TestMethod codeBase="C:/Users/Admin/Documents/Visual Studio 2010/Projects/OjoPodo/mppl/OjopodoTestProject/bin/Debug/OjopodoTestProject.DLL" adapterTypeName="Microsoft.VisualStudio.TestTools.TestTypes.Unit.UnitTestAdapter, Microsoft.VisualStudio.QualityTools.Tips.UnitTest.Adapter, Version=10.0.0.0, Culture=neutral, PublicKeyToken=b03f5f7f11d50a3a" className="OjopodoTestProject.HasilCekDokumenUITest, OjopodoTestProject, Version=1.0.0.0, Culture=neutral, PublicKeyToken=null" name="grv_hasil_SelectedIndexChangedTest" />
      <AspNet webSiteUrl="http://localhost:1904/">
        <Host pathToWebApp="C:\Users\Admin\Documents\Visual Studio 2010\Projects\OjoPodo\mppl\mppl" webAppRoot="/" />
      </AspNet>
    </UnitTest>
    <UnitTest name="SiteMasterConstructorTest1" storage="c:\users\admin\documents\visual studio 2010\projects\ojopodo\mppl\ojopodotestproject\bin\debug\ojopodotestproject.dll" id="d860fcba-a828-179e-6fdb-c102d08d2cc5">
      <Execution id="9de3af52-b2ce-4bc9-9836-7bca44762531" />
      <TestMethod codeBase="C:/Users/Admin/Documents/Visual Studio 2010/Projects/OjoPodo/mppl/OjopodoTestProject/bin/Debug/OjopodoTestProject.DLL" adapterTypeName="Microsoft.VisualStudio.TestTools.TestTypes.Unit.UnitTestAdapter, Microsoft.VisualStudio.QualityTools.Tips.UnitTest.Adapter, Version=10.0.0.0, Culture=neutral, PublicKeyToken=b03f5f7f11d50a3a" className="OjopodoTestProject.SiteMasterTest, OjopodoTestProject, Version=1.0.0.0, Culture=neutral, PublicKeyToken=null" name="SiteMasterConstructorTest1" />
      <AspNet webSiteUrl="http://localhost:1904/">
        <Host pathToWebApp="C:\Users\Admin\Documents\Visual Studio 2010\Projects\OjoPodo\mppl\mppl" webAppRoot="/" />
      </AspNet>
    </UnitTest>
    <UnitTest name="FormDokumenConstructorTest1" storage="c:\users\admin\documents\visual studio 2010\projects\ojopodo\mppl\ojopodotestproject\bin\debug\ojopodotestproject.dll" id="92f916e5-bab0-f438-aa57-1a4b31ecac32">
      <Execution id="f4f7e4f7-5d37-4603-91a3-70747f61abb6" />
      <TestMethod codeBase="C:/Users/Admin/Documents/Visual Studio 2010/Projects/OjoPodo/mppl/OjopodoTestProject/bin/Debug/OjopodoTestProject.DLL" adapterTypeName="Microsoft.VisualStudio.TestTools.TestTypes.Unit.UnitTestAdapter, Microsoft.VisualStudio.QualityTools.Tips.UnitTest.Adapter, Version=10.0.0.0, Culture=neutral, PublicKeyToken=b03f5f7f11d50a3a" className="OjopodoTestProject.FormDokumenTest, OjopodoTestProject, Version=1.0.0.0, Culture=neutral, PublicKeyToken=null" name="FormDokumenConstructorTest1" />
      <AspNet webSiteUrl="http://localhost:1904/">
        <Host pathToWebApp="C:\Users\Admin\Documents\Visual Studio 2010\Projects\OjoPodo\mppl\mppl" webAppRoot="/" />
      </AspNet>
    </UnitTest>
    <UnitTest name="ChangePasswordSuccessConstructorTest" storage="c:\users\admin\documents\visual studio 2010\projects\ojopodo\mppl\ojopodotestproject\bin\debug\ojopodotestproject.dll" id="62a3aea6-1f36-6c98-3ca9-fa64876b70bc">
      <Execution id="2edbb808-7428-464e-bb7e-b7758d1538d9" />
      <TestMethod codeBase="C:/Users/Admin/Documents/Visual Studio 2010/Projects/OjoPodo/mppl/OjopodoTestProject/bin/Debug/OjopodoTestProject.DLL" adapterTypeName="Microsoft.VisualStudio.TestTools.TestTypes.Unit.UnitTestAdapter, Microsoft.VisualStudio.QualityTools.Tips.UnitTest.Adapter, Version=10.0.0.0, Culture=neutral, PublicKeyToken=b03f5f7f11d50a3a" className="OjopodoTestProject.ChangePasswordSuccessTest, OjopodoTestProject, Version=1.0.0.0, Culture=neutral, PublicKeyToken=null" name="ChangePasswordSuccessConstructorTest" />
      <AspNet webSiteUrl="http://localhost:1904/">
        <Host pathToWebApp="C:\Users\Admin\Documents\Visual Studio 2010\Projects\OjoPodo\mppl\mppl" webAppRoot="/" />
      </AspNet>
    </UnitTest>
    <UnitTest name="GlobalConstructorTest" storage="c:\users\admin\documents\visual studio 2010\projects\ojopodo\mppl\ojopodotestproject\bin\debug\ojopodotestproject.dll" id="30d73bd4-135f-a5c0-bfb3-ac0311736df9">
      <Execution id="7ca90f5b-423b-4a1d-bb3e-0cc4cbbcf941" />
      <TestMethod codeBase="C:/Users/Admin/Documents/Visual Studio 2010/Projects/OjoPodo/mppl/OjopodoTestProject/bin/Debug/OjopodoTestProject.DLL" adapterTypeName="Microsoft.VisualStudio.TestTools.TestTypes.Unit.UnitTestAdapter, Microsoft.VisualStudio.QualityTools.Tips.UnitTest.Adapter, Version=10.0.0.0, Culture=neutral, PublicKeyToken=b03f5f7f11d50a3a" className="OjopodoTestProject.GlobalTest, OjopodoTestProject, Version=1.0.0.0, Culture=neutral, PublicKeyToken=null" name="GlobalConstructorTest" />
      <AspNet webSiteUrl="http://localhost:1904/">
        <Host pathToWebApp="C:\Users\Admin\Documents\Visual Studio 2010\Projects\OjoPodo\mppl\mppl" webAppRoot="/" />
      </AspNet>
    </UnitTest>
    <UnitTest name="teksTest2" storage="c:\users\admin\documents\visual studio 2010\projects\ojopodo\mppl\ojopodotestproject\bin\debug\ojopodotestproject.dll" id="d266be2d-869b-4518-6f37-7e588951bbea">
      <DeploymentItems>
        <DeploymentItem filename="mppl.dll" />
      </DeploymentItems>
      <Execution id="deae564e-eb7c-4ed3-b51e-db621527066c" />
      <TestMethod codeBase="C:/Users/Admin/Documents/Visual Studio 2010/Projects/OjoPodo/mppl/OjopodoTestProject/bin/Debug/OjopodoTestProject.DLL" adapterTypeName="Microsoft.VisualStudio.TestTools.TestTypes.Unit.UnitTestAdapter, Microsoft.VisualStudio.QualityTools.Tips.UnitTest.Adapter, Version=10.0.0.0, Culture=neutral, PublicKeyToken=b03f5f7f11d50a3a" className="OjopodoTestProject.formCekUITest, OjopodoTestProject, Version=1.0.0.0, Culture=neutral, PublicKeyToken=null" name="teksTest2" />
      <AspNet webSiteUrl="http://localhost:1904/">
        <Host pathToWebApp="C:\Users\Admin\Documents\Visual Studio 2010\Projects\OjoPodo\mppl\mppl" webAppRoot="/" />
      </AspNet>
    </UnitTest>
    <UnitTest name="ojopodoEntitiesConstructorTest" storage="c:\users\admin\documents\visual studio 2010\projects\ojopodo\mppl\ojopodotestproject\bin\debug\ojopodotestproject.dll" id="4c00c937-c4a3-6970-1a15-288505c42cca">
      <Execution id="79468343-037e-4274-a024-0c7c0f9cb409" />
      <TestMethod codeBase="C:/Users/Admin/Documents/Visual Studio 2010/Projects/OjoPodo/mppl/OjopodoTestProject/bin/Debug/OjopodoTestProject.DLL" adapterTypeName="Microsoft.VisualStudio.TestTools.TestTypes.Unit.UnitTestAdapter, Microsoft.VisualStudio.QualityTools.Tips.UnitTest.Adapter, Version=10.0.0.0, Culture=neutral, PublicKeyToken=b03f5f7f11d50a3a" className="OjopodoTestProject.ojopodoEntitiesTest, OjopodoTestProject, Version=1.0.0.0, Culture=neutral, PublicKeyToken=null" name="ojopodoEntitiesConstructorTest" />
      <AspNet webSiteUrl="http://localhost:1904/">
        <Host pathToWebApp="C:\Users\Admin\Documents\Visual Studio 2010\Projects\OjoPodo\mppl\mppl" webAppRoot="/" />
      </AspNet>
    </UnitTest>
    <UnitTest name="url_dokumenTest1" storage="c:\users\admin\documents\visual studio 2010\projects\ojopodo\mppl\ojopodotestproject\bin\debug\ojopodotestproject.dll" id="10757538-72a2-e650-c3a8-0346bd21c399">
      <Execution id="b733176f-ad9a-49c7-a772-484cdaae1807" />
      <TestMethod codeBase="C:/Users/Admin/Documents/Visual Studio 2010/Projects/OjoPodo/mppl/OjopodoTestProject/bin/Debug/OjopodoTestProject.DLL" adapterTypeName="Microsoft.VisualStudio.TestTools.TestTypes.Unit.UnitTestAdapter, Microsoft.VisualStudio.QualityTools.Tips.UnitTest.Adapter, Version=10.0.0.0, Culture=neutral, PublicKeyToken=b03f5f7f11d50a3a" className="OjopodoTestProject.dokumenTest, OjopodoTestProject, Version=1.0.0.0, Culture=neutral, PublicKeyToken=null" name="url_dokumenTest1" />
      <AspNet webSiteUrl="http://localhost:1904/">
        <Host pathToWebApp="C:\Users\Admin\Documents\Visual Studio 2010\Projects\OjoPodo\mppl\mppl" webAppRoot="/" />
      </AspNet>
    </UnitTest>
    <UnitTest name="_DefaultConstructorTest" storage="c:\users\admin\documents\visual studio 2010\projects\ojopodo\mppl\ojopodotestproject\bin\debug\ojopodotestproject.dll" id="59b3b4b7-770d-ca68-8ff3-dc9f615160fb">
      <Execution id="dc16fb77-6731-4cd9-866e-42e212c97276" />
      <TestMethod codeBase="C:/Users/Admin/Documents/Visual Studio 2010/Projects/OjoPodo/mppl/OjopodoTestProject/bin/Debug/OjopodoTestProject.DLL" adapterTypeName="Microsoft.VisualStudio.TestTools.TestTypes.Unit.UnitTestAdapter, Microsoft.VisualStudio.QualityTools.Tips.UnitTest.Adapter, Version=10.0.0.0, Culture=neutral, PublicKeyToken=b03f5f7f11d50a3a" className="OjopodoTestProject._DefaultTest, OjopodoTestProject, Version=1.0.0.0, Culture=neutral, PublicKeyToken=null" name="_DefaultConstructorTest" />
      <AspNet webSiteUrl="http://localhost:1904/">
        <Host pathToWebApp="C:\Users\Admin\Documents\Visual Studio 2010\Projects\OjoPodo\mppl\mppl" webAppRoot="/" />
      </AspNet>
    </UnitTest>
    <UnitTest name="DocumentsTest2" storage="c:\users\admin\documents\visual studio 2010\projects\ojopodo\mppl\ojopodotestproject\bin\debug\ojopodotestproject.dll" id="d2454569-8d45-367e-a633-6cb9b55ecd61">
      <Execution id="26057eb1-9736-4bba-8d9c-0dd00aed15cc" />
      <TestMethod codeBase="C:/Users/Admin/Documents/Visual Studio 2010/Projects/OjoPodo/mppl/OjopodoTestProject/bin/Debug/OjopodoTestProject.DLL" adapterTypeName="Microsoft.VisualStudio.TestTools.TestTypes.Unit.UnitTestAdapter, Microsoft.VisualStudio.QualityTools.Tips.UnitTest.Adapter, Version=10.0.0.0, Culture=neutral, PublicKeyToken=b03f5f7f11d50a3a" className="OjopodoTestProject._ApplicationTest, OjopodoTestProject, Version=1.0.0.0, Culture=neutral, PublicKeyToken=null" name="DocumentsTest2" />
      <AspNet webSiteUrl="http://localhost:1904/">
        <Host pathToWebApp="C:\Users\Admin\Documents\Visual Studio 2010\Projects\OjoPodo\mppl\mppl" webAppRoot="/" />
      </AspNet>
    </UnitTest>
    <UnitTest name="id_dokumenTest2" storage="c:\users\admin\documents\visual studio 2010\projects\ojopodo\mppl\ojopodotestproject\bin\debug\ojopodotestproject.dll" id="bcd3df11-cb04-a593-0096-1b426ac9737f">
      <Execution id="5da9f721-d358-4ca5-8ab3-7753d48e454b" />
      <TestMethod codeBase="C:/Users/Admin/Documents/Visual Studio 2010/Projects/OjoPodo/mppl/OjopodoTestProject/bin/Debug/OjopodoTestProject.DLL" adapterTypeName="Microsoft.VisualStudio.TestTools.TestTypes.Unit.UnitTestAdapter, Microsoft.VisualStudio.QualityTools.Tips.UnitTest.Adapter, Version=10.0.0.0, Culture=neutral, PublicKeyToken=b03f5f7f11d50a3a" className="OjopodoTestProject.dokumenTest, OjopodoTestProject, Version=1.0.0.0, Culture=neutral, PublicKeyToken=null" name="id_dokumenTest2" />
      <AspNet webSiteUrl="http://localhost:1904/">
        <Host pathToWebApp="C:\Users\Admin\Documents\Visual Studio 2010\Projects\OjoPodo\mppl\mppl" webAppRoot="/" />
      </AspNet>
    </UnitTest>
    <UnitTest name="UploadClickTest2" storage="c:\users\admin\documents\visual studio 2010\projects\ojopodo\mppl\ojopodotestproject\bin\debug\ojopodotestproject.dll" id="efdfb740-9466-62f8-1f52-edef9d4aa4f8">
      <DeploymentItems>
        <DeploymentItem filename="mppl.dll" />
      </DeploymentItems>
      <Execution id="c47566d3-9d78-4399-867a-49548e2cbae4" />
      <TestMethod codeBase="C:/Users/Admin/Documents/Visual Studio 2010/Projects/OjoPodo/mppl/OjopodoTestProject/bin/Debug/OjopodoTestProject.DLL" adapterTypeName="Microsoft.VisualStudio.TestTools.TestTypes.Unit.UnitTestAdapter, Microsoft.VisualStudio.QualityTools.Tips.UnitTest.Adapter, Version=10.0.0.0, Culture=neutral, PublicKeyToken=b03f5f7f11d50a3a" className="OjopodoTestProject.FormTambahTest, OjopodoTestProject, Version=1.0.0.0, Culture=neutral, PublicKeyToken=null" name="UploadClickTest2" />
      <AspNet webSiteUrl="http://localhost:1904/">
        <Host pathToWebApp="C:\Users\Admin\Documents\Visual Studio 2010\Projects\OjoPodo\mppl\mppl" webAppRoot="/" />
      </AspNet>
    </UnitTest>
    <UnitTest name="Page_LoadTest1" storage="c:\users\admin\documents\visual studio 2010\projects\ojopodo\mppl\ojopodotestproject\bin\debug\ojopodotestproject.dll" id="ba89483e-d7f5-15f5-1fac-80c74332fcf1">
      <DeploymentItems>
        <DeploymentItem filename="mppl.dll" />
      </DeploymentItems>
      <Execution id="567344a5-45d9-413a-bdfe-5db14a25ba94" />
      <TestMethod codeBase="C:/Users/Admin/Documents/Visual Studio 2010/Projects/OjoPodo/mppl/OjopodoTestProject/bin/Debug/OjopodoTestProject.DLL" adapterTypeName="Microsoft.VisualStudio.TestTools.TestTypes.Unit.UnitTestAdapter, Microsoft.VisualStudio.QualityTools.Tips.UnitTest.Adapter, Version=10.0.0.0, Culture=neutral, PublicKeyToken=b03f5f7f11d50a3a" className="OjopodoTestProject.ChangePasswordSuccessTest, OjopodoTestProject, Version=1.0.0.0, Culture=neutral, PublicKeyToken=null" name="Page_LoadTest1" />
      <AspNet webSiteUrl="http://localhost:1904/">
        <Host pathToWebApp="C:\Users\Admin\Documents\Visual Studio 2010\Projects\OjoPodo\mppl\mppl" webAppRoot="/" />
      </AspNet>
    </UnitTest>
    <UnitTest name="setHashTest" storage="c:\users\admin\documents\visual studio 2010\projects\ojopodo\mppl\ojopodotestproject\bin\debug\ojopodotestproject.dll" id="b0781a75-7e96-38e5-9284-4f3ab910ae3a">
      <DeploymentItems>
        <DeploymentItem filename="mppl.dll" />
      </DeploymentItems>
      <Execution id="b298f3d2-66ea-4727-9033-e9bf5b100771" />
      <TestMethod codeBase="C:/Users/Admin/Documents/Visual Studio 2010/Projects/OjoPodo/mppl/OjopodoTestProject/bin/Debug/OjopodoTestProject.DLL" adapterTypeName="Microsoft.VisualStudio.TestTools.TestTypes.Unit.UnitTestAdapter, Microsoft.VisualStudio.QualityTools.Tips.UnitTest.Adapter, Version=10.0.0.0, Culture=neutral, PublicKeyToken=b03f5f7f11d50a3a" className="OjopodoTestProject.WinnowingTest, OjopodoTestProject, Version=1.0.0.0, Culture=neutral, PublicKeyToken=null" name="setHashTest" />
      <AspNet webSiteUrl="http://localhost:1904/">
        <Host pathToWebApp="C:\Users\Admin\Documents\Visual Studio 2010\Projects\OjoPodo\mppl\mppl" webAppRoot="/" />
      </AspNet>
    </UnitTest>
    <UnitTest name="cekTest" storage="c:\users\admin\documents\visual studio 2010\projects\ojopodo\mppl\ojopodotestproject\bin\debug\ojopodotestproject.dll" id="c88be32e-bcc2-0ae4-a885-bdbd38dd1b01">
      <Execution id="7794228c-4bcf-494e-a2e9-c7510c6f9b17" />
      <TestMethod codeBase="C:/Users/Admin/Documents/Visual Studio 2010/Projects/OjoPodo/mppl/OjopodoTestProject/bin/Debug/OjopodoTestProject.DLL" adapterTypeName="Microsoft.VisualStudio.TestTools.TestTypes.Unit.UnitTestAdapter, Microsoft.VisualStudio.QualityTools.Tips.UnitTest.Adapter, Version=10.0.0.0, Culture=neutral, PublicKeyToken=b03f5f7f11d50a3a" className="OjopodoTestProject.ControlCekTest, OjopodoTestProject, Version=1.0.0.0, Culture=neutral, PublicKeyToken=null" name="cekTest" />
      <AspNet webSiteUrl="http://localhost:1904/">
        <Host pathToWebApp="C:\Users\Admin\Documents\Visual Studio 2010\Projects\OjoPodo\mppl\mppl" webAppRoot="/" />
      </AspNet>
    </UnitTest>
    <UnitTest name="userConstructorTest1" storage="c:\users\admin\documents\visual studio 2010\projects\ojopodo\mppl\ojopodotestproject\bin\debug\ojopodotestproject.dll" id="abd1724a-a6f2-6f2f-8d56-b6e150bdc6e9">
      <Execution id="d323f0f7-cf8e-4edb-81ed-e2deeb662b8f" />
      <TestMethod codeBase="C:/Users/Admin/Documents/Visual Studio 2010/Projects/OjoPodo/mppl/OjopodoTestProject/bin/Debug/OjopodoTestProject.DLL" adapterTypeName="Microsoft.VisualStudio.TestTools.TestTypes.Unit.UnitTestAdapter, Microsoft.VisualStudio.QualityTools.Tips.UnitTest.Adapter, Version=10.0.0.0, Culture=neutral, PublicKeyToken=b03f5f7f11d50a3a" className="OjopodoTestProject.userTest, OjopodoTestProject, Version=1.0.0.0, Culture=neutral, PublicKeyToken=null" name="userConstructorTest1" />
      <AspNet webSiteUrl="http://localhost:1904/">
        <Host pathToWebApp="C:\Users\Admin\Documents\Visual Studio 2010\Projects\OjoPodo\mppl\mppl" webAppRoot="/" />
      </AspNet>
    </UnitTest>
    <UnitTest name="Session_StartTest" storage="c:\users\admin\documents\visual studio 2010\projects\ojopodo\mppl\ojopodotestproject\bin\debug\ojopodotestproject.dll" id="b538844e-b03a-cc6e-e97b-c8b7fffc9c2a">
      <DeploymentItems>
        <DeploymentItem filename="mppl.dll" />
      </DeploymentItems>
      <Execution id="6ee84b89-a723-4cc5-bda6-ed1ec7190511" />
      <TestMethod codeBase="C:/Users/Admin/Documents/Visual Studio 2010/Projects/OjoPodo/mppl/OjopodoTestProject/bin/Debug/OjopodoTestProject.DLL" adapterTypeName="Microsoft.VisualStudio.TestTools.TestTypes.Unit.UnitTestAdapter, Microsoft.VisualStudio.QualityTools.Tips.UnitTest.Adapter, Version=10.0.0.0, Culture=neutral, PublicKeyToken=b03f5f7f11d50a3a" className="OjopodoTestProject.GlobalTest, OjopodoTestProject, Version=1.0.0.0, Culture=neutral, PublicKeyToken=null" name="Session_StartTest" />
      <AspNet webSiteUrl="http://localhost:1904/">
        <Host pathToWebApp="C:\Users\Admin\Documents\Visual Studio 2010\Projects\OjoPodo\mppl\mppl" webAppRoot="/" />
      </AspNet>
    </UnitTest>
    <UnitTest name="CreatedokumenTest1" storage="c:\users\admin\documents\visual studio 2010\projects\ojopodo\mppl\ojopodotestproject\bin\debug\ojopodotestproject.dll" id="3c41ce4c-4e80-7719-4632-709a95e74be5">
      <Execution id="04fb1bd1-46b1-4a0b-ab6a-7f60a9649784" />
      <TestMethod codeBase="C:/Users/Admin/Documents/Visual Studio 2010/Projects/OjoPodo/mppl/OjopodoTestProject/bin/Debug/OjopodoTestProject.DLL" adapterTypeName="Microsoft.VisualStudio.TestTools.TestTypes.Unit.UnitTestAdapter, Microsoft.VisualStudio.QualityTools.Tips.UnitTest.Adapter, Version=10.0.0.0, Culture=neutral, PublicKeyToken=b03f5f7f11d50a3a" className="OjopodoTestProject.dokumenTest, OjopodoTestProject, Version=1.0.0.0, Culture=neutral, PublicKeyToken=null" name="CreatedokumenTest1" />
      <AspNet webSiteUrl="http://localhost:1904/">
        <Host pathToWebApp="C:\Users\Admin\Documents\Visual Studio 2010\Projects\OjoPodo\mppl\mppl" webAppRoot="/" />
      </AspNet>
    </UnitTest>
    <UnitTest name="ControlCekConstructorTest2" storage="c:\users\admin\documents\visual studio 2010\projects\ojopodo\mppl\ojopodotestproject\bin\debug\ojopodotestproject.dll" id="11d51ad4-d90b-1938-c03b-7872ca375fae">
      <Execution id="7ed8d686-a618-4f50-a6a2-c61139eca391" />
      <TestMethod codeBase="C:/Users/Admin/Documents/Visual Studio 2010/Projects/OjoPodo/mppl/OjopodoTestProject/bin/Debug/OjopodoTestProject.DLL" adapterTypeName="Microsoft.VisualStudio.TestTools.TestTypes.Unit.UnitTestAdapter, Microsoft.VisualStudio.QualityTools.Tips.UnitTest.Adapter, Version=10.0.0.0, Culture=neutral, PublicKeyToken=b03f5f7f11d50a3a" className="OjopodoTestProject.ControlCekTest, OjopodoTestProject, Version=1.0.0.0, Culture=neutral, PublicKeyToken=null" name="ControlCekConstructorTest2" />
      <AspNet webSiteUrl="http://localhost:1904/">
        <Host pathToWebApp="C:\Users\Admin\Documents\Visual Studio 2010\Projects\OjoPodo\mppl\mppl" webAppRoot="/" />
      </AspNet>
    </UnitTest>
    <UnitTest name="Button_Submit_ClickTest1" storage="c:\users\admin\documents\visual studio 2010\projects\ojopodo\mppl\ojopodotestproject\bin\debug\ojopodotestproject.dll" id="558595be-74aa-963a-e0f0-5880442e96eb">
      <DeploymentItems>
        <DeploymentItem filename="mppl.dll" />
      </DeploymentItems>
      <Execution id="d996a68c-e5bc-43c5-8ee2-a4b8085133b9" />
      <TestMethod codeBase="C:/Users/Admin/Documents/Visual Studio 2010/Projects/OjoPodo/mppl/OjopodoTestProject/bin/Debug/OjopodoTestProject.DLL" adapterTypeName="Microsoft.VisualStudio.TestTools.TestTypes.Unit.UnitTestAdapter, Microsoft.VisualStudio.QualityTools.Tips.UnitTest.Adapter, Version=10.0.0.0, Culture=neutral, PublicKeyToken=b03f5f7f11d50a3a" className="OjopodoTestProject.FormTambahTest, OjopodoTestProject, Version=1.0.0.0, Culture=neutral, PublicKeyToken=null" name="Button_Submit_ClickTest1" />
      <AspNet webSiteUrl="http://localhost:1904/">
        <Host pathToWebApp="C:\Users\Admin\Documents\Visual Studio 2010\Projects\OjoPodo\mppl\mppl" webAppRoot="/" />
      </AspNet>
    </UnitTest>
    <UnitTest name="AddTodokumenTest" storage="c:\users\admin\documents\visual studio 2010\projects\ojopodo\mppl\ojopodotestproject\bin\debug\ojopodotestproject.dll" id="0fe921bf-a9bd-c902-fc66-96af7cc617d8">
      <Execution id="7890921f-2889-42d6-8828-e0ebc2a73d62" />
      <TestMethod codeBase="C:/Users/Admin/Documents/Visual Studio 2010/Projects/OjoPodo/mppl/OjopodoTestProject/bin/Debug/OjopodoTestProject.DLL" adapterTypeName="Microsoft.VisualStudio.TestTools.TestTypes.Unit.UnitTestAdapter, Microsoft.VisualStudio.QualityTools.Tips.UnitTest.Adapter, Version=10.0.0.0, Culture=neutral, PublicKeyToken=b03f5f7f11d50a3a" className="OjopodoTestProject.ojopodoEntitiesTest, OjopodoTestProject, Version=1.0.0.0, Culture=neutral, PublicKeyToken=null" name="AddTodokumenTest" />
      <AspNet webSiteUrl="http://localhost:1904/">
        <Host pathToWebApp="C:\Users\Admin\Documents\Visual Studio 2010\Projects\OjoPodo\mppl\mppl" webAppRoot="/" />
      </AspNet>
    </UnitTest>
    <UnitTest name="uploadTest2" storage="c:\users\admin\documents\visual studio 2010\projects\ojopodo\mppl\ojopodotestproject\bin\debug\ojopodotestproject.dll" id="0a45d055-867e-67eb-3f29-f60c73e04b0c">
      <DeploymentItems>
        <DeploymentItem filename="mppl.dll" />
      </DeploymentItems>
      <Execution id="f8c43b63-91a9-4bce-bb7a-3cd6ce026e5a" />
      <TestMethod codeBase="C:/Users/Admin/Documents/Visual Studio 2010/Projects/OjoPodo/mppl/OjopodoTestProject/bin/Debug/OjopodoTestProject.DLL" adapterTypeName="Microsoft.VisualStudio.TestTools.TestTypes.Unit.UnitTestAdapter, Microsoft.VisualStudio.QualityTools.Tips.UnitTest.Adapter, Version=10.0.0.0, Culture=neutral, PublicKeyToken=b03f5f7f11d50a3a" className="OjopodoTestProject.formCekUITest, OjopodoTestProject, Version=1.0.0.0, Culture=neutral, PublicKeyToken=null" name="uploadTest2" />
      <AspNet webSiteUrl="http://localhost:1904/">
        <Host pathToWebApp="C:\Users\Admin\Documents\Visual Studio 2010\Projects\OjoPodo\mppl\mppl" webAppRoot="/" />
      </AspNet>
    </UnitTest>
    <UnitTest name="Page_LoadTest2" storage="c:\users\admin\documents\visual studio 2010\projects\ojopodo\mppl\ojopodotestproject\bin\debug\ojopodotestproject.dll" id="f99a1701-4cc9-9971-2284-65d99fe1f84d">
      <DeploymentItems>
        <DeploymentItem filename="mppl.dll" />
      </DeploymentItems>
      <Execution id="776be7b8-50e5-4a91-8a91-f633919e4237" />
      <TestMethod codeBase="C:/Users/Admin/Documents/Visual Studio 2010/Projects/OjoPodo/mppl/OjopodoTestProject/bin/Debug/OjopodoTestProject.DLL" adapterTypeName="Microsoft.VisualStudio.TestTools.TestTypes.Unit.UnitTestAdapter, Microsoft.VisualStudio.QualityTools.Tips.UnitTest.Adapter, Version=10.0.0.0, Culture=neutral, PublicKeyToken=b03f5f7f11d50a3a" className="OjopodoTestProject._DefaultTest, OjopodoTestProject, Version=1.0.0.0, Culture=neutral, PublicKeyToken=null" name="Page_LoadTest2" />
      <AspNet webSiteUrl="http://localhost:1904/">
        <Host pathToWebApp="C:\Users\Admin\Documents\Visual Studio 2010\Projects\OjoPodo\mppl\mppl" webAppRoot="/" />
      </AspNet>
    </UnitTest>
    <UnitTest name="Page_LoadTest2" storage="c:\users\admin\documents\visual studio 2010\projects\ojopodo\mppl\ojopodotestproject\bin\debug\ojopodotestproject.dll" id="33f30171-414d-5a70-9c27-810d0f951090">
      <DeploymentItems>
        <DeploymentItem filename="mppl.dll" />
      </DeploymentItems>
      <Execution id="94a33a98-86ac-43cb-becb-1e2e5054ab0e" />
      <TestMethod codeBase="C:/Users/Admin/Documents/Visual Studio 2010/Projects/OjoPodo/mppl/OjopodoTestProject/bin/Debug/OjopodoTestProject.DLL" adapterTypeName="Microsoft.VisualStudio.TestTools.TestTypes.Unit.UnitTestAdapter, Microsoft.VisualStudio.QualityTools.Tips.UnitTest.Adapter, Version=10.0.0.0, Culture=neutral, PublicKeyToken=b03f5f7f11d50a3a" className="OjopodoTestProject.formCekUITest, OjopodoTestProject, Version=1.0.0.0, Culture=neutral, PublicKeyToken=null" name="Page_LoadTest2" />
      <AspNet webSiteUrl="http://localhost:1904/">
        <Host pathToWebApp="C:\Users\Admin\Documents\Visual Studio 2010\Projects\OjoPodo\mppl\mppl" webAppRoot="/" />
      </AspNet>
    </UnitTest>
    <UnitTest name="Button_Submit_ClickTest" storage="c:\users\admin\documents\visual studio 2010\projects\ojopodo\mppl\ojopodotestproject\bin\debug\ojopodotestproject.dll" id="95d01829-ccc5-cca6-d234-3ab32a72a0cd">
      <DeploymentItems>
        <DeploymentItem filename="mppl.dll" />
      </DeploymentItems>
      <Execution id="bfc6bdbd-f649-40ef-b735-fc369344b92a" />
      <TestMethod codeBase="C:/Users/Admin/Documents/Visual Studio 2010/Projects/OjoPodo/mppl/OjopodoTestProject/bin/Debug/OjopodoTestProject.DLL" adapterTypeName="Microsoft.VisualStudio.TestTools.TestTypes.Unit.UnitTestAdapter, Microsoft.VisualStudio.QualityTools.Tips.UnitTest.Adapter, Version=10.0.0.0, Culture=neutral, PublicKeyToken=b03f5f7f11d50a3a" className="OjopodoTestProject.FormTambahTest, OjopodoTestProject, Version=1.0.0.0, Culture=neutral, PublicKeyToken=null" name="Button_Submit_ClickTest" />
      <AspNet webSiteUrl="http://localhost:1904/">
        <Host pathToWebApp="C:\Users\Admin\Documents\Visual Studio 2010\Projects\OjoPodo\mppl\mppl" webAppRoot="/" />
      </AspNet>
    </UnitTest>
    <UnitTest name="getTest" storage="c:\users\admin\documents\visual studio 2010\projects\ojopodo\mppl\ojopodotestproject\bin\debug\ojopodotestproject.dll" id="d1cb4db1-3a91-adff-6a20-2d75edb804b4">
      <Execution id="4a185eba-e83b-4072-8da5-519265ac7ba9" />
      <TestMethod codeBase="C:/Users/Admin/Documents/Visual Studio 2010/Projects/OjoPodo/mppl/OjopodoTestProject/bin/Debug/OjopodoTestProject.DLL" adapterTypeName="Microsoft.VisualStudio.TestTools.TestTypes.Unit.UnitTestAdapter, Microsoft.VisualStudio.QualityTools.Tips.UnitTest.Adapter, Version=10.0.0.0, Culture=neutral, PublicKeyToken=b03f5f7f11d50a3a" className="OjopodoTestProject.ModelDokumenTest, OjopodoTestProject, Version=1.0.0.0, Culture=neutral, PublicKeyToken=null" name="getTest" />
      <AspNet webSiteUrl="http://localhost:1904/">
        <Host pathToWebApp="C:\Users\Admin\Documents\Visual Studio 2010\Projects\OjoPodo\mppl\mppl" webAppRoot="/" />
      </AspNet>
    </UnitTest>
    <UnitTest name="FormTambahConstructorTest1" storage="c:\users\admin\documents\visual studio 2010\projects\ojopodo\mppl\ojopodotestproject\bin\debug\ojopodotestproject.dll" id="27ce6f97-ece5-809b-636f-82bc7b9c58ec">
      <Execution id="e5a4a753-9fb9-4ec1-bcc0-9050703d688e" />
      <TestMethod codeBase="C:/Users/Admin/Documents/Visual Studio 2010/Projects/OjoPodo/mppl/OjopodoTestProject/bin/Debug/OjopodoTestProject.DLL" adapterTypeName="Microsoft.VisualStudio.TestTools.TestTypes.Unit.UnitTestAdapter, Microsoft.VisualStudio.QualityTools.Tips.UnitTest.Adapter, Version=10.0.0.0, Culture=neutral, PublicKeyToken=b03f5f7f11d50a3a" className="OjopodoTestProject.FormTambahTest, OjopodoTestProject, Version=1.0.0.0, Culture=neutral, PublicKeyToken=null" name="FormTambahConstructorTest1" />
      <AspNet webSiteUrl="http://localhost:1904/">
        <Host pathToWebApp="C:\Users\Admin\Documents\Visual Studio 2010\Projects\OjoPodo\mppl\mppl" webAppRoot="/" />
      </AspNet>
    </UnitTest>
    <UnitTest name="getByIdTest" storage="c:\users\admin\documents\visual studio 2010\projects\ojopodo\mppl\ojopodotestproject\bin\debug\ojopodotestproject.dll" id="33cccedd-e014-d783-3bd6-6e4b6cee0049">
      <Execution id="e4654698-ff31-434d-8db4-a15545a86658" />
      <TestMethod codeBase="C:/Users/Admin/Documents/Visual Studio 2010/Projects/OjoPodo/mppl/OjopodoTestProject/bin/Debug/OjopodoTestProject.DLL" adapterTypeName="Microsoft.VisualStudio.TestTools.TestTypes.Unit.UnitTestAdapter, Microsoft.VisualStudio.QualityTools.Tips.UnitTest.Adapter, Version=10.0.0.0, Culture=neutral, PublicKeyToken=b03f5f7f11d50a3a" className="OjopodoTestProject.ModelDokumenTest, OjopodoTestProject, Version=1.0.0.0, Culture=neutral, PublicKeyToken=null" name="getByIdTest" />
      <AspNet webSiteUrl="http://localhost:1904/">
        <Host pathToWebApp="C:\Users\Admin\Documents\Visual Studio 2010\Projects\OjoPodo\mppl\mppl" webAppRoot="/" />
      </AspNet>
    </UnitTest>
    <UnitTest name="Page_LoadTest2" storage="c:\users\admin\documents\visual studio 2010\projects\ojopodo\mppl\ojopodotestproject\bin\debug\ojopodotestproject.dll" id="43c82ab0-da60-a90d-edac-128d1a72635d">
      <DeploymentItems>
        <DeploymentItem filename="mppl.dll" />
      </DeploymentItems>
      <Execution id="ed9c3229-90e6-490f-99bb-e618c98f4fc5" />
      <TestMethod codeBase="C:/Users/Admin/Documents/Visual Studio 2010/Projects/OjoPodo/mppl/OjopodoTestProject/bin/Debug/OjopodoTestProject.DLL" adapterTypeName="Microsoft.VisualStudio.TestTools.TestTypes.Unit.UnitTestAdapter, Microsoft.VisualStudio.QualityTools.Tips.UnitTest.Adapter, Version=10.0.0.0, Culture=neutral, PublicKeyToken=b03f5f7f11d50a3a" className="OjopodoTestProject.ChangePasswordTest, OjopodoTestProject, Version=1.0.0.0, Culture=neutral, PublicKeyToken=null" name="Page_LoadTest2" />
      <AspNet webSiteUrl="http://localhost:1904/">
        <Host pathToWebApp="C:\Users\Admin\Documents\Visual Studio 2010\Projects\OjoPodo\mppl\mppl" webAppRoot="/" />
      </AspNet>
    </UnitTest>
    <UnitTest name="Page_LoadTest" storage="c:\users\admin\documents\visual studio 2010\projects\ojopodo\mppl\ojopodotestproject\bin\debug\ojopodotestproject.dll" id="c2725601-7581-fd21-8cfc-f04e99058454">
      <DeploymentItems>
        <DeploymentItem filename="mppl.dll" />
      </DeploymentItems>
      <Execution id="ec92347c-f533-4f48-b2b1-9e34191976f9" />
      <TestMethod codeBase="C:/Users/Admin/Documents/Visual Studio 2010/Projects/OjoPodo/mppl/OjopodoTestProject/bin/Debug/OjopodoTestProject.DLL" adapterTypeName="Microsoft.VisualStudio.TestTools.TestTypes.Unit.UnitTestAdapter, Microsoft.VisualStudio.QualityTools.Tips.UnitTest.Adapter, Version=10.0.0.0, Culture=neutral, PublicKeyToken=b03f5f7f11d50a3a" className="OjopodoTestProject.ChangePasswordSuccessTest, OjopodoTestProject, Version=1.0.0.0, Culture=neutral, PublicKeyToken=null" name="Page_LoadTest" />
      <AspNet webSiteUrl="http://localhost:1904/">
        <Host pathToWebApp="C:\Users\Admin\Documents\Visual Studio 2010\Projects\OjoPodo\mppl\mppl" webAppRoot="/" />
      </AspNet>
    </UnitTest>
    <UnitTest name="getFingerprintTest" storage="c:\users\admin\documents\visual studio 2010\projects\ojopodo\mppl\ojopodotestproject\bin\debug\ojopodotestproject.dll" id="cd9b4269-87bc-2cfc-dda4-07e3115de432">
      <Execution id="dee8eb00-4647-4509-8313-a03586eb96fd" />
      <TestMethod codeBase="C:/Users/Admin/Documents/Visual Studio 2010/Projects/OjoPodo/mppl/OjopodoTestProject/bin/Debug/OjopodoTestProject.DLL" adapterTypeName="Microsoft.VisualStudio.TestTools.TestTypes.Unit.UnitTestAdapter, Microsoft.VisualStudio.QualityTools.Tips.UnitTest.Adapter, Version=10.0.0.0, Culture=neutral, PublicKeyToken=b03f5f7f11d50a3a" className="OjopodoTestProject.WinnowingTest, OjopodoTestProject, Version=1.0.0.0, Culture=neutral, PublicKeyToken=null" name="getFingerprintTest" />
      <AspNet webSiteUrl="http://localhost:1904/">
        <Host pathToWebApp="C:\Users\Admin\Documents\Visual Studio 2010\Projects\OjoPodo\mppl\mppl" webAppRoot="/" />
      </AspNet>
    </UnitTest>
    <UnitTest name="FormTambahConstructorTest2" storage="c:\users\admin\documents\visual studio 2010\projects\ojopodo\mppl\ojopodotestproject\bin\debug\ojopodotestproject.dll" id="d07bf94f-8047-63d0-95ab-bb4fbca19305">
      <Execution id="d95a4ec5-b719-4e6a-aa9d-d5d78c31dad1" />
      <TestMethod codeBase="C:/Users/Admin/Documents/Visual Studio 2010/Projects/OjoPodo/mppl/OjopodoTestProject/bin/Debug/OjopodoTestProject.DLL" adapterTypeName="Microsoft.VisualStudio.TestTools.TestTypes.Unit.UnitTestAdapter, Microsoft.VisualStudio.QualityTools.Tips.UnitTest.Adapter, Version=10.0.0.0, Culture=neutral, PublicKeyToken=b03f5f7f11d50a3a" className="OjopodoTestProject.FormTambahTest, OjopodoTestProject, Version=1.0.0.0, Culture=neutral, PublicKeyToken=null" name="FormTambahConstructorTest2" />
      <AspNet webSiteUrl="http://localhost:1904/">
        <Host pathToWebApp="C:\Users\Admin\Documents\Visual Studio 2010\Projects\OjoPodo\mppl\mppl" webAppRoot="/" />
      </AspNet>
    </UnitTest>
    <UnitTest name="dokumenConstructorTest1" storage="c:\users\admin\documents\visual studio 2010\projects\ojopodo\mppl\ojopodotestproject\bin\debug\ojopodotestproject.dll" id="c8dc65d7-879a-ab20-39cd-bab8ddf8356e">
      <Execution id="b80277fb-da46-4bff-9bce-f0410754a7f6" />
      <TestMethod codeBase="C:/Users/Admin/Documents/Visual Studio 2010/Projects/OjoPodo/mppl/OjopodoTestProject/bin/Debug/OjopodoTestProject.DLL" adapterTypeName="Microsoft.VisualStudio.TestTools.TestTypes.Unit.UnitTestAdapter, Microsoft.VisualStudio.QualityTools.Tips.UnitTest.Adapter, Version=10.0.0.0, Culture=neutral, PublicKeyToken=b03f5f7f11d50a3a" className="OjopodoTestProject.dokumenTest, OjopodoTestProject, Version=1.0.0.0, Culture=neutral, PublicKeyToken=null" name="dokumenConstructorTest1" />
      <AspNet webSiteUrl="http://localhost:1904/">
        <Host pathToWebApp="C:\Users\Admin\Documents\Visual Studio 2010\Projects\OjoPodo\mppl\mppl" webAppRoot="/" />
      </AspNet>
    </UnitTest>
    <UnitTest name="Page_LoadTest1" storage="c:\users\admin\documents\visual studio 2010\projects\ojopodo\mppl\ojopodotestproject\bin\debug\ojopodotestproject.dll" id="6922ebaa-31fc-5328-5608-af7050535f42">
      <DeploymentItems>
        <DeploymentItem filename="mppl.dll" />
      </DeploymentItems>
      <Execution id="c8e93157-718b-4404-91a4-236345e14895" />
      <TestMethod codeBase="C:/Users/Admin/Documents/Visual Studio 2010/Projects/OjoPodo/mppl/OjopodoTestProject/bin/Debug/OjopodoTestProject.DLL" adapterTypeName="Microsoft.VisualStudio.TestTools.TestTypes.Unit.UnitTestAdapter, Microsoft.VisualStudio.QualityTools.Tips.UnitTest.Adapter, Version=10.0.0.0, Culture=neutral, PublicKeyToken=b03f5f7f11d50a3a" className="OjopodoTestProject.SiteMasterTest, OjopodoTestProject, Version=1.0.0.0, Culture=neutral, PublicKeyToken=null" name="Page_LoadTest1" />
      <AspNet webSiteUrl="http://localhost:1904/">
        <Host pathToWebApp="C:\Users\Admin\Documents\Visual Studio 2010\Projects\OjoPodo\mppl\mppl" webAppRoot="/" />
      </AspNet>
    </UnitTest>
    <UnitTest name="pengarangTest1" storage="c:\users\admin\documents\visual studio 2010\projects\ojopodo\mppl\ojopodotestproject\bin\debug\ojopodotestproject.dll" id="c963d969-f02c-6592-10bb-3d1f6d2bf459">
      <Execution id="ab59d83d-0acd-489e-be8a-75c4c607f6f7" />
      <TestMethod codeBase="C:/Users/Admin/Documents/Visual Studio 2010/Projects/OjoPodo/mppl/OjopodoTestProject/bin/Debug/OjopodoTestProject.DLL" adapterTypeName="Microsoft.VisualStudio.TestTools.TestTypes.Unit.UnitTestAdapter, Microsoft.VisualStudio.QualityTools.Tips.UnitTest.Adapter, Version=10.0.0.0, Culture=neutral, PublicKeyToken=b03f5f7f11d50a3a" className="OjopodoTestProject.dokumenTest, OjopodoTestProject, Version=1.0.0.0, Culture=neutral, PublicKeyToken=null" name="pengarangTest1" />
      <AspNet webSiteUrl="http://localhost:1904/">
        <Host pathToWebApp="C:\Users\Admin\Documents\Visual Studio 2010\Projects\OjoPodo\mppl\mppl" webAppRoot="/" />
      </AspNet>
    </UnitTest>
    <UnitTest name="judulTest1" storage="c:\users\admin\documents\visual studio 2010\projects\ojopodo\mppl\ojopodotestproject\bin\debug\ojopodotestproject.dll" id="c0bc165a-97e1-3e4d-2016-5369de60b1cf">
      <Execution id="9d55d8a1-ee52-4653-b712-f97bb7c612fc" />
      <TestMethod codeBase="C:/Users/Admin/Documents/Visual Studio 2010/Projects/OjoPodo/mppl/OjopodoTestProject/bin/Debug/OjopodoTestProject.DLL" adapterTypeName="Microsoft.VisualStudio.TestTools.TestTypes.Unit.UnitTestAdapter, Microsoft.VisualStudio.QualityTools.Tips.UnitTest.Adapter, Version=10.0.0.0, Culture=neutral, PublicKeyToken=b03f5f7f11d50a3a" className="OjopodoTestProject.dokumenTest, OjopodoTestProject, Version=1.0.0.0, Culture=neutral, PublicKeyToken=null" name="judulTest1" />
      <AspNet webSiteUrl="http://localhost:1904/">
        <Host pathToWebApp="C:\Users\Admin\Documents\Visual Studio 2010\Projects\OjoPodo\mppl\mppl" webAppRoot="/" />
      </AspNet>
    </UnitTest>
    <UnitTest name="ekstrakDocTest" storage="c:\users\admin\documents\visual studio 2010\projects\ojopodo\mppl\ojopodotestproject\bin\debug\ojopodotestproject.dll" id="a797a4cf-b830-5294-fc22-c68e7a3accd2">
      <DeploymentItems>
        <DeploymentItem filename="mppl.dll" />
      </DeploymentItems>
      <Execution id="6e97ff4d-4ab6-46b0-ac10-a211c81570fc" />
      <TestMethod codeBase="C:/Users/Admin/Documents/Visual Studio 2010/Projects/OjoPodo/mppl/OjopodoTestProject/bin/Debug/OjopodoTestProject.DLL" adapterTypeName="Microsoft.VisualStudio.TestTools.TestTypes.Unit.UnitTestAdapter, Microsoft.VisualStudio.QualityTools.Tips.UnitTest.Adapter, Version=10.0.0.0, Culture=neutral, PublicKeyToken=b03f5f7f11d50a3a" className="OjopodoTestProject.ControlCekTest, OjopodoTestProject, Version=1.0.0.0, Culture=neutral, PublicKeyToken=null" name="ekstrakDocTest" />
      <AspNet webSiteUrl="http://localhost:1904/">
        <Host pathToWebApp="C:\Users\Admin\Documents\Visual Studio 2010\Projects\OjoPodo\mppl\mppl" webAppRoot="/" />
      </AspNet>
    </UnitTest>
    <UnitTest name="ChangePasswordSuccessConstructorTest1" storage="c:\users\admin\documents\visual studio 2010\projects\ojopodo\mppl\ojopodotestproject\bin\debug\ojopodotestproject.dll" id="a1fd480a-899c-2f01-7e0a-fc628a5a9fb3">
      <Execution id="dd53bebb-d4d2-48a3-ac40-934abe76df27" />
      <TestMethod codeBase="C:/Users/Admin/Documents/Visual Studio 2010/Projects/OjoPodo/mppl/OjopodoTestProject/bin/Debug/OjopodoTestProject.DLL" adapterTypeName="Microsoft.VisualStudio.TestTools.TestTypes.Unit.UnitTestAdapter, Microsoft.VisualStudio.QualityTools.Tips.UnitTest.Adapter, Version=10.0.0.0, Culture=neutral, PublicKeyToken=b03f5f7f11d50a3a" className="OjopodoTestProject.ChangePasswordSuccessTest, OjopodoTestProject, Version=1.0.0.0, Culture=neutral, PublicKeyToken=null" name="ChangePasswordSuccessConstructorTest1" />
      <AspNet webSiteUrl="http://localhost:1904/">
        <Host pathToWebApp="C:\Users\Admin\Documents\Visual Studio 2010\Projects\OjoPodo\mppl\mppl" webAppRoot="/" />
      </AspNet>
    </UnitTest>
    <UnitTest name="ojopodoEntitiesConstructorTest2" storage="c:\users\admin\documents\visual studio 2010\projects\ojopodo\mppl\ojopodotestproject\bin\debug\ojopodotestproject.dll" id="80e4d96f-1b6c-16ac-d10d-00c8bd22a6c9">
      <Execution id="20bd5684-e5ea-4d97-93a7-d47e909adc0f" />
      <TestMethod codeBase="C:/Users/Admin/Documents/Visual Studio 2010/Projects/OjoPodo/mppl/OjopodoTestProject/bin/Debug/OjopodoTestProject.DLL" adapterTypeName="Microsoft.VisualStudio.TestTools.TestTypes.Unit.UnitTestAdapter, Microsoft.VisualStudio.QualityTools.Tips.UnitTest.Adapter, Version=10.0.0.0, Culture=neutral, PublicKeyToken=b03f5f7f11d50a3a" className="OjopodoTestProject.ojopodoEntitiesTest, OjopodoTestProject, Version=1.0.0.0, Culture=neutral, PublicKeyToken=null" name="ojopodoEntitiesConstructorTest2" />
      <AspNet webSiteUrl="http://localhost:1904/">
        <Host pathToWebApp="C:\Users\Admin\Documents\Visual Studio 2010\Projects\OjoPodo\mppl\mppl" webAppRoot="/" />
      </AspNet>
    </UnitTest>
    <UnitTest name="primeRollingHashTest" storage="c:\users\admin\documents\visual studio 2010\projects\ojopodo\mppl\ojopodotestproject\bin\debug\ojopodotestproject.dll" id="951a0291-5cc7-e805-4853-6d463241a4af">
      <DeploymentItems>
        <DeploymentItem filename="mppl.dll" />
      </DeploymentItems>
      <Execution id="48623acc-2b19-4271-846e-53306091975f" />
      <TestMethod codeBase="C:/Users/Admin/Documents/Visual Studio 2010/Projects/OjoPodo/mppl/OjopodoTestProject/bin/Debug/OjopodoTestProject.DLL" adapterTypeName="Microsoft.VisualStudio.TestTools.TestTypes.Unit.UnitTestAdapter, Microsoft.VisualStudio.QualityTools.Tips.UnitTest.Adapter, Version=10.0.0.0, Culture=neutral, PublicKeyToken=b03f5f7f11d50a3a" className="OjopodoTestProject.WinnowingTest, OjopodoTestProject, Version=1.0.0.0, Culture=neutral, PublicKeyToken=null" name="primeRollingHashTest" />
      <AspNet webSiteUrl="http://localhost:1904/">
        <Host pathToWebApp="C:\Users\Admin\Documents\Visual Studio 2010\Projects\OjoPodo\mppl\mppl" webAppRoot="/" />
      </AspNet>
    </UnitTest>
    <UnitTest name="RegisterConstructorTest2" storage="c:\users\admin\documents\visual studio 2010\projects\ojopodo\mppl\ojopodotestproject\bin\debug\ojopodotestproject.dll" id="75e4460c-3e2e-b731-27b2-0d4d564edf77">
      <Execution id="f7b8a03c-1e27-434a-94c1-83a8213e435a" />
      <TestMethod codeBase="C:/Users/Admin/Documents/Visual Studio 2010/Projects/OjoPodo/mppl/OjopodoTestProject/bin/Debug/OjopodoTestProject.DLL" adapterTypeName="Microsoft.VisualStudio.TestTools.TestTypes.Unit.UnitTestAdapter, Microsoft.VisualStudio.QualityTools.Tips.UnitTest.Adapter, Version=10.0.0.0, Culture=neutral, PublicKeyToken=b03f5f7f11d50a3a" className="OjopodoTestProject.RegisterTest, OjopodoTestProject, Version=1.0.0.0, Culture=neutral, PublicKeyToken=null" name="RegisterConstructorTest2" />
      <AspNet webSiteUrl="http://localhost:1904/">
        <Host pathToWebApp="C:\Users\Admin\Documents\Visual Studio 2010\Projects\OjoPodo\mppl\mppl" webAppRoot="/" />
      </AspNet>
    </UnitTest>
    <UnitTest name="AboutConstructorTest" storage="c:\users\admin\documents\visual studio 2010\projects\ojopodo\mppl\ojopodotestproject\bin\debug\ojopodotestproject.dll" id="a2899660-89f1-6448-7f93-0006780ab421">
      <Execution id="b37bea81-4263-4f2b-8a1f-a69d5c25ac58" />
      <TestMethod codeBase="C:/Users/Admin/Documents/Visual Studio 2010/Projects/OjoPodo/mppl/OjopodoTestProject/bin/Debug/OjopodoTestProject.DLL" adapterTypeName="Microsoft.VisualStudio.TestTools.TestTypes.Unit.UnitTestAdapter, Microsoft.VisualStudio.QualityTools.Tips.UnitTest.Adapter, Version=10.0.0.0, Culture=neutral, PublicKeyToken=b03f5f7f11d50a3a" className="OjopodoTestProject.AboutTest, OjopodoTestProject, Version=1.0.0.0, Culture=neutral, PublicKeyToken=null" name="AboutConstructorTest" />
      <AspNet webSiteUrl="http://localhost:1904/">
        <Host pathToWebApp="C:\Users\Admin\Documents\Visual Studio 2010\Projects\OjoPodo\mppl\mppl" webAppRoot="/" />
      </AspNet>
    </UnitTest>
    <UnitTest name="Page_LoadTest1" storage="c:\users\admin\documents\visual studio 2010\projects\ojopodo\mppl\ojopodotestproject\bin\debug\ojopodotestproject.dll" id="4c0e263d-f39c-cb2f-6ddb-9e42a6574d34">
      <DeploymentItems>
        <DeploymentItem filename="mppl.dll" />
      </DeploymentItems>
      <Execution id="28c99dab-edd4-4bed-be9d-98fe9d04f91c" />
      <TestMethod codeBase="C:/Users/Admin/Documents/Visual Studio 2010/Projects/OjoPodo/mppl/OjopodoTestProject/bin/Debug/OjopodoTestProject.DLL" adapterTypeName="Microsoft.VisualStudio.TestTools.TestTypes.Unit.UnitTestAdapter, Microsoft.VisualStudio.QualityTools.Tips.UnitTest.Adapter, Version=10.0.0.0, Culture=neutral, PublicKeyToken=b03f5f7f11d50a3a" className="OjopodoTestProject._DefaultTest, OjopodoTestProject, Version=1.0.0.0, Culture=neutral, PublicKeyToken=null" name="Page_LoadTest1" />
      <AspNet webSiteUrl="http://localhost:1904/">
        <Host pathToWebApp="C:\Users\Admin\Documents\Visual Studio 2010\Projects\OjoPodo\mppl\mppl" webAppRoot="/" />
      </AspNet>
    </UnitTest>
    <UnitTest name="katasandiTest" storage="c:\users\admin\documents\visual studio 2010\projects\ojopodo\mppl\ojopodotestproject\bin\debug\ojopodotestproject.dll" id="d2fc2268-e08a-914a-7511-cd4e74e10509">
      <Execution id="084b5300-90e5-4bb5-a0be-8c766086f0ec" />
      <TestMethod codeBase="C:/Users/Admin/Documents/Visual Studio 2010/Projects/OjoPodo/mppl/OjopodoTestProject/bin/Debug/OjopodoTestProject.DLL" adapterTypeName="Microsoft.VisualStudio.TestTools.TestTypes.Unit.UnitTestAdapter, Microsoft.VisualStudio.QualityTools.Tips.UnitTest.Adapter, Version=10.0.0.0, Culture=neutral, PublicKeyToken=b03f5f7f11d50a3a" className="OjopodoTestProject.userTest, OjopodoTestProject, Version=1.0.0.0, Culture=neutral, PublicKeyToken=null" name="katasandiTest" />
      <AspNet webSiteUrl="http://localhost:1904/">
        <Host pathToWebApp="C:\Users\Admin\Documents\Visual Studio 2010\Projects\OjoPodo\mppl\mppl" webAppRoot="/" />
      </AspNet>
    </UnitTest>
    <UnitTest name="dokumenConstructorTest2" storage="c:\users\admin\documents\visual studio 2010\projects\ojopodo\mppl\ojopodotestproject\bin\debug\ojopodotestproject.dll" id="64e1776d-9670-e1ae-b821-7de64d12f368">
      <Execution id="16087657-5436-443d-9844-c65519e2ed42" />
      <TestMethod codeBase="C:/Users/Admin/Documents/Visual Studio 2010/Projects/OjoPodo/mppl/OjopodoTestProject/bin/Debug/OjopodoTestProject.DLL" adapterTypeName="Microsoft.VisualStudio.TestTools.TestTypes.Unit.UnitTestAdapter, Microsoft.VisualStudio.QualityTools.Tips.UnitTest.Adapter, Version=10.0.0.0, Culture=neutral, PublicKeyToken=b03f5f7f11d50a3a" className="OjopodoTestProject.dokumenTest, OjopodoTestProject, Version=1.0.0.0, Culture=neutral, PublicKeyToken=null" name="dokumenConstructorTest2" />
      <AspNet webSiteUrl="http://localhost:1904/">
        <Host pathToWebApp="C:\Users\Admin\Documents\Visual Studio 2010\Projects\OjoPodo\mppl\mppl" webAppRoot="/" />
      </AspNet>
    </UnitTest>
    <UnitTest name="btn_mulai_ClickTest" storage="c:\users\admin\documents\visual studio 2010\projects\ojopodo\mppl\ojopodotestproject\bin\debug\ojopodotestproject.dll" id="2e6857f5-e4e3-ef1b-e058-01129603c6da">
      <DeploymentItems>
        <DeploymentItem filename="mppl.dll" />
      </DeploymentItems>
      <Execution id="a9515e97-3c35-4a08-9c6b-6ca8d20ab6af" />
      <TestMethod codeBase="C:/Users/Admin/Documents/Visual Studio 2010/Projects/OjoPodo/mppl/OjopodoTestProject/bin/Debug/OjopodoTestProject.DLL" adapterTypeName="Microsoft.VisualStudio.TestTools.TestTypes.Unit.UnitTestAdapter, Microsoft.VisualStudio.QualityTools.Tips.UnitTest.Adapter, Version=10.0.0.0, Culture=neutral, PublicKeyToken=b03f5f7f11d50a3a" className="OjopodoTestProject._DefaultTest, OjopodoTestProject, Version=1.0.0.0, Culture=neutral, PublicKeyToken=null" name="btn_mulai_ClickTest" />
      <AspNet webSiteUrl="http://localhost:1904/">
        <Host pathToWebApp="C:\Users\Admin\Documents\Visual Studio 2010\Projects\OjoPodo\mppl\mppl" webAppRoot="/" />
      </AspNet>
    </UnitTest>
    <UnitTest name="gantiTest2" storage="c:\users\admin\documents\visual studio 2010\projects\ojopodo\mppl\ojopodotestproject\bin\debug\ojopodotestproject.dll" id="bcc86e6c-f665-35a4-05d6-5079e20bbadd">
      <DeploymentItems>
        <DeploymentItem filename="mppl.dll" />
      </DeploymentItems>
      <Execution id="cf9b65d8-6083-4215-a40a-1e86e5476aa9" />
      <TestMethod codeBase="C:/Users/Admin/Documents/Visual Studio 2010/Projects/OjoPodo/mppl/OjopodoTestProject/bin/Debug/OjopodoTestProject.DLL" adapterTypeName="Microsoft.VisualStudio.TestTools.TestTypes.Unit.UnitTestAdapter, Microsoft.VisualStudio.QualityTools.Tips.UnitTest.Adapter, Version=10.0.0.0, Culture=neutral, PublicKeyToken=b03f5f7f11d50a3a" className="OjopodoTestProject.formCekUITest, OjopodoTestProject, Version=1.0.0.0, Culture=neutral, PublicKeyToken=null" name="gantiTest2" />
      <AspNet webSiteUrl="http://localhost:1904/">
        <Host pathToWebApp="C:\Users\Admin\Documents\Visual Studio 2010\Projects\OjoPodo\mppl\mppl" webAppRoot="/" />
      </AspNet>
    </UnitTest>
    <UnitTest name="judulTest2" storage="c:\users\admin\documents\visual studio 2010\projects\ojopodo\mppl\ojopodotestproject\bin\debug\ojopodotestproject.dll" id="a748a973-f698-65e3-a022-c056c63837e7">
      <Execution id="ce193c31-61b3-4eda-9e63-c163f90d8ea0" />
      <TestMethod codeBase="C:/Users/Admin/Documents/Visual Studio 2010/Projects/OjoPodo/mppl/OjopodoTestProject/bin/Debug/OjopodoTestProject.DLL" adapterTypeName="Microsoft.VisualStudio.TestTools.TestTypes.Unit.UnitTestAdapter, Microsoft.VisualStudio.QualityTools.Tips.UnitTest.Adapter, Version=10.0.0.0, Culture=neutral, PublicKeyToken=b03f5f7f11d50a3a" className="OjopodoTestProject.dokumenTest, OjopodoTestProject, Version=1.0.0.0, Culture=neutral, PublicKeyToken=null" name="judulTest2" />
      <AspNet webSiteUrl="http://localhost:1904/">
        <Host pathToWebApp="C:\Users\Admin\Documents\Visual Studio 2010\Projects\OjoPodo\mppl\mppl" webAppRoot="/" />
      </AspNet>
    </UnitTest>
    <UnitTest name="ojopodoEntitiesConstructorTest1" storage="c:\users\admin\documents\visual studio 2010\projects\ojopodo\mppl\ojopodotestproject\bin\debug\ojopodotestproject.dll" id="1b5391a6-2df0-6eb6-26ed-386e5ecb977d">
      <Execution id="d63e7f50-a53a-4a80-8aab-5a61ac292053" />
      <TestMethod codeBase="C:/Users/Admin/Documents/Visual Studio 2010/Projects/OjoPodo/mppl/OjopodoTestProject/bin/Debug/OjopodoTestProject.DLL" adapterTypeName="Microsoft.VisualStudio.TestTools.TestTypes.Unit.UnitTestAdapter, Microsoft.VisualStudio.QualityTools.Tips.UnitTest.Adapter, Version=10.0.0.0, Culture=neutral, PublicKeyToken=b03f5f7f11d50a3a" className="OjopodoTestProject.ojopodoEntitiesTest, OjopodoTestProject, Version=1.0.0.0, Culture=neutral, PublicKeyToken=null" name="ojopodoEntitiesConstructorTest1" />
      <AspNet webSiteUrl="http://localhost:1904/">
        <Host pathToWebApp="C:\Users\Admin\Documents\Visual Studio 2010\Projects\OjoPodo\mppl\mppl" webAppRoot="/" />
      </AspNet>
    </UnitTest>
    <UnitTest name="uploadTest1" storage="c:\users\admin\documents\visual studio 2010\projects\ojopodo\mppl\ojopodotestproject\bin\debug\ojopodotestproject.dll" id="ce3f4fb4-9644-2f5f-f3c0-f596f71430e8">
      <Execution id="6ccf13b6-4c83-4a3c-8a72-cdf247caf86b" />
      <TestMethod codeBase="C:/Users/Admin/Documents/Visual Studio 2010/Projects/OjoPodo/mppl/OjopodoTestProject/bin/Debug/OjopodoTestProject.DLL" adapterTypeName="Microsoft.VisualStudio.TestTools.TestTypes.Unit.UnitTestAdapter, Microsoft.VisualStudio.QualityTools.Tips.UnitTest.Adapter, Version=10.0.0.0, Culture=neutral, PublicKeyToken=b03f5f7f11d50a3a" className="OjopodoTestProject.ControlCekTest, OjopodoTestProject, Version=1.0.0.0, Culture=neutral, PublicKeyToken=null" name="uploadTest1" />
      <AspNet webSiteUrl="http://localhost:1904/">
        <Host pathToWebApp="C:\Users\Admin\Documents\Visual Studio 2010\Projects\OjoPodo\mppl\mppl" webAppRoot="/" />
      </AspNet>
    </UnitTest>
    <UnitTest name="uploadTest" storage="c:\users\admin\documents\visual studio 2010\projects\ojopodo\mppl\ojopodotestproject\bin\debug\ojopodotestproject.dll" id="cdb29934-cca6-1a38-34fb-114b4ec3f798">
      <DeploymentItems>
        <DeploymentItem filename="mppl.dll" />
      </DeploymentItems>
      <Execution id="a6c0acaa-8942-4a26-80ab-bb3eae4a88b8" />
      <TestMethod codeBase="C:/Users/Admin/Documents/Visual Studio 2010/Projects/OjoPodo/mppl/OjopodoTestProject/bin/Debug/OjopodoTestProject.DLL" adapterTypeName="Microsoft.VisualStudio.TestTools.TestTypes.Unit.UnitTestAdapter, Microsoft.VisualStudio.QualityTools.Tips.UnitTest.Adapter, Version=10.0.0.0, Culture=neutral, PublicKeyToken=b03f5f7f11d50a3a" className="OjopodoTestProject.formCekUITest, OjopodoTestProject, Version=1.0.0.0, Culture=neutral, PublicKeyToken=null" name="uploadTest" />
      <AspNet webSiteUrl="http://localhost:1904/">
        <Host pathToWebApp="C:\Users\Admin\Documents\Visual Studio 2010\Projects\OjoPodo\mppl\mppl" webAppRoot="/" />
      </AspNet>
    </UnitTest>
    <UnitTest name="_DefaultConstructorTest1" storage="c:\users\admin\documents\visual studio 2010\projects\ojopodo\mppl\ojopodotestproject\bin\debug\ojopodotestproject.dll" id="8d40039d-6545-2e64-7ae5-8b2c2c0b34e5">
      <Execution id="432d866c-4c62-4328-969b-56d525ac7d6f" />
      <TestMethod codeBase="C:/Users/Admin/Documents/Visual Studio 2010/Projects/OjoPodo/mppl/OjopodoTestProject/bin/Debug/OjopodoTestProject.DLL" adapterTypeName="Microsoft.VisualStudio.TestTools.TestTypes.Unit.UnitTestAdapter, Microsoft.VisualStudio.QualityTools.Tips.UnitTest.Adapter, Version=10.0.0.0, Culture=neutral, PublicKeyToken=b03f5f7f11d50a3a" className="OjopodoTestProject._DefaultTest, OjopodoTestProject, Version=1.0.0.0, Culture=neutral, PublicKeyToken=null" name="_DefaultConstructorTest1" />
      <AspNet webSiteUrl="http://localhost:1904/">
        <Host pathToWebApp="C:\Users\Admin\Documents\Visual Studio 2010\Projects\OjoPodo\mppl\mppl" webAppRoot="/" />
      </AspNet>
    </UnitTest>
    <UnitTest name="createFingerPrintTest" storage="c:\users\admin\documents\visual studio 2010\projects\ojopodo\mppl\ojopodotestproject\bin\debug\ojopodotestproject.dll" id="4cfebc9f-d377-64af-b02c-c029c127ff75">
      <DeploymentItems>
        <DeploymentItem filename="mppl.dll" />
      </DeploymentItems>
      <Execution id="68403ec4-36ff-48a2-a4e1-c1559a9b01f8" />
      <TestMethod codeBase="C:/Users/Admin/Documents/Visual Studio 2010/Projects/OjoPodo/mppl/OjopodoTestProject/bin/Debug/OjopodoTestProject.DLL" adapterTypeName="Microsoft.VisualStudio.TestTools.TestTypes.Unit.UnitTestAdapter, Microsoft.VisualStudio.QualityTools.Tips.UnitTest.Adapter, Version=10.0.0.0, Culture=neutral, PublicKeyToken=b03f5f7f11d50a3a" className="OjopodoTestProject.ControlCekTest, OjopodoTestProject, Version=1.0.0.0, Culture=neutral, PublicKeyToken=null" name="createFingerPrintTest" />
      <AspNet webSiteUrl="http://localhost:1904/">
        <Host pathToWebApp="C:\Users\Admin\Documents\Visual Studio 2010\Projects\OjoPodo\mppl\mppl" webAppRoot="/" />
      </AspNet>
    </UnitTest>
    <UnitTest name="RegisterUser_CreatedUserTest1" storage="c:\users\admin\documents\visual studio 2010\projects\ojopodo\mppl\ojopodotestproject\bin\debug\ojopodotestproject.dll" id="32c0b9ed-96d9-1c46-f496-5b8d4d539a4b">
      <DeploymentItems>
        <DeploymentItem filename="mppl.dll" />
      </DeploymentItems>
      <Execution id="6ea6cb04-e865-4baa-a6cf-04998321c498" />
      <TestMethod codeBase="C:/Users/Admin/Documents/Visual Studio 2010/Projects/OjoPodo/mppl/OjopodoTestProject/bin/Debug/OjopodoTestProject.DLL" adapterTypeName="Microsoft.VisualStudio.TestTools.TestTypes.Unit.UnitTestAdapter, Microsoft.VisualStudio.QualityTools.Tips.UnitTest.Adapter, Version=10.0.0.0, Culture=neutral, PublicKeyToken=b03f5f7f11d50a3a" className="OjopodoTestProject.RegisterTest, OjopodoTestProject, Version=1.0.0.0, Culture=neutral, PublicKeyToken=null" name="RegisterUser_CreatedUserTest1" />
      <AspNet webSiteUrl="http://localhost:1904/">
        <Host pathToWebApp="C:\Users\Admin\Documents\Visual Studio 2010\Projects\OjoPodo\mppl\mppl" webAppRoot="/" />
      </AspNet>
    </UnitTest>
    <UnitTest name="Page_LoadTest" storage="c:\users\admin\documents\visual studio 2010\projects\ojopodo\mppl\ojopodotestproject\bin\debug\ojopodotestproject.dll" id="9a260353-e0d0-f05d-e4e8-4e00caf49b04">
      <DeploymentItems>
        <DeploymentItem filename="mppl.dll" />
      </DeploymentItems>
      <Execution id="bda28929-c6be-4290-8819-9b1a8ee1d39b" />
      <TestMethod codeBase="C:/Users/Admin/Documents/Visual Studio 2010/Projects/OjoPodo/mppl/OjopodoTestProject/bin/Debug/OjopodoTestProject.DLL" adapterTypeName="Microsoft.VisualStudio.TestTools.TestTypes.Unit.UnitTestAdapter, Microsoft.VisualStudio.QualityTools.Tips.UnitTest.Adapter, Version=10.0.0.0, Culture=neutral, PublicKeyToken=b03f5f7f11d50a3a" className="OjopodoTestProject._DefaultTest, OjopodoTestProject, Version=1.0.0.0, Culture=neutral, PublicKeyToken=null" name="Page_LoadTest" />
      <AspNet webSiteUrl="http://localhost:1904/">
        <Host pathToWebApp="C:\Users\Admin\Documents\Visual Studio 2010\Projects\OjoPodo\mppl\mppl" webAppRoot="/" />
      </AspNet>
    </UnitTest>
    <UnitTest name="formCekUIConstructorTest" storage="c:\users\admin\documents\visual studio 2010\projects\ojopodo\mppl\ojopodotestproject\bin\debug\ojopodotestproject.dll" id="ecea30c5-5271-3cb8-1af8-44291f6845c5">
      <Execution id="0fb9c53c-8d67-498d-887c-e68dbb0f7f23" />
      <TestMethod codeBase="C:/Users/Admin/Documents/Visual Studio 2010/Projects/OjoPodo/mppl/OjopodoTestProject/bin/Debug/OjopodoTestProject.DLL" adapterTypeName="Microsoft.VisualStudio.TestTools.TestTypes.Unit.UnitTestAdapter, Microsoft.VisualStudio.QualityTools.Tips.UnitTest.Adapter, Version=10.0.0.0, Culture=neutral, PublicKeyToken=b03f5f7f11d50a3a" className="OjopodoTestProject.formCekUITest, OjopodoTestProject, Version=1.0.0.0, Culture=neutral, PublicKeyToken=null" name="formCekUIConstructorTest" />
      <AspNet webSiteUrl="http://localhost:1904/">
        <Host pathToWebApp="C:\Users\Admin\Documents\Visual Studio 2010\Projects\OjoPodo\mppl\mppl" webAppRoot="/" />
      </AspNet>
    </UnitTest>
    <UnitTest name="ekstrakPdfTest" storage="c:\users\admin\documents\visual studio 2010\projects\ojopodo\mppl\ojopodotestproject\bin\debug\ojopodotestproject.dll" id="157b92f6-8d1d-ce72-81a1-4894a422c97c">
      <DeploymentItems>
        <DeploymentItem filename="mppl.dll" />
      </DeploymentItems>
      <Execution id="894d626a-95c0-4524-b2c1-9bf01897fe53" />
      <TestMethod codeBase="C:/Users/Admin/Documents/Visual Studio 2010/Projects/OjoPodo/mppl/OjopodoTestProject/bin/Debug/OjopodoTestProject.DLL" adapterTypeName="Microsoft.VisualStudio.TestTools.TestTypes.Unit.UnitTestAdapter, Microsoft.VisualStudio.QualityTools.Tips.UnitTest.Adapter, Version=10.0.0.0, Culture=neutral, PublicKeyToken=b03f5f7f11d50a3a" className="OjopodoTestProject.ControlCekTest, OjopodoTestProject, Version=1.0.0.0, Culture=neutral, PublicKeyToken=null" name="ekstrakPdfTest" />
      <AspNet webSiteUrl="http://localhost:1904/">
        <Host pathToWebApp="C:\Users\Admin\Documents\Visual Studio 2010\Projects\OjoPodo\mppl\mppl" webAppRoot="/" />
      </AspNet>
    </UnitTest>
    <UnitTest name="ChangePasswordConstructorTest2" storage="c:\users\admin\documents\visual studio 2010\projects\ojopodo\mppl\ojopodotestproject\bin\debug\ojopodotestproject.dll" id="5383b0b3-c181-d1cd-dbad-5a516ca62625">
      <Execution id="82c7c335-903e-4003-a6c6-b803a7e1a690" />
      <TestMethod codeBase="C:/Users/Admin/Documents/Visual Studio 2010/Projects/OjoPodo/mppl/OjopodoTestProject/bin/Debug/OjopodoTestProject.DLL" adapterTypeName="Microsoft.VisualStudio.TestTools.TestTypes.Unit.UnitTestAdapter, Microsoft.VisualStudio.QualityTools.Tips.UnitTest.Adapter, Version=10.0.0.0, Culture=neutral, PublicKeyToken=b03f5f7f11d50a3a" className="OjopodoTestProject.ChangePasswordTest, OjopodoTestProject, Version=1.0.0.0, Culture=neutral, PublicKeyToken=null" name="ChangePasswordConstructorTest2" />
      <AspNet webSiteUrl="http://localhost:1904/">
        <Host pathToWebApp="C:\Users\Admin\Documents\Visual Studio 2010\Projects\OjoPodo\mppl\mppl" webAppRoot="/" />
      </AspNet>
    </UnitTest>
    <UnitTest name="katasandiTest1" storage="c:\users\admin\documents\visual studio 2010\projects\ojopodo\mppl\ojopodotestproject\bin\debug\ojopodotestproject.dll" id="2b582f39-f704-6db3-50a7-525eca0a8238">
      <Execution id="aef2b66f-bff3-4c2d-91e8-7866d946d820" />
      <TestMethod codeBase="C:/Users/Admin/Documents/Visual Studio 2010/Projects/OjoPodo/mppl/OjopodoTestProject/bin/Debug/OjopodoTestProject.DLL" adapterTypeName="Microsoft.VisualStudio.TestTools.TestTypes.Unit.UnitTestAdapter, Microsoft.VisualStudio.QualityTools.Tips.UnitTest.Adapter, Version=10.0.0.0, Culture=neutral, PublicKeyToken=b03f5f7f11d50a3a" className="OjopodoTestProject.userTest, OjopodoTestProject, Version=1.0.0.0, Culture=neutral, PublicKeyToken=null" name="katasandiTest1" />
      <AspNet webSiteUrl="http://localhost:1904/">
        <Host pathToWebApp="C:\Users\Admin\Documents\Visual Studio 2010\Projects\OjoPodo\mppl\mppl" webAppRoot="/" />
      </AspNet>
    </UnitTest>
    <UnitTest name="insertTest" storage="c:\users\admin\documents\visual studio 2010\projects\ojopodo\mppl\ojopodotestproject\bin\debug\ojopodotestproject.dll" id="1555dcc8-b260-0bb8-da07-7f7a06c8463e">
      <Execution id="18ecd53a-ec07-41a1-80a2-74b4299f9a60" />
      <TestMethod codeBase="C:/Users/Admin/Documents/Visual Studio 2010/Projects/OjoPodo/mppl/OjopodoTestProject/bin/Debug/OjopodoTestProject.DLL" adapterTypeName="Microsoft.VisualStudio.TestTools.TestTypes.Unit.UnitTestAdapter, Microsoft.VisualStudio.QualityTools.Tips.UnitTest.Adapter, Version=10.0.0.0, Culture=neutral, PublicKeyToken=b03f5f7f11d50a3a" className="OjopodoTestProject.ModelDokumenTest, OjopodoTestProject, Version=1.0.0.0, Culture=neutral, PublicKeyToken=null" name="insertTest" />
      <AspNet webSiteUrl="http://localhost:1904/">
        <Host pathToWebApp="C:\Users\Admin\Documents\Visual Studio 2010\Projects\OjoPodo\mppl\mppl" webAppRoot="/" />
      </AspNet>
    </UnitTest>
    <UnitTest name="OpenTest2" storage="c:\users\admin\documents\visual studio 2010\projects\ojopodo\mppl\ojopodotestproject\bin\debug\ojopodotestproject.dll" id="f1e975b5-d35b-7be6-1bd7-c4143677f55d">
      <Execution id="4002eb48-06f0-4226-b142-26ff71c22dfa" />
      <TestMethod codeBase="C:/Users/Admin/Documents/Visual Studio 2010/Projects/OjoPodo/mppl/OjopodoTestProject/bin/Debug/OjopodoTestProject.DLL" adapterTypeName="Microsoft.VisualStudio.TestTools.TestTypes.Unit.UnitTestAdapter, Microsoft.VisualStudio.QualityTools.Tips.UnitTest.Adapter, Version=10.0.0.0, Culture=neutral, PublicKeyToken=b03f5f7f11d50a3a" className="OjopodoTestProject.DocumentsTest, OjopodoTestProject, Version=1.0.0.0, Culture=neutral, PublicKeyToken=null" name="OpenTest2" />
      <AspNet webSiteUrl="http://localhost:1904/">
        <Host pathToWebApp="C:\Users\Admin\Documents\Visual Studio 2010\Projects\OjoPodo\mppl\mppl" webAppRoot="/" />
      </AspNet>
    </UnitTest>
    <UnitTest name="ControlCekConstructorTest4" storage="c:\users\admin\documents\visual studio 2010\projects\ojopodo\mppl\ojopodotestproject\bin\debug\ojopodotestproject.dll" id="3b05bb0a-91a7-570d-f3e5-6770bc8af463">
      <Execution id="25d4e4c6-f86e-42e7-b7b1-d15b0e9dabf3" />
      <TestMethod codeBase="C:/Users/Admin/Documents/Visual Studio 2010/Projects/OjoPodo/mppl/OjopodoTestProject/bin/Debug/OjopodoTestProject.DLL" adapterTypeName="Microsoft.VisualStudio.TestTools.TestTypes.Unit.UnitTestAdapter, Microsoft.VisualStudio.QualityTools.Tips.UnitTest.Adapter, Version=10.0.0.0, Culture=neutral, PublicKeyToken=b03f5f7f11d50a3a" className="OjopodoTestProject.ControlCekTest, OjopodoTestProject, Version=1.0.0.0, Culture=neutral, PublicKeyToken=null" name="ControlCekConstructorTest4" />
      <AspNet webSiteUrl="http://localhost:1904/">
        <Host pathToWebApp="C:\Users\Admin\Documents\Visual Studio 2010\Projects\OjoPodo\mppl\mppl" webAppRoot="/" />
      </AspNet>
    </UnitTest>
    <UnitTest name="userTest" storage="c:\users\admin\documents\visual studio 2010\projects\ojopodo\mppl\ojopodotestproject\bin\debug\ojopodotestproject.dll" id="4424f846-c6ae-a792-7d4f-d87d4f574411">
      <Execution id="97f5cf02-4693-4a42-9d19-fd2afae50623" />
      <TestMethod codeBase="C:/Users/Admin/Documents/Visual Studio 2010/Projects/OjoPodo/mppl/OjopodoTestProject/bin/Debug/OjopodoTestProject.DLL" adapterTypeName="Microsoft.VisualStudio.TestTools.TestTypes.Unit.UnitTestAdapter, Microsoft.VisualStudio.QualityTools.Tips.UnitTest.Adapter, Version=10.0.0.0, Culture=neutral, PublicKeyToken=b03f5f7f11d50a3a" className="OjopodoTestProject.ojopodoEntitiesTest, OjopodoTestProject, Version=1.0.0.0, Culture=neutral, PublicKeyToken=null" name="userTest" />
      <AspNet webSiteUrl="http://localhost:1904/">
        <Host pathToWebApp="C:\Users\Admin\Documents\Visual Studio 2010\Projects\OjoPodo\mppl\mppl" webAppRoot="/" />
      </AspNet>
    </UnitTest>
    <UnitTest name="periksaTest1" storage="c:\users\admin\documents\visual studio 2010\projects\ojopodo\mppl\ojopodotestproject\bin\debug\ojopodotestproject.dll" id="6dfa2cb3-d68e-46e8-ddc6-5ec401c8b27f">
      <DeploymentItems>
        <DeploymentItem filename="mppl.dll" />
      </DeploymentItems>
      <Execution id="a91fb669-e03f-43cd-8747-cc204d9e1416" />
      <TestMethod codeBase="C:/Users/Admin/Documents/Visual Studio 2010/Projects/OjoPodo/mppl/OjopodoTestProject/bin/Debug/OjopodoTestProject.DLL" adapterTypeName="Microsoft.VisualStudio.TestTools.TestTypes.Unit.UnitTestAdapter, Microsoft.VisualStudio.QualityTools.Tips.UnitTest.Adapter, Version=10.0.0.0, Culture=neutral, PublicKeyToken=b03f5f7f11d50a3a" className="OjopodoTestProject.formCekUITest, OjopodoTestProject, Version=1.0.0.0, Culture=neutral, PublicKeyToken=null" name="periksaTest1" />
      <AspNet webSiteUrl="http://localhost:1904/">
        <Host pathToWebApp="C:\Users\Admin\Documents\Visual Studio 2010\Projects\OjoPodo\mppl\mppl" webAppRoot="/" />
      </AspNet>
    </UnitTest>
    <UnitTest name="UploadClickTest" storage="c:\users\admin\documents\visual studio 2010\projects\ojopodo\mppl\ojopodotestproject\bin\debug\ojopodotestproject.dll" id="369b0c99-20fc-4ac1-5242-c17dd1d5d835">
      <DeploymentItems>
        <DeploymentItem filename="mppl.dll" />
      </DeploymentItems>
      <Execution id="1590c66c-887d-46cc-8b64-0583db13f130" />
      <TestMethod codeBase="C:/Users/Admin/Documents/Visual Studio 2010/Projects/OjoPodo/mppl/OjopodoTestProject/bin/Debug/OjopodoTestProject.DLL" adapterTypeName="Microsoft.VisualStudio.TestTools.TestTypes.Unit.UnitTestAdapter, Microsoft.VisualStudio.QualityTools.Tips.UnitTest.Adapter, Version=10.0.0.0, Culture=neutral, PublicKeyToken=b03f5f7f11d50a3a" className="OjopodoTestProject.FormTambahTest, OjopodoTestProject, Version=1.0.0.0, Culture=neutral, PublicKeyToken=null" name="UploadClickTest" />
      <AspNet webSiteUrl="http://localhost:1904/">
        <Host pathToWebApp="C:\Users\Admin\Documents\Visual Studio 2010\Projects\OjoPodo\mppl\mppl" webAppRoot="/" />
      </AspNet>
    </UnitTest>
    <UnitTest name="ChangePasswordConstructorTest" storage="c:\users\admin\documents\visual studio 2010\projects\ojopodo\mppl\ojopodotestproject\bin\debug\ojopodotestproject.dll" id="9052e00b-ef7e-d40b-12c9-c6f6d7135c10">
      <Execution id="a836ab59-c83b-4ce9-8ac9-f02e9a7b9e7b" />
      <TestMethod codeBase="C:/Users/Admin/Documents/Visual Studio 2010/Projects/OjoPodo/mppl/OjopodoTestProject/bin/Debug/OjopodoTestProject.DLL" adapterTypeName="Microsoft.VisualStudio.TestTools.TestTypes.Unit.UnitTestAdapter, Microsoft.VisualStudio.QualityTools.Tips.UnitTest.Adapter, Version=10.0.0.0, Culture=neutral, PublicKeyToken=b03f5f7f11d50a3a" className="OjopodoTestProject.ChangePasswordTest, OjopodoTestProject, Version=1.0.0.0, Culture=neutral, PublicKeyToken=null" name="ChangePasswordConstructorTest" />
      <AspNet webSiteUrl="http://localhost:1904/">
        <Host pathToWebApp="C:\Users\Admin\Documents\Visual Studio 2010\Projects\OjoPodo\mppl\mppl" webAppRoot="/" />
      </AspNet>
    </UnitTest>
    <UnitTest name="ekstrakPdfTest1" storage="c:\users\admin\documents\visual studio 2010\projects\ojopodo\mppl\ojopodotestproject\bin\debug\ojopodotestproject.dll" id="a699a447-852e-5139-fa5a-1f8797ade117">
      <DeploymentItems>
        <DeploymentItem filename="mppl.dll" />
      </DeploymentItems>
      <Execution id="4a1f15b3-2726-494d-afd1-f560b94ce08b" />
      <TestMethod codeBase="C:/Users/Admin/Documents/Visual Studio 2010/Projects/OjoPodo/mppl/OjopodoTestProject/bin/Debug/OjopodoTestProject.DLL" adapterTypeName="Microsoft.VisualStudio.TestTools.TestTypes.Unit.UnitTestAdapter, Microsoft.VisualStudio.QualityTools.Tips.UnitTest.Adapter, Version=10.0.0.0, Culture=neutral, PublicKeyToken=b03f5f7f11d50a3a" className="OjopodoTestProject.ControlCekTest, OjopodoTestProject, Version=1.0.0.0, Culture=neutral, PublicKeyToken=null" name="ekstrakPdfTest1" />
      <AspNet webSiteUrl="http://localhost:1904/">
        <Host pathToWebApp="C:\Users\Admin\Documents\Visual Studio 2010\Projects\OjoPodo\mppl\mppl" webAppRoot="/" />
      </AspNet>
    </UnitTest>
    <UnitTest name="CreateuserTest2" storage="c:\users\admin\documents\visual studio 2010\projects\ojopodo\mppl\ojopodotestproject\bin\debug\ojopodotestproject.dll" id="17a6e0df-409b-4bee-dee6-2acdd4ff9c9d">
      <Execution id="2420e565-e446-4516-959b-d6752bfb75a4" />
      <TestMethod codeBase="C:/Users/Admin/Documents/Visual Studio 2010/Projects/OjoPodo/mppl/OjopodoTestProject/bin/Debug/OjopodoTestProject.DLL" adapterTypeName="Microsoft.VisualStudio.TestTools.TestTypes.Unit.UnitTestAdapter, Microsoft.VisualStudio.QualityTools.Tips.UnitTest.Adapter, Version=10.0.0.0, Culture=neutral, PublicKeyToken=b03f5f7f11d50a3a" className="OjopodoTestProject.userTest, OjopodoTestProject, Version=1.0.0.0, Culture=neutral, PublicKeyToken=null" name="CreateuserTest2" />
      <AspNet webSiteUrl="http://localhost:1904/">
        <Host pathToWebApp="C:\Users\Admin\Documents\Visual Studio 2010\Projects\OjoPodo\mppl\mppl" webAppRoot="/" />
      </AspNet>
    </UnitTest>
    <UnitTest name="ControlCekConstructorTest" storage="c:\users\admin\documents\visual studio 2010\projects\ojopodo\mppl\ojopodotestproject\bin\debug\ojopodotestproject.dll" id="5dd0e4b6-2fd8-c0d8-d4e2-1952f7877659">
      <Execution id="52a354c1-3a47-43b8-ba9a-f5512046fe5e" />
      <TestMethod codeBase="C:/Users/Admin/Documents/Visual Studio 2010/Projects/OjoPodo/mppl/OjopodoTestProject/bin/Debug/OjopodoTestProject.DLL" adapterTypeName="Microsoft.VisualStudio.TestTools.TestTypes.Unit.UnitTestAdapter, Microsoft.VisualStudio.QualityTools.Tips.UnitTest.Adapter, Version=10.0.0.0, Culture=neutral, PublicKeyToken=b03f5f7f11d50a3a" className="OjopodoTestProject.ControlCekTest, OjopodoTestProject, Version=1.0.0.0, Culture=neutral, PublicKeyToken=null" name="ControlCekConstructorTest" />
      <AspNet webSiteUrl="http://localhost:1904/">
        <Host pathToWebApp="C:\Users\Admin\Documents\Visual Studio 2010\Projects\OjoPodo\mppl\mppl" webAppRoot="/" />
      </AspNet>
    </UnitTest>
    <UnitTest name="ControlCekConstructorTest3" storage="c:\users\admin\documents\visual studio 2010\projects\ojopodo\mppl\ojopodotestproject\bin\debug\ojopodotestproject.dll" id="6227526f-3f64-3e5b-7906-9a22d4fbd258">
      <Execution id="f751a79b-ccbe-4dcb-81d8-03ca8c1e8e62" />
      <TestMethod codeBase="C:/Users/Admin/Documents/Visual Studio 2010/Projects/OjoPodo/mppl/OjopodoTestProject/bin/Debug/OjopodoTestProject.DLL" adapterTypeName="Microsoft.VisualStudio.TestTools.TestTypes.Unit.UnitTestAdapter, Microsoft.VisualStudio.QualityTools.Tips.UnitTest.Adapter, Version=10.0.0.0, Culture=neutral, PublicKeyToken=b03f5f7f11d50a3a" className="OjopodoTestProject.ControlCekTest, OjopodoTestProject, Version=1.0.0.0, Culture=neutral, PublicKeyToken=null" name="ControlCekConstructorTest3" />
      <AspNet webSiteUrl="http://localhost:1904/">
        <Host pathToWebApp="C:\Users\Admin\Documents\Visual Studio 2010\Projects\OjoPodo\mppl\mppl" webAppRoot="/" />
      </AspNet>
    </UnitTest>
    <UnitTest name="Page_LoadTest2" storage="c:\users\admin\documents\visual studio 2010\projects\ojopodo\mppl\ojopodotestproject\bin\debug\ojopodotestproject.dll" id="2339d765-34c2-8bae-8cba-8a41bfb666aa">
      <DeploymentItems>
        <DeploymentItem filename="mppl.dll" />
      </DeploymentItems>
      <Execution id="4a9502c0-a98e-4e5d-affe-a8d8231ed6e6" />
      <TestMethod codeBase="C:/Users/Admin/Documents/Visual Studio 2010/Projects/OjoPodo/mppl/OjopodoTestProject/bin/Debug/OjopodoTestProject.DLL" adapterTypeName="Microsoft.VisualStudio.TestTools.TestTypes.Unit.UnitTestAdapter, Microsoft.VisualStudio.QualityTools.Tips.UnitTest.Adapter, Version=10.0.0.0, Culture=neutral, PublicKeyToken=b03f5f7f11d50a3a" className="OjopodoTestProject.FormDokumenTest, OjopodoTestProject, Version=1.0.0.0, Culture=neutral, PublicKeyToken=null" name="Page_LoadTest2" />
      <AspNet webSiteUrl="http://localhost:1904/">
        <Host pathToWebApp="C:\Users\Admin\Documents\Visual Studio 2010\Projects\OjoPodo\mppl\mppl" webAppRoot="/" />
      </AspNet>
    </UnitTest>
    <UnitTest name="userConstructorTest2" storage="c:\users\admin\documents\visual studio 2010\projects\ojopodo\mppl\ojopodotestproject\bin\debug\ojopodotestproject.dll" id="5efa83f3-dcfc-f161-fbb2-57dfc6e1bc54">
      <Execution id="44c9359e-0e91-4178-bf15-8768a9227bf1" />
      <TestMethod codeBase="C:/Users/Admin/Documents/Visual Studio 2010/Projects/OjoPodo/mppl/OjopodoTestProject/bin/Debug/OjopodoTestProject.DLL" adapterTypeName="Microsoft.VisualStudio.TestTools.TestTypes.Unit.UnitTestAdapter, Microsoft.VisualStudio.QualityTools.Tips.UnitTest.Adapter, Version=10.0.0.0, Culture=neutral, PublicKeyToken=b03f5f7f11d50a3a" className="OjopodoTestProject.userTest, OjopodoTestProject, Version=1.0.0.0, Culture=neutral, PublicKeyToken=null" name="userConstructorTest2" />
      <AspNet webSiteUrl="http://localhost:1904/">
        <Host pathToWebApp="C:\Users\Admin\Documents\Visual Studio 2010\Projects\OjoPodo\mppl\mppl" webAppRoot="/" />
      </AspNet>
    </UnitTest>
    <UnitTest name="gantiTest" storage="c:\users\admin\documents\visual studio 2010\projects\ojopodo\mppl\ojopodotestproject\bin\debug\ojopodotestproject.dll" id="570d9275-f264-7744-cdb4-02444c17a081">
      <DeploymentItems>
        <DeploymentItem filename="mppl.dll" />
      </DeploymentItems>
      <Execution id="f7b101c3-be46-49d1-84dd-ed6bae7752ba" />
      <TestMethod codeBase="C:/Users/Admin/Documents/Visual Studio 2010/Projects/OjoPodo/mppl/OjopodoTestProject/bin/Debug/OjopodoTestProject.DLL" adapterTypeName="Microsoft.VisualStudio.TestTools.TestTypes.Unit.UnitTestAdapter, Microsoft.VisualStudio.QualityTools.Tips.UnitTest.Adapter, Version=10.0.0.0, Culture=neutral, PublicKeyToken=b03f5f7f11d50a3a" className="OjopodoTestProject.formCekUITest, OjopodoTestProject, Version=1.0.0.0, Culture=neutral, PublicKeyToken=null" name="gantiTest" />
      <AspNet webSiteUrl="http://localhost:1904/">
        <Host pathToWebApp="C:\Users\Admin\Documents\Visual Studio 2010\Projects\OjoPodo\mppl\mppl" webAppRoot="/" />
      </AspNet>
    </UnitTest>
    <UnitTest name="ekstrakPdfTest2" storage="c:\users\admin\documents\visual studio 2010\projects\ojopodo\mppl\ojopodotestproject\bin\debug\ojopodotestproject.dll" id="bf9b63b5-db3e-6683-43fd-6254891ffcd0">
      <DeploymentItems>
        <DeploymentItem filename="mppl.dll" />
      </DeploymentItems>
      <Execution id="126d4d55-fd82-479a-908e-8e5ecadebaad" />
      <TestMethod codeBase="C:/Users/Admin/Documents/Visual Studio 2010/Projects/OjoPodo/mppl/OjopodoTestProject/bin/Debug/OjopodoTestProject.DLL" adapterTypeName="Microsoft.VisualStudio.TestTools.TestTypes.Unit.UnitTestAdapter, Microsoft.VisualStudio.QualityTools.Tips.UnitTest.Adapter, Version=10.0.0.0, Culture=neutral, PublicKeyToken=b03f5f7f11d50a3a" className="OjopodoTestProject.ControlCekTest, OjopodoTestProject, Version=1.0.0.0, Culture=neutral, PublicKeyToken=null" name="ekstrakPdfTest2" />
      <AspNet webSiteUrl="http://localhost:1904/">
        <Host pathToWebApp="C:\Users\Admin\Documents\Visual Studio 2010\Projects\OjoPodo\mppl\mppl" webAppRoot="/" />
      </AspNet>
    </UnitTest>
    <UnitTest name="btn_mulai_ClickTest2" storage="c:\users\admin\documents\visual studio 2010\projects\ojopodo\mppl\ojopodotestproject\bin\debug\ojopodotestproject.dll" id="a04f1ec2-e1d0-b2ab-f6f9-efba637ab7ae">
      <DeploymentItems>
        <DeploymentItem filename="mppl.dll" />
      </DeploymentItems>
      <Execution id="5db80252-5d1a-4828-a558-bc76213119f5" />
      <TestMethod codeBase="C:/Users/Admin/Documents/Visual Studio 2010/Projects/OjoPodo/mppl/OjopodoTestProject/bin/Debug/OjopodoTestProject.DLL" adapterTypeName="Microsoft.VisualStudio.TestTools.TestTypes.Unit.UnitTestAdapter, Microsoft.VisualStudio.QualityTools.Tips.UnitTest.Adapter, Version=10.0.0.0, Culture=neutral, PublicKeyToken=b03f5f7f11d50a3a" className="OjopodoTestProject._DefaultTest, OjopodoTestProject, Version=1.0.0.0, Culture=neutral, PublicKeyToken=null" name="btn_mulai_ClickTest2" />
      <AspNet webSiteUrl="http://localhost:1904/">
        <Host pathToWebApp="C:\Users\Admin\Documents\Visual Studio 2010\Projects\OjoPodo\mppl\mppl" webAppRoot="/" />
      </AspNet>
    </UnitTest>
    <UnitTest name="formCekUIConstructorTest2" storage="c:\users\admin\documents\visual studio 2010\projects\ojopodo\mppl\ojopodotestproject\bin\debug\ojopodotestproject.dll" id="405713a5-d30f-6eb2-f8a8-5e3cc04d88a5">
      <Execution id="dcb925f1-87a3-4415-b5f8-6a56408ab96c" />
      <TestMethod codeBase="C:/Users/Admin/Documents/Visual Studio 2010/Projects/OjoPodo/mppl/OjopodoTestProject/bin/Debug/OjopodoTestProject.DLL" adapterTypeName="Microsoft.VisualStudio.TestTools.TestTypes.Unit.UnitTestAdapter, Microsoft.VisualStudio.QualityTools.Tips.UnitTest.Adapter, Version=10.0.0.0, Culture=neutral, PublicKeyToken=b03f5f7f11d50a3a" className="OjopodoTestProject.formCekUITest, OjopodoTestProject, Version=1.0.0.0, Culture=neutral, PublicKeyToken=null" name="formCekUIConstructorTest2" />
      <AspNet webSiteUrl="http://localhost:1904/">
        <Host pathToWebApp="C:\Users\Admin\Documents\Visual Studio 2010\Projects\OjoPodo\mppl\mppl" webAppRoot="/" />
      </AspNet>
    </UnitTest>
    <UnitTest name="OpenTest1" storage="c:\users\admin\documents\visual studio 2010\projects\ojopodo\mppl\ojopodotestproject\bin\debug\ojopodotestproject.dll" id="8c780886-5434-09f5-5604-1f2322205103">
      <Execution id="7e199161-67fa-46eb-9169-16c5de2edff0" />
      <TestMethod codeBase="C:/Users/Admin/Documents/Visual Studio 2010/Projects/OjoPodo/mppl/OjopodoTestProject/bin/Debug/OjopodoTestProject.DLL" adapterTypeName="Microsoft.VisualStudio.TestTools.TestTypes.Unit.UnitTestAdapter, Microsoft.VisualStudio.QualityTools.Tips.UnitTest.Adapter, Version=10.0.0.0, Culture=neutral, PublicKeyToken=b03f5f7f11d50a3a" className="OjopodoTestProject.DocumentsTest, OjopodoTestProject, Version=1.0.0.0, Culture=neutral, PublicKeyToken=null" name="OpenTest1" />
      <AspNet webSiteUrl="http://localhost:1904/">
        <Host pathToWebApp="C:\Users\Admin\Documents\Visual Studio 2010\Projects\OjoPodo\mppl\mppl" webAppRoot="/" />
      </AspNet>
    </UnitTest>
    <UnitTest name="ekstrakDocTest1" storage="c:\users\admin\documents\visual studio 2010\projects\ojopodo\mppl\ojopodotestproject\bin\debug\ojopodotestproject.dll" id="e88d70ef-d237-0192-42cc-422cd12b1857">
      <DeploymentItems>
        <DeploymentItem filename="mppl.dll" />
      </DeploymentItems>
      <Execution id="bcd18f81-287f-44e7-93c8-ac9dc0a72da4" />
      <TestMethod codeBase="C:/Users/Admin/Documents/Visual Studio 2010/Projects/OjoPodo/mppl/OjopodoTestProject/bin/Debug/OjopodoTestProject.DLL" adapterTypeName="Microsoft.VisualStudio.TestTools.TestTypes.Unit.UnitTestAdapter, Microsoft.VisualStudio.QualityTools.Tips.UnitTest.Adapter, Version=10.0.0.0, Culture=neutral, PublicKeyToken=b03f5f7f11d50a3a" className="OjopodoTestProject.ControlCekTest, OjopodoTestProject, Version=1.0.0.0, Culture=neutral, PublicKeyToken=null" name="ekstrakDocTest1" />
      <AspNet webSiteUrl="http://localhost:1904/">
        <Host pathToWebApp="C:\Users\Admin\Documents\Visual Studio 2010\Projects\OjoPodo\mppl\mppl" webAppRoot="/" />
      </AspNet>
    </UnitTest>
    <UnitTest name="updateTest" storage="c:\users\admin\documents\visual studio 2010\projects\ojopodo\mppl\ojopodotestproject\bin\debug\ojopodotestproject.dll" id="2c8e497d-02c8-389d-f52d-fc389538bc8c">
      <Execution id="cd14c779-21a7-4619-a393-f903ae484e73" />
      <TestMethod codeBase="C:/Users/Admin/Documents/Visual Studio 2010/Projects/OjoPodo/mppl/OjopodoTestProject/bin/Debug/OjopodoTestProject.DLL" adapterTypeName="Microsoft.VisualStudio.TestTools.TestTypes.Unit.UnitTestAdapter, Microsoft.VisualStudio.QualityTools.Tips.UnitTest.Adapter, Version=10.0.0.0, Culture=neutral, PublicKeyToken=b03f5f7f11d50a3a" className="OjopodoTestProject.ModelDokumenTest, OjopodoTestProject, Version=1.0.0.0, Culture=neutral, PublicKeyToken=null" name="updateTest" />
      <AspNet webSiteUrl="http://localhost:1904/">
        <Host pathToWebApp="C:\Users\Admin\Documents\Visual Studio 2010\Projects\OjoPodo\mppl\mppl" webAppRoot="/" />
      </AspNet>
    </UnitTest>
    <UnitTest name="RegisterUser_CreatedUserTest2" storage="c:\users\admin\documents\visual studio 2010\projects\ojopodo\mppl\ojopodotestproject\bin\debug\ojopodotestproject.dll" id="ad19bc97-7157-a8b3-1a93-72b7f274b947">
      <DeploymentItems>
        <DeploymentItem filename="mppl.dll" />
      </DeploymentItems>
      <Execution id="6db998a1-5c82-4642-a280-7baa97c32c9f" />
      <TestMethod codeBase="C:/Users/Admin/Documents/Visual Studio 2010/Projects/OjoPodo/mppl/OjopodoTestProject/bin/Debug/OjopodoTestProject.DLL" adapterTypeName="Microsoft.VisualStudio.TestTools.TestTypes.Unit.UnitTestAdapter, Microsoft.VisualStudio.QualityTools.Tips.UnitTest.Adapter, Version=10.0.0.0, Culture=neutral, PublicKeyToken=b03f5f7f11d50a3a" className="OjopodoTestProject.RegisterTest, OjopodoTestProject, Version=1.0.0.0, Culture=neutral, PublicKeyToken=null" name="RegisterUser_CreatedUserTest2" />
      <AspNet webSiteUrl="http://localhost:1904/">
        <Host pathToWebApp="C:\Users\Admin\Documents\Visual Studio 2010\Projects\OjoPodo\mppl\mppl" webAppRoot="/" />
      </AspNet>
    </UnitTest>
    <UnitTest name="url_dokumenTest2" storage="c:\users\admin\documents\visual studio 2010\projects\ojopodo\mppl\ojopodotestproject\bin\debug\ojopodotestproject.dll" id="3dae0ae1-dc2d-5a78-41b0-69ba96cba316">
      <Execution id="8d020efc-d397-4a77-b414-6dfbdf141693" />
      <TestMethod codeBase="C:/Users/Admin/Documents/Visual Studio 2010/Projects/OjoPodo/mppl/OjopodoTestProject/bin/Debug/OjopodoTestProject.DLL" adapterTypeName="Microsoft.VisualStudio.TestTools.TestTypes.Unit.UnitTestAdapter, Microsoft.VisualStudio.QualityTools.Tips.UnitTest.Adapter, Version=10.0.0.0, Culture=neutral, PublicKeyToken=b03f5f7f11d50a3a" className="OjopodoTestProject.dokumenTest, OjopodoTestProject, Version=1.0.0.0, Culture=neutral, PublicKeyToken=null" name="url_dokumenTest2" />
      <AspNet webSiteUrl="http://localhost:1904/">
        <Host pathToWebApp="C:\Users\Admin\Documents\Visual Studio 2010\Projects\OjoPodo\mppl\mppl" webAppRoot="/" />
      </AspNet>
    </UnitTest>
    <UnitTest name="periksaTest2" storage="c:\users\admin\documents\visual studio 2010\projects\ojopodo\mppl\ojopodotestproject\bin\debug\ojopodotestproject.dll" id="2c734c78-18f4-da17-8da6-f1a93d16bc08">
      <DeploymentItems>
        <DeploymentItem filename="mppl.dll" />
      </DeploymentItems>
      <Execution id="6581898d-363d-42c0-977c-a210261a926b" />
      <TestMethod codeBase="C:/Users/Admin/Documents/Visual Studio 2010/Projects/OjoPodo/mppl/OjopodoTestProject/bin/Debug/OjopodoTestProject.DLL" adapterTypeName="Microsoft.VisualStudio.TestTools.TestTypes.Unit.UnitTestAdapter, Microsoft.VisualStudio.QualityTools.Tips.UnitTest.Adapter, Version=10.0.0.0, Culture=neutral, PublicKeyToken=b03f5f7f11d50a3a" className="OjopodoTestProject.formCekUITest, OjopodoTestProject, Version=1.0.0.0, Culture=neutral, PublicKeyToken=null" name="periksaTest2" />
      <AspNet webSiteUrl="http://localhost:1904/">
        <Host pathToWebApp="C:\Users\Admin\Documents\Visual Studio 2010\Projects\OjoPodo\mppl\mppl" webAppRoot="/" />
      </AspNet>
    </UnitTest>
    <UnitTest name="createFingerPrintTest1" storage="c:\users\admin\documents\visual studio 2010\projects\ojopodo\mppl\ojopodotestproject\bin\debug\ojopodotestproject.dll" id="ef08d7fc-b128-faf0-ba82-611f42e86d1f">
      <DeploymentItems>
        <DeploymentItem filename="mppl.dll" />
      </DeploymentItems>
      <Execution id="be5cd37d-da14-4ba9-a311-66f105738e97" />
      <TestMethod codeBase="C:/Users/Admin/Documents/Visual Studio 2010/Projects/OjoPodo/mppl/OjopodoTestProject/bin/Debug/OjopodoTestProject.DLL" adapterTypeName="Microsoft.VisualStudio.TestTools.TestTypes.Unit.UnitTestAdapter, Microsoft.VisualStudio.QualityTools.Tips.UnitTest.Adapter, Version=10.0.0.0, Culture=neutral, PublicKeyToken=b03f5f7f11d50a3a" className="OjopodoTestProject.ControlCekTest, OjopodoTestProject, Version=1.0.0.0, Culture=neutral, PublicKeyToken=null" name="createFingerPrintTest1" />
      <AspNet webSiteUrl="http://localhost:1904/">
        <Host pathToWebApp="C:\Users\Admin\Documents\Visual Studio 2010\Projects\OjoPodo\mppl\mppl" webAppRoot="/" />
      </AspNet>
    </UnitTest>
    <UnitTest name="_DefaultConstructorTest2" storage="c:\users\admin\documents\visual studio 2010\projects\ojopodo\mppl\ojopodotestproject\bin\debug\ojopodotestproject.dll" id="611875e9-08f5-777d-3050-625c86bffeec">
      <Execution id="f270fc8e-19fc-462e-9f4b-672a7729796f" />
      <TestMethod codeBase="C:/Users/Admin/Documents/Visual Studio 2010/Projects/OjoPodo/mppl/OjopodoTestProject/bin/Debug/OjopodoTestProject.DLL" adapterTypeName="Microsoft.VisualStudio.TestTools.TestTypes.Unit.UnitTestAdapter, Microsoft.VisualStudio.QualityTools.Tips.UnitTest.Adapter, Version=10.0.0.0, Culture=neutral, PublicKeyToken=b03f5f7f11d50a3a" className="OjopodoTestProject._DefaultTest, OjopodoTestProject, Version=1.0.0.0, Culture=neutral, PublicKeyToken=null" name="_DefaultConstructorTest2" />
      <AspNet webSiteUrl="http://localhost:1904/">
        <Host pathToWebApp="C:\Users\Admin\Documents\Visual Studio 2010\Projects\OjoPodo\mppl\mppl" webAppRoot="/" />
      </AspNet>
    </UnitTest>
    <UnitTest name="QuitTest2" storage="c:\users\admin\documents\visual studio 2010\projects\ojopodo\mppl\ojopodotestproject\bin\debug\ojopodotestproject.dll" id="e15f489a-b682-e418-d3b8-c99292175c8c">
      <Execution id="c1455961-b512-4d4d-8a81-cd1cbd36334b" />
      <TestMethod codeBase="C:/Users/Admin/Documents/Visual Studio 2010/Projects/OjoPodo/mppl/OjopodoTestProject/bin/Debug/OjopodoTestProject.DLL" adapterTypeName="Microsoft.VisualStudio.TestTools.TestTypes.Unit.UnitTestAdapter, Microsoft.VisualStudio.QualityTools.Tips.UnitTest.Adapter, Version=10.0.0.0, Culture=neutral, PublicKeyToken=b03f5f7f11d50a3a" className="OjopodoTestProject._ApplicationTest, OjopodoTestProject, Version=1.0.0.0, Culture=neutral, PublicKeyToken=null" name="QuitTest2" />
      <AspNet webSiteUrl="http://localhost:1904/">
        <Host pathToWebApp="C:\Users\Admin\Documents\Visual Studio 2010\Projects\OjoPodo\mppl\mppl" webAppRoot="/" />
      </AspNet>
    </UnitTest>
    <UnitTest name="cekKemiripanTest" storage="c:\users\admin\documents\visual studio 2010\projects\ojopodo\mppl\ojopodotestproject\bin\debug\ojopodotestproject.dll" id="f53ffab6-db4b-bc18-1d36-214375d18ed2">
      <DeploymentItems>
        <DeploymentItem filename="mppl.dll" />
      </DeploymentItems>
      <Execution id="f1c9e35f-c08a-4f37-bb75-f0460b986a87" />
      <TestMethod codeBase="C:/Users/Admin/Documents/Visual Studio 2010/Projects/OjoPodo/mppl/OjopodoTestProject/bin/Debug/OjopodoTestProject.DLL" adapterTypeName="Microsoft.VisualStudio.TestTools.TestTypes.Unit.UnitTestAdapter, Microsoft.VisualStudio.QualityTools.Tips.UnitTest.Adapter, Version=10.0.0.0, Culture=neutral, PublicKeyToken=b03f5f7f11d50a3a" className="OjopodoTestProject.ControlCekTest, OjopodoTestProject, Version=1.0.0.0, Culture=neutral, PublicKeyToken=null" name="cekKemiripanTest" />
      <AspNet webSiteUrl="http://localhost:1904/">
        <Host pathToWebApp="C:\Users\Admin\Documents\Visual Studio 2010\Projects\OjoPodo\mppl\mppl" webAppRoot="/" />
      </AspNet>
    </UnitTest>
    <UnitTest name="AboutConstructorTest2" storage="c:\users\admin\documents\visual studio 2010\projects\ojopodo\mppl\ojopodotestproject\bin\debug\ojopodotestproject.dll" id="06e46fb7-5c0d-2df5-963f-a740506f1a5d">
      <Execution id="c244d957-68c6-4032-93a9-db14d2fca4ad" />
      <TestMethod codeBase="C:/Users/Admin/Documents/Visual Studio 2010/Projects/OjoPodo/mppl/OjopodoTestProject/bin/Debug/OjopodoTestProject.DLL" adapterTypeName="Microsoft.VisualStudio.TestTools.TestTypes.Unit.UnitTestAdapter, Microsoft.VisualStudio.QualityTools.Tips.UnitTest.Adapter, Version=10.0.0.0, Culture=neutral, PublicKeyToken=b03f5f7f11d50a3a" className="OjopodoTestProject.AboutTest, OjopodoTestProject, Version=1.0.0.0, Culture=neutral, PublicKeyToken=null" name="AboutConstructorTest2" />
      <AspNet webSiteUrl="http://localhost:1904/">
        <Host pathToWebApp="C:\Users\Admin\Documents\Visual Studio 2010\Projects\OjoPodo\mppl\mppl" webAppRoot="/" />
      </AspNet>
    </UnitTest>
    <UnitTest name="namauserTest1" storage="c:\users\admin\documents\visual studio 2010\projects\ojopodo\mppl\ojopodotestproject\bin\debug\ojopodotestproject.dll" id="d1543f97-84cd-02a8-17f4-bcc34e050dc1">
      <Execution id="a6431e6e-050a-4abb-a21d-cfbe5aeb1070" />
      <TestMethod codeBase="C:/Users/Admin/Documents/Visual Studio 2010/Projects/OjoPodo/mppl/OjopodoTestProject/bin/Debug/OjopodoTestProject.DLL" adapterTypeName="Microsoft.VisualStudio.TestTools.TestTypes.Unit.UnitTestAdapter, Microsoft.VisualStudio.QualityTools.Tips.UnitTest.Adapter, Version=10.0.0.0, Culture=neutral, PublicKeyToken=b03f5f7f11d50a3a" className="OjopodoTestProject.userTest, OjopodoTestProject, Version=1.0.0.0, Culture=neutral, PublicKeyToken=null" name="namauserTest1" />
      <AspNet webSiteUrl="http://localhost:1904/">
        <Host pathToWebApp="C:\Users\Admin\Documents\Visual Studio 2010\Projects\OjoPodo\mppl\mppl" webAppRoot="/" />
      </AspNet>
    </UnitTest>
    <UnitTest name="Page_LoadTest1" storage="c:\users\admin\documents\visual studio 2010\projects\ojopodo\mppl\ojopodotestproject\bin\debug\ojopodotestproject.dll" id="6a6336ba-2fc7-9954-5b0b-4d9d90d6f4e6">
      <DeploymentItems>
        <DeploymentItem filename="mppl.dll" />
      </DeploymentItems>
      <Execution id="a139b88e-41c9-4400-ad88-df4ce0876e36" />
      <TestMethod codeBase="C:/Users/Admin/Documents/Visual Studio 2010/Projects/OjoPodo/mppl/OjopodoTestProject/bin/Debug/OjopodoTestProject.DLL" adapterTypeName="Microsoft.VisualStudio.TestTools.TestTypes.Unit.UnitTestAdapter, Microsoft.VisualStudio.QualityTools.Tips.UnitTest.Adapter, Version=10.0.0.0, Culture=neutral, PublicKeyToken=b03f5f7f11d50a3a" className="OjopodoTestProject.FormTambahTest, OjopodoTestProject, Version=1.0.0.0, Culture=neutral, PublicKeyToken=null" name="Page_LoadTest1" />
      <AspNet webSiteUrl="http://localhost:1904/">
        <Host pathToWebApp="C:\Users\Admin\Documents\Visual Studio 2010\Projects\OjoPodo\mppl\mppl" webAppRoot="/" />
      </AspNet>
    </UnitTest>
    <UnitTest name="alamat_fingerprintTest" storage="c:\users\admin\documents\visual studio 2010\projects\ojopodo\mppl\ojopodotestproject\bin\debug\ojopodotestproject.dll" id="ea380d42-63ea-041d-26bc-1a1db50e1435">
      <Execution id="50c3fc8f-463c-453e-aaf1-ae4af1727dab" />
      <TestMethod codeBase="C:/Users/Admin/Documents/Visual Studio 2010/Projects/OjoPodo/mppl/OjopodoTestProject/bin/Debug/OjopodoTestProject.DLL" adapterTypeName="Microsoft.VisualStudio.TestTools.TestTypes.Unit.UnitTestAdapter, Microsoft.VisualStudio.QualityTools.Tips.UnitTest.Adapter, Version=10.0.0.0, Culture=neutral, PublicKeyToken=b03f5f7f11d50a3a" className="OjopodoTestProject.dokumenTest, OjopodoTestProject, Version=1.0.0.0, Culture=neutral, PublicKeyToken=null" name="alamat_fingerprintTest" />
      <AspNet webSiteUrl="http://localhost:1904/">
        <Host pathToWebApp="C:\Users\Admin\Documents\Visual Studio 2010\Projects\OjoPodo\mppl\mppl" webAppRoot="/" />
      </AspNet>
    </UnitTest>
    <UnitTest name="gantiTest1" storage="c:\users\admin\documents\visual studio 2010\projects\ojopodo\mppl\ojopodotestproject\bin\debug\ojopodotestproject.dll" id="aa873e5f-5ade-ed1c-1806-56676f9a0903">
      <DeploymentItems>
        <DeploymentItem filename="mppl.dll" />
      </DeploymentItems>
      <Execution id="42569d9e-3f87-4a4d-8116-9b949f60aa15" />
      <TestMethod codeBase="C:/Users/Admin/Documents/Visual Studio 2010/Projects/OjoPodo/mppl/OjopodoTestProject/bin/Debug/OjopodoTestProject.DLL" adapterTypeName="Microsoft.VisualStudio.TestTools.TestTypes.Unit.UnitTestAdapter, Microsoft.VisualStudio.QualityTools.Tips.UnitTest.Adapter, Version=10.0.0.0, Culture=neutral, PublicKeyToken=b03f5f7f11d50a3a" className="OjopodoTestProject.formCekUITest, OjopodoTestProject, Version=1.0.0.0, Culture=neutral, PublicKeyToken=null" name="gantiTest1" />
      <AspNet webSiteUrl="http://localhost:1904/">
        <Host pathToWebApp="C:\Users\Admin\Documents\Visual Studio 2010\Projects\OjoPodo\mppl\mppl" webAppRoot="/" />
      </AspNet>
    </UnitTest>
    <UnitTest name="ekstrakDocTest2" storage="c:\users\admin\documents\visual studio 2010\projects\ojopodo\mppl\ojopodotestproject\bin\debug\ojopodotestproject.dll" id="d4bde4a9-a125-1063-0b31-52e76a6d1032">
      <DeploymentItems>
        <DeploymentItem filename="mppl.dll" />
      </DeploymentItems>
      <Execution id="f7a36622-58a9-487b-abe2-e474d03d470a" />
      <TestMethod codeBase="C:/Users/Admin/Documents/Visual Studio 2010/Projects/OjoPodo/mppl/OjopodoTestProject/bin/Debug/OjopodoTestProject.DLL" adapterTypeName="Microsoft.VisualStudio.TestTools.TestTypes.Unit.UnitTestAdapter, Microsoft.VisualStudio.QualityTools.Tips.UnitTest.Adapter, Version=10.0.0.0, Culture=neutral, PublicKeyToken=b03f5f7f11d50a3a" className="OjopodoTestProject.ControlCekTest, OjopodoTestProject, Version=1.0.0.0, Culture=neutral, PublicKeyToken=null" name="ekstrakDocTest2" />
      <AspNet webSiteUrl="http://localhost:1904/">
        <Host pathToWebApp="C:\Users\Admin\Documents\Visual Studio 2010\Projects\OjoPodo\mppl\mppl" webAppRoot="/" />
      </AspNet>
    </UnitTest>
    <UnitTest name="QuitTest" storage="c:\users\admin\documents\visual studio 2010\projects\ojopodo\mppl\ojopodotestproject\bin\debug\ojopodotestproject.dll" id="8523ad9c-e985-f221-3147-03c6f459cf88">
      <Execution id="a6ab763e-c336-4b33-9a1e-36a466622971" />
      <TestMethod codeBase="C:/Users/Admin/Documents/Visual Studio 2010/Projects/OjoPodo/mppl/OjopodoTestProject/bin/Debug/OjopodoTestProject.DLL" adapterTypeName="Microsoft.VisualStudio.TestTools.TestTypes.Unit.UnitTestAdapter, Microsoft.VisualStudio.QualityTools.Tips.UnitTest.Adapter, Version=10.0.0.0, Culture=neutral, PublicKeyToken=b03f5f7f11d50a3a" className="OjopodoTestProject._ApplicationTest, OjopodoTestProject, Version=1.0.0.0, Culture=neutral, PublicKeyToken=null" name="QuitTest" />
      <AspNet webSiteUrl="http://localhost:1904/">
        <Host pathToWebApp="C:\Users\Admin\Documents\Visual Studio 2010\Projects\OjoPodo\mppl\mppl" webAppRoot="/" />
      </AspNet>
    </UnitTest>
    <UnitTest name="id_userTest" storage="c:\users\admin\documents\visual studio 2010\projects\ojopodo\mppl\ojopodotestproject\bin\debug\ojopodotestproject.dll" id="75e68ca8-b814-2179-1deb-34c7625653d3">
      <Execution id="db1778fe-efef-46ea-b576-0a8026fe49b2" />
      <TestMethod codeBase="C:/Users/Admin/Documents/Visual Studio 2010/Projects/OjoPodo/mppl/OjopodoTestProject/bin/Debug/OjopodoTestProject.DLL" adapterTypeName="Microsoft.VisualStudio.TestTools.TestTypes.Unit.UnitTestAdapter, Microsoft.VisualStudio.QualityTools.Tips.UnitTest.Adapter, Version=10.0.0.0, Culture=neutral, PublicKeyToken=b03f5f7f11d50a3a" className="OjopodoTestProject.userTest, OjopodoTestProject, Version=1.0.0.0, Culture=neutral, PublicKeyToken=null" name="id_userTest" />
      <AspNet webSiteUrl="http://localhost:1904/">
        <Host pathToWebApp="C:\Users\Admin\Documents\Visual Studio 2010\Projects\OjoPodo\mppl\mppl" webAppRoot="/" />
      </AspNet>
    </UnitTest>
    <UnitTest name="Application_StartTest" storage="c:\users\admin\documents\visual studio 2010\projects\ojopodo\mppl\ojopodotestproject\bin\debug\ojopodotestproject.dll" id="e1540a37-f1dd-ca20-5e3b-102798ebc5d7">
      <DeploymentItems>
        <DeploymentItem filename="mppl.dll" />
      </DeploymentItems>
      <Execution id="b21436c5-14a8-44b0-b75d-7998493caefd" />
      <TestMethod codeBase="C:/Users/Admin/Documents/Visual Studio 2010/Projects/OjoPodo/mppl/OjopodoTestProject/bin/Debug/OjopodoTestProject.DLL" adapterTypeName="Microsoft.VisualStudio.TestTools.TestTypes.Unit.UnitTestAdapter, Microsoft.VisualStudio.QualityTools.Tips.UnitTest.Adapter, Version=10.0.0.0, Culture=neutral, PublicKeyToken=b03f5f7f11d50a3a" className="OjopodoTestProject.GlobalTest, OjopodoTestProject, Version=1.0.0.0, Culture=neutral, PublicKeyToken=null" name="Application_StartTest" />
      <AspNet webSiteUrl="http://localhost:1904/">
        <Host pathToWebApp="C:\Users\Admin\Documents\Visual Studio 2010\Projects\OjoPodo\mppl\mppl" webAppRoot="/" />
      </AspNet>
    </UnitTest>
    <UnitTest name="ModelDokumenConstructorTest" storage="c:\users\admin\documents\visual studio 2010\projects\ojopodo\mppl\ojopodotestproject\bin\debug\ojopodotestproject.dll" id="aaab4fa5-7ee6-f159-164b-f39f062960fb">
      <Execution id="c57d5c6a-369c-4855-b3c3-eb50c4b8bdc4" />
      <TestMethod codeBase="C:/Users/Admin/Documents/Visual Studio 2010/Projects/OjoPodo/mppl/OjopodoTestProject/bin/Debug/OjopodoTestProject.DLL" adapterTypeName="Microsoft.VisualStudio.TestTools.TestTypes.Unit.UnitTestAdapter, Microsoft.VisualStudio.QualityTools.Tips.UnitTest.Adapter, Version=10.0.0.0, Culture=neutral, PublicKeyToken=b03f5f7f11d50a3a" className="OjopodoTestProject.ModelDokumenTest, OjopodoTestProject, Version=1.0.0.0, Culture=neutral, PublicKeyToken=null" name="ModelDokumenConstructorTest" />
      <AspNet webSiteUrl="http://localhost:1904/">
        <Host pathToWebApp="C:\Users\Admin\Documents\Visual Studio 2010\Projects\OjoPodo\mppl\mppl" webAppRoot="/" />
      </AspNet>
    </UnitTest>
    <UnitTest name="id_dokumenTest1" storage="c:\users\admin\documents\visual studio 2010\projects\ojopodo\mppl\ojopodotestproject\bin\debug\ojopodotestproject.dll" id="62325834-8a40-d7e7-6053-5976ca5bee57">
      <Execution id="9ede0b87-7b51-4fe2-a29e-55818f544f85" />
      <TestMethod codeBase="C:/Users/Admin/Documents/Visual Studio 2010/Projects/OjoPodo/mppl/OjopodoTestProject/bin/Debug/OjopodoTestProject.DLL" adapterTypeName="Microsoft.VisualStudio.TestTools.TestTypes.Unit.UnitTestAdapter, Microsoft.VisualStudio.QualityTools.Tips.UnitTest.Adapter, Version=10.0.0.0, Culture=neutral, PublicKeyToken=b03f5f7f11d50a3a" className="OjopodoTestProject.dokumenTest, OjopodoTestProject, Version=1.0.0.0, Culture=neutral, PublicKeyToken=null" name="id_dokumenTest1" />
      <AspNet webSiteUrl="http://localhost:1904/">
        <Host pathToWebApp="C:\Users\Admin\Documents\Visual Studio 2010\Projects\OjoPodo\mppl\mppl" webAppRoot="/" />
      </AspNet>
    </UnitTest>
    <UnitTest name="CreateuserTest1" storage="c:\users\admin\documents\visual studio 2010\projects\ojopodo\mppl\ojopodotestproject\bin\debug\ojopodotestproject.dll" id="9e046a85-83bf-5ebd-0608-c896d3228514">
      <Execution id="5a09ca4f-70c9-4635-8d90-7c65482f9138" />
      <TestMethod codeBase="C:/Users/Admin/Documents/Visual Studio 2010/Projects/OjoPodo/mppl/OjopodoTestProject/bin/Debug/OjopodoTestProject.DLL" adapterTypeName="Microsoft.VisualStudio.TestTools.TestTypes.Unit.UnitTestAdapter, Microsoft.VisualStudio.QualityTools.Tips.UnitTest.Adapter, Version=10.0.0.0, Culture=neutral, PublicKeyToken=b03f5f7f11d50a3a" className="OjopodoTestProject.userTest, OjopodoTestProject, Version=1.0.0.0, Culture=neutral, PublicKeyToken=null" name="CreateuserTest1" />
      <AspNet webSiteUrl="http://localhost:1904/">
        <Host pathToWebApp="C:\Users\Admin\Documents\Visual Studio 2010\Projects\OjoPodo\mppl\mppl" webAppRoot="/" />
      </AspNet>
    </UnitTest>
    <UnitTest name="cekKemiripanTest2" storage="c:\users\admin\documents\visual studio 2010\projects\ojopodo\mppl\ojopodotestproject\bin\debug\ojopodotestproject.dll" id="a1692e17-fdd5-2a92-21a0-a1f0d67b4f17">
      <DeploymentItems>
        <DeploymentItem filename="mppl.dll" />
      </DeploymentItems>
      <Execution id="c0d0b4c6-500f-4c8c-8205-b27b0b95eb41" />
      <TestMethod codeBase="C:/Users/Admin/Documents/Visual Studio 2010/Projects/OjoPodo/mppl/OjopodoTestProject/bin/Debug/OjopodoTestProject.DLL" adapterTypeName="Microsoft.VisualStudio.TestTools.TestTypes.Unit.UnitTestAdapter, Microsoft.VisualStudio.QualityTools.Tips.UnitTest.Adapter, Version=10.0.0.0, Culture=neutral, PublicKeyToken=b03f5f7f11d50a3a" className="OjopodoTestProject.ControlCekTest, OjopodoTestProject, Version=1.0.0.0, Culture=neutral, PublicKeyToken=null" name="cekKemiripanTest2" />
      <AspNet webSiteUrl="http://localhost:1904/">
        <Host pathToWebApp="C:\Users\Admin\Documents\Visual Studio 2010\Projects\OjoPodo\mppl\mppl" webAppRoot="/" />
      </AspNet>
    </UnitTest>
    <UnitTest name="UploadClickTest1" storage="c:\users\admin\documents\visual studio 2010\projects\ojopodo\mppl\ojopodotestproject\bin\debug\ojopodotestproject.dll" id="b34e7cad-320f-65d5-3d96-dca0fbb6ccf9">
      <DeploymentItems>
        <DeploymentItem filename="mppl.dll" />
      </DeploymentItems>
      <Execution id="051db754-80ed-44b2-8c22-ca0ed734df18" />
      <TestMethod codeBase="C:/Users/Admin/Documents/Visual Studio 2010/Projects/OjoPodo/mppl/OjopodoTestProject/bin/Debug/OjopodoTestProject.DLL" adapterTypeName="Microsoft.VisualStudio.TestTools.TestTypes.Unit.UnitTestAdapter, Microsoft.VisualStudio.QualityTools.Tips.UnitTest.Adapter, Version=10.0.0.0, Culture=neutral, PublicKeyToken=b03f5f7f11d50a3a" className="OjopodoTestProject.FormTambahTest, OjopodoTestProject, Version=1.0.0.0, Culture=neutral, PublicKeyToken=null" name="UploadClickTest1" />
      <AspNet webSiteUrl="http://localhost:1904/">
        <Host pathToWebApp="C:\Users\Admin\Documents\Visual Studio 2010\Projects\OjoPodo\mppl\mppl" webAppRoot="/" />
      </AspNet>
    </UnitTest>
    <UnitTest name="createFingerPrintTest2" storage="c:\users\admin\documents\visual studio 2010\projects\ojopodo\mppl\ojopodotestproject\bin\debug\ojopodotestproject.dll" id="91318277-08f6-3704-7b55-e418f165b38d">
      <DeploymentItems>
        <DeploymentItem filename="mppl.dll" />
      </DeploymentItems>
      <Execution id="ac7deb4c-1434-4be2-9e05-479a4d8e1d0f" />
      <TestMethod codeBase="C:/Users/Admin/Documents/Visual Studio 2010/Projects/OjoPodo/mppl/OjopodoTestProject/bin/Debug/OjopodoTestProject.DLL" adapterTypeName="Microsoft.VisualStudio.TestTools.TestTypes.Unit.UnitTestAdapter, Microsoft.VisualStudio.QualityTools.Tips.UnitTest.Adapter, Version=10.0.0.0, Culture=neutral, PublicKeyToken=b03f5f7f11d50a3a" className="OjopodoTestProject.ControlCekTest, OjopodoTestProject, Version=1.0.0.0, Culture=neutral, PublicKeyToken=null" name="createFingerPrintTest2" />
      <AspNet webSiteUrl="http://localhost:1904/">
        <Host pathToWebApp="C:\Users\Admin\Documents\Visual Studio 2010\Projects\OjoPodo\mppl\mppl" webAppRoot="/" />
      </AspNet>
    </UnitTest>
    <UnitTest name="LoginConstructorTest" storage="c:\users\admin\documents\visual studio 2010\projects\ojopodo\mppl\ojopodotestproject\bin\debug\ojopodotestproject.dll" id="f4ab2284-0796-b3b4-6586-043a1f5db87c">
      <Execution id="9d66b00a-783e-4024-aa61-580dfb27792a" />
      <TestMethod codeBase="C:/Users/Admin/Documents/Visual Studio 2010/Projects/OjoPodo/mppl/OjopodoTestProject/bin/Debug/OjopodoTestProject.DLL" adapterTypeName="Microsoft.VisualStudio.TestTools.TestTypes.Unit.UnitTestAdapter, Microsoft.VisualStudio.QualityTools.Tips.UnitTest.Adapter, Version=10.0.0.0, Culture=neutral, PublicKeyToken=b03f5f7f11d50a3a" className="OjopodoTestProject.LoginTest, OjopodoTestProject, Version=1.0.0.0, Culture=neutral, PublicKeyToken=null" name="LoginConstructorTest" />
      <AspNet webSiteUrl="http://localhost:1904/">
        <Host pathToWebApp="C:\Users\Admin\Documents\Visual Studio 2010\Projects\OjoPodo\mppl\mppl" webAppRoot="/" />
      </AspNet>
    </UnitTest>
    <UnitTest name="dokumenConstructorTest" storage="c:\users\admin\documents\visual studio 2010\projects\ojopodo\mppl\ojopodotestproject\bin\debug\ojopodotestproject.dll" id="63dd618c-44de-defb-095b-0bda283d9917">
      <Execution id="061d42c5-2bd5-4bf1-a892-00c3ab358f68" />
      <TestMethod codeBase="C:/Users/Admin/Documents/Visual Studio 2010/Projects/OjoPodo/mppl/OjopodoTestProject/bin/Debug/OjopodoTestProject.DLL" adapterTypeName="Microsoft.VisualStudio.TestTools.TestTypes.Unit.UnitTestAdapter, Microsoft.VisualStudio.QualityTools.Tips.UnitTest.Adapter, Version=10.0.0.0, Culture=neutral, PublicKeyToken=b03f5f7f11d50a3a" className="OjopodoTestProject.dokumenTest, OjopodoTestProject, Version=1.0.0.0, Culture=neutral, PublicKeyToken=null" name="dokumenConstructorTest" />
      <AspNet webSiteUrl="http://localhost:1904/">
        <Host pathToWebApp="C:\Users\Admin\Documents\Visual Studio 2010\Projects\OjoPodo\mppl\mppl" webAppRoot="/" />
      </AspNet>
    </UnitTest>
    <UnitTest name="pengarangTest" storage="c:\users\admin\documents\visual studio 2010\projects\ojopodo\mppl\ojopodotestproject\bin\debug\ojopodotestproject.dll" id="701c7dfa-8954-700d-dd56-2a387509e2af">
      <Execution id="1b5d62bb-5c68-4cdb-995a-488ad95493be" />
      <TestMethod codeBase="C:/Users/Admin/Documents/Visual Studio 2010/Projects/OjoPodo/mppl/OjopodoTestProject/bin/Debug/OjopodoTestProject.DLL" adapterTypeName="Microsoft.VisualStudio.TestTools.TestTypes.Unit.UnitTestAdapter, Microsoft.VisualStudio.QualityTools.Tips.UnitTest.Adapter, Version=10.0.0.0, Culture=neutral, PublicKeyToken=b03f5f7f11d50a3a" className="OjopodoTestProject.dokumenTest, OjopodoTestProject, Version=1.0.0.0, Culture=neutral, PublicKeyToken=null" name="pengarangTest" />
      <AspNet webSiteUrl="http://localhost:1904/">
        <Host pathToWebApp="C:\Users\Admin\Documents\Visual Studio 2010\Projects\OjoPodo\mppl\mppl" webAppRoot="/" />
      </AspNet>
    </UnitTest>
    <UnitTest name="DocumentsTest1" storage="c:\users\admin\documents\visual studio 2010\projects\ojopodo\mppl\ojopodotestproject\bin\debug\ojopodotestproject.dll" id="41fd4415-03a1-e32e-4bbc-22eefda04551">
      <Execution id="8fe6a664-9ccd-416e-a16f-a5f41d3334d9" />
      <TestMethod codeBase="C:/Users/Admin/Documents/Visual Studio 2010/Projects/OjoPodo/mppl/OjopodoTestProject/bin/Debug/OjopodoTestProject.DLL" adapterTypeName="Microsoft.VisualStudio.TestTools.TestTypes.Unit.UnitTestAdapter, Microsoft.VisualStudio.QualityTools.Tips.UnitTest.Adapter, Version=10.0.0.0, Culture=neutral, PublicKeyToken=b03f5f7f11d50a3a" className="OjopodoTestProject._ApplicationTest, OjopodoTestProject, Version=1.0.0.0, Culture=neutral, PublicKeyToken=null" name="DocumentsTest1" />
      <AspNet webSiteUrl="http://localhost:1904/">
        <Host pathToWebApp="C:\Users\Admin\Documents\Visual Studio 2010\Projects\OjoPodo\mppl\mppl" webAppRoot="/" />
      </AspNet>
    </UnitTest>
    <UnitTest name="DocumentsTest" storage="c:\users\admin\documents\visual studio 2010\projects\ojopodo\mppl\ojopodotestproject\bin\debug\ojopodotestproject.dll" id="0a26fe68-e0ec-8127-38bd-7ebe0211af3a">
      <Execution id="f3e62456-6e9f-4fea-acbd-d28c86dccc68" />
      <TestMethod codeBase="C:/Users/Admin/Documents/Visual Studio 2010/Projects/OjoPodo/mppl/OjopodoTestProject/bin/Debug/OjopodoTestProject.DLL" adapterTypeName="Microsoft.VisualStudio.TestTools.TestTypes.Unit.UnitTestAdapter, Microsoft.VisualStudio.QualityTools.Tips.UnitTest.Adapter, Version=10.0.0.0, Culture=neutral, PublicKeyToken=b03f5f7f11d50a3a" className="OjopodoTestProject._ApplicationTest, OjopodoTestProject, Version=1.0.0.0, Culture=neutral, PublicKeyToken=null" name="DocumentsTest" />
      <AspNet webSiteUrl="http://localhost:1904/">
        <Host pathToWebApp="C:\Users\Admin\Documents\Visual Studio 2010\Projects\OjoPodo\mppl\mppl" webAppRoot="/" />
      </AspNet>
    </UnitTest>
    <UnitTest name="id_dokumenTest" storage="c:\users\admin\documents\visual studio 2010\projects\ojopodo\mppl\ojopodotestproject\bin\debug\ojopodotestproject.dll" id="5b533d6f-2c8e-d001-f58e-8861d69e309a">
      <Execution id="47df2932-b2b5-4a73-9499-4b3bba5968d9" />
      <TestMethod codeBase="C:/Users/Admin/Documents/Visual Studio 2010/Projects/OjoPodo/mppl/OjopodoTestProject/bin/Debug/OjopodoTestProject.DLL" adapterTypeName="Microsoft.VisualStudio.TestTools.TestTypes.Unit.UnitTestAdapter, Microsoft.VisualStudio.QualityTools.Tips.UnitTest.Adapter, Version=10.0.0.0, Culture=neutral, PublicKeyToken=b03f5f7f11d50a3a" className="OjopodoTestProject.dokumenTest, OjopodoTestProject, Version=1.0.0.0, Culture=neutral, PublicKeyToken=null" name="id_dokumenTest" />
      <AspNet webSiteUrl="http://localhost:1904/">
        <Host pathToWebApp="C:\Users\Admin\Documents\Visual Studio 2010\Projects\OjoPodo\mppl\mppl" webAppRoot="/" />
      </AspNet>
    </UnitTest>
    <UnitTest name="Page_LoadTest1" storage="c:\users\admin\documents\visual studio 2010\projects\ojopodo\mppl\ojopodotestproject\bin\debug\ojopodotestproject.dll" id="3bd5eddd-7fce-6947-200f-ae75739ac7b2">
      <DeploymentItems>
        <DeploymentItem filename="mppl.dll" />
      </DeploymentItems>
      <Execution id="4c113312-4859-4b19-bb18-07c88c120ac8" />
      <TestMethod codeBase="C:/Users/Admin/Documents/Visual Studio 2010/Projects/OjoPodo/mppl/OjopodoTestProject/bin/Debug/OjopodoTestProject.DLL" adapterTypeName="Microsoft.VisualStudio.TestTools.TestTypes.Unit.UnitTestAdapter, Microsoft.VisualStudio.QualityTools.Tips.UnitTest.Adapter, Version=10.0.0.0, Culture=neutral, PublicKeyToken=b03f5f7f11d50a3a" className="OjopodoTestProject.FormDokumenTest, OjopodoTestProject, Version=1.0.0.0, Culture=neutral, PublicKeyToken=null" name="Page_LoadTest1" />
      <AspNet webSiteUrl="http://localhost:1904/">
        <Host pathToWebApp="C:\Users\Admin\Documents\Visual Studio 2010\Projects\OjoPodo\mppl\mppl" webAppRoot="/" />
      </AspNet>
    </UnitTest>
    <UnitTest name="namauserTest" storage="c:\users\admin\documents\visual studio 2010\projects\ojopodo\mppl\ojopodotestproject\bin\debug\ojopodotestproject.dll" id="ed153b8e-5510-f85f-203b-f0eb2ff4cd27">
      <Execution id="5d83ca92-8eaf-482f-b66d-af676e3e10db" />
      <TestMethod codeBase="C:/Users/Admin/Documents/Visual Studio 2010/Projects/OjoPodo/mppl/OjopodoTestProject/bin/Debug/OjopodoTestProject.DLL" adapterTypeName="Microsoft.VisualStudio.TestTools.TestTypes.Unit.UnitTestAdapter, Microsoft.VisualStudio.QualityTools.Tips.UnitTest.Adapter, Version=10.0.0.0, Culture=neutral, PublicKeyToken=b03f5f7f11d50a3a" className="OjopodoTestProject.userTest, OjopodoTestProject, Version=1.0.0.0, Culture=neutral, PublicKeyToken=null" name="namauserTest" />
      <AspNet webSiteUrl="http://localhost:1904/">
        <Host pathToWebApp="C:\Users\Admin\Documents\Visual Studio 2010\Projects\OjoPodo\mppl\mppl" webAppRoot="/" />
      </AspNet>
    </UnitTest>
    <UnitTest name="FormDokumenConstructorTest2" storage="c:\users\admin\documents\visual studio 2010\projects\ojopodo\mppl\ojopodotestproject\bin\debug\ojopodotestproject.dll" id="c2e1fd11-05c2-021c-0ffd-f8228eae2afd">
      <Execution id="4c8b7d38-7de4-4611-97ed-2874443c5e1a" />
      <TestMethod codeBase="C:/Users/Admin/Documents/Visual Studio 2010/Projects/OjoPodo/mppl/OjopodoTestProject/bin/Debug/OjopodoTestProject.DLL" adapterTypeName="Microsoft.VisualStudio.TestTools.TestTypes.Unit.UnitTestAdapter, Microsoft.VisualStudio.QualityTools.Tips.UnitTest.Adapter, Version=10.0.0.0, Culture=neutral, PublicKeyToken=b03f5f7f11d50a3a" className="OjopodoTestProject.FormDokumenTest, OjopodoTestProject, Version=1.0.0.0, Culture=neutral, PublicKeyToken=null" name="FormDokumenConstructorTest2" />
      <AspNet webSiteUrl="http://localhost:1904/">
        <Host pathToWebApp="C:\Users\Admin\Documents\Visual Studio 2010\Projects\OjoPodo\mppl\mppl" webAppRoot="/" />
      </AspNet>
    </UnitTest>
    <UnitTest name="SiteMasterConstructorTest" storage="c:\users\admin\documents\visual studio 2010\projects\ojopodo\mppl\ojopodotestproject\bin\debug\ojopodotestproject.dll" id="e89fa820-b74d-fe37-b0e0-9c96481fff5f">
      <Execution id="3fd6031f-ce5b-4fbd-a955-caf6c3935fbb" />
      <TestMethod codeBase="C:/Users/Admin/Documents/Visual Studio 2010/Projects/OjoPodo/mppl/OjopodoTestProject/bin/Debug/OjopodoTestProject.DLL" adapterTypeName="Microsoft.VisualStudio.TestTools.TestTypes.Unit.UnitTestAdapter, Microsoft.VisualStudio.QualityTools.Tips.UnitTest.Adapter, Version=10.0.0.0, Culture=neutral, PublicKeyToken=b03f5f7f11d50a3a" className="OjopodoTestProject.SiteMasterTest, OjopodoTestProject, Version=1.0.0.0, Culture=neutral, PublicKeyToken=null" name="SiteMasterConstructorTest" />
      <AspNet webSiteUrl="http://localhost:1904/">
        <Host pathToWebApp="C:\Users\Admin\Documents\Visual Studio 2010\Projects\OjoPodo\mppl\mppl" webAppRoot="/" />
      </AspNet>
    </UnitTest>
    <UnitTest name="CreatedokumenTest" storage="c:\users\admin\documents\visual studio 2010\projects\ojopodo\mppl\ojopodotestproject\bin\debug\ojopodotestproject.dll" id="b9aa4ee6-5d0d-2ad1-7516-dcaae3020b81">
      <Execution id="2c862007-82a1-4a29-9394-4e049b1bc666" />
      <TestMethod codeBase="C:/Users/Admin/Documents/Visual Studio 2010/Projects/OjoPodo/mppl/OjopodoTestProject/bin/Debug/OjopodoTestProject.DLL" adapterTypeName="Microsoft.VisualStudio.TestTools.TestTypes.Unit.UnitTestAdapter, Microsoft.VisualStudio.QualityTools.Tips.UnitTest.Adapter, Version=10.0.0.0, Culture=neutral, PublicKeyToken=b03f5f7f11d50a3a" className="OjopodoTestProject.dokumenTest, OjopodoTestProject, Version=1.0.0.0, Culture=neutral, PublicKeyToken=null" name="CreatedokumenTest" />
      <AspNet webSiteUrl="http://localhost:1904/">
        <Host pathToWebApp="C:\Users\Admin\Documents\Visual Studio 2010\Projects\OjoPodo\mppl\mppl" webAppRoot="/" />
      </AspNet>
    </UnitTest>
    <UnitTest name="Application_EndTest" storage="c:\users\admin\documents\visual studio 2010\projects\ojopodo\mppl\ojopodotestproject\bin\debug\ojopodotestproject.dll" id="da817ab1-2743-7f21-688c-5ef8de92f21f">
      <DeploymentItems>
        <DeploymentItem filename="mppl.dll" />
      </DeploymentItems>
      <Execution id="7b4d7a25-9386-4105-9c1f-92ea4c3b282f" />
      <TestMethod codeBase="C:/Users/Admin/Documents/Visual Studio 2010/Projects/OjoPodo/mppl/OjopodoTestProject/bin/Debug/OjopodoTestProject.DLL" adapterTypeName="Microsoft.VisualStudio.TestTools.TestTypes.Unit.UnitTestAdapter, Microsoft.VisualStudio.QualityTools.Tips.UnitTest.Adapter, Version=10.0.0.0, Culture=neutral, PublicKeyToken=b03f5f7f11d50a3a" className="OjopodoTestProject.GlobalTest, OjopodoTestProject, Version=1.0.0.0, Culture=neutral, PublicKeyToken=null" name="Application_EndTest" />
      <AspNet webSiteUrl="http://localhost:1904/">
        <Host pathToWebApp="C:\Users\Admin\Documents\Visual Studio 2010\Projects\OjoPodo\mppl\mppl" webAppRoot="/" />
      </AspNet>
    </UnitTest>
    <UnitTest name="id_userTest1" storage="c:\users\admin\documents\visual studio 2010\projects\ojopodo\mppl\ojopodotestproject\bin\debug\ojopodotestproject.dll" id="7e7efa5d-87b9-4fea-d1ac-2e1bdabd13d2">
      <Execution id="8bda4c8c-bdb5-40c4-9bde-93bc54ef7d00" />
      <TestMethod codeBase="C:/Users/Admin/Documents/Visual Studio 2010/Projects/OjoPodo/mppl/OjopodoTestProject/bin/Debug/OjopodoTestProject.DLL" adapterTypeName="Microsoft.VisualStudio.TestTools.TestTypes.Unit.UnitTestAdapter, Microsoft.VisualStudio.QualityTools.Tips.UnitTest.Adapter, Version=10.0.0.0, Culture=neutral, PublicKeyToken=b03f5f7f11d50a3a" className="OjopodoTestProject.userTest, OjopodoTestProject, Version=1.0.0.0, Culture=neutral, PublicKeyToken=null" name="id_userTest1" />
      <AspNet webSiteUrl="http://localhost:1904/">
        <Host pathToWebApp="C:\Users\Admin\Documents\Visual Studio 2010\Projects\OjoPodo\mppl\mppl" webAppRoot="/" />
      </AspNet>
    </UnitTest>
    <UnitTest name="Page_LoadTest" storage="c:\users\admin\documents\visual studio 2010\projects\ojopodo\mppl\ojopodotestproject\bin\debug\ojopodotestproject.dll" id="e320810d-0807-4335-07b4-ca6083f2d375">
      <DeploymentItems>
        <DeploymentItem filename="mppl.dll" />
      </DeploymentItems>
      <Execution id="43ac5f5a-3035-43e2-9eae-516e5f1c4198" />
      <TestMethod codeBase="C:/Users/Admin/Documents/Visual Studio 2010/Projects/OjoPodo/mppl/OjopodoTestProject/bin/Debug/OjopodoTestProject.DLL" adapterTypeName="Microsoft.VisualStudio.TestTools.TestTypes.Unit.UnitTestAdapter, Microsoft.VisualStudio.QualityTools.Tips.UnitTest.Adapter, Version=10.0.0.0, Culture=neutral, PublicKeyToken=b03f5f7f11d50a3a" className="OjopodoTestProject.formCekUITest, OjopodoTestProject, Version=1.0.0.0, Culture=neutral, PublicKeyToken=null" name="Page_LoadTest" />
      <AspNet webSiteUrl="http://localhost:1904/">
        <Host pathToWebApp="C:\Users\Admin\Documents\Visual Studio 2010\Projects\OjoPodo\mppl\mppl" webAppRoot="/" />
      </AspNet>
    </UnitTest>
  </TestDefinitions>
  <TestLists>
    <TestList name="Results Not in a List" id="8c84fa94-04c1-424b-9868-57a2d4851a1d" />
    <TestList name="All Loaded Results" id="19431567-8539-422a-85d7-44ee4e166bda" />
  </TestLists>
  <TestEntries>
    <TestEntry testId="c9d757f6-1a08-f7b4-98e9-65d3146b0498" executionId="3f458411-83cf-4515-994d-41da2688b866" testListId="8c84fa94-04c1-424b-9868-57a2d4851a1d" />
    <TestEntry testId="ca3aa9db-0cba-fcd0-10f5-747dd263a49e" executionId="6b6174ee-758f-4ad0-95c7-1009fd5b908c" testListId="8c84fa94-04c1-424b-9868-57a2d4851a1d" />
    <TestEntry testId="2dc6ae02-a4bb-239f-0994-592d791b9742" executionId="9b333dca-a96c-4d45-b38a-717efd30fb99" testListId="8c84fa94-04c1-424b-9868-57a2d4851a1d" />
    <TestEntry testId="a2899660-89f1-6448-7f93-0006780ab421" executionId="b37bea81-4263-4f2b-8a1f-a69d5c25ac58" testListId="8c84fa94-04c1-424b-9868-57a2d4851a1d" />
    <TestEntry testId="ef735321-e8ca-c197-a69c-cbbcac1ad724" executionId="8e1ab4d5-5fd6-4745-aa57-f1936e107fbf" testListId="8c84fa94-04c1-424b-9868-57a2d4851a1d" />
    <TestEntry testId="9fd6ddcc-dce1-9122-28d8-991e28340a1f" executionId="31c57836-2ebf-474e-9344-0f42575a701c" testListId="8c84fa94-04c1-424b-9868-57a2d4851a1d" />
    <TestEntry testId="0dcbd4e9-295c-7c4b-8f3f-7cf71ccc8de3" executionId="39d06bba-7a8d-4c89-8689-78117f485283" testListId="8c84fa94-04c1-424b-9868-57a2d4851a1d" />
    <TestEntry testId="06e46fb7-5c0d-2df5-963f-a740506f1a5d" executionId="c244d957-68c6-4032-93a9-db14d2fca4ad" testListId="8c84fa94-04c1-424b-9868-57a2d4851a1d" />
    <TestEntry testId="e9289cd3-b115-770d-29f2-23e3804c6430" executionId="53b8ff69-efa8-4e17-a77b-45d49e2af98b" testListId="8c84fa94-04c1-424b-9868-57a2d4851a1d" />
    <TestEntry testId="1f20f062-a6d2-2673-5b32-9716fcfd97a3" executionId="e8fa1b19-ff77-4c48-b8f3-6337aa2d427c" testListId="8c84fa94-04c1-424b-9868-57a2d4851a1d" />
    <TestEntry testId="f3be4e00-7dc4-f436-3a48-2f20ddf9fa9f" executionId="87b635e0-5e8a-48b3-9a6c-8df70e04fcab" testListId="8c84fa94-04c1-424b-9868-57a2d4851a1d" />
    <TestEntry testId="92f916e5-bab0-f438-aa57-1a4b31ecac32" executionId="f4f7e4f7-5d37-4603-91a3-70747f61abb6" testListId="8c84fa94-04c1-424b-9868-57a2d4851a1d" />
    <TestEntry testId="3bd5eddd-7fce-6947-200f-ae75739ac7b2" executionId="4c113312-4859-4b19-bb18-07c88c120ac8" testListId="8c84fa94-04c1-424b-9868-57a2d4851a1d" />
    <TestEntry testId="c2e1fd11-05c2-021c-0ffd-f8228eae2afd" executionId="4c8b7d38-7de4-4611-97ed-2874443c5e1a" testListId="8c84fa94-04c1-424b-9868-57a2d4851a1d" />
    <TestEntry testId="2339d765-34c2-8bae-8cba-8a41bfb666aa" executionId="4a9502c0-a98e-4e5d-affe-a8d8231ed6e6" testListId="8c84fa94-04c1-424b-9868-57a2d4851a1d" />
    <TestEntry testId="839b1fda-f48a-29f2-f1a5-52dd9999b657" executionId="ccb42994-604c-41ee-b96e-e3ad649300ee" testListId="8c84fa94-04c1-424b-9868-57a2d4851a1d" />
    <TestEntry testId="95d01829-ccc5-cca6-d234-3ab32a72a0cd" executionId="bfc6bdbd-f649-40ef-b735-fc369344b92a" testListId="8c84fa94-04c1-424b-9868-57a2d4851a1d" />
    <TestEntry testId="8b701a3f-93a8-9878-8623-9c67db29b59c" executionId="0e4b750c-b0fa-4f2b-9d5f-fc6d3ea2e5a0" testListId="8c84fa94-04c1-424b-9868-57a2d4851a1d" />
    <TestEntry testId="369b0c99-20fc-4ac1-5242-c17dd1d5d835" executionId="1590c66c-887d-46cc-8b64-0583db13f130" testListId="8c84fa94-04c1-424b-9868-57a2d4851a1d" />
    <TestEntry testId="27ce6f97-ece5-809b-636f-82bc7b9c58ec" executionId="e5a4a753-9fb9-4ec1-bcc0-9050703d688e" testListId="8c84fa94-04c1-424b-9868-57a2d4851a1d" />
    <TestEntry testId="558595be-74aa-963a-e0f0-5880442e96eb" executionId="d996a68c-e5bc-43c5-8ee2-a4b8085133b9" testListId="8c84fa94-04c1-424b-9868-57a2d4851a1d" />
    <TestEntry testId="6a6336ba-2fc7-9954-5b0b-4d9d90d6f4e6" executionId="a139b88e-41c9-4400-ad88-df4ce0876e36" testListId="8c84fa94-04c1-424b-9868-57a2d4851a1d" />
    <TestEntry testId="b34e7cad-320f-65d5-3d96-dca0fbb6ccf9" executionId="051db754-80ed-44b2-8c22-ca0ed734df18" testListId="8c84fa94-04c1-424b-9868-57a2d4851a1d" />
    <TestEntry testId="d07bf94f-8047-63d0-95ab-bb4fbca19305" executionId="d95a4ec5-b719-4e6a-aa9d-d5d78c31dad1" testListId="8c84fa94-04c1-424b-9868-57a2d4851a1d" />
    <TestEntry testId="92ef12d5-42de-df64-6e6a-8ee14f99027f" executionId="dd7fce44-c978-4091-9b88-cc494673d724" testListId="8c84fa94-04c1-424b-9868-57a2d4851a1d" />
    <TestEntry testId="125cc352-7d78-77fc-968b-29d124f59e9c" executionId="f7f21670-100d-4115-b219-1114562c0ca1" testListId="8c84fa94-04c1-424b-9868-57a2d4851a1d" />
    <TestEntry testId="efdfb740-9466-62f8-1f52-edef9d4aa4f8" executionId="c47566d3-9d78-4399-867a-49548e2cbae4" testListId="8c84fa94-04c1-424b-9868-57a2d4851a1d" />
    <TestEntry testId="03e6391d-8e94-0978-2d94-fb5f513b97bc" executionId="4e01280a-ff4c-412e-bc93-5aca1e904154" testListId="8c84fa94-04c1-424b-9868-57a2d4851a1d" />
    <TestEntry testId="157b92f6-8d1d-ce72-81a1-4894a422c97c" executionId="894d626a-95c0-4524-b2c1-9bf01897fe53" testListId="8c84fa94-04c1-424b-9868-57a2d4851a1d" />
    <TestEntry testId="a797a4cf-b830-5294-fc22-c68e7a3accd2" executionId="6e97ff4d-4ab6-46b0-ac10-a211c81570fc" testListId="8c84fa94-04c1-424b-9868-57a2d4851a1d" />
    <TestEntry testId="4cfebc9f-d377-64af-b02c-c029c127ff75" executionId="68403ec4-36ff-48a2-a4e1-c1559a9b01f8" testListId="8c84fa94-04c1-424b-9868-57a2d4851a1d" />
    <TestEntry testId="f53ffab6-db4b-bc18-1d36-214375d18ed2" executionId="f1c9e35f-c08a-4f37-bb75-f0460b986a87" testListId="8c84fa94-04c1-424b-9868-57a2d4851a1d" />
    <TestEntry testId="c88be32e-bcc2-0ae4-a885-bdbd38dd1b01" executionId="7794228c-4bcf-494e-a2e9-c7510c6f9b17" testListId="8c84fa94-04c1-424b-9868-57a2d4851a1d" />
    <TestEntry testId="5dd0e4b6-2fd8-c0d8-d4e2-1952f7877659" executionId="52a354c1-3a47-43b8-ba9a-f5512046fe5e" testListId="8c84fa94-04c1-424b-9868-57a2d4851a1d" />
    <TestEntry testId="58b5f6af-ee3b-0101-403f-8c761b6c47c6" executionId="591c5dd9-0fae-42f2-ba83-aee0a561e559" testListId="8c84fa94-04c1-424b-9868-57a2d4851a1d" />
    <TestEntry testId="11d51ad4-d90b-1938-c03b-7872ca375fae" executionId="7ed8d686-a618-4f50-a6a2-c61139eca391" testListId="8c84fa94-04c1-424b-9868-57a2d4851a1d" />
    <TestEntry testId="6227526f-3f64-3e5b-7906-9a22d4fbd258" executionId="f751a79b-ccbe-4dcb-81d8-03ca8c1e8e62" testListId="8c84fa94-04c1-424b-9868-57a2d4851a1d" />
    <TestEntry testId="8a96e5bc-a94b-24be-9a2d-ef2133d39e83" executionId="c6bade08-59c5-4f98-95ad-525c23a79eff" testListId="8c84fa94-04c1-424b-9868-57a2d4851a1d" />
    <TestEntry testId="3739142b-6f26-80db-8216-ffad29a08f8b" executionId="4ed94669-a204-433b-9787-c5150173fc50" testListId="8c84fa94-04c1-424b-9868-57a2d4851a1d" />
    <TestEntry testId="ef08d7fc-b128-faf0-ba82-611f42e86d1f" executionId="be5cd37d-da14-4ba9-a311-66f105738e97" testListId="8c84fa94-04c1-424b-9868-57a2d4851a1d" />
    <TestEntry testId="e88d70ef-d237-0192-42cc-422cd12b1857" executionId="bcd18f81-287f-44e7-93c8-ac9dc0a72da4" testListId="8c84fa94-04c1-424b-9868-57a2d4851a1d" />
    <TestEntry testId="a699a447-852e-5139-fa5a-1f8797ade117" executionId="4a1f15b3-2726-494d-afd1-f560b94ce08b" testListId="8c84fa94-04c1-424b-9868-57a2d4851a1d" />
    <TestEntry testId="ce3f4fb4-9644-2f5f-f3c0-f596f71430e8" executionId="6ccf13b6-4c83-4a3c-8a72-cdf247caf86b" testListId="8c84fa94-04c1-424b-9868-57a2d4851a1d" />
    <TestEntry testId="3b05bb0a-91a7-570d-f3e5-6770bc8af463" executionId="25d4e4c6-f86e-42e7-b7b1-d15b0e9dabf3" testListId="8c84fa94-04c1-424b-9868-57a2d4851a1d" />
    <TestEntry testId="51e50505-664d-ba89-1be0-d65fae32f623" executionId="51748d68-bf8b-4599-8964-6feecebbe27e" testListId="8c84fa94-04c1-424b-9868-57a2d4851a1d" />
    <TestEntry testId="7c9ab0e5-c4cd-674a-ce89-8121d9ef4247" executionId="b0ad17fa-1672-4b3d-9be1-606c2167b881" testListId="8c84fa94-04c1-424b-9868-57a2d4851a1d" />
    <TestEntry testId="a1692e17-fdd5-2a92-21a0-a1f0d67b4f17" executionId="c0d0b4c6-500f-4c8c-8205-b27b0b95eb41" testListId="8c84fa94-04c1-424b-9868-57a2d4851a1d" />
    <TestEntry testId="91318277-08f6-3704-7b55-e418f165b38d" executionId="ac7deb4c-1434-4be2-9e05-479a4d8e1d0f" testListId="8c84fa94-04c1-424b-9868-57a2d4851a1d" />
    <TestEntry testId="d4bde4a9-a125-1063-0b31-52e76a6d1032" executionId="f7a36622-58a9-487b-abe2-e474d03d470a" testListId="8c84fa94-04c1-424b-9868-57a2d4851a1d" />
    <TestEntry testId="bf9b63b5-db3e-6683-43fd-6254891ffcd0" executionId="126d4d55-fd82-479a-908e-8e5ecadebaad" testListId="8c84fa94-04c1-424b-9868-57a2d4851a1d" />
    <TestEntry testId="2acf2280-bb85-7972-3410-c5621017b3e0" executionId="561dd1db-e5cf-4335-8e13-e3d44d9f7076" testListId="8c84fa94-04c1-424b-9868-57a2d4851a1d" />
    <TestEntry testId="1289c68f-9b5d-2bf6-4be5-0d5fe51cbce5" executionId="395da407-a40e-4cd3-91ea-d10de8b8b6a1" testListId="8c84fa94-04c1-424b-9868-57a2d4851a1d" />
    <TestEntry testId="d9d47804-5928-aea8-b35d-3672c7dd24b2" executionId="bd06cfd9-d744-414e-865d-68784ff19560" testListId="8c84fa94-04c1-424b-9868-57a2d4851a1d" />
    <TestEntry testId="a4433993-2487-547b-d585-2365a7f7daed" executionId="309daf5b-4265-40ff-b124-c2f0d6a9dab7" testListId="8c84fa94-04c1-424b-9868-57a2d4851a1d" />
    <TestEntry testId="e90bb5c9-b014-8321-409a-23dd35feb9fb" executionId="191cabfc-4783-4bfa-823a-b3d56d89b1e6" testListId="8c84fa94-04c1-424b-9868-57a2d4851a1d" />
    <TestEntry testId="26b83414-d9ca-8fd0-9185-f8c357e7dc1b" executionId="aab63635-13ee-4379-8ac0-9370aa9ff2a0" testListId="8c84fa94-04c1-424b-9868-57a2d4851a1d" />
    <TestEntry testId="32c0b9ed-96d9-1c46-f496-5b8d4d539a4b" executionId="6ea6cb04-e865-4baa-a6cf-04998321c498" testListId="8c84fa94-04c1-424b-9868-57a2d4851a1d" />
    <TestEntry testId="75e4460c-3e2e-b731-27b2-0d4d564edf77" executionId="f7b8a03c-1e27-434a-94c1-83a8213e435a" testListId="8c84fa94-04c1-424b-9868-57a2d4851a1d" />
    <TestEntry testId="2a4e0f54-5912-32cb-b4f8-e3f4dbada93f" executionId="8c5c9b20-69fd-4f2b-9fe9-e839904ca3c1" testListId="8c84fa94-04c1-424b-9868-57a2d4851a1d" />
    <TestEntry testId="ad19bc97-7157-a8b3-1a93-72b7f274b947" executionId="6db998a1-5c82-4642-a280-7baa97c32c9f" testListId="8c84fa94-04c1-424b-9868-57a2d4851a1d" />
    <TestEntry testId="c2725601-7581-fd21-8cfc-f04e99058454" executionId="ec92347c-f533-4f48-b2b1-9e34191976f9" testListId="8c84fa94-04c1-424b-9868-57a2d4851a1d" />
    <TestEntry testId="62a3aea6-1f36-6c98-3ca9-fa64876b70bc" executionId="2edbb808-7428-464e-bb7e-b7758d1538d9" testListId="8c84fa94-04c1-424b-9868-57a2d4851a1d" />
    <TestEntry testId="a1fd480a-899c-2f01-7e0a-fc628a5a9fb3" executionId="dd53bebb-d4d2-48a3-ac40-934abe76df27" testListId="8c84fa94-04c1-424b-9868-57a2d4851a1d" />
    <TestEntry testId="ba89483e-d7f5-15f5-1fac-80c74332fcf1" executionId="567344a5-45d9-413a-bdfe-5db14a25ba94" testListId="8c84fa94-04c1-424b-9868-57a2d4851a1d" />
    <TestEntry testId="3098ab9c-926b-8ba8-fc81-11f4715f1c5d" executionId="8db8a550-560f-40e9-a6ad-c3e0cf06f4cd" testListId="8c84fa94-04c1-424b-9868-57a2d4851a1d" />
    <TestEntry testId="4b3af668-3ad1-6912-e9b5-039fba3a0624" executionId="9d8e0c89-c591-4a6d-ba73-e5b013f93946" testListId="8c84fa94-04c1-424b-9868-57a2d4851a1d" />
    <TestEntry testId="e4b7a1cd-439f-8431-3f3a-d83dfaba6f7e" executionId="515cf62e-12a1-4026-9371-d2182e31a48f" testListId="8c84fa94-04c1-424b-9868-57a2d4851a1d" />
    <TestEntry testId="9052e00b-ef7e-d40b-12c9-c6f6d7135c10" executionId="a836ab59-c83b-4ce9-8ac9-f02e9a7b9e7b" testListId="8c84fa94-04c1-424b-9868-57a2d4851a1d" />
    <TestEntry testId="e8e8089e-b63c-b4a2-7cfe-b9b154554811" executionId="2ce050f6-52aa-401d-b1b1-6f8ad2010f88" testListId="8c84fa94-04c1-424b-9868-57a2d4851a1d" />
    <TestEntry testId="f6332b14-8b0e-6c1a-8542-dbf2c7a5e6d7" executionId="b0007ded-ad25-4b3e-9312-d2e68061ef6c" testListId="8c84fa94-04c1-424b-9868-57a2d4851a1d" />
    <TestEntry testId="5383b0b3-c181-d1cd-dbad-5a516ca62625" executionId="82c7c335-903e-4003-a6c6-b803a7e1a690" testListId="8c84fa94-04c1-424b-9868-57a2d4851a1d" />
    <TestEntry testId="43c82ab0-da60-a90d-edac-128d1a72635d" executionId="ed9c3229-90e6-490f-99bb-e618c98f4fc5" testListId="8c84fa94-04c1-424b-9868-57a2d4851a1d" />
    <TestEntry testId="2e6857f5-e4e3-ef1b-e058-01129603c6da" executionId="a9515e97-3c35-4a08-9c6b-6ca8d20ab6af" testListId="8c84fa94-04c1-424b-9868-57a2d4851a1d" />
    <TestEntry testId="9a260353-e0d0-f05d-e4e8-4e00caf49b04" executionId="bda28929-c6be-4290-8819-9b1a8ee1d39b" testListId="8c84fa94-04c1-424b-9868-57a2d4851a1d" />
    <TestEntry testId="59b3b4b7-770d-ca68-8ff3-dc9f615160fb" executionId="dc16fb77-6731-4cd9-866e-42e212c97276" testListId="8c84fa94-04c1-424b-9868-57a2d4851a1d" />
    <TestEntry testId="8d40039d-6545-2e64-7ae5-8b2c2c0b34e5" executionId="432d866c-4c62-4328-969b-56d525ac7d6f" testListId="8c84fa94-04c1-424b-9868-57a2d4851a1d" />
    <TestEntry testId="4c0e263d-f39c-cb2f-6ddb-9e42a6574d34" executionId="28c99dab-edd4-4bed-be9d-98fe9d04f91c" testListId="8c84fa94-04c1-424b-9868-57a2d4851a1d" />
    <TestEntry testId="98613ab8-3831-19a4-9233-6799fbdfe76d" executionId="a97deb68-3a69-4e23-bf73-4f8f86bd76da" testListId="8c84fa94-04c1-424b-9868-57a2d4851a1d" />
    <TestEntry testId="611875e9-08f5-777d-3050-625c86bffeec" executionId="f270fc8e-19fc-462e-9f4b-672a7729796f" testListId="8c84fa94-04c1-424b-9868-57a2d4851a1d" />
    <TestEntry testId="f99a1701-4cc9-9971-2284-65d99fe1f84d" executionId="776be7b8-50e5-4a91-8a91-f633919e4237" testListId="8c84fa94-04c1-424b-9868-57a2d4851a1d" />
    <TestEntry testId="a04f1ec2-e1d0-b2ab-f6f9-efba637ab7ae" executionId="5db80252-5d1a-4828-a558-bc76213119f5" testListId="8c84fa94-04c1-424b-9868-57a2d4851a1d" />
    <TestEntry testId="5399227d-bc55-42e1-34de-ac63001b8a22" executionId="6d6cdb71-ed7e-477b-bf95-c6867990a286" testListId="8c84fa94-04c1-424b-9868-57a2d4851a1d" />
    <TestEntry testId="e89fa820-b74d-fe37-b0e0-9c96481fff5f" executionId="3fd6031f-ce5b-4fbd-a955-caf6c3935fbb" testListId="8c84fa94-04c1-424b-9868-57a2d4851a1d" />
    <TestEntry testId="d860fcba-a828-179e-6fdb-c102d08d2cc5" executionId="9de3af52-b2ce-4bc9-9836-7bca44762531" testListId="8c84fa94-04c1-424b-9868-57a2d4851a1d" />
    <TestEntry testId="6922ebaa-31fc-5328-5608-af7050535f42" executionId="c8e93157-718b-4404-91a4-236345e14895" testListId="8c84fa94-04c1-424b-9868-57a2d4851a1d" />
    <TestEntry testId="5deb9f7c-5c2c-5ae9-8cb9-a9140e695c54" executionId="66195933-4dd8-4c73-9b39-50d19e622519" testListId="8c84fa94-04c1-424b-9868-57a2d4851a1d" />
    <TestEntry testId="69357bf5-a1e4-cd1a-9a34-6beb5e0e5181" executionId="1ed75fd2-1aad-4175-b4c2-ada982b36f54" testListId="8c84fa94-04c1-424b-9868-57a2d4851a1d" />
    <TestEntry testId="0a26fe68-e0ec-8127-38bd-7ebe0211af3a" executionId="f3e62456-6e9f-4fea-acbd-d28c86dccc68" testListId="8c84fa94-04c1-424b-9868-57a2d4851a1d" />
    <TestEntry testId="64ea801d-33d6-013c-5185-7e54b431c6bd" executionId="bc102796-a857-44a9-a750-639a2a8a1a66" testListId="8c84fa94-04c1-424b-9868-57a2d4851a1d" />
    <TestEntry testId="8523ad9c-e985-f221-3147-03c6f459cf88" executionId="a6ab763e-c336-4b33-9a1e-36a466622971" testListId="8c84fa94-04c1-424b-9868-57a2d4851a1d" />
    <TestEntry testId="235e3ff4-3a6e-575e-ac74-c70e2cbb4f4f" executionId="534fc47c-cbe2-4e5e-8f29-19695672b0b4" testListId="8c84fa94-04c1-424b-9868-57a2d4851a1d" />
    <TestEntry testId="7273a285-324a-d6db-db0d-ed890d703a7f" executionId="9fa3d437-6127-473c-8860-f6321419338e" testListId="8c84fa94-04c1-424b-9868-57a2d4851a1d" />
    <TestEntry testId="41fd4415-03a1-e32e-4bbc-22eefda04551" executionId="8fe6a664-9ccd-416e-a16f-a5f41d3334d9" testListId="8c84fa94-04c1-424b-9868-57a2d4851a1d" />
    <TestEntry testId="e15f489a-b682-e418-d3b8-c99292175c8c" executionId="c1455961-b512-4d4d-8a81-cd1cbd36334b" testListId="8c84fa94-04c1-424b-9868-57a2d4851a1d" />
    <TestEntry testId="f224e4bc-374e-e0b2-2174-2223c27b2629" executionId="4bd7191e-2396-492e-9f2f-9eaf4883123a" testListId="8c84fa94-04c1-424b-9868-57a2d4851a1d" />
    <TestEntry testId="d2454569-8d45-367e-a633-6cb9b55ecd61" executionId="26057eb1-9736-4bba-8d9c-0dd00aed15cc" testListId="8c84fa94-04c1-424b-9868-57a2d4851a1d" />
    <TestEntry testId="ef6c8606-cfba-9915-b5b2-5226c9cf9e4c" executionId="db37e430-ac01-4f04-bbdd-e4c507743e06" testListId="8c84fa94-04c1-424b-9868-57a2d4851a1d" />
    <TestEntry testId="8c780886-5434-09f5-5604-1f2322205103" executionId="7e199161-67fa-46eb-9169-16c5de2edff0" testListId="8c84fa94-04c1-424b-9868-57a2d4851a1d" />
    <TestEntry testId="f1e975b5-d35b-7be6-1bd7-c4143677f55d" executionId="4002eb48-06f0-4226-b142-26ff71c22dfa" testListId="8c84fa94-04c1-424b-9868-57a2d4851a1d" />
    <TestEntry testId="63dd618c-44de-defb-095b-0bda283d9917" executionId="061d42c5-2bd5-4bf1-a892-00c3ab358f68" testListId="8c84fa94-04c1-424b-9868-57a2d4851a1d" />
    <TestEntry testId="b9aa4ee6-5d0d-2ad1-7516-dcaae3020b81" executionId="2c862007-82a1-4a29-9394-4e049b1bc666" testListId="8c84fa94-04c1-424b-9868-57a2d4851a1d" />
    <TestEntry testId="ea380d42-63ea-041d-26bc-1a1db50e1435" executionId="50c3fc8f-463c-453e-aaf1-ae4af1727dab" testListId="8c84fa94-04c1-424b-9868-57a2d4851a1d" />
    <TestEntry testId="5b533d6f-2c8e-d001-f58e-8861d69e309a" executionId="47df2932-b2b5-4a73-9499-4b3bba5968d9" testListId="8c84fa94-04c1-424b-9868-57a2d4851a1d" />
    <TestEntry testId="4d8b1b28-0c2e-a583-3eee-88626c8e49f8" executionId="a7b33869-ffc5-42d1-b743-08ddbeaa353b" testListId="8c84fa94-04c1-424b-9868-57a2d4851a1d" />
    <TestEntry testId="701c7dfa-8954-700d-dd56-2a387509e2af" executionId="1b5d62bb-5c68-4cdb-995a-488ad95493be" testListId="8c84fa94-04c1-424b-9868-57a2d4851a1d" />
    <TestEntry testId="27ec534b-fcdb-3c7a-ccc1-4d1c8483001f" executionId="8a233eaf-dcb2-4483-ac2a-3610668e512a" testListId="8c84fa94-04c1-424b-9868-57a2d4851a1d" />
    <TestEntry testId="c8dc65d7-879a-ab20-39cd-bab8ddf8356e" executionId="b80277fb-da46-4bff-9bce-f0410754a7f6" testListId="8c84fa94-04c1-424b-9868-57a2d4851a1d" />
    <TestEntry testId="3c41ce4c-4e80-7719-4632-709a95e74be5" executionId="04fb1bd1-46b1-4a0b-ab6a-7f60a9649784" testListId="8c84fa94-04c1-424b-9868-57a2d4851a1d" />
    <TestEntry testId="ad1414cc-75d2-7f95-6c70-2538b30d7f14" executionId="872d71f2-004a-4b23-9e01-d8fcdd7ad37a" testListId="8c84fa94-04c1-424b-9868-57a2d4851a1d" />
    <TestEntry testId="62325834-8a40-d7e7-6053-5976ca5bee57" executionId="9ede0b87-7b51-4fe2-a29e-55818f544f85" testListId="8c84fa94-04c1-424b-9868-57a2d4851a1d" />
    <TestEntry testId="c0bc165a-97e1-3e4d-2016-5369de60b1cf" executionId="9d55d8a1-ee52-4653-b712-f97bb7c612fc" testListId="8c84fa94-04c1-424b-9868-57a2d4851a1d" />
    <TestEntry testId="c963d969-f02c-6592-10bb-3d1f6d2bf459" executionId="ab59d83d-0acd-489e-be8a-75c4c607f6f7" testListId="8c84fa94-04c1-424b-9868-57a2d4851a1d" />
    <TestEntry testId="10757538-72a2-e650-c3a8-0346bd21c399" executionId="b733176f-ad9a-49c7-a772-484cdaae1807" testListId="8c84fa94-04c1-424b-9868-57a2d4851a1d" />
    <TestEntry testId="64e1776d-9670-e1ae-b821-7de64d12f368" executionId="16087657-5436-443d-9844-c65519e2ed42" testListId="8c84fa94-04c1-424b-9868-57a2d4851a1d" />
    <TestEntry testId="b445ccbf-7184-5834-78c5-9f29529a2bad" executionId="50da8a93-6a4d-4dbe-a356-a2b339fc4aef" testListId="8c84fa94-04c1-424b-9868-57a2d4851a1d" />
    <TestEntry testId="eda3f7d0-9cf3-b7b6-b353-79d614de4234" executionId="e5f7ce5f-4540-4804-962f-74d11481ca4d" testListId="8c84fa94-04c1-424b-9868-57a2d4851a1d" />
    <TestEntry testId="bcd3df11-cb04-a593-0096-1b426ac9737f" executionId="5da9f721-d358-4ca5-8ab3-7753d48e454b" testListId="8c84fa94-04c1-424b-9868-57a2d4851a1d" />
    <TestEntry testId="a748a973-f698-65e3-a022-c056c63837e7" executionId="ce193c31-61b3-4eda-9e63-c163f90d8ea0" testListId="8c84fa94-04c1-424b-9868-57a2d4851a1d" />
    <TestEntry testId="ef8bbac0-7fe7-3eb8-4487-a2848a640ab4" executionId="5bbcba5b-f3c5-4cf6-b21b-5dfeaad41d05" testListId="8c84fa94-04c1-424b-9868-57a2d4851a1d" />
    <TestEntry testId="3dae0ae1-dc2d-5a78-41b0-69ba96cba316" executionId="8d020efc-d397-4a77-b414-6dfbdf141693" testListId="8c84fa94-04c1-424b-9868-57a2d4851a1d" />
    <TestEntry testId="a1405876-cf86-1399-8ca7-7f1d71633bef" executionId="0425e9b2-72d2-48c4-ba41-fb29282729ae" testListId="8c84fa94-04c1-424b-9868-57a2d4851a1d" />
    <TestEntry testId="8c815e5e-e172-65f0-92fc-65b30edd2fd4" executionId="e52e3735-b950-4a19-8296-9be20e351484" testListId="8c84fa94-04c1-424b-9868-57a2d4851a1d" />
    <TestEntry testId="75e68ca8-b814-2179-1deb-34c7625653d3" executionId="db1778fe-efef-46ea-b576-0a8026fe49b2" testListId="8c84fa94-04c1-424b-9868-57a2d4851a1d" />
    <TestEntry testId="d2fc2268-e08a-914a-7511-cd4e74e10509" executionId="084b5300-90e5-4bb5-a0be-8c766086f0ec" testListId="8c84fa94-04c1-424b-9868-57a2d4851a1d" />
    <TestEntry testId="ed153b8e-5510-f85f-203b-f0eb2ff4cd27" executionId="5d83ca92-8eaf-482f-b66d-af676e3e10db" testListId="8c84fa94-04c1-424b-9868-57a2d4851a1d" />
    <TestEntry testId="abd1724a-a6f2-6f2f-8d56-b6e150bdc6e9" executionId="d323f0f7-cf8e-4edb-81ed-e2deeb662b8f" testListId="8c84fa94-04c1-424b-9868-57a2d4851a1d" />
    <TestEntry testId="9e046a85-83bf-5ebd-0608-c896d3228514" executionId="5a09ca4f-70c9-4635-8d90-7c65482f9138" testListId="8c84fa94-04c1-424b-9868-57a2d4851a1d" />
    <TestEntry testId="7e7efa5d-87b9-4fea-d1ac-2e1bdabd13d2" executionId="8bda4c8c-bdb5-40c4-9bde-93bc54ef7d00" testListId="8c84fa94-04c1-424b-9868-57a2d4851a1d" />
    <TestEntry testId="2b582f39-f704-6db3-50a7-525eca0a8238" executionId="aef2b66f-bff3-4c2d-91e8-7866d946d820" testListId="8c84fa94-04c1-424b-9868-57a2d4851a1d" />
    <TestEntry testId="d1543f97-84cd-02a8-17f4-bcc34e050dc1" executionId="a6431e6e-050a-4abb-a21d-cfbe5aeb1070" testListId="8c84fa94-04c1-424b-9868-57a2d4851a1d" />
    <TestEntry testId="5efa83f3-dcfc-f161-fbb2-57dfc6e1bc54" executionId="44c9359e-0e91-4178-bf15-8768a9227bf1" testListId="8c84fa94-04c1-424b-9868-57a2d4851a1d" />
    <TestEntry testId="17a6e0df-409b-4bee-dee6-2acdd4ff9c9d" executionId="2420e565-e446-4516-959b-d6752bfb75a4" testListId="8c84fa94-04c1-424b-9868-57a2d4851a1d" />
    <TestEntry testId="a33973eb-bd6f-bfa1-3833-3d6594005853" executionId="0b410b8e-8ed2-474b-b8d8-4ea769a68906" testListId="8c84fa94-04c1-424b-9868-57a2d4851a1d" />
    <TestEntry testId="738cbf73-1fe1-7e5d-b3c4-aa4dd501f31a" executionId="6c5b7217-7b61-4f9c-8da6-494edd81b7d1" testListId="8c84fa94-04c1-424b-9868-57a2d4851a1d" />
    <TestEntry testId="5f6cfebe-e375-22f8-ef8e-bffe33fa0902" executionId="64097ee3-a116-4a4e-9521-27ad2ed69a62" testListId="8c84fa94-04c1-424b-9868-57a2d4851a1d" />
    <TestEntry testId="ecea30c5-5271-3cb8-1af8-44291f6845c5" executionId="0fb9c53c-8d67-498d-887c-e68dbb0f7f23" testListId="8c84fa94-04c1-424b-9868-57a2d4851a1d" />
    <TestEntry testId="e320810d-0807-4335-07b4-ca6083f2d375" executionId="43ac5f5a-3035-43e2-9eae-516e5f1c4198" testListId="8c84fa94-04c1-424b-9868-57a2d4851a1d" />
    <TestEntry testId="570d9275-f264-7744-cdb4-02444c17a081" executionId="f7b101c3-be46-49d1-84dd-ed6bae7752ba" testListId="8c84fa94-04c1-424b-9868-57a2d4851a1d" />
    <TestEntry testId="e5df7cbe-7d97-608b-71b8-524f6e4300bd" executionId="29593f16-5c46-42dc-a093-ea3498711439" testListId="8c84fa94-04c1-424b-9868-57a2d4851a1d" />
    <TestEntry testId="51695535-be86-aaf1-a2d3-99a7fd4020d7" executionId="97930798-a618-4b4e-b770-779d72267a86" testListId="8c84fa94-04c1-424b-9868-57a2d4851a1d" />
    <TestEntry testId="cdb29934-cca6-1a38-34fb-114b4ec3f798" executionId="a6c0acaa-8942-4a26-80ab-bb3eae4a88b8" testListId="8c84fa94-04c1-424b-9868-57a2d4851a1d" />
    <TestEntry testId="cb69e223-7c7d-2c88-27e6-5393a64d62ef" executionId="4efb2996-935f-4369-9124-bdfc1c542ed9" testListId="8c84fa94-04c1-424b-9868-57a2d4851a1d" />
    <TestEntry testId="ac04f3d9-0fc1-6ca8-92d8-1c7b25679fc0" executionId="3d453ed2-4eea-4416-a3ce-d408be44fb4b" testListId="8c84fa94-04c1-424b-9868-57a2d4851a1d" />
    <TestEntry testId="aa873e5f-5ade-ed1c-1806-56676f9a0903" executionId="42569d9e-3f87-4a4d-8116-9b949f60aa15" testListId="8c84fa94-04c1-424b-9868-57a2d4851a1d" />
    <TestEntry testId="6dfa2cb3-d68e-46e8-ddc6-5ec401c8b27f" executionId="a91fb669-e03f-43cd-8747-cc204d9e1416" testListId="8c84fa94-04c1-424b-9868-57a2d4851a1d" />
    <TestEntry testId="958d9c76-5ae1-96ec-8563-323f58042ef2" executionId="4ceef893-b135-4c04-aada-9d1b02377866" testListId="8c84fa94-04c1-424b-9868-57a2d4851a1d" />
    <TestEntry testId="3a502c86-b169-8369-3888-4a52feab6ec0" executionId="cc4c1004-1583-49ef-a5b3-6ce6bc4c5e83" testListId="8c84fa94-04c1-424b-9868-57a2d4851a1d" />
    <TestEntry testId="405713a5-d30f-6eb2-f8a8-5e3cc04d88a5" executionId="dcb925f1-87a3-4415-b5f8-6a56408ab96c" testListId="8c84fa94-04c1-424b-9868-57a2d4851a1d" />
    <TestEntry testId="33f30171-414d-5a70-9c27-810d0f951090" executionId="94a33a98-86ac-43cb-becb-1e2e5054ab0e" testListId="8c84fa94-04c1-424b-9868-57a2d4851a1d" />
    <TestEntry testId="bcc86e6c-f665-35a4-05d6-5079e20bbadd" executionId="cf9b65d8-6083-4215-a40a-1e86e5476aa9" testListId="8c84fa94-04c1-424b-9868-57a2d4851a1d" />
    <TestEntry testId="2c734c78-18f4-da17-8da6-f1a93d16bc08" executionId="6581898d-363d-42c0-977c-a210261a926b" testListId="8c84fa94-04c1-424b-9868-57a2d4851a1d" />
    <TestEntry testId="d266be2d-869b-4518-6f37-7e588951bbea" executionId="deae564e-eb7c-4ed3-b51e-db621527066c" testListId="8c84fa94-04c1-424b-9868-57a2d4851a1d" />
    <TestEntry testId="0a45d055-867e-67eb-3f29-f60c73e04b0c" executionId="f8c43b63-91a9-4bce-bb7a-3cd6ce026e5a" testListId="8c84fa94-04c1-424b-9868-57a2d4851a1d" />
    <TestEntry testId="30d73bd4-135f-a5c0-bfb3-ac0311736df9" executionId="7ca90f5b-423b-4a1d-bb3e-0cc4cbbcf941" testListId="8c84fa94-04c1-424b-9868-57a2d4851a1d" />
    <TestEntry testId="da817ab1-2743-7f21-688c-5ef8de92f21f" executionId="7b4d7a25-9386-4105-9c1f-92ea4c3b282f" testListId="8c84fa94-04c1-424b-9868-57a2d4851a1d" />
    <TestEntry testId="307e7801-f7cb-4520-3fc5-ad970cec9664" executionId="ae935123-21e5-4892-afb5-9fc2d8a0afa8" testListId="8c84fa94-04c1-424b-9868-57a2d4851a1d" />
    <TestEntry testId="e1540a37-f1dd-ca20-5e3b-102798ebc5d7" executionId="b21436c5-14a8-44b0-b75d-7998493caefd" testListId="8c84fa94-04c1-424b-9868-57a2d4851a1d" />
    <TestEntry testId="530f76cd-2bf8-89d2-187b-0eaec20d2d9b" executionId="00a02dfb-5018-4eae-b7e6-a5bd931c1480" testListId="8c84fa94-04c1-424b-9868-57a2d4851a1d" />
    <TestEntry testId="b538844e-b03a-cc6e-e97b-c8b7fffc9c2a" executionId="6ee84b89-a723-4cc5-bda6-ed1ec7190511" testListId="8c84fa94-04c1-424b-9868-57a2d4851a1d" />
    <TestEntry testId="4098347f-2de2-abbe-1f31-4d142f11500d" executionId="dc3cfcd8-db3a-4c86-b129-d31ea65e8d8e" testListId="8c84fa94-04c1-424b-9868-57a2d4851a1d" />
    <TestEntry testId="8e873a5d-9ef0-f58b-6bbc-65e7dd23c2e5" executionId="7f0e8b93-ff57-458f-b030-da1675d7a5c4" testListId="8c84fa94-04c1-424b-9868-57a2d4851a1d" />
    <TestEntry testId="65592419-f6ff-494c-da67-eb32078e50e6" executionId="2a57b543-3d35-4c6e-8589-49298885f4a1" testListId="8c84fa94-04c1-424b-9868-57a2d4851a1d" />
    <TestEntry testId="f4ab2284-0796-b3b4-6586-043a1f5db87c" executionId="9d66b00a-783e-4024-aa61-580dfb27792a" testListId="8c84fa94-04c1-424b-9868-57a2d4851a1d" />
    <TestEntry testId="9a3de24e-2eff-76ae-d300-8685d9bcb047" executionId="8efcc1b6-c2ba-42e8-9de2-67a678872e5c" testListId="8c84fa94-04c1-424b-9868-57a2d4851a1d" />
    <TestEntry testId="ac64bbc8-aeb0-2b58-1325-61a2768c0e83" executionId="e26e2796-8b44-47cb-b32d-d4d2511abdaf" testListId="8c84fa94-04c1-424b-9868-57a2d4851a1d" />
    <TestEntry testId="cd9b4269-87bc-2cfc-dda4-07e3115de432" executionId="dee8eb00-4647-4509-8313-a03586eb96fd" testListId="8c84fa94-04c1-424b-9868-57a2d4851a1d" />
    <TestEntry testId="951a0291-5cc7-e805-4853-6d463241a4af" executionId="48623acc-2b19-4271-846e-53306091975f" testListId="8c84fa94-04c1-424b-9868-57a2d4851a1d" />
    <TestEntry testId="a5238c7e-8a95-cb5a-b528-67036ccdafb9" executionId="c24b2af0-9a68-4cf3-909d-327a73fac69c" testListId="8c84fa94-04c1-424b-9868-57a2d4851a1d" />
    <TestEntry testId="b0781a75-7e96-38e5-9284-4f3ab910ae3a" executionId="b298f3d2-66ea-4727-9033-e9bf5b100771" testListId="8c84fa94-04c1-424b-9868-57a2d4851a1d" />
    <TestEntry testId="aaab4fa5-7ee6-f159-164b-f39f062960fb" executionId="c57d5c6a-369c-4855-b3c3-eb50c4b8bdc4" testListId="8c84fa94-04c1-424b-9868-57a2d4851a1d" />
    <TestEntry testId="d1cb4db1-3a91-adff-6a20-2d75edb804b4" executionId="4a185eba-e83b-4072-8da5-519265ac7ba9" testListId="8c84fa94-04c1-424b-9868-57a2d4851a1d" />
    <TestEntry testId="33cccedd-e014-d783-3bd6-6e4b6cee0049" executionId="e4654698-ff31-434d-8db4-a15545a86658" testListId="8c84fa94-04c1-424b-9868-57a2d4851a1d" />
    <TestEntry testId="1555dcc8-b260-0bb8-da07-7f7a06c8463e" executionId="18ecd53a-ec07-41a1-80a2-74b4299f9a60" testListId="8c84fa94-04c1-424b-9868-57a2d4851a1d" />
    <TestEntry testId="2c8e497d-02c8-389d-f52d-fc389538bc8c" executionId="cd14c779-21a7-4619-a393-f903ae484e73" testListId="8c84fa94-04c1-424b-9868-57a2d4851a1d" />
    <TestEntry testId="4c00c937-c4a3-6970-1a15-288505c42cca" executionId="79468343-037e-4274-a024-0c7c0f9cb409" testListId="8c84fa94-04c1-424b-9868-57a2d4851a1d" />
    <TestEntry testId="1b5391a6-2df0-6eb6-26ed-386e5ecb977d" executionId="d63e7f50-a53a-4a80-8aab-5a61ac292053" testListId="8c84fa94-04c1-424b-9868-57a2d4851a1d" />
    <TestEntry testId="80e4d96f-1b6c-16ac-d10d-00c8bd22a6c9" executionId="20bd5684-e5ea-4d97-93a7-d47e909adc0f" testListId="8c84fa94-04c1-424b-9868-57a2d4851a1d" />
    <TestEntry testId="0fe921bf-a9bd-c902-fc66-96af7cc617d8" executionId="7890921f-2889-42d6-8828-e0ebc2a73d62" testListId="8c84fa94-04c1-424b-9868-57a2d4851a1d" />
    <TestEntry testId="e22ef012-b1c7-dc7f-5a34-afcc3752b48b" executionId="443809c1-acba-4b90-97a0-1eb616aa519c" testListId="8c84fa94-04c1-424b-9868-57a2d4851a1d" />
    <TestEntry testId="ed1a279c-f71e-b268-001d-b878afe901ac" executionId="d5e9e57f-ab52-409a-b3bf-0645784d07d8" testListId="8c84fa94-04c1-424b-9868-57a2d4851a1d" />
    <TestEntry testId="4424f846-c6ae-a792-7d4f-d87d4f574411" executionId="97f5cf02-4693-4a42-9d19-fd2afae50623" testListId="8c84fa94-04c1-424b-9868-57a2d4851a1d" />
  </TestEntries>
  <Results>
    <UnitTestResult executionId="3f458411-83cf-4515-994d-41da2688b866" testId="c9d757f6-1a08-f7b4-98e9-65d3146b0498" testName="ContentTest" computerName="ALRAZI" startTime="2012-06-10T15:59:36.8653177+07:00" endTime="2012-06-10T15:59:41.1273177+07:00" testType="13cdc9d9-ddb5-4fa4-a97d-d965ccfc6d4b" outcome="Failed" testListId="8c84fa94-04c1-424b-9868-57a2d4851a1d" relativeResultsDirectory="3f458411-83cf-4515-994d-41da2688b866">
      <Output>
        <ErrorInfo>
          <Message>The web.config file for the site http://localhost:1904/ contains information from a previous run.  Replacing it with the backup file (web.config.backup) should fix the issue.</Message>
        </ErrorInfo>
      </Output>
    </UnitTestResult>
    <UnitTestResult executionId="6b6174ee-758f-4ad0-95c7-1009fd5b908c" testId="ca3aa9db-0cba-fcd0-10f5-747dd263a49e" testName="ContentTest1" computerName="ALRAZI" startTime="2012-06-10T15:59:41.1433177+07:00" endTime="2012-06-10T15:59:41.1833177+07:00" testType="13cdc9d9-ddb5-4fa4-a97d-d965ccfc6d4b" outcome="Failed" testListId="8c84fa94-04c1-424b-9868-57a2d4851a1d" relativeResultsDirectory="6b6174ee-758f-4ad0-95c7-1009fd5b908c">
      <Output>
        <ErrorInfo>
          <Message>The web.config file for the site http://localhost:1904/ contains information from a previous run.  Replacing it with the backup file (web.config.backup) should fix the issue.</Message>
        </ErrorInfo>
      </Output>
    </UnitTestResult>
    <UnitTestResult executionId="9b333dca-a96c-4d45-b38a-717efd30fb99" testId="2dc6ae02-a4bb-239f-0994-592d791b9742" testName="ContentTest2" computerName="ALRAZI" startTime="2012-06-10T15:59:41.1893177+07:00" endTime="2012-06-10T15:59:41.2263177+07:00" testType="13cdc9d9-ddb5-4fa4-a97d-d965ccfc6d4b" outcome="Failed" testListId="8c84fa94-04c1-424b-9868-57a2d4851a1d" relativeResultsDirectory="9b333dca-a96c-4d45-b38a-717efd30fb99">
      <Output>
        <ErrorInfo>
          <Message>The web.config file for the site http://localhost:1904/ contains information from a previous run.  Replacing it with the backup file (web.config.backup) should fix the issue.</Message>
        </ErrorInfo>
      </Output>
    </UnitTestResult>
    <UnitTestResult executionId="b37bea81-4263-4f2b-8a1f-a69d5c25ac58" testId="a2899660-89f1-6448-7f93-0006780ab421" testName="AboutConstructorTest" computerName="ALRAZI" startTime="2012-06-10T15:59:41.2333177+07:00" endTime="2012-06-10T15:59:41.2633177+07:00" testType="13cdc9d9-ddb5-4fa4-a97d-d965ccfc6d4b" outcome="Failed" testListId="8c84fa94-04c1-424b-9868-57a2d4851a1d" relativeResultsDirectory="b37bea81-4263-4f2b-8a1f-a69d5c25ac58">
      <Output>
        <ErrorInfo>
          <Message>The web.config file for the site http://localhost:1904/ contains information from a previous run.  Replacing it with the backup file (web.config.backup) should fix the issue.</Message>
        </ErrorInfo>
      </Output>
    </UnitTestResult>
    <UnitTestResult executionId="8e1ab4d5-5fd6-4745-aa57-f1936e107fbf" testId="ef735321-e8ca-c197-a69c-cbbcac1ad724" testName="Page_LoadTest" computerName="ALRAZI" startTime="2012-06-10T15:59:41.3033177+07:00" endTime="2012-06-10T15:59:41.3603177+07:00" testType="13cdc9d9-ddb5-4fa4-a97d-d965ccfc6d4b" outcome="Failed" testListId="8c84fa94-04c1-424b-9868-57a2d4851a1d" relativeResultsDirectory="8e1ab4d5-5fd6-4745-aa57-f1936e107fbf">
      <Output>
        <ErrorInfo>
          <Message>The web.config file for the site http://localhost:1904/ contains information from a previous run.  Replacing it with the backup file (web.config.backup) should fix the issue.</Message>
        </ErrorInfo>
      </Output>
    </UnitTestResult>
    <UnitTestResult executionId="31c57836-2ebf-474e-9344-0f42575a701c" testId="9fd6ddcc-dce1-9122-28d8-991e28340a1f" testName="AboutConstructorTest1" computerName="ALRAZI" startTime="2012-06-10T15:59:41.3843177+07:00" endTime="2012-06-10T15:59:41.4543177+07:00" testType="13cdc9d9-ddb5-4fa4-a97d-d965ccfc6d4b" outcome="Failed" testListId="8c84fa94-04c1-424b-9868-57a2d4851a1d" relativeResultsDirectory="31c57836-2ebf-474e-9344-0f42575a701c">
      <Output>
        <ErrorInfo>
          <Message>The web.config file for the site http://localhost:1904/ contains information from a previous run.  Replacing it with the backup file (web.config.backup) should fix the issue.</Message>
        </ErrorInfo>
      </Output>
    </UnitTestResult>
    <UnitTestResult executionId="39d06bba-7a8d-4c89-8689-78117f485283" testId="0dcbd4e9-295c-7c4b-8f3f-7cf71ccc8de3" testName="Page_LoadTest1" computerName="ALRAZI" startTime="2012-06-10T15:59:41.4713177+07:00" endTime="2012-06-10T15:59:41.5013177+07:00" testType="13cdc9d9-ddb5-4fa4-a97d-d965ccfc6d4b" outcome="Failed" testListId="8c84fa94-04c1-424b-9868-57a2d4851a1d" relativeResultsDirectory="39d06bba-7a8d-4c89-8689-78117f485283">
      <Output>
        <ErrorInfo>
          <Message>The web.config file for the site http://localhost:1904/ contains information from a previous run.  Replacing it with the backup file (web.config.backup) should fix the issue.</Message>
        </ErrorInfo>
      </Output>
    </UnitTestResult>
    <UnitTestResult executionId="c244d957-68c6-4032-93a9-db14d2fca4ad" testId="06e46fb7-5c0d-2df5-963f-a740506f1a5d" testName="AboutConstructorTest2" computerName="ALRAZI" startTime="2012-06-10T15:59:41.5063177+07:00" endTime="2012-06-10T15:59:41.5373177+07:00" testType="13cdc9d9-ddb5-4fa4-a97d-d965ccfc6d4b" outcome="Failed" testListId="8c84fa94-04c1-424b-9868-57a2d4851a1d" relativeResultsDirectory="c244d957-68c6-4032-93a9-db14d2fca4ad">
      <Output>
        <ErrorInfo>
          <Message>The web.config file for the site http://localhost:1904/ contains information from a previous run.  Replacing it with the backup file (web.config.backup) should fix the issue.</Message>
        </ErrorInfo>
      </Output>
    </UnitTestResult>
    <UnitTestResult executionId="53b8ff69-efa8-4e17-a77b-45d49e2af98b" testId="e9289cd3-b115-770d-29f2-23e3804c6430" testName="Page_LoadTest2" computerName="ALRAZI" startTime="2012-06-10T15:59:41.5563177+07:00" endTime="2012-06-10T15:59:41.5863177+07:00" testType="13cdc9d9-ddb5-4fa4-a97d-d965ccfc6d4b" outcome="Failed" testListId="8c84fa94-04c1-424b-9868-57a2d4851a1d" relativeResultsDirectory="53b8ff69-efa8-4e17-a77b-45d49e2af98b">
      <Output>
        <ErrorInfo>
          <Message>The web.config file for the site http://localhost:1904/ contains information from a previous run.  Replacing it with the backup file (web.config.backup) should fix the issue.</Message>
        </ErrorInfo>
      </Output>
    </UnitTestResult>
    <UnitTestResult executionId="e8fa1b19-ff77-4c48-b8f3-6337aa2d427c" testId="1f20f062-a6d2-2673-5b32-9716fcfd97a3" testName="FormDokumenConstructorTest" computerName="ALRAZI" startTime="2012-06-10T15:59:41.5923177+07:00" endTime="2012-06-10T15:59:41.6233177+07:00" testType="13cdc9d9-ddb5-4fa4-a97d-d965ccfc6d4b" outcome="Failed" testListId="8c84fa94-04c1-424b-9868-57a2d4851a1d" relativeResultsDirectory="e8fa1b19-ff77-4c48-b8f3-6337aa2d427c">
      <Output>
        <ErrorInfo>
          <Message>The web.config file for the site http://localhost:1904/ contains information from a previous run.  Replacing it with the backup file (web.config.backup) should fix the issue.</Message>
        </ErrorInfo>
      </Output>
    </UnitTestResult>
    <UnitTestResult executionId="87b635e0-5e8a-48b3-9a6c-8df70e04fcab" testId="f3be4e00-7dc4-f436-3a48-2f20ddf9fa9f" testName="Page_LoadTest" computerName="ALRAZI" startTime="2012-06-10T15:59:41.6313177+07:00" endTime="2012-06-10T15:59:41.6883177+07:00" testType="13cdc9d9-ddb5-4fa4-a97d-d965ccfc6d4b" outcome="Failed" testListId="8c84fa94-04c1-424b-9868-57a2d4851a1d" relativeResultsDirectory="87b635e0-5e8a-48b3-9a6c-8df70e04fcab">
      <Output>
        <ErrorInfo>
          <Message>The web.config file for the site http://localhost:1904/ contains information from a previous run.  Replacing it with the backup file (web.config.backup) should fix the issue.</Message>
        </ErrorInfo>
      </Output>
    </UnitTestResult>
    <UnitTestResult executionId="f4f7e4f7-5d37-4603-91a3-70747f61abb6" testId="92f916e5-bab0-f438-aa57-1a4b31ecac32" testName="FormDokumenConstructorTest1" computerName="ALRAZI" startTime="2012-06-10T15:59:41.7043177+07:00" endTime="2012-06-10T15:59:41.7563177+07:00" testType="13cdc9d9-ddb5-4fa4-a97d-d965ccfc6d4b" outcome="Failed" testListId="8c84fa94-04c1-424b-9868-57a2d4851a1d" relativeResultsDirectory="f4f7e4f7-5d37-4603-91a3-70747f61abb6">
      <Output>
        <ErrorInfo>
          <Message>The web.config file for the site http://localhost:1904/ contains information from a previous run.  Replacing it with the backup file (web.config.backup) should fix the issue.</Message>
        </ErrorInfo>
      </Output>
    </UnitTestResult>
    <UnitTestResult executionId="4c113312-4859-4b19-bb18-07c88c120ac8" testId="3bd5eddd-7fce-6947-200f-ae75739ac7b2" testName="Page_LoadTest1" computerName="ALRAZI" startTime="2012-06-10T15:59:41.7673177+07:00" endTime="2012-06-10T15:59:41.8113177+07:00" testType="13cdc9d9-ddb5-4fa4-a97d-d965ccfc6d4b" outcome="Failed" testListId="8c84fa94-04c1-424b-9868-57a2d4851a1d" relativeResultsDirectory="4c113312-4859-4b19-bb18-07c88c120ac8">
      <Output>
        <ErrorInfo>
          <Message>The web.config file for the site http://localhost:1904/ contains information from a previous run.  Replacing it with the backup file (web.config.backup) should fix the issue.</Message>
        </ErrorInfo>
      </Output>
    </UnitTestResult>
    <UnitTestResult executionId="4c8b7d38-7de4-4611-97ed-2874443c5e1a" testId="c2e1fd11-05c2-021c-0ffd-f8228eae2afd" testName="FormDokumenConstructorTest2" computerName="ALRAZI" startTime="2012-06-10T15:59:41.8183177+07:00" endTime="2012-06-10T15:59:41.8503177+07:00" testType="13cdc9d9-ddb5-4fa4-a97d-d965ccfc6d4b" outcome="Failed" testListId="8c84fa94-04c1-424b-9868-57a2d4851a1d" relativeResultsDirectory="4c8b7d38-7de4-4611-97ed-2874443c5e1a">
      <Output>
        <ErrorInfo>
          <Message>The web.config file for the site http://localhost:1904/ contains information from a previous run.  Replacing it with the backup file (web.config.backup) should fix the issue.</Message>
        </ErrorInfo>
      </Output>
    </UnitTestResult>
    <UnitTestResult executionId="4a9502c0-a98e-4e5d-affe-a8d8231ed6e6" testId="2339d765-34c2-8bae-8cba-8a41bfb666aa" testName="Page_LoadTest2" computerName="ALRAZI" startTime="2012-06-10T15:59:41.8603177+07:00" endTime="2012-06-10T15:59:41.9123177+07:00" testType="13cdc9d9-ddb5-4fa4-a97d-d965ccfc6d4b" outcome="Failed" testListId="8c84fa94-04c1-424b-9868-57a2d4851a1d" relativeResultsDirectory="4a9502c0-a98e-4e5d-affe-a8d8231ed6e6">
      <Output>
        <ErrorInfo>
          <Message>The web.config file for the site http://localhost:1904/ contains information from a previous run.  Replacing it with the backup file (web.config.backup) should fix the issue.</Message>
        </ErrorInfo>
      </Output>
    </UnitTestResult>
    <UnitTestResult executionId="ccb42994-604c-41ee-b96e-e3ad649300ee" testId="839b1fda-f48a-29f2-f1a5-52dd9999b657" testName="FormTambahConstructorTest" computerName="ALRAZI" startTime="2012-06-10T15:59:41.9233177+07:00" endTime="2012-06-10T15:59:41.9583177+07:00" testType="13cdc9d9-ddb5-4fa4-a97d-d965ccfc6d4b" outcome="Failed" testListId="8c84fa94-04c1-424b-9868-57a2d4851a1d" relativeResultsDirectory="ccb42994-604c-41ee-b96e-e3ad649300ee">
      <Output>
        <ErrorInfo>
          <Message>The web.config file for the site http://localhost:1904/ contains information from a previous run.  Replacing it with the backup file (web.config.backup) should fix the issue.</Message>
        </ErrorInfo>
      </Output>
    </UnitTestResult>
    <UnitTestResult executionId="bfc6bdbd-f649-40ef-b735-fc369344b92a" testId="95d01829-ccc5-cca6-d234-3ab32a72a0cd" testName="Button_Submit_ClickTest" computerName="ALRAZI" startTime="2012-06-10T15:59:41.9663177+07:00" endTime="2012-06-10T15:59:42.0103177+07:00" testType="13cdc9d9-ddb5-4fa4-a97d-d965ccfc6d4b" outcome="Failed" testListId="8c84fa94-04c1-424b-9868-57a2d4851a1d" relativeResultsDirectory="bfc6bdbd-f649-40ef-b735-fc369344b92a">
      <Output>
        <ErrorInfo>
          <Message>The web.config file for the site http://localhost:1904/ contains information from a previous run.  Replacing it with the backup file (web.config.backup) should fix the issue.</Message>
        </ErrorInfo>
      </Output>
    </UnitTestResult>
    <UnitTestResult executionId="0e4b750c-b0fa-4f2b-9d5f-fc6d3ea2e5a0" testId="8b701a3f-93a8-9878-8623-9c67db29b59c" testName="Page_LoadTest" computerName="ALRAZI" startTime="2012-06-10T15:59:42.0203177+07:00" endTime="2012-06-10T15:59:42.0553177+07:00" testType="13cdc9d9-ddb5-4fa4-a97d-d965ccfc6d4b" outcome="Failed" testListId="8c84fa94-04c1-424b-9868-57a2d4851a1d" relativeResultsDirectory="0e4b750c-b0fa-4f2b-9d5f-fc6d3ea2e5a0">
      <Output>
        <ErrorInfo>
          <Message>The web.config file for the site http://localhost:1904/ contains information from a previous run.  Replacing it with the backup file (web.config.backup) should fix the issue.</Message>
        </ErrorInfo>
      </Output>
    </UnitTestResult>
    <UnitTestResult executionId="1590c66c-887d-46cc-8b64-0583db13f130" testId="369b0c99-20fc-4ac1-5242-c17dd1d5d835" testName="UploadClickTest" computerName="ALRAZI" startTime="2012-06-10T15:59:42.0623177+07:00" endTime="2012-06-10T15:59:42.1013177+07:00" testType="13cdc9d9-ddb5-4fa4-a97d-d965ccfc6d4b" outcome="Failed" testListId="8c84fa94-04c1-424b-9868-57a2d4851a1d" relativeResultsDirectory="1590c66c-887d-46cc-8b64-0583db13f130">
      <Output>
        <ErrorInfo>
          <Message>The web.config file for the site http://localhost:1904/ contains information from a previous run.  Replacing it with the backup file (web.config.backup) should fix the issue.</Message>
        </ErrorInfo>
      </Output>
    </UnitTestResult>
    <UnitTestResult executionId="e5a4a753-9fb9-4ec1-bcc0-9050703d688e" testId="27ce6f97-ece5-809b-636f-82bc7b9c58ec" testName="FormTambahConstructorTest1" computerName="ALRAZI" startTime="2012-06-10T15:59:42.1113177+07:00" endTime="2012-06-10T15:59:42.1673177+07:00" testType="13cdc9d9-ddb5-4fa4-a97d-d965ccfc6d4b" outcome="Failed" testListId="8c84fa94-04c1-424b-9868-57a2d4851a1d" relativeResultsDirectory="e5a4a753-9fb9-4ec1-bcc0-9050703d688e">
      <Output>
        <ErrorInfo>
          <Message>The web.config file for the site http://localhost:1904/ contains information from a previous run.  Replacing it with the backup file (web.config.backup) should fix the issue.</Message>
        </ErrorInfo>
      </Output>
    </UnitTestResult>
    <UnitTestResult executionId="d996a68c-e5bc-43c5-8ee2-a4b8085133b9" testId="558595be-74aa-963a-e0f0-5880442e96eb" testName="Button_Submit_ClickTest1" computerName="ALRAZI" startTime="2012-06-10T15:59:42.2073177+07:00" endTime="2012-06-10T15:59:42.2773177+07:00" testType="13cdc9d9-ddb5-4fa4-a97d-d965ccfc6d4b" outcome="Failed" testListId="8c84fa94-04c1-424b-9868-57a2d4851a1d" relativeResultsDirectory="d996a68c-e5bc-43c5-8ee2-a4b8085133b9">
      <Output>
        <ErrorInfo>
          <Message>The web.config file for the site http://localhost:1904/ contains information from a previous run.  Replacing it with the backup file (web.config.backup) should fix the issue.</Message>
        </ErrorInfo>
      </Output>
    </UnitTestResult>
    <UnitTestResult executionId="a139b88e-41c9-4400-ad88-df4ce0876e36" testId="6a6336ba-2fc7-9954-5b0b-4d9d90d6f4e6" testName="Page_LoadTest1" computerName="ALRAZI" startTime="2012-06-10T15:59:42.2913177+07:00" endTime="2012-06-10T15:59:42.3283177+07:00" testType="13cdc9d9-ddb5-4fa4-a97d-d965ccfc6d4b" outcome="Failed" testListId="8c84fa94-04c1-424b-9868-57a2d4851a1d" relativeResultsDirectory="a139b88e-41c9-4400-ad88-df4ce0876e36">
      <Output>
        <ErrorInfo>
          <Message>The web.config file for the site http://localhost:1904/ contains information from a previous run.  Replacing it with the backup file (web.config.backup) should fix the issue.</Message>
        </ErrorInfo>
      </Output>
    </UnitTestResult>
    <UnitTestResult executionId="051db754-80ed-44b2-8c22-ca0ed734df18" testId="b34e7cad-320f-65d5-3d96-dca0fbb6ccf9" testName="UploadClickTest1" computerName="ALRAZI" startTime="2012-06-10T15:59:42.3353177+07:00" endTime="2012-06-10T15:59:42.3703177+07:00" testType="13cdc9d9-ddb5-4fa4-a97d-d965ccfc6d4b" outcome="Failed" testListId="8c84fa94-04c1-424b-9868-57a2d4851a1d" relativeResultsDirectory="051db754-80ed-44b2-8c22-ca0ed734df18">
      <Output>
        <ErrorInfo>
          <Message>The web.config file for the site http://localhost:1904/ contains information from a previous run.  Replacing it with the backup file (web.config.backup) should fix the issue.</Message>
        </ErrorInfo>
      </Output>
    </UnitTestResult>
    <UnitTestResult executionId="d95a4ec5-b719-4e6a-aa9d-d5d78c31dad1" testId="d07bf94f-8047-63d0-95ab-bb4fbca19305" testName="FormTambahConstructorTest2" computerName="ALRAZI" startTime="2012-06-10T15:59:42.3813177+07:00" endTime="2012-06-10T15:59:42.4143177+07:00" testType="13cdc9d9-ddb5-4fa4-a97d-d965ccfc6d4b" outcome="Failed" testListId="8c84fa94-04c1-424b-9868-57a2d4851a1d" relativeResultsDirectory="d95a4ec5-b719-4e6a-aa9d-d5d78c31dad1">
      <Output>
        <ErrorInfo>
          <Message>The web.config file for the site http://localhost:1904/ contains information from a previous run.  Replacing it with the backup file (web.config.backup) should fix the issue.</Message>
        </ErrorInfo>
      </Output>
    </UnitTestResult>
    <UnitTestResult executionId="dd7fce44-c978-4091-9b88-cc494673d724" testId="92ef12d5-42de-df64-6e6a-8ee14f99027f" testName="Button_Submit_ClickTest2" computerName="ALRAZI" startTime="2012-06-10T15:59:42.4233177+07:00" endTime="2012-06-10T15:59:42.4763177+07:00" testType="13cdc9d9-ddb5-4fa4-a97d-d965ccfc6d4b" outcome="Failed" testListId="8c84fa94-04c1-424b-9868-57a2d4851a1d" relativeResultsDirectory="dd7fce44-c978-4091-9b88-cc494673d724">
      <Output>
        <ErrorInfo>
          <Message>The web.config file for the site http://localhost:1904/ contains information from a previous run.  Replacing it with the backup file (web.config.backup) should fix the issue.</Message>
        </ErrorInfo>
      </Output>
    </UnitTestResult>
    <UnitTestResult executionId="f7f21670-100d-4115-b219-1114562c0ca1" testId="125cc352-7d78-77fc-968b-29d124f59e9c" testName="Page_LoadTest2" computerName="ALRAZI" startTime="2012-06-10T15:59:42.4903177+07:00" endTime="2012-06-10T15:59:42.5243177+07:00" testType="13cdc9d9-ddb5-4fa4-a97d-d965ccfc6d4b" outcome="Failed" testListId="8c84fa94-04c1-424b-9868-57a2d4851a1d" relativeResultsDirectory="f7f21670-100d-4115-b219-1114562c0ca1">
      <Output>
        <ErrorInfo>
          <Message>The web.config file for the site http://localhost:1904/ contains information from a previous run.  Replacing it with the backup file (web.config.backup) should fix the issue.</Message>
        </ErrorInfo>
      </Output>
    </UnitTestResult>
    <UnitTestResult executionId="c47566d3-9d78-4399-867a-49548e2cbae4" testId="efdfb740-9466-62f8-1f52-edef9d4aa4f8" testName="UploadClickTest2" computerName="ALRAZI" startTime="2012-06-10T15:59:42.5323177+07:00" endTime="2012-06-10T15:59:42.5653177+07:00" testType="13cdc9d9-ddb5-4fa4-a97d-d965ccfc6d4b" outcome="Failed" testListId="8c84fa94-04c1-424b-9868-57a2d4851a1d" relativeResultsDirectory="c47566d3-9d78-4399-867a-49548e2cbae4">
      <Output>
        <ErrorInfo>
          <Message>The web.config file for the site http://localhost:1904/ contains information from a previous run.  Replacing it with the backup file (web.config.backup) should fix the issue.</Message>
        </ErrorInfo>
      </Output>
    </UnitTestResult>
    <UnitTestResult executionId="4e01280a-ff4c-412e-bc93-5aca1e904154" testId="03e6391d-8e94-0978-2d94-fb5f513b97bc" testName="uploadTest" computerName="ALRAZI" startTime="2012-06-10T15:59:42.5753177+07:00" endTime="2012-06-10T15:59:42.6163177+07:00" testType="13cdc9d9-ddb5-4fa4-a97d-d965ccfc6d4b" outcome="Failed" testListId="8c84fa94-04c1-424b-9868-57a2d4851a1d" relativeResultsDirectory="4e01280a-ff4c-412e-bc93-5aca1e904154">
      <Output>
        <ErrorInfo>
          <Message>The web.config file for the site http://localhost:1904/ contains information from a previous run.  Replacing it with the backup file (web.config.backup) should fix the issue.</Message>
        </ErrorInfo>
      </Output>
    </UnitTestResult>
    <UnitTestResult executionId="894d626a-95c0-4524-b2c1-9bf01897fe53" testId="157b92f6-8d1d-ce72-81a1-4894a422c97c" testName="ekstrakPdfTest" computerName="ALRAZI" startTime="2012-06-10T15:59:42.6243177+07:00" endTime="2012-06-10T15:59:42.6593177+07:00" testType="13cdc9d9-ddb5-4fa4-a97d-d965ccfc6d4b" outcome="Failed" testListId="8c84fa94-04c1-424b-9868-57a2d4851a1d" relativeResultsDirectory="894d626a-95c0-4524-b2c1-9bf01897fe53">
      <Output>
        <ErrorInfo>
          <Message>The web.config file for the site http://localhost:1904/ contains information from a previous run.  Replacing it with the backup file (web.config.backup) should fix the issue.</Message>
        </ErrorInfo>
      </Output>
    </UnitTestResult>
    <UnitTestResult executionId="6e97ff4d-4ab6-46b0-ac10-a211c81570fc" testId="a797a4cf-b830-5294-fc22-c68e7a3accd2" testName="ekstrakDocTest" computerName="ALRAZI" startTime="2012-06-10T15:59:42.6683177+07:00" endTime="2012-06-10T15:59:42.7103177+07:00" testType="13cdc9d9-ddb5-4fa4-a97d-d965ccfc6d4b" outcome="Failed" testListId="8c84fa94-04c1-424b-9868-57a2d4851a1d" relativeResultsDirectory="6e97ff4d-4ab6-46b0-ac10-a211c81570fc">
      <Output>
        <ErrorInfo>
          <Message>The web.config file for the site http://localhost:1904/ contains information from a previous run.  Replacing it with the backup file (web.config.backup) should fix the issue.</Message>
        </ErrorInfo>
      </Output>
    </UnitTestResult>
    <UnitTestResult executionId="68403ec4-36ff-48a2-a4e1-c1559a9b01f8" testId="4cfebc9f-d377-64af-b02c-c029c127ff75" testName="createFingerPrintTest" computerName="ALRAZI" startTime="2012-06-10T15:59:42.7193177+07:00" endTime="2012-06-10T15:59:42.7553177+07:00" testType="13cdc9d9-ddb5-4fa4-a97d-d965ccfc6d4b" outcome="Failed" testListId="8c84fa94-04c1-424b-9868-57a2d4851a1d" relativeResultsDirectory="68403ec4-36ff-48a2-a4e1-c1559a9b01f8">
      <Output>
        <ErrorInfo>
          <Message>The web.config file for the site http://localhost:1904/ contains information from a previous run.  Replacing it with the backup file (web.config.backup) should fix the issue.</Message>
        </ErrorInfo>
      </Output>
    </UnitTestResult>
    <UnitTestResult executionId="f1c9e35f-c08a-4f37-bb75-f0460b986a87" testId="f53ffab6-db4b-bc18-1d36-214375d18ed2" testName="cekKemiripanTest" computerName="ALRAZI" startTime="2012-06-10T15:59:42.7823177+07:00" endTime="2012-06-10T15:59:42.8533177+07:00" testType="13cdc9d9-ddb5-4fa4-a97d-d965ccfc6d4b" outcome="Failed" testListId="8c84fa94-04c1-424b-9868-57a2d4851a1d" relativeResultsDirectory="f1c9e35f-c08a-4f37-bb75-f0460b986a87">
      <Output>
        <ErrorInfo>
          <Message>The web.config file for the site http://localhost:1904/ contains information from a previous run.  Replacing it with the backup file (web.config.backup) should fix the issue.</Message>
        </ErrorInfo>
      </Output>
    </UnitTestResult>
    <UnitTestResult executionId="7794228c-4bcf-494e-a2e9-c7510c6f9b17" testId="c88be32e-bcc2-0ae4-a885-bdbd38dd1b01" testName="cekTest" computerName="ALRAZI" startTime="2012-06-10T15:59:42.8613177+07:00" endTime="2012-06-10T15:59:42.8963177+07:00" testType="13cdc9d9-ddb5-4fa4-a97d-d965ccfc6d4b" outcome="Failed" testListId="8c84fa94-04c1-424b-9868-57a2d4851a1d" relativeResultsDirectory="7794228c-4bcf-494e-a2e9-c7510c6f9b17">
      <Output>
        <ErrorInfo>
          <Message>The web.config file for the site http://localhost:1904/ contains information from a previous run.  Replacing it with the backup file (web.config.backup) should fix the issue.</Message>
        </ErrorInfo>
      </Output>
    </UnitTestResult>
    <UnitTestResult executionId="52a354c1-3a47-43b8-ba9a-f5512046fe5e" testId="5dd0e4b6-2fd8-c0d8-d4e2-1952f7877659" testName="ControlCekConstructorTest" computerName="ALRAZI" startTime="2012-06-10T15:59:42.9243177+07:00" endTime="2012-06-10T15:59:42.9543177+07:00" testType="13cdc9d9-ddb5-4fa4-a97d-d965ccfc6d4b" outcome="Failed" testListId="8c84fa94-04c1-424b-9868-57a2d4851a1d" relativeResultsDirectory="52a354c1-3a47-43b8-ba9a-f5512046fe5e">
      <Output>
        <ErrorInfo>
          <Message>The web.config file for the site http://localhost:1904/ contains information from a previous run.  Replacing it with the backup file (web.config.backup) should fix the issue.</Message>
        </ErrorInfo>
      </Output>
    </UnitTestResult>
    <UnitTestResult executionId="591c5dd9-0fae-42f2-ba83-aee0a561e559" testId="58b5f6af-ee3b-0101-403f-8c761b6c47c6" testName="ControlCekConstructorTest1" computerName="ALRAZI" startTime="2012-06-10T15:59:42.9603177+07:00" endTime="2012-06-10T15:59:42.9943177+07:00" testType="13cdc9d9-ddb5-4fa4-a97d-d965ccfc6d4b" outcome="Failed" testListId="8c84fa94-04c1-424b-9868-57a2d4851a1d" relativeResultsDirectory="591c5dd9-0fae-42f2-ba83-aee0a561e559">
      <Output>
        <ErrorInfo>
          <Message>The web.config file for the site http://localhost:1904/ contains information from a previous run.  Replacing it with the backup file (web.config.backup) should fix the issue.</Message>
        </ErrorInfo>
      </Output>
    </UnitTestResult>
    <UnitTestResult executionId="7ed8d686-a618-4f50-a6a2-c61139eca391" testId="11d51ad4-d90b-1938-c03b-7872ca375fae" testName="ControlCekConstructorTest2" computerName="ALRAZI" startTime="2012-06-10T15:59:43.0063177+07:00" endTime="2012-06-10T15:59:43.0423177+07:00" testType="13cdc9d9-ddb5-4fa4-a97d-d965ccfc6d4b" outcome="Failed" testListId="8c84fa94-04c1-424b-9868-57a2d4851a1d" relativeResultsDirectory="7ed8d686-a618-4f50-a6a2-c61139eca391">
      <Output>
        <ErrorInfo>
          <Message>The web.config file for the site http://localhost:1904/ contains information from a previous run.  Replacing it with the backup file (web.config.backup) should fix the issue.</Message>
        </ErrorInfo>
      </Output>
    </UnitTestResult>
    <UnitTestResult executionId="f751a79b-ccbe-4dcb-81d8-03ca8c1e8e62" testId="6227526f-3f64-3e5b-7906-9a22d4fbd258" testName="ControlCekConstructorTest3" computerName="ALRAZI" startTime="2012-06-10T15:59:43.0503177+07:00" endTime="2012-06-10T15:59:43.0973177+07:00" testType="13cdc9d9-ddb5-4fa4-a97d-d965ccfc6d4b" outcome="Failed" testListId="8c84fa94-04c1-424b-9868-57a2d4851a1d" relativeResultsDirectory="f751a79b-ccbe-4dcb-81d8-03ca8c1e8e62">
      <Output>
        <ErrorInfo>
          <Message>The web.config file for the site http://localhost:1904/ contains information from a previous run.  Replacing it with the backup file (web.config.backup) should fix the issue.</Message>
        </ErrorInfo>
      </Output>
    </UnitTestResult>
    <UnitTestResult executionId="c6bade08-59c5-4f98-95ad-525c23a79eff" testId="8a96e5bc-a94b-24be-9a2d-ef2133d39e83" testName="cekTest1" computerName="ALRAZI" startTime="2012-06-10T15:59:43.1033177+07:00" endTime="2012-06-10T15:59:43.1383177+07:00" testType="13cdc9d9-ddb5-4fa4-a97d-d965ccfc6d4b" outcome="Failed" testListId="8c84fa94-04c1-424b-9868-57a2d4851a1d" relativeResultsDirectory="c6bade08-59c5-4f98-95ad-525c23a79eff">
      <Output>
        <ErrorInfo>
          <Message>The web.config file for the site http://localhost:1904/ contains information from a previous run.  Replacing it with the backup file (web.config.backup) should fix the issue.</Message>
        </ErrorInfo>
      </Output>
    </UnitTestResult>
    <UnitTestResult executionId="4ed94669-a204-433b-9787-c5150173fc50" testId="3739142b-6f26-80db-8216-ffad29a08f8b" testName="cekKemiripanTest1" computerName="ALRAZI" startTime="2012-06-10T15:59:43.1503177+07:00" endTime="2012-06-10T15:59:43.1823177+07:00" testType="13cdc9d9-ddb5-4fa4-a97d-d965ccfc6d4b" outcome="Failed" testListId="8c84fa94-04c1-424b-9868-57a2d4851a1d" relativeResultsDirectory="4ed94669-a204-433b-9787-c5150173fc50">
      <Output>
        <ErrorInfo>
          <Message>The web.config file for the site http://localhost:1904/ contains information from a previous run.  Replacing it with the backup file (web.config.backup) should fix the issue.</Message>
        </ErrorInfo>
      </Output>
    </UnitTestResult>
    <UnitTestResult executionId="be5cd37d-da14-4ba9-a311-66f105738e97" testId="ef08d7fc-b128-faf0-ba82-611f42e86d1f" testName="createFingerPrintTest1" computerName="ALRAZI" startTime="2012-06-10T15:59:43.1913177+07:00" endTime="2012-06-10T15:59:43.2233177+07:00" testType="13cdc9d9-ddb5-4fa4-a97d-d965ccfc6d4b" outcome="Failed" testListId="8c84fa94-04c1-424b-9868-57a2d4851a1d" relativeResultsDirectory="be5cd37d-da14-4ba9-a311-66f105738e97">
      <Output>
        <ErrorInfo>
          <Message>The web.config file for the site http://localhost:1904/ contains information from a previous run.  Replacing it with the backup file (web.config.backup) should fix the issue.</Message>
        </ErrorInfo>
      </Output>
    </UnitTestResult>
    <UnitTestResult executionId="bcd18f81-287f-44e7-93c8-ac9dc0a72da4" testId="e88d70ef-d237-0192-42cc-422cd12b1857" testName="ekstrakDocTest1" computerName="ALRAZI" startTime="2012-06-10T15:59:43.2313177+07:00" endTime="2012-06-10T15:59:43.2613177+07:00" testType="13cdc9d9-ddb5-4fa4-a97d-d965ccfc6d4b" outcome="Failed" testListId="8c84fa94-04c1-424b-9868-57a2d4851a1d" relativeResultsDirectory="bcd18f81-287f-44e7-93c8-ac9dc0a72da4">
      <Output>
        <ErrorInfo>
          <Message>The web.config file for the site http://localhost:1904/ contains information from a previous run.  Replacing it with the backup file (web.config.backup) should fix the issue.</Message>
        </ErrorInfo>
      </Output>
    </UnitTestResult>
    <UnitTestResult executionId="4a1f15b3-2726-494d-afd1-f560b94ce08b" testId="a699a447-852e-5139-fa5a-1f8797ade117" testName="ekstrakPdfTest1" computerName="ALRAZI" startTime="2012-06-10T15:59:43.2723177+07:00" endTime="2012-06-10T15:59:43.3093177+07:00" testType="13cdc9d9-ddb5-4fa4-a97d-d965ccfc6d4b" outcome="Failed" testListId="8c84fa94-04c1-424b-9868-57a2d4851a1d" relativeResultsDirectory="4a1f15b3-2726-494d-afd1-f560b94ce08b">
      <Output>
        <ErrorInfo>
          <Message>The web.config file for the site http://localhost:1904/ contains information from a previous run.  Replacing it with the backup file (web.config.backup) should fix the issue.</Message>
        </ErrorInfo>
      </Output>
    </UnitTestResult>
    <UnitTestResult executionId="6ccf13b6-4c83-4a3c-8a72-cdf247caf86b" testId="ce3f4fb4-9644-2f5f-f3c0-f596f71430e8" testName="uploadTest1" computerName="ALRAZI" startTime="2012-06-10T15:59:43.3193177+07:00" endTime="2012-06-10T15:59:43.3523177+07:00" testType="13cdc9d9-ddb5-4fa4-a97d-d965ccfc6d4b" outcome="Failed" testListId="8c84fa94-04c1-424b-9868-57a2d4851a1d" relativeResultsDirectory="6ccf13b6-4c83-4a3c-8a72-cdf247caf86b">
      <Output>
        <ErrorInfo>
          <Message>The web.config file for the site http://localhost:1904/ contains information from a previous run.  Replacing it with the backup file (web.config.backup) should fix the issue.</Message>
        </ErrorInfo>
      </Output>
    </UnitTestResult>
    <UnitTestResult executionId="25d4e4c6-f86e-42e7-b7b1-d15b0e9dabf3" testId="3b05bb0a-91a7-570d-f3e5-6770bc8af463" testName="ControlCekConstructorTest4" computerName="ALRAZI" startTime="2012-06-10T15:59:43.3603177+07:00" endTime="2012-06-10T15:59:43.4113177+07:00" testType="13cdc9d9-ddb5-4fa4-a97d-d965ccfc6d4b" outcome="Failed" testListId="8c84fa94-04c1-424b-9868-57a2d4851a1d" relativeResultsDirectory="25d4e4c6-f86e-42e7-b7b1-d15b0e9dabf3">
      <Output>
        <ErrorInfo>
          <Message>The web.config file for the site http://localhost:1904/ contains information from a previous run.  Replacing it with the backup file (web.config.backup) should fix the issue.</Message>
        </ErrorInfo>
      </Output>
    </UnitTestResult>
    <UnitTestResult executionId="51748d68-bf8b-4599-8964-6feecebbe27e" testId="51e50505-664d-ba89-1be0-d65fae32f623" testName="ControlCekConstructorTest5" computerName="ALRAZI" startTime="2012-06-10T15:59:43.4273177+07:00" endTime="2012-06-10T15:59:43.4703177+07:00" testType="13cdc9d9-ddb5-4fa4-a97d-d965ccfc6d4b" outcome="Failed" testListId="8c84fa94-04c1-424b-9868-57a2d4851a1d" relativeResultsDirectory="51748d68-bf8b-4599-8964-6feecebbe27e">
      <Output>
        <ErrorInfo>
          <Message>The web.config file for the site http://localhost:1904/ contains information from a previous run.  Replacing it with the backup file (web.config.backup) should fix the issue.</Message>
        </ErrorInfo>
      </Output>
    </UnitTestResult>
    <UnitTestResult executionId="b0ad17fa-1672-4b3d-9be1-606c2167b881" testId="7c9ab0e5-c4cd-674a-ce89-8121d9ef4247" testName="cekTest2" computerName="ALRAZI" startTime="2012-06-10T15:59:43.4783177+07:00" endTime="2012-06-10T15:59:43.5073177+07:00" testType="13cdc9d9-ddb5-4fa4-a97d-d965ccfc6d4b" outcome="Failed" testListId="8c84fa94-04c1-424b-9868-57a2d4851a1d" relativeResultsDirectory="b0ad17fa-1672-4b3d-9be1-606c2167b881">
      <Output>
        <ErrorInfo>
          <Message>The web.config file for the site http://localhost:1904/ contains information from a previous run.  Replacing it with the backup file (web.config.backup) should fix the issue.</Message>
        </ErrorInfo>
      </Output>
    </UnitTestResult>
    <UnitTestResult executionId="c0d0b4c6-500f-4c8c-8205-b27b0b95eb41" testId="a1692e17-fdd5-2a92-21a0-a1f0d67b4f17" testName="cekKemiripanTest2" computerName="ALRAZI" startTime="2012-06-10T15:59:43.5143177+07:00" endTime="2012-06-10T15:59:43.5583177+07:00" testType="13cdc9d9-ddb5-4fa4-a97d-d965ccfc6d4b" outcome="Failed" testListId="8c84fa94-04c1-424b-9868-57a2d4851a1d" relativeResultsDirectory="c0d0b4c6-500f-4c8c-8205-b27b0b95eb41">
      <Output>
        <ErrorInfo>
          <Message>The web.config file for the site http://localhost:1904/ contains information from a previous run.  Replacing it with the backup file (web.config.backup) should fix the issue.</Message>
        </ErrorInfo>
      </Output>
    </UnitTestResult>
    <UnitTestResult executionId="ac7deb4c-1434-4be2-9e05-479a4d8e1d0f" testId="91318277-08f6-3704-7b55-e418f165b38d" testName="createFingerPrintTest2" computerName="ALRAZI" startTime="2012-06-10T15:59:43.5663177+07:00" endTime="2012-06-10T15:59:43.6093177+07:00" testType="13cdc9d9-ddb5-4fa4-a97d-d965ccfc6d4b" outcome="Failed" testListId="8c84fa94-04c1-424b-9868-57a2d4851a1d" relativeResultsDirectory="ac7deb4c-1434-4be2-9e05-479a4d8e1d0f">
      <Output>
        <ErrorInfo>
          <Message>The web.config file for the site http://localhost:1904/ contains information from a previous run.  Replacing it with the backup file (web.config.backup) should fix the issue.</Message>
        </ErrorInfo>
      </Output>
    </UnitTestResult>
    <UnitTestResult executionId="f7a36622-58a9-487b-abe2-e474d03d470a" testId="d4bde4a9-a125-1063-0b31-52e76a6d1032" testName="ekstrakDocTest2" computerName="ALRAZI" startTime="2012-06-10T15:59:43.6243177+07:00" endTime="2012-06-10T15:59:43.6793177+07:00" testType="13cdc9d9-ddb5-4fa4-a97d-d965ccfc6d4b" outcome="Failed" testListId="8c84fa94-04c1-424b-9868-57a2d4851a1d" relativeResultsDirectory="f7a36622-58a9-487b-abe2-e474d03d470a">
      <Output>
        <ErrorInfo>
          <Message>The web.config file for the site http://localhost:1904/ contains information from a previous run.  Replacing it with the backup file (web.config.backup) should fix the issue.</Message>
        </ErrorInfo>
      </Output>
    </UnitTestResult>
    <UnitTestResult executionId="126d4d55-fd82-479a-908e-8e5ecadebaad" testId="bf9b63b5-db3e-6683-43fd-6254891ffcd0" testName="ekstrakPdfTest2" computerName="ALRAZI" startTime="2012-06-10T15:59:43.6893177+07:00" endTime="2012-06-10T15:59:43.7303177+07:00" testType="13cdc9d9-ddb5-4fa4-a97d-d965ccfc6d4b" outcome="Failed" testListId="8c84fa94-04c1-424b-9868-57a2d4851a1d" relativeResultsDirectory="126d4d55-fd82-479a-908e-8e5ecadebaad">
      <Output>
        <ErrorInfo>
          <Message>The web.config file for the site http://localhost:1904/ contains information from a previous run.  Replacing it with the backup file (web.config.backup) should fix the issue.</Message>
        </ErrorInfo>
      </Output>
    </UnitTestResult>
    <UnitTestResult executionId="561dd1db-e5cf-4335-8e13-e3d44d9f7076" testId="2acf2280-bb85-7972-3410-c5621017b3e0" testName="uploadTest2" computerName="ALRAZI" startTime="2012-06-10T15:59:43.7383177+07:00" endTime="2012-06-10T15:59:43.7713177+07:00" testType="13cdc9d9-ddb5-4fa4-a97d-d965ccfc6d4b" outcome="Failed" testListId="8c84fa94-04c1-424b-9868-57a2d4851a1d" relativeResultsDirectory="561dd1db-e5cf-4335-8e13-e3d44d9f7076">
      <Output>
        <ErrorInfo>
          <Message>The web.config file for the site http://localhost:1904/ contains information from a previous run.  Replacing it with the backup file (web.config.backup) should fix the issue.</Message>
        </ErrorInfo>
      </Output>
    </UnitTestResult>
    <UnitTestResult executionId="395da407-a40e-4cd3-91ea-d10de8b8b6a1" testId="1289c68f-9b5d-2bf6-4be5-0d5fe51cbce5" testName="RegisterUser_CreatedUserTest" computerName="ALRAZI" startTime="2012-06-10T15:59:43.7803177+07:00" endTime="2012-06-10T15:59:43.8183177+07:00" testType="13cdc9d9-ddb5-4fa4-a97d-d965ccfc6d4b" outcome="Failed" testListId="8c84fa94-04c1-424b-9868-57a2d4851a1d" relativeResultsDirectory="395da407-a40e-4cd3-91ea-d10de8b8b6a1">
      <Output>
        <ErrorInfo>
          <Message>The web.config file for the site http://localhost:1904/ contains information from a previous run.  Replacing it with the backup file (web.config.backup) should fix the issue.</Message>
        </ErrorInfo>
      </Output>
    </UnitTestResult>
    <UnitTestResult executionId="bd06cfd9-d744-414e-865d-68784ff19560" testId="d9d47804-5928-aea8-b35d-3672c7dd24b2" testName="Page_LoadTest" computerName="ALRAZI" startTime="2012-06-10T15:59:43.8293177+07:00" endTime="2012-06-10T15:59:43.8623177+07:00" testType="13cdc9d9-ddb5-4fa4-a97d-d965ccfc6d4b" outcome="Failed" testListId="8c84fa94-04c1-424b-9868-57a2d4851a1d" relativeResultsDirectory="bd06cfd9-d744-414e-865d-68784ff19560">
      <Output>
        <ErrorInfo>
          <Message>The web.config file for the site http://localhost:1904/ contains information from a previous run.  Replacing it with the backup file (web.config.backup) should fix the issue.</Message>
        </ErrorInfo>
      </Output>
    </UnitTestResult>
    <UnitTestResult executionId="309daf5b-4265-40ff-b124-c2f0d6a9dab7" testId="a4433993-2487-547b-d585-2365a7f7daed" testName="RegisterConstructorTest" computerName="ALRAZI" startTime="2012-06-10T15:59:43.8773177+07:00" endTime="2012-06-10T15:59:43.9073177+07:00" testType="13cdc9d9-ddb5-4fa4-a97d-d965ccfc6d4b" outcome="Failed" testListId="8c84fa94-04c1-424b-9868-57a2d4851a1d" relativeResultsDirectory="309daf5b-4265-40ff-b124-c2f0d6a9dab7">
      <Output>
        <ErrorInfo>
          <Message>The web.config file for the site http://localhost:1904/ contains information from a previous run.  Replacing it with the backup file (web.config.backup) should fix the issue.</Message>
        </ErrorInfo>
      </Output>
    </UnitTestResult>
    <UnitTestResult executionId="191cabfc-4783-4bfa-823a-b3d56d89b1e6" testId="e90bb5c9-b014-8321-409a-23dd35feb9fb" testName="RegisterConstructorTest1" computerName="ALRAZI" startTime="2012-06-10T15:59:43.9253177+07:00" endTime="2012-06-10T15:59:43.9773177+07:00" testType="13cdc9d9-ddb5-4fa4-a97d-d965ccfc6d4b" outcome="Failed" testListId="8c84fa94-04c1-424b-9868-57a2d4851a1d" relativeResultsDirectory="191cabfc-4783-4bfa-823a-b3d56d89b1e6">
      <Output>
        <ErrorInfo>
          <Message>The web.config file for the site http://localhost:1904/ contains information from a previous run.  Replacing it with the backup file (web.config.backup) should fix the issue.</Message>
        </ErrorInfo>
      </Output>
    </UnitTestResult>
    <UnitTestResult executionId="aab63635-13ee-4379-8ac0-9370aa9ff2a0" testId="26b83414-d9ca-8fd0-9185-f8c357e7dc1b" testName="Page_LoadTest1" computerName="ALRAZI" startTime="2012-06-10T15:59:44.0293177+07:00" endTime="2012-06-10T15:59:44.0963177+07:00" testType="13cdc9d9-ddb5-4fa4-a97d-d965ccfc6d4b" outcome="Failed" testListId="8c84fa94-04c1-424b-9868-57a2d4851a1d" relativeResultsDirectory="aab63635-13ee-4379-8ac0-9370aa9ff2a0">
      <Output>
        <ErrorInfo>
          <Message>The web.config file for the site http://localhost:1904/ contains information from a previous run.  Replacing it with the backup file (web.config.backup) should fix the issue.</Message>
        </ErrorInfo>
      </Output>
    </UnitTestResult>
    <UnitTestResult executionId="6ea6cb04-e865-4baa-a6cf-04998321c498" testId="32c0b9ed-96d9-1c46-f496-5b8d4d539a4b" testName="RegisterUser_CreatedUserTest1" computerName="ALRAZI" startTime="2012-06-10T15:59:44.1113177+07:00" endTime="2012-06-10T15:59:44.1453177+07:00" testType="13cdc9d9-ddb5-4fa4-a97d-d965ccfc6d4b" outcome="Failed" testListId="8c84fa94-04c1-424b-9868-57a2d4851a1d" relativeResultsDirectory="6ea6cb04-e865-4baa-a6cf-04998321c498">
      <Output>
        <ErrorInfo>
          <Message>The web.config file for the site http://localhost:1904/ contains information from a previous run.  Replacing it with the backup file (web.config.backup) should fix the issue.</Message>
        </ErrorInfo>
      </Output>
    </UnitTestResult>
    <UnitTestResult executionId="f7b8a03c-1e27-434a-94c1-83a8213e435a" testId="75e4460c-3e2e-b731-27b2-0d4d564edf77" testName="RegisterConstructorTest2" computerName="ALRAZI" startTime="2012-06-10T15:59:44.1543177+07:00" endTime="2012-06-10T15:59:44.1943177+07:00" testType="13cdc9d9-ddb5-4fa4-a97d-d965ccfc6d4b" outcome="Failed" testListId="8c84fa94-04c1-424b-9868-57a2d4851a1d" relativeResultsDirectory="f7b8a03c-1e27-434a-94c1-83a8213e435a">
      <Output>
        <ErrorInfo>
          <Message>The web.config file for the site http://localhost:1904/ contains information from a previous run.  Replacing it with the backup file (web.config.backup) should fix the issue.</Message>
        </ErrorInfo>
      </Output>
    </UnitTestResult>
    <UnitTestResult executionId="8c5c9b20-69fd-4f2b-9fe9-e839904ca3c1" testId="2a4e0f54-5912-32cb-b4f8-e3f4dbada93f" testName="Page_LoadTest2" computerName="ALRAZI" startTime="2012-06-10T15:59:44.2053177+07:00" endTime="2012-06-10T15:59:44.2373177+07:00" testType="13cdc9d9-ddb5-4fa4-a97d-d965ccfc6d4b" outcome="Failed" testListId="8c84fa94-04c1-424b-9868-57a2d4851a1d" relativeResultsDirectory="8c5c9b20-69fd-4f2b-9fe9-e839904ca3c1">
      <Output>
        <ErrorInfo>
          <Message>The web.config file for the site http://localhost:1904/ contains information from a previous run.  Replacing it with the backup file (web.config.backup) should fix the issue.</Message>
        </ErrorInfo>
      </Output>
    </UnitTestResult>
    <UnitTestResult executionId="6db998a1-5c82-4642-a280-7baa97c32c9f" testId="ad19bc97-7157-a8b3-1a93-72b7f274b947" testName="RegisterUser_CreatedUserTest2" computerName="ALRAZI" startTime="2012-06-10T15:59:44.2803177+07:00" endTime="2012-06-10T15:59:44.3163177+07:00" testType="13cdc9d9-ddb5-4fa4-a97d-d965ccfc6d4b" outcome="Failed" testListId="8c84fa94-04c1-424b-9868-57a2d4851a1d" relativeResultsDirectory="6db998a1-5c82-4642-a280-7baa97c32c9f">
      <Output>
        <ErrorInfo>
          <Message>The web.config file for the site http://localhost:1904/ contains information from a previous run.  Replacing it with the backup file (web.config.backup) should fix the issue.</Message>
        </ErrorInfo>
      </Output>
    </UnitTestResult>
    <UnitTestResult executionId="ec92347c-f533-4f48-b2b1-9e34191976f9" testId="c2725601-7581-fd21-8cfc-f04e99058454" testName="Page_LoadTest" computerName="ALRAZI" startTime="2012-06-10T15:59:44.3263177+07:00" endTime="2012-06-10T15:59:44.3633177+07:00" testType="13cdc9d9-ddb5-4fa4-a97d-d965ccfc6d4b" outcome="Failed" testListId="8c84fa94-04c1-424b-9868-57a2d4851a1d" relativeResultsDirectory="ec92347c-f533-4f48-b2b1-9e34191976f9">
      <Output>
        <ErrorInfo>
          <Message>The web.config file for the site http://localhost:1904/ contains information from a previous run.  Replacing it with the backup file (web.config.backup) should fix the issue.</Message>
        </ErrorInfo>
      </Output>
    </UnitTestResult>
    <UnitTestResult executionId="2edbb808-7428-464e-bb7e-b7758d1538d9" testId="62a3aea6-1f36-6c98-3ca9-fa64876b70bc" testName="ChangePasswordSuccessConstructorTest" computerName="ALRAZI" startTime="2012-06-10T15:59:44.3703177+07:00" endTime="2012-06-10T15:59:44.4233177+07:00" testType="13cdc9d9-ddb5-4fa4-a97d-d965ccfc6d4b" outcome="Failed" testListId="8c84fa94-04c1-424b-9868-57a2d4851a1d" relativeResultsDirectory="2edbb808-7428-464e-bb7e-b7758d1538d9">
      <Output>
        <ErrorInfo>
          <Message>The web.config file for the site http://localhost:1904/ contains information from a previous run.  Replacing it with the backup file (web.config.backup) should fix the issue.</Message>
        </ErrorInfo>
      </Output>
    </UnitTestResult>
    <UnitTestResult executionId="dd53bebb-d4d2-48a3-ac40-934abe76df27" testId="a1fd480a-899c-2f01-7e0a-fc628a5a9fb3" testName="ChangePasswordSuccessConstructorTest1" computerName="ALRAZI" startTime="2012-06-10T15:59:44.4303177+07:00" endTime="2012-06-10T15:59:44.4633177+07:00" testType="13cdc9d9-ddb5-4fa4-a97d-d965ccfc6d4b" outcome="Failed" testListId="8c84fa94-04c1-424b-9868-57a2d4851a1d" relativeResultsDirectory="dd53bebb-d4d2-48a3-ac40-934abe76df27">
      <Output>
        <ErrorInfo>
          <Message>The web.config file for the site http://localhost:1904/ contains information from a previous run.  Replacing it with the backup file (web.config.backup) should fix the issue.</Message>
        </ErrorInfo>
      </Output>
    </UnitTestResult>
    <UnitTestResult executionId="567344a5-45d9-413a-bdfe-5db14a25ba94" testId="ba89483e-d7f5-15f5-1fac-80c74332fcf1" testName="Page_LoadTest1" computerName="ALRAZI" startTime="2012-06-10T15:59:44.4743177+07:00" endTime="2012-06-10T15:59:44.5193177+07:00" testType="13cdc9d9-ddb5-4fa4-a97d-d965ccfc6d4b" outcome="Failed" testListId="8c84fa94-04c1-424b-9868-57a2d4851a1d" relativeResultsDirectory="567344a5-45d9-413a-bdfe-5db14a25ba94">
      <Output>
        <ErrorInfo>
          <Message>The web.config file for the site http://localhost:1904/ contains information from a previous run.  Replacing it with the backup file (web.config.backup) should fix the issue.</Message>
        </ErrorInfo>
      </Output>
    </UnitTestResult>
    <UnitTestResult executionId="8db8a550-560f-40e9-a6ad-c3e0cf06f4cd" testId="3098ab9c-926b-8ba8-fc81-11f4715f1c5d" testName="ChangePasswordSuccessConstructorTest2" computerName="ALRAZI" startTime="2012-06-10T15:59:44.5263177+07:00" endTime="2012-06-10T15:59:44.5573177+07:00" testType="13cdc9d9-ddb5-4fa4-a97d-d965ccfc6d4b" outcome="Failed" testListId="8c84fa94-04c1-424b-9868-57a2d4851a1d" relativeResultsDirectory="8db8a550-560f-40e9-a6ad-c3e0cf06f4cd">
      <Output>
        <ErrorInfo>
          <Message>The web.config file for the site http://localhost:1904/ contains information from a previous run.  Replacing it with the backup file (web.config.backup) should fix the issue.</Message>
        </ErrorInfo>
      </Output>
    </UnitTestResult>
    <UnitTestResult executionId="9d8e0c89-c591-4a6d-ba73-e5b013f93946" testId="4b3af668-3ad1-6912-e9b5-039fba3a0624" testName="Page_LoadTest2" computerName="ALRAZI" startTime="2012-06-10T15:59:44.5673177+07:00" endTime="2012-06-10T15:59:44.6143177+07:00" testType="13cdc9d9-ddb5-4fa4-a97d-d965ccfc6d4b" outcome="Failed" testListId="8c84fa94-04c1-424b-9868-57a2d4851a1d" relativeResultsDirectory="9d8e0c89-c591-4a6d-ba73-e5b013f93946">
      <Output>
        <ErrorInfo>
          <Message>The web.config file for the site http://localhost:1904/ contains information from a previous run.  Replacing it with the backup file (web.config.backup) should fix the issue.</Message>
        </ErrorInfo>
      </Output>
    </UnitTestResult>
    <UnitTestResult executionId="515cf62e-12a1-4026-9371-d2182e31a48f" testId="e4b7a1cd-439f-8431-3f3a-d83dfaba6f7e" testName="Page_LoadTest" computerName="ALRAZI" startTime="2012-06-10T15:59:44.6503177+07:00" endTime="2012-06-10T15:59:44.6913177+07:00" testType="13cdc9d9-ddb5-4fa4-a97d-d965ccfc6d4b" outcome="Failed" testListId="8c84fa94-04c1-424b-9868-57a2d4851a1d" relativeResultsDirectory="515cf62e-12a1-4026-9371-d2182e31a48f">
      <Output>
        <ErrorInfo>
          <Message>The web.config file for the site http://localhost:1904/ contains information from a previous run.  Replacing it with the backup file (web.config.backup) should fix the issue.</Message>
        </ErrorInfo>
      </Output>
    </UnitTestResult>
    <UnitTestResult executionId="a836ab59-c83b-4ce9-8ac9-f02e9a7b9e7b" testId="9052e00b-ef7e-d40b-12c9-c6f6d7135c10" testName="ChangePasswordConstructorTest" computerName="ALRAZI" startTime="2012-06-10T15:59:44.7173177+07:00" endTime="2012-06-10T15:59:44.7513177+07:00" testType="13cdc9d9-ddb5-4fa4-a97d-d965ccfc6d4b" outcome="Failed" testListId="8c84fa94-04c1-424b-9868-57a2d4851a1d" relativeResultsDirectory="a836ab59-c83b-4ce9-8ac9-f02e9a7b9e7b">
      <Output>
        <ErrorInfo>
          <Message>The web.config file for the site http://localhost:1904/ contains information from a previous run.  Replacing it with the backup file (web.config.backup) should fix the issue.</Message>
        </ErrorInfo>
      </Output>
    </UnitTestResult>
    <UnitTestResult executionId="2ce050f6-52aa-401d-b1b1-6f8ad2010f88" testId="e8e8089e-b63c-b4a2-7cfe-b9b154554811" testName="ChangePasswordConstructorTest1" computerName="ALRAZI" startTime="2012-06-10T15:59:44.7593177+07:00" endTime="2012-06-10T15:59:44.7893177+07:00" testType="13cdc9d9-ddb5-4fa4-a97d-d965ccfc6d4b" outcome="Failed" testListId="8c84fa94-04c1-424b-9868-57a2d4851a1d" relativeResultsDirectory="2ce050f6-52aa-401d-b1b1-6f8ad2010f88">
      <Output>
        <ErrorInfo>
          <Message>The web.config file for the site http://localhost:1904/ contains information from a previous run.  Replacing it with the backup file (web.config.backup) should fix the issue.</Message>
        </ErrorInfo>
      </Output>
    </UnitTestResult>
    <UnitTestResult executionId="b0007ded-ad25-4b3e-9312-d2e68061ef6c" testId="f6332b14-8b0e-6c1a-8542-dbf2c7a5e6d7" testName="Page_LoadTest1" computerName="ALRAZI" startTime="2012-06-10T15:59:44.7973177+07:00" endTime="2012-06-10T15:59:44.8283177+07:00" testType="13cdc9d9-ddb5-4fa4-a97d-d965ccfc6d4b" outcome="Failed" testListId="8c84fa94-04c1-424b-9868-57a2d4851a1d" relativeResultsDirectory="b0007ded-ad25-4b3e-9312-d2e68061ef6c">
      <Output>
        <ErrorInfo>
          <Message>The web.config file for the site http://localhost:1904/ contains information from a previous run.  Replacing it with the backup file (web.config.backup) should fix the issue.</Message>
        </ErrorInfo>
      </Output>
    </UnitTestResult>
    <UnitTestResult executionId="82c7c335-903e-4003-a6c6-b803a7e1a690" testId="5383b0b3-c181-d1cd-dbad-5a516ca62625" testName="ChangePasswordConstructorTest2" computerName="ALRAZI" startTime="2012-06-10T15:59:44.8343177+07:00" endTime="2012-06-10T15:59:44.8733177+07:00" testType="13cdc9d9-ddb5-4fa4-a97d-d965ccfc6d4b" outcome="Failed" testListId="8c84fa94-04c1-424b-9868-57a2d4851a1d" relativeResultsDirectory="82c7c335-903e-4003-a6c6-b803a7e1a690">
      <Output>
        <ErrorInfo>
          <Message>The web.config file for the site http://localhost:1904/ contains information from a previous run.  Replacing it with the backup file (web.config.backup) should fix the issue.</Message>
        </ErrorInfo>
      </Output>
    </UnitTestResult>
    <UnitTestResult executionId="ed9c3229-90e6-490f-99bb-e618c98f4fc5" testId="43c82ab0-da60-a90d-edac-128d1a72635d" testName="Page_LoadTest2" computerName="ALRAZI" startTime="2012-06-10T15:59:44.8973177+07:00" endTime="2012-06-10T15:59:44.9273177+07:00" testType="13cdc9d9-ddb5-4fa4-a97d-d965ccfc6d4b" outcome="Failed" testListId="8c84fa94-04c1-424b-9868-57a2d4851a1d" relativeResultsDirectory="ed9c3229-90e6-490f-99bb-e618c98f4fc5">
      <Output>
        <ErrorInfo>
          <Message>The web.config file for the site http://localhost:1904/ contains information from a previous run.  Replacing it with the backup file (web.config.backup) should fix the issue.</Message>
        </ErrorInfo>
      </Output>
    </UnitTestResult>
    <UnitTestResult executionId="a9515e97-3c35-4a08-9c6b-6ca8d20ab6af" testId="2e6857f5-e4e3-ef1b-e058-01129603c6da" testName="btn_mulai_ClickTest" computerName="ALRAZI" startTime="2012-06-10T15:59:44.9353177+07:00" endTime="2012-06-10T15:59:44.9663177+07:00" testType="13cdc9d9-ddb5-4fa4-a97d-d965ccfc6d4b" outcome="Failed" testListId="8c84fa94-04c1-424b-9868-57a2d4851a1d" relativeResultsDirectory="a9515e97-3c35-4a08-9c6b-6ca8d20ab6af">
      <Output>
        <ErrorInfo>
          <Message>The web.config file for the site http://localhost:1904/ contains information from a previous run.  Replacing it with the backup file (web.config.backup) should fix the issue.</Message>
        </ErrorInfo>
      </Output>
    </UnitTestResult>
    <UnitTestResult executionId="bda28929-c6be-4290-8819-9b1a8ee1d39b" testId="9a260353-e0d0-f05d-e4e8-4e00caf49b04" testName="Page_LoadTest" computerName="ALRAZI" startTime="2012-06-10T15:59:44.9813177+07:00" endTime="2012-06-10T15:59:45.0113177+07:00" testType="13cdc9d9-ddb5-4fa4-a97d-d965ccfc6d4b" outcome="Failed" testListId="8c84fa94-04c1-424b-9868-57a2d4851a1d" relativeResultsDirectory="bda28929-c6be-4290-8819-9b1a8ee1d39b">
      <Output>
        <ErrorInfo>
          <Message>The web.config file for the site http://localhost:1904/ contains information from a previous run.  Replacing it with the backup file (web.config.backup) should fix the issue.</Message>
        </ErrorInfo>
      </Output>
    </UnitTestResult>
    <UnitTestResult executionId="dc16fb77-6731-4cd9-866e-42e212c97276" testId="59b3b4b7-770d-ca68-8ff3-dc9f615160fb" testName="_DefaultConstructorTest" computerName="ALRAZI" startTime="2012-06-10T15:59:45.0193177+07:00" endTime="2012-06-10T15:59:45.0493177+07:00" testType="13cdc9d9-ddb5-4fa4-a97d-d965ccfc6d4b" outcome="Failed" testListId="8c84fa94-04c1-424b-9868-57a2d4851a1d" relativeResultsDirectory="dc16fb77-6731-4cd9-866e-42e212c97276">
      <Output>
        <ErrorInfo>
          <Message>The web.config file for the site http://localhost:1904/ contains information from a previous run.  Replacing it with the backup file (web.config.backup) should fix the issue.</Message>
        </ErrorInfo>
      </Output>
    </UnitTestResult>
    <UnitTestResult executionId="432d866c-4c62-4328-969b-56d525ac7d6f" testId="8d40039d-6545-2e64-7ae5-8b2c2c0b34e5" testName="_DefaultConstructorTest1" computerName="ALRAZI" startTime="2012-06-10T15:59:45.0573177+07:00" endTime="2012-06-10T15:59:45.0873177+07:00" testType="13cdc9d9-ddb5-4fa4-a97d-d965ccfc6d4b" outcome="Failed" testListId="8c84fa94-04c1-424b-9868-57a2d4851a1d" relativeResultsDirectory="432d866c-4c62-4328-969b-56d525ac7d6f">
      <Output>
        <ErrorInfo>
          <Message>The web.config file for the site http://localhost:1904/ contains information from a previous run.  Replacing it with the backup file (web.config.backup) should fix the issue.</Message>
        </ErrorInfo>
      </Output>
    </UnitTestResult>
    <UnitTestResult executionId="28c99dab-edd4-4bed-be9d-98fe9d04f91c" testId="4c0e263d-f39c-cb2f-6ddb-9e42a6574d34" testName="Page_LoadTest1" computerName="ALRAZI" startTime="2012-06-10T15:59:45.0933177+07:00" endTime="2012-06-10T15:59:45.1273177+07:00" testType="13cdc9d9-ddb5-4fa4-a97d-d965ccfc6d4b" outcome="Failed" testListId="8c84fa94-04c1-424b-9868-57a2d4851a1d" relativeResultsDirectory="28c99dab-edd4-4bed-be9d-98fe9d04f91c">
      <Output>
        <ErrorInfo>
          <Message>The web.config file for the site http://localhost:1904/ contains information from a previous run.  Replacing it with the backup file (web.config.backup) should fix the issue.</Message>
        </ErrorInfo>
      </Output>
    </UnitTestResult>
    <UnitTestResult executionId="a97deb68-3a69-4e23-bf73-4f8f86bd76da" testId="98613ab8-3831-19a4-9233-6799fbdfe76d" testName="btn_mulai_ClickTest1" computerName="ALRAZI" startTime="2012-06-10T15:59:45.1373177+07:00" endTime="2012-06-10T15:59:45.1873177+07:00" testType="13cdc9d9-ddb5-4fa4-a97d-d965ccfc6d4b" outcome="Failed" testListId="8c84fa94-04c1-424b-9868-57a2d4851a1d" relativeResultsDirectory="a97deb68-3a69-4e23-bf73-4f8f86bd76da">
      <Output>
        <ErrorInfo>
          <Message>The web.config file for the site http://localhost:1904/ contains information from a previous run.  Replacing it with the backup file (web.config.backup) should fix the issue.</Message>
        </ErrorInfo>
      </Output>
    </UnitTestResult>
    <UnitTestResult executionId="f270fc8e-19fc-462e-9f4b-672a7729796f" testId="611875e9-08f5-777d-3050-625c86bffeec" testName="_DefaultConstructorTest2" computerName="ALRAZI" startTime="2012-06-10T15:59:45.1993177+07:00" endTime="2012-06-10T15:59:45.2513177+07:00" testType="13cdc9d9-ddb5-4fa4-a97d-d965ccfc6d4b" outcome="Failed" testListId="8c84fa94-04c1-424b-9868-57a2d4851a1d" relativeResultsDirectory="f270fc8e-19fc-462e-9f4b-672a7729796f">
      <Output>
        <ErrorInfo>
          <Message>The web.config file for the site http://localhost:1904/ contains information from a previous run.  Replacing it with the backup file (web.config.backup) should fix the issue.</Message>
        </ErrorInfo>
      </Output>
    </UnitTestResult>
    <UnitTestResult executionId="776be7b8-50e5-4a91-8a91-f633919e4237" testId="f99a1701-4cc9-9971-2284-65d99fe1f84d" testName="Page_LoadTest2" computerName="ALRAZI" startTime="2012-06-10T15:59:45.2733177+07:00" endTime="2012-06-10T15:59:45.3183177+07:00" testType="13cdc9d9-ddb5-4fa4-a97d-d965ccfc6d4b" outcome="Failed" testListId="8c84fa94-04c1-424b-9868-57a2d4851a1d" relativeResultsDirectory="776be7b8-50e5-4a91-8a91-f633919e4237">
      <Output>
        <ErrorInfo>
          <Message>The web.config file for the site http://localhost:1904/ contains information from a previous run.  Replacing it with the backup file (web.config.backup) should fix the issue.</Message>
        </ErrorInfo>
      </Output>
    </UnitTestResult>
    <UnitTestResult executionId="5db80252-5d1a-4828-a558-bc76213119f5" testId="a04f1ec2-e1d0-b2ab-f6f9-efba637ab7ae" testName="btn_mulai_ClickTest2" computerName="ALRAZI" startTime="2012-06-10T15:59:45.3283177+07:00" endTime="2012-06-10T15:59:45.3703177+07:00" testType="13cdc9d9-ddb5-4fa4-a97d-d965ccfc6d4b" outcome="Failed" testListId="8c84fa94-04c1-424b-9868-57a2d4851a1d" relativeResultsDirectory="5db80252-5d1a-4828-a558-bc76213119f5">
      <Output>
        <ErrorInfo>
          <Message>The web.config file for the site http://localhost:1904/ contains information from a previous run.  Replacing it with the backup file (web.config.backup) should fix the issue.</Message>
        </ErrorInfo>
      </Output>
    </UnitTestResult>
    <UnitTestResult executionId="6d6cdb71-ed7e-477b-bf95-c6867990a286" testId="5399227d-bc55-42e1-34de-ac63001b8a22" testName="Page_LoadTest" computerName="ALRAZI" startTime="2012-06-10T15:59:45.3823177+07:00" endTime="2012-06-10T15:59:45.4133177+07:00" testType="13cdc9d9-ddb5-4fa4-a97d-d965ccfc6d4b" outcome="Failed" testListId="8c84fa94-04c1-424b-9868-57a2d4851a1d" relativeResultsDirectory="6d6cdb71-ed7e-477b-bf95-c6867990a286">
      <Output>
        <ErrorInfo>
          <Message>The web.config file for the site http://localhost:1904/ contains information from a previous run.  Replacing it with the backup file (web.config.backup) should fix the issue.</Message>
        </ErrorInfo>
      </Output>
    </UnitTestResult>
    <UnitTestResult executionId="3fd6031f-ce5b-4fbd-a955-caf6c3935fbb" testId="e89fa820-b74d-fe37-b0e0-9c96481fff5f" testName="SiteMasterConstructorTest" computerName="ALRAZI" startTime="2012-06-10T15:59:45.4213177+07:00" endTime="2012-06-10T15:59:45.4513177+07:00" testType="13cdc9d9-ddb5-4fa4-a97d-d965ccfc6d4b" outcome="Failed" testListId="8c84fa94-04c1-424b-9868-57a2d4851a1d" relativeResultsDirectory="3fd6031f-ce5b-4fbd-a955-caf6c3935fbb">
      <Output>
        <ErrorInfo>
          <Message>The web.config file for the site http://localhost:1904/ contains information from a previous run.  Replacing it with the backup file (web.config.backup) should fix the issue.</Message>
        </ErrorInfo>
      </Output>
    </UnitTestResult>
    <UnitTestResult executionId="9de3af52-b2ce-4bc9-9836-7bca44762531" testId="d860fcba-a828-179e-6fdb-c102d08d2cc5" testName="SiteMasterConstructorTest1" computerName="ALRAZI" startTime="2012-06-10T15:59:45.4593177+07:00" endTime="2012-06-10T15:59:45.4933177+07:00" testType="13cdc9d9-ddb5-4fa4-a97d-d965ccfc6d4b" outcome="Failed" testListId="8c84fa94-04c1-424b-9868-57a2d4851a1d" relativeResultsDirectory="9de3af52-b2ce-4bc9-9836-7bca44762531">
      <Output>
        <ErrorInfo>
          <Message>The web.config file for the site http://localhost:1904/ contains information from a previous run.  Replacing it with the backup file (web.config.backup) should fix the issue.</Message>
        </ErrorInfo>
      </Output>
    </UnitTestResult>
    <UnitTestResult executionId="c8e93157-718b-4404-91a4-236345e14895" testId="6922ebaa-31fc-5328-5608-af7050535f42" testName="Page_LoadTest1" computerName="ALRAZI" startTime="2012-06-10T15:59:45.4993177+07:00" endTime="2012-06-10T15:59:45.5303177+07:00" testType="13cdc9d9-ddb5-4fa4-a97d-d965ccfc6d4b" outcome="Failed" testListId="8c84fa94-04c1-424b-9868-57a2d4851a1d" relativeResultsDirectory="c8e93157-718b-4404-91a4-236345e14895">
      <Output>
        <ErrorInfo>
          <Message>The web.config file for the site http://localhost:1904/ contains information from a previous run.  Replacing it with the backup file (web.config.backup) should fix the issue.</Message>
        </ErrorInfo>
      </Output>
    </UnitTestResult>
    <UnitTestResult executionId="66195933-4dd8-4c73-9b39-50d19e622519" testId="5deb9f7c-5c2c-5ae9-8cb9-a9140e695c54" testName="SiteMasterConstructorTest2" computerName="ALRAZI" startTime="2012-06-10T15:59:45.5383177+07:00" endTime="2012-06-10T15:59:45.5723177+07:00" testType="13cdc9d9-ddb5-4fa4-a97d-d965ccfc6d4b" outcome="Failed" testListId="8c84fa94-04c1-424b-9868-57a2d4851a1d" relativeResultsDirectory="66195933-4dd8-4c73-9b39-50d19e622519">
      <Output>
        <ErrorInfo>
          <Message>The web.config file for the site http://localhost:1904/ contains information from a previous run.  Replacing it with the backup file (web.config.backup) should fix the issue.</Message>
        </ErrorInfo>
      </Output>
    </UnitTestResult>
    <UnitTestResult executionId="1ed75fd2-1aad-4175-b4c2-ada982b36f54" testId="69357bf5-a1e4-cd1a-9a34-6beb5e0e5181" testName="Page_LoadTest2" computerName="ALRAZI" startTime="2012-06-10T15:59:45.5823177+07:00" endTime="2012-06-10T15:59:45.6133177+07:00" testType="13cdc9d9-ddb5-4fa4-a97d-d965ccfc6d4b" outcome="Failed" testListId="8c84fa94-04c1-424b-9868-57a2d4851a1d" relativeResultsDirectory="1ed75fd2-1aad-4175-b4c2-ada982b36f54">
      <Output>
        <ErrorInfo>
          <Message>The web.config file for the site http://localhost:1904/ contains information from a previous run.  Replacing it with the backup file (web.config.backup) should fix the issue.</Message>
        </ErrorInfo>
      </Output>
    </UnitTestResult>
    <UnitTestResult executionId="f3e62456-6e9f-4fea-acbd-d28c86dccc68" testId="0a26fe68-e0ec-8127-38bd-7ebe0211af3a" testName="DocumentsTest" computerName="ALRAZI" startTime="2012-06-10T15:59:45.6213177+07:00" endTime="2012-06-10T15:59:45.6563177+07:00" testType="13cdc9d9-ddb5-4fa4-a97d-d965ccfc6d4b" outcome="Failed" testListId="8c84fa94-04c1-424b-9868-57a2d4851a1d" relativeResultsDirectory="f3e62456-6e9f-4fea-acbd-d28c86dccc68">
      <Output>
        <ErrorInfo>
          <Message>The web.config file for the site http://localhost:1904/ contains information from a previous run.  Replacing it with the backup file (web.config.backup) should fix the issue.</Message>
        </ErrorInfo>
      </Output>
    </UnitTestResult>
    <UnitTestResult executionId="bc102796-a857-44a9-a750-639a2a8a1a66" testId="64ea801d-33d6-013c-5185-7e54b431c6bd" testName="ApplicationTest" computerName="ALRAZI" startTime="2012-06-10T15:59:45.6623177+07:00" endTime="2012-06-10T15:59:45.6943177+07:00" testType="13cdc9d9-ddb5-4fa4-a97d-d965ccfc6d4b" outcome="Failed" testListId="8c84fa94-04c1-424b-9868-57a2d4851a1d" relativeResultsDirectory="bc102796-a857-44a9-a750-639a2a8a1a66">
      <Output>
        <ErrorInfo>
          <Message>The web.config file for the site http://localhost:1904/ contains information from a previous run.  Replacing it with the backup file (web.config.backup) should fix the issue.</Message>
        </ErrorInfo>
      </Output>
    </UnitTestResult>
    <UnitTestResult executionId="a6ab763e-c336-4b33-9a1e-36a466622971" testId="8523ad9c-e985-f221-3147-03c6f459cf88" testName="QuitTest" computerName="ALRAZI" startTime="2012-06-10T15:59:45.7063177+07:00" endTime="2012-06-10T15:59:45.7373177+07:00" testType="13cdc9d9-ddb5-4fa4-a97d-d965ccfc6d4b" outcome="Failed" testListId="8c84fa94-04c1-424b-9868-57a2d4851a1d" relativeResultsDirectory="a6ab763e-c336-4b33-9a1e-36a466622971">
      <Output>
        <ErrorInfo>
          <Message>The web.config file for the site http://localhost:1904/ contains information from a previous run.  Replacing it with the backup file (web.config.backup) should fix the issue.</Message>
        </ErrorInfo>
      </Output>
    </UnitTestResult>
    <UnitTestResult executionId="534fc47c-cbe2-4e5e-8f29-19695672b0b4" testId="235e3ff4-3a6e-575e-ac74-c70e2cbb4f4f" testName="QuitTest1" computerName="ALRAZI" startTime="2012-06-10T15:59:45.7563177+07:00" endTime="2012-06-10T15:59:45.7903177+07:00" testType="13cdc9d9-ddb5-4fa4-a97d-d965ccfc6d4b" outcome="Failed" testListId="8c84fa94-04c1-424b-9868-57a2d4851a1d" relativeResultsDirectory="534fc47c-cbe2-4e5e-8f29-19695672b0b4">
      <Output>
        <ErrorInfo>
          <Message>The web.config file for the site http://localhost:1904/ contains information from a previous run.  Replacing it with the backup file (web.config.backup) should fix the issue.</Message>
        </ErrorInfo>
      </Output>
    </UnitTestResult>
    <UnitTestResult executionId="9fa3d437-6127-473c-8860-f6321419338e" testId="7273a285-324a-d6db-db0d-ed890d703a7f" testName="ApplicationTest1" computerName="ALRAZI" startTime="2012-06-10T15:59:45.8023177+07:00" endTime="2012-06-10T15:59:45.8453177+07:00" testType="13cdc9d9-ddb5-4fa4-a97d-d965ccfc6d4b" outcome="Failed" testListId="8c84fa94-04c1-424b-9868-57a2d4851a1d" relativeResultsDirectory="9fa3d437-6127-473c-8860-f6321419338e">
      <Output>
        <ErrorInfo>
          <Message>The web.config file for the site http://localhost:1904/ contains information from a previous run.  Replacing it with the backup file (web.config.backup) should fix the issue.</Message>
        </ErrorInfo>
      </Output>
    </UnitTestResult>
    <UnitTestResult executionId="8fe6a664-9ccd-416e-a16f-a5f41d3334d9" testId="41fd4415-03a1-e32e-4bbc-22eefda04551" testName="DocumentsTest1" computerName="ALRAZI" startTime="2012-06-10T15:59:45.8613177+07:00" endTime="2012-06-10T15:59:45.9163177+07:00" testType="13cdc9d9-ddb5-4fa4-a97d-d965ccfc6d4b" outcome="Failed" testListId="8c84fa94-04c1-424b-9868-57a2d4851a1d" relativeResultsDirectory="8fe6a664-9ccd-416e-a16f-a5f41d3334d9">
      <Output>
        <ErrorInfo>
          <Message>The web.config file for the site http://localhost:1904/ contains information from a previous run.  Replacing it with the backup file (web.config.backup) should fix the issue.</Message>
        </ErrorInfo>
      </Output>
    </UnitTestResult>
    <UnitTestResult executionId="c1455961-b512-4d4d-8a81-cd1cbd36334b" testId="e15f489a-b682-e418-d3b8-c99292175c8c" testName="QuitTest2" computerName="ALRAZI" startTime="2012-06-10T15:59:45.9253177+07:00" endTime="2012-06-10T15:59:45.9693177+07:00" testType="13cdc9d9-ddb5-4fa4-a97d-d965ccfc6d4b" outcome="Failed" testListId="8c84fa94-04c1-424b-9868-57a2d4851a1d" relativeResultsDirectory="c1455961-b512-4d4d-8a81-cd1cbd36334b">
      <Output>
        <ErrorInfo>
          <Message>The web.config file for the site http://localhost:1904/ contains information from a previous run.  Replacing it with the backup file (web.config.backup) should fix the issue.</Message>
        </ErrorInfo>
      </Output>
    </UnitTestResult>
    <UnitTestResult executionId="4bd7191e-2396-492e-9f2f-9eaf4883123a" testId="f224e4bc-374e-e0b2-2174-2223c27b2629" testName="ApplicationTest2" computerName="ALRAZI" startTime="2012-06-10T15:59:46.0013177+07:00" endTime="2012-06-10T15:59:46.0593177+07:00" testType="13cdc9d9-ddb5-4fa4-a97d-d965ccfc6d4b" outcome="Failed" testListId="8c84fa94-04c1-424b-9868-57a2d4851a1d" relativeResultsDirectory="4bd7191e-2396-492e-9f2f-9eaf4883123a">
      <Output>
        <ErrorInfo>
          <Message>The web.config file for the site http://localhost:1904/ contains information from a previous run.  Replacing it with the backup file (web.config.backup) should fix the issue.</Message>
        </ErrorInfo>
      </Output>
    </UnitTestResult>
    <UnitTestResult executionId="26057eb1-9736-4bba-8d9c-0dd00aed15cc" testId="d2454569-8d45-367e-a633-6cb9b55ecd61" testName="DocumentsTest2" computerName="ALRAZI" startTime="2012-06-10T15:59:46.0713177+07:00" endTime="2012-06-10T15:59:46.1033177+07:00" testType="13cdc9d9-ddb5-4fa4-a97d-d965ccfc6d4b" outcome="Failed" testListId="8c84fa94-04c1-424b-9868-57a2d4851a1d" relativeResultsDirectory="26057eb1-9736-4bba-8d9c-0dd00aed15cc">
      <Output>
        <ErrorInfo>
          <Message>The web.config file for the site http://localhost:1904/ contains information from a previous run.  Replacing it with the backup file (web.config.backup) should fix the issue.</Message>
        </ErrorInfo>
      </Output>
    </UnitTestResult>
    <UnitTestResult executionId="db37e430-ac01-4f04-bbdd-e4c507743e06" testId="ef6c8606-cfba-9915-b5b2-5226c9cf9e4c" testName="OpenTest" computerName="ALRAZI" startTime="2012-06-10T15:59:46.1103177+07:00" endTime="2012-06-10T15:59:46.1523177+07:00" testType="13cdc9d9-ddb5-4fa4-a97d-d965ccfc6d4b" outcome="Failed" testListId="8c84fa94-04c1-424b-9868-57a2d4851a1d" relativeResultsDirectory="db37e430-ac01-4f04-bbdd-e4c507743e06">
      <Output>
        <ErrorInfo>
          <Message>The web.config file for the site http://localhost:1904/ contains information from a previous run.  Replacing it with the backup file (web.config.backup) should fix the issue.</Message>
        </ErrorInfo>
      </Output>
    </UnitTestResult>
    <UnitTestResult executionId="7e199161-67fa-46eb-9169-16c5de2edff0" testId="8c780886-5434-09f5-5604-1f2322205103" testName="OpenTest1" computerName="ALRAZI" startTime="2012-06-10T15:59:46.1663177+07:00" endTime="2012-06-10T15:59:46.1963177+07:00" testType="13cdc9d9-ddb5-4fa4-a97d-d965ccfc6d4b" outcome="Failed" testListId="8c84fa94-04c1-424b-9868-57a2d4851a1d" relativeResultsDirectory="7e199161-67fa-46eb-9169-16c5de2edff0">
      <Output>
        <ErrorInfo>
          <Message>The web.config file for the site http://localhost:1904/ contains information from a previous run.  Replacing it with the backup file (web.config.backup) should fix the issue.</Message>
        </ErrorInfo>
      </Output>
    </UnitTestResult>
    <UnitTestResult executionId="4002eb48-06f0-4226-b142-26ff71c22dfa" testId="f1e975b5-d35b-7be6-1bd7-c4143677f55d" testName="OpenTest2" computerName="ALRAZI" startTime="2012-06-10T15:59:46.2033177+07:00" endTime="2012-06-10T15:59:46.2333177+07:00" testType="13cdc9d9-ddb5-4fa4-a97d-d965ccfc6d4b" outcome="Failed" testListId="8c84fa94-04c1-424b-9868-57a2d4851a1d" relativeResultsDirectory="4002eb48-06f0-4226-b142-26ff71c22dfa">
      <Output>
        <ErrorInfo>
          <Message>The web.config file for the site http://localhost:1904/ contains information from a previous run.  Replacing it with the backup file (web.config.backup) should fix the issue.</Message>
        </ErrorInfo>
      </Output>
    </UnitTestResult>
    <UnitTestResult executionId="061d42c5-2bd5-4bf1-a892-00c3ab358f68" testId="63dd618c-44de-defb-095b-0bda283d9917" testName="dokumenConstructorTest" computerName="ALRAZI" startTime="2012-06-10T15:59:46.2523177+07:00" endTime="2012-06-10T15:59:46.3013177+07:00" testType="13cdc9d9-ddb5-4fa4-a97d-d965ccfc6d4b" outcome="Failed" testListId="8c84fa94-04c1-424b-9868-57a2d4851a1d" relativeResultsDirectory="061d42c5-2bd5-4bf1-a892-00c3ab358f68">
      <Output>
        <ErrorInfo>
          <Message>The web.config file for the site http://localhost:1904/ contains information from a previous run.  Replacing it with the backup file (web.config.backup) should fix the issue.</Message>
        </ErrorInfo>
      </Output>
    </UnitTestResult>
    <UnitTestResult executionId="2c862007-82a1-4a29-9394-4e049b1bc666" testId="b9aa4ee6-5d0d-2ad1-7516-dcaae3020b81" testName="CreatedokumenTest" computerName="ALRAZI" startTime="2012-06-10T15:59:46.3203177+07:00" endTime="2012-06-10T15:59:46.3733177+07:00" testType="13cdc9d9-ddb5-4fa4-a97d-d965ccfc6d4b" outcome="Failed" testListId="8c84fa94-04c1-424b-9868-57a2d4851a1d" relativeResultsDirectory="2c862007-82a1-4a29-9394-4e049b1bc666">
      <Output>
        <ErrorInfo>
          <Message>The web.config file for the site http://localhost:1904/ contains information from a previous run.  Replacing it with the backup file (web.config.backup) should fix the issue.</Message>
        </ErrorInfo>
      </Output>
    </UnitTestResult>
    <UnitTestResult executionId="50c3fc8f-463c-453e-aaf1-ae4af1727dab" testId="ea380d42-63ea-041d-26bc-1a1db50e1435" testName="alamat_fingerprintTest" computerName="ALRAZI" startTime="2012-06-10T15:59:46.3833177+07:00" endTime="2012-06-10T15:59:46.4133177+07:00" testType="13cdc9d9-ddb5-4fa4-a97d-d965ccfc6d4b" outcome="Failed" testListId="8c84fa94-04c1-424b-9868-57a2d4851a1d" relativeResultsDirectory="50c3fc8f-463c-453e-aaf1-ae4af1727dab">
      <Output>
        <ErrorInfo>
          <Message>The web.config file for the site http://localhost:1904/ contains information from a previous run.  Replacing it with the backup file (web.config.backup) should fix the issue.</Message>
        </ErrorInfo>
      </Output>
    </UnitTestResult>
    <UnitTestResult executionId="47df2932-b2b5-4a73-9499-4b3bba5968d9" testId="5b533d6f-2c8e-d001-f58e-8861d69e309a" testName="id_dokumenTest" computerName="ALRAZI" startTime="2012-06-10T15:59:46.4223177+07:00" endTime="2012-06-10T15:59:46.4843177+07:00" testType="13cdc9d9-ddb5-4fa4-a97d-d965ccfc6d4b" outcome="Failed" testListId="8c84fa94-04c1-424b-9868-57a2d4851a1d" relativeResultsDirectory="47df2932-b2b5-4a73-9499-4b3bba5968d9">
      <Output>
        <ErrorInfo>
          <Message>The web.config file for the site http://localhost:1904/ contains information from a previous run.  Replacing it with the backup file (web.config.backup) should fix the issue.</Message>
        </ErrorInfo>
      </Output>
    </UnitTestResult>
    <UnitTestResult executionId="a7b33869-ffc5-42d1-b743-08ddbeaa353b" testId="4d8b1b28-0c2e-a583-3eee-88626c8e49f8" testName="judulTest" computerName="ALRAZI" startTime="2012-06-10T15:59:46.5013177+07:00" endTime="2012-06-10T15:59:46.5353177+07:00" testType="13cdc9d9-ddb5-4fa4-a97d-d965ccfc6d4b" outcome="Failed" testListId="8c84fa94-04c1-424b-9868-57a2d4851a1d" relativeResultsDirectory="a7b33869-ffc5-42d1-b743-08ddbeaa353b">
      <Output>
        <ErrorInfo>
          <Message>The web.config file for the site http://localhost:1904/ contains information from a previous run.  Replacing it with the backup file (web.config.backup) should fix the issue.</Message>
        </ErrorInfo>
      </Output>
    </UnitTestResult>
    <UnitTestResult executionId="1b5d62bb-5c68-4cdb-995a-488ad95493be" testId="701c7dfa-8954-700d-dd56-2a387509e2af" testName="pengarangTest" computerName="ALRAZI" startTime="2012-06-10T15:59:46.5413177+07:00" endTime="2012-06-10T15:59:46.5743177+07:00" testType="13cdc9d9-ddb5-4fa4-a97d-d965ccfc6d4b" outcome="Failed" testListId="8c84fa94-04c1-424b-9868-57a2d4851a1d" relativeResultsDirectory="1b5d62bb-5c68-4cdb-995a-488ad95493be">
      <Output>
        <ErrorInfo>
          <Message>The web.config file for the site http://localhost:1904/ contains information from a previous run.  Replacing it with the backup file (web.config.backup) should fix the issue.</Message>
        </ErrorInfo>
      </Output>
    </UnitTestResult>
    <UnitTestResult executionId="8a233eaf-dcb2-4483-ac2a-3610668e512a" testId="27ec534b-fcdb-3c7a-ccc1-4d1c8483001f" testName="url_dokumenTest" computerName="ALRAZI" startTime="2012-06-10T15:59:46.5833177+07:00" endTime="2012-06-10T15:59:46.6403177+07:00" testType="13cdc9d9-ddb5-4fa4-a97d-d965ccfc6d4b" outcome="Failed" testListId="8c84fa94-04c1-424b-9868-57a2d4851a1d" relativeResultsDirectory="8a233eaf-dcb2-4483-ac2a-3610668e512a">
      <Output>
        <ErrorInfo>
          <Message>The web.config file for the site http://localhost:1904/ contains information from a previous run.  Replacing it with the backup file (web.config.backup) should fix the issue.</Message>
        </ErrorInfo>
      </Output>
    </UnitTestResult>
    <UnitTestResult executionId="b80277fb-da46-4bff-9bce-f0410754a7f6" testId="c8dc65d7-879a-ab20-39cd-bab8ddf8356e" testName="dokumenConstructorTest1" computerName="ALRAZI" startTime="2012-06-10T15:59:46.6493177+07:00" endTime="2012-06-10T15:59:46.6823177+07:00" testType="13cdc9d9-ddb5-4fa4-a97d-d965ccfc6d4b" outcome="Failed" testListId="8c84fa94-04c1-424b-9868-57a2d4851a1d" relativeResultsDirectory="b80277fb-da46-4bff-9bce-f0410754a7f6">
      <Output>
        <ErrorInfo>
          <Message>The web.config file for the site http://localhost:1904/ contains information from a previous run.  Replacing it with the backup file (web.config.backup) should fix the issue.</Message>
        </ErrorInfo>
      </Output>
    </UnitTestResult>
    <UnitTestResult executionId="04fb1bd1-46b1-4a0b-ab6a-7f60a9649784" testId="3c41ce4c-4e80-7719-4632-709a95e74be5" testName="CreatedokumenTest1" computerName="ALRAZI" startTime="2012-06-10T15:59:46.6923177+07:00" endTime="2012-06-10T15:59:46.7283177+07:00" testType="13cdc9d9-ddb5-4fa4-a97d-d965ccfc6d4b" outcome="Failed" testListId="8c84fa94-04c1-424b-9868-57a2d4851a1d" relativeResultsDirectory="04fb1bd1-46b1-4a0b-ab6a-7f60a9649784">
      <Output>
        <ErrorInfo>
          <Message>The web.config file for the site http://localhost:1904/ contains information from a previous run.  Replacing it with the backup file (web.config.backup) should fix the issue.</Message>
        </ErrorInfo>
      </Output>
    </UnitTestResult>
    <UnitTestResult executionId="872d71f2-004a-4b23-9e01-d8fcdd7ad37a" testId="ad1414cc-75d2-7f95-6c70-2538b30d7f14" testName="alamat_fingerprintTest1" computerName="ALRAZI" startTime="2012-06-10T15:59:46.7373177+07:00" endTime="2012-06-10T15:59:46.7703177+07:00" testType="13cdc9d9-ddb5-4fa4-a97d-d965ccfc6d4b" outcome="Failed" testListId="8c84fa94-04c1-424b-9868-57a2d4851a1d" relativeResultsDirectory="872d71f2-004a-4b23-9e01-d8fcdd7ad37a">
      <Output>
        <ErrorInfo>
          <Message>The web.config file for the site http://localhost:1904/ contains information from a previous run.  Replacing it with the backup file (web.config.backup) should fix the issue.</Message>
        </ErrorInfo>
      </Output>
    </UnitTestResult>
    <UnitTestResult executionId="9ede0b87-7b51-4fe2-a29e-55818f544f85" testId="62325834-8a40-d7e7-6053-5976ca5bee57" testName="id_dokumenTest1" computerName="ALRAZI" startTime="2012-06-10T15:59:46.7783177+07:00" endTime="2012-06-10T15:59:46.8083177+07:00" testType="13cdc9d9-ddb5-4fa4-a97d-d965ccfc6d4b" outcome="Failed" testListId="8c84fa94-04c1-424b-9868-57a2d4851a1d" relativeResultsDirectory="9ede0b87-7b51-4fe2-a29e-55818f544f85">
      <Output>
        <ErrorInfo>
          <Message>The web.config file for the site http://localhost:1904/ contains information from a previous run.  Replacing it with the backup file (web.config.backup) should fix the issue.</Message>
        </ErrorInfo>
      </Output>
    </UnitTestResult>
    <UnitTestResult executionId="9d55d8a1-ee52-4653-b712-f97bb7c612fc" testId="c0bc165a-97e1-3e4d-2016-5369de60b1cf" testName="judulTest1" computerName="ALRAZI" startTime="2012-06-10T15:59:46.8153177+07:00" endTime="2012-06-10T15:59:46.8513177+07:00" testType="13cdc9d9-ddb5-4fa4-a97d-d965ccfc6d4b" outcome="Failed" testListId="8c84fa94-04c1-424b-9868-57a2d4851a1d" relativeResultsDirectory="9d55d8a1-ee52-4653-b712-f97bb7c612fc">
      <Output>
        <ErrorInfo>
          <Message>The web.config file for the site http://localhost:1904/ contains information from a previous run.  Replacing it with the backup file (web.config.backup) should fix the issue.</Message>
        </ErrorInfo>
      </Output>
    </UnitTestResult>
    <UnitTestResult executionId="ab59d83d-0acd-489e-be8a-75c4c607f6f7" testId="c963d969-f02c-6592-10bb-3d1f6d2bf459" testName="pengarangTest1" computerName="ALRAZI" startTime="2012-06-10T15:59:46.8583177+07:00" endTime="2012-06-10T15:59:46.8903177+07:00" testType="13cdc9d9-ddb5-4fa4-a97d-d965ccfc6d4b" outcome="Failed" testListId="8c84fa94-04c1-424b-9868-57a2d4851a1d" relativeResultsDirectory="ab59d83d-0acd-489e-be8a-75c4c607f6f7">
      <Output>
        <ErrorInfo>
          <Message>The web.config file for the site http://localhost:1904/ contains information from a previous run.  Replacing it with the backup file (web.config.backup) should fix the issue.</Message>
        </ErrorInfo>
      </Output>
    </UnitTestResult>
    <UnitTestResult executionId="b733176f-ad9a-49c7-a772-484cdaae1807" testId="10757538-72a2-e650-c3a8-0346bd21c399" testName="url_dokumenTest1" computerName="ALRAZI" startTime="2012-06-10T15:59:46.9083177+07:00" endTime="2012-06-10T15:59:46.9403177+07:00" testType="13cdc9d9-ddb5-4fa4-a97d-d965ccfc6d4b" outcome="Failed" testListId="8c84fa94-04c1-424b-9868-57a2d4851a1d" relativeResultsDirectory="b733176f-ad9a-49c7-a772-484cdaae1807">
      <Output>
        <ErrorInfo>
          <Message>The web.config file for the site http://localhost:1904/ contains information from a previous run.  Replacing it with the backup file (web.config.backup) should fix the issue.</Message>
        </ErrorInfo>
      </Output>
    </UnitTestResult>
    <UnitTestResult executionId="16087657-5436-443d-9844-c65519e2ed42" testId="64e1776d-9670-e1ae-b821-7de64d12f368" testName="dokumenConstructorTest2" computerName="ALRAZI" startTime="2012-06-10T15:59:46.9473177+07:00" endTime="2012-06-10T15:59:46.9803177+07:00" testType="13cdc9d9-ddb5-4fa4-a97d-d965ccfc6d4b" outcome="Failed" testListId="8c84fa94-04c1-424b-9868-57a2d4851a1d" relativeResultsDirectory="16087657-5436-443d-9844-c65519e2ed42">
      <Output>
        <ErrorInfo>
          <Message>The web.config file for the site http://localhost:1904/ contains information from a previous run.  Replacing it with the backup file (web.config.backup) should fix the issue.</Message>
        </ErrorInfo>
      </Output>
    </UnitTestResult>
    <UnitTestResult executionId="50da8a93-6a4d-4dbe-a356-a2b339fc4aef" testId="b445ccbf-7184-5834-78c5-9f29529a2bad" testName="CreatedokumenTest2" computerName="ALRAZI" startTime="2012-06-10T15:59:46.9923177+07:00" endTime="2012-06-10T15:59:47.0233177+07:00" testType="13cdc9d9-ddb5-4fa4-a97d-d965ccfc6d4b" outcome="Failed" testListId="8c84fa94-04c1-424b-9868-57a2d4851a1d" relativeResultsDirectory="50da8a93-6a4d-4dbe-a356-a2b339fc4aef">
      <Output>
        <ErrorInfo>
          <Message>The web.config file for the site http://localhost:1904/ contains information from a previous run.  Replacing it with the backup file (web.config.backup) should fix the issue.</Message>
        </ErrorInfo>
      </Output>
    </UnitTestResult>
    <UnitTestResult executionId="e5f7ce5f-4540-4804-962f-74d11481ca4d" testId="eda3f7d0-9cf3-b7b6-b353-79d614de4234" testName="alamat_fingerprintTest2" computerName="ALRAZI" startTime="2012-06-10T15:59:47.0483177+07:00" endTime="2012-06-10T15:59:47.0963177+07:00" testType="13cdc9d9-ddb5-4fa4-a97d-d965ccfc6d4b" outcome="Failed" testListId="8c84fa94-04c1-424b-9868-57a2d4851a1d" relativeResultsDirectory="e5f7ce5f-4540-4804-962f-74d11481ca4d">
      <Output>
        <ErrorInfo>
          <Message>The web.config file for the site http://localhost:1904/ contains information from a previous run.  Replacing it with the backup file (web.config.backup) should fix the issue.</Message>
        </ErrorInfo>
      </Output>
    </UnitTestResult>
    <UnitTestResult executionId="5da9f721-d358-4ca5-8ab3-7753d48e454b" testId="bcd3df11-cb04-a593-0096-1b426ac9737f" testName="id_dokumenTest2" computerName="ALRAZI" startTime="2012-06-10T15:59:47.1163177+07:00" endTime="2012-06-10T15:59:47.1563177+07:00" testType="13cdc9d9-ddb5-4fa4-a97d-d965ccfc6d4b" outcome="Failed" testListId="8c84fa94-04c1-424b-9868-57a2d4851a1d" relativeResultsDirectory="5da9f721-d358-4ca5-8ab3-7753d48e454b">
      <Output>
        <ErrorInfo>
          <Message>The web.config file for the site http://localhost:1904/ contains information from a previous run.  Replacing it with the backup file (web.config.backup) should fix the issue.</Message>
        </ErrorInfo>
      </Output>
    </UnitTestResult>
    <UnitTestResult executionId="ce193c31-61b3-4eda-9e63-c163f90d8ea0" testId="a748a973-f698-65e3-a022-c056c63837e7" testName="judulTest2" computerName="ALRAZI" startTime="2012-06-10T15:59:47.1643177+07:00" endTime="2012-06-10T15:59:47.1963177+07:00" testType="13cdc9d9-ddb5-4fa4-a97d-d965ccfc6d4b" outcome="Failed" testListId="8c84fa94-04c1-424b-9868-57a2d4851a1d" relativeResultsDirectory="ce193c31-61b3-4eda-9e63-c163f90d8ea0">
      <Output>
        <ErrorInfo>
          <Message>The web.config file for the site http://localhost:1904/ contains information from a previous run.  Replacing it with the backup file (web.config.backup) should fix the issue.</Message>
        </ErrorInfo>
      </Output>
    </UnitTestResult>
    <UnitTestResult executionId="5bbcba5b-f3c5-4cf6-b21b-5dfeaad41d05" testId="ef8bbac0-7fe7-3eb8-4487-a2848a640ab4" testName="pengarangTest2" computerName="ALRAZI" startTime="2012-06-10T15:59:47.2093177+07:00" endTime="2012-06-10T15:59:47.2433177+07:00" testType="13cdc9d9-ddb5-4fa4-a97d-d965ccfc6d4b" outcome="Failed" testListId="8c84fa94-04c1-424b-9868-57a2d4851a1d" relativeResultsDirectory="5bbcba5b-f3c5-4cf6-b21b-5dfeaad41d05">
      <Output>
        <ErrorInfo>
          <Message>The web.config file for the site http://localhost:1904/ contains information from a previous run.  Replacing it with the backup file (web.config.backup) should fix the issue.</Message>
        </ErrorInfo>
      </Output>
    </UnitTestResult>
    <UnitTestResult executionId="8d020efc-d397-4a77-b414-6dfbdf141693" testId="3dae0ae1-dc2d-5a78-41b0-69ba96cba316" testName="url_dokumenTest2" computerName="ALRAZI" startTime="2012-06-10T15:59:47.2503177+07:00" endTime="2012-06-10T15:59:47.3013177+07:00" testType="13cdc9d9-ddb5-4fa4-a97d-d965ccfc6d4b" outcome="Failed" testListId="8c84fa94-04c1-424b-9868-57a2d4851a1d" relativeResultsDirectory="8d020efc-d397-4a77-b414-6dfbdf141693">
      <Output>
        <ErrorInfo>
          <Message>The web.config file for the site http://localhost:1904/ contains information from a previous run.  Replacing it with the backup file (web.config.backup) should fix the issue.</Message>
        </ErrorInfo>
      </Output>
    </UnitTestResult>
    <UnitTestResult executionId="0425e9b2-72d2-48c4-ba41-fb29282729ae" testId="a1405876-cf86-1399-8ca7-7f1d71633bef" testName="userConstructorTest" computerName="ALRAZI" startTime="2012-06-10T15:59:47.3283177+07:00" endTime="2012-06-10T15:59:47.3623177+07:00" testType="13cdc9d9-ddb5-4fa4-a97d-d965ccfc6d4b" outcome="Failed" testListId="8c84fa94-04c1-424b-9868-57a2d4851a1d" relativeResultsDirectory="0425e9b2-72d2-48c4-ba41-fb29282729ae">
      <Output>
        <ErrorInfo>
          <Message>The web.config file for the site http://localhost:1904/ contains information from a previous run.  Replacing it with the backup file (web.config.backup) should fix the issue.</Message>
        </ErrorInfo>
      </Output>
    </UnitTestResult>
    <UnitTestResult executionId="e52e3735-b950-4a19-8296-9be20e351484" testId="8c815e5e-e172-65f0-92fc-65b30edd2fd4" testName="CreateuserTest" computerName="ALRAZI" startTime="2012-06-10T15:59:47.3693177+07:00" endTime="2012-06-10T15:59:47.4083177+07:00" testType="13cdc9d9-ddb5-4fa4-a97d-d965ccfc6d4b" outcome="Failed" testListId="8c84fa94-04c1-424b-9868-57a2d4851a1d" relativeResultsDirectory="e52e3735-b950-4a19-8296-9be20e351484">
      <Output>
        <ErrorInfo>
          <Message>The web.config file for the site http://localhost:1904/ contains information from a previous run.  Replacing it with the backup file (web.config.backup) should fix the issue.</Message>
        </ErrorInfo>
      </Output>
    </UnitTestResult>
    <UnitTestResult executionId="db1778fe-efef-46ea-b576-0a8026fe49b2" testId="75e68ca8-b814-2179-1deb-34c7625653d3" testName="id_userTest" computerName="ALRAZI" startTime="2012-06-10T15:59:47.4163177+07:00" endTime="2012-06-10T15:59:47.4473177+07:00" testType="13cdc9d9-ddb5-4fa4-a97d-d965ccfc6d4b" outcome="Failed" testListId="8c84fa94-04c1-424b-9868-57a2d4851a1d" relativeResultsDirectory="db1778fe-efef-46ea-b576-0a8026fe49b2">
      <Output>
        <ErrorInfo>
          <Message>The web.config file for the site http://localhost:1904/ contains information from a previous run.  Replacing it with the backup file (web.config.backup) should fix the issue.</Message>
        </ErrorInfo>
      </Output>
    </UnitTestResult>
    <UnitTestResult executionId="084b5300-90e5-4bb5-a0be-8c766086f0ec" testId="d2fc2268-e08a-914a-7511-cd4e74e10509" testName="katasandiTest" computerName="ALRAZI" startTime="2012-06-10T15:59:47.4593177+07:00" endTime="2012-06-10T15:59:47.4903177+07:00" testType="13cdc9d9-ddb5-4fa4-a97d-d965ccfc6d4b" outcome="Failed" testListId="8c84fa94-04c1-424b-9868-57a2d4851a1d" relativeResultsDirectory="084b5300-90e5-4bb5-a0be-8c766086f0ec">
      <Output>
        <ErrorInfo>
          <Message>The web.config file for the site http://localhost:1904/ contains information from a previous run.  Replacing it with the backup file (web.config.backup) should fix the issue.</Message>
        </ErrorInfo>
      </Output>
    </UnitTestResult>
    <UnitTestResult executionId="5d83ca92-8eaf-482f-b66d-af676e3e10db" testId="ed153b8e-5510-f85f-203b-f0eb2ff4cd27" testName="namauserTest" computerName="ALRAZI" startTime="2012-06-10T15:59:47.4993177+07:00" endTime="2012-06-10T15:59:47.5383177+07:00" testType="13cdc9d9-ddb5-4fa4-a97d-d965ccfc6d4b" outcome="Failed" testListId="8c84fa94-04c1-424b-9868-57a2d4851a1d" relativeResultsDirectory="5d83ca92-8eaf-482f-b66d-af676e3e10db">
      <Output>
        <ErrorInfo>
          <Message>The web.config file for the site http://localhost:1904/ contains information from a previous run.  Replacing it with the backup file (web.config.backup) should fix the issue.</Message>
        </ErrorInfo>
      </Output>
    </UnitTestResult>
    <UnitTestResult executionId="d323f0f7-cf8e-4edb-81ed-e2deeb662b8f" testId="abd1724a-a6f2-6f2f-8d56-b6e150bdc6e9" testName="userConstructorTest1" computerName="ALRAZI" startTime="2012-06-10T15:59:47.5463177+07:00" endTime="2012-06-10T15:59:47.5783177+07:00" testType="13cdc9d9-ddb5-4fa4-a97d-d965ccfc6d4b" outcome="Failed" testListId="8c84fa94-04c1-424b-9868-57a2d4851a1d" relativeResultsDirectory="d323f0f7-cf8e-4edb-81ed-e2deeb662b8f">
      <Output>
        <ErrorInfo>
          <Message>The web.config file for the site http://localhost:1904/ contains information from a previous run.  Replacing it with the backup file (web.config.backup) should fix the issue.</Message>
        </ErrorInfo>
      </Output>
    </UnitTestResult>
    <UnitTestResult executionId="5a09ca4f-70c9-4635-8d90-7c65482f9138" testId="9e046a85-83bf-5ebd-0608-c896d3228514" testName="CreateuserTest1" computerName="ALRAZI" startTime="2012-06-10T15:59:47.5853177+07:00" endTime="2012-06-10T15:59:47.6183177+07:00" testType="13cdc9d9-ddb5-4fa4-a97d-d965ccfc6d4b" outcome="Failed" testListId="8c84fa94-04c1-424b-9868-57a2d4851a1d" relativeResultsDirectory="5a09ca4f-70c9-4635-8d90-7c65482f9138">
      <Output>
        <ErrorInfo>
          <Message>The web.config file for the site http://localhost:1904/ contains information from a previous run.  Replacing it with the backup file (web.config.backup) should fix the issue.</Message>
        </ErrorInfo>
      </Output>
    </UnitTestResult>
    <UnitTestResult executionId="8bda4c8c-bdb5-40c4-9bde-93bc54ef7d00" testId="7e7efa5d-87b9-4fea-d1ac-2e1bdabd13d2" testName="id_userTest1" computerName="ALRAZI" startTime="2012-06-10T15:59:47.6283177+07:00" endTime="2012-06-10T15:59:47.6773177+07:00" testType="13cdc9d9-ddb5-4fa4-a97d-d965ccfc6d4b" outcome="Failed" testListId="8c84fa94-04c1-424b-9868-57a2d4851a1d" relativeResultsDirectory="8bda4c8c-bdb5-40c4-9bde-93bc54ef7d00">
      <Output>
        <ErrorInfo>
          <Message>The web.config file for the site http://localhost:1904/ contains information from a previous run.  Replacing it with the backup file (web.config.backup) should fix the issue.</Message>
        </ErrorInfo>
      </Output>
    </UnitTestResult>
    <UnitTestResult executionId="aef2b66f-bff3-4c2d-91e8-7866d946d820" testId="2b582f39-f704-6db3-50a7-525eca0a8238" testName="katasandiTest1" computerName="ALRAZI" startTime="2012-06-10T15:59:47.6963177+07:00" endTime="2012-06-10T15:59:47.7423177+07:00" testType="13cdc9d9-ddb5-4fa4-a97d-d965ccfc6d4b" outcome="Failed" testListId="8c84fa94-04c1-424b-9868-57a2d4851a1d" relativeResultsDirectory="aef2b66f-bff3-4c2d-91e8-7866d946d820">
      <Output>
        <ErrorInfo>
          <Message>The web.config file for the site http://localhost:1904/ contains information from a previous run.  Replacing it with the backup file (web.config.backup) should fix the issue.</Message>
        </ErrorInfo>
      </Output>
    </UnitTestResult>
    <UnitTestResult executionId="a6431e6e-050a-4abb-a21d-cfbe5aeb1070" testId="d1543f97-84cd-02a8-17f4-bcc34e050dc1" testName="namauserTest1" computerName="ALRAZI" startTime="2012-06-10T15:59:47.7493177+07:00" endTime="2012-06-10T15:59:47.7813177+07:00" testType="13cdc9d9-ddb5-4fa4-a97d-d965ccfc6d4b" outcome="Failed" testListId="8c84fa94-04c1-424b-9868-57a2d4851a1d" relativeResultsDirectory="a6431e6e-050a-4abb-a21d-cfbe5aeb1070">
      <Output>
        <ErrorInfo>
          <Message>The web.config file for the site http://localhost:1904/ contains information from a previous run.  Replacing it with the backup file (web.config.backup) should fix the issue.</Message>
        </ErrorInfo>
      </Output>
    </UnitTestResult>
    <UnitTestResult executionId="44c9359e-0e91-4178-bf15-8768a9227bf1" testId="5efa83f3-dcfc-f161-fbb2-57dfc6e1bc54" testName="userConstructorTest2" computerName="ALRAZI" startTime="2012-06-10T15:59:47.7913177+07:00" endTime="2012-06-10T15:59:47.8213177+07:00" testType="13cdc9d9-ddb5-4fa4-a97d-d965ccfc6d4b" outcome="Failed" testListId="8c84fa94-04c1-424b-9868-57a2d4851a1d" relativeResultsDirectory="44c9359e-0e91-4178-bf15-8768a9227bf1">
      <Output>
        <ErrorInfo>
          <Message>The web.config file for the site http://localhost:1904/ contains information from a previous run.  Replacing it with the backup file (web.config.backup) should fix the issue.</Message>
        </ErrorInfo>
      </Output>
    </UnitTestResult>
    <UnitTestResult executionId="2420e565-e446-4516-959b-d6752bfb75a4" testId="17a6e0df-409b-4bee-dee6-2acdd4ff9c9d" testName="CreateuserTest2" computerName="ALRAZI" startTime="2012-06-10T15:59:47.8293177+07:00" endTime="2012-06-10T15:59:47.8593177+07:00" testType="13cdc9d9-ddb5-4fa4-a97d-d965ccfc6d4b" outcome="Failed" testListId="8c84fa94-04c1-424b-9868-57a2d4851a1d" relativeResultsDirectory="2420e565-e446-4516-959b-d6752bfb75a4">
      <Output>
        <ErrorInfo>
          <Message>The web.config file for the site http://localhost:1904/ contains information from a previous run.  Replacing it with the backup file (web.config.backup) should fix the issue.</Message>
        </ErrorInfo>
      </Output>
    </UnitTestResult>
    <UnitTestResult executionId="0b410b8e-8ed2-474b-b8d8-4ea769a68906" testId="a33973eb-bd6f-bfa1-3833-3d6594005853" testName="id_userTest2" computerName="ALRAZI" startTime="2012-06-10T15:59:47.8653177+07:00" endTime="2012-06-10T15:59:47.8983177+07:00" testType="13cdc9d9-ddb5-4fa4-a97d-d965ccfc6d4b" outcome="Failed" testListId="8c84fa94-04c1-424b-9868-57a2d4851a1d" relativeResultsDirectory="0b410b8e-8ed2-474b-b8d8-4ea769a68906">
      <Output>
        <ErrorInfo>
          <Message>The web.config file for the site http://localhost:1904/ contains information from a previous run.  Replacing it with the backup file (web.config.backup) should fix the issue.</Message>
        </ErrorInfo>
      </Output>
    </UnitTestResult>
    <UnitTestResult executionId="6c5b7217-7b61-4f9c-8da6-494edd81b7d1" testId="738cbf73-1fe1-7e5d-b3c4-aa4dd501f31a" testName="katasandiTest2" computerName="ALRAZI" startTime="2012-06-10T15:59:47.9193177+07:00" endTime="2012-06-10T15:59:47.9503177+07:00" testType="13cdc9d9-ddb5-4fa4-a97d-d965ccfc6d4b" outcome="Failed" testListId="8c84fa94-04c1-424b-9868-57a2d4851a1d" relativeResultsDirectory="6c5b7217-7b61-4f9c-8da6-494edd81b7d1">
      <Output>
        <ErrorInfo>
          <Message>The web.config file for the site http://localhost:1904/ contains information from a previous run.  Replacing it with the backup file (web.config.backup) should fix the issue.</Message>
        </ErrorInfo>
      </Output>
    </UnitTestResult>
    <UnitTestResult executionId="64097ee3-a116-4a4e-9521-27ad2ed69a62" testId="5f6cfebe-e375-22f8-ef8e-bffe33fa0902" testName="namauserTest2" computerName="ALRAZI" startTime="2012-06-10T15:59:47.9573177+07:00" endTime="2012-06-10T15:59:47.9923177+07:00" testType="13cdc9d9-ddb5-4fa4-a97d-d965ccfc6d4b" outcome="Failed" testListId="8c84fa94-04c1-424b-9868-57a2d4851a1d" relativeResultsDirectory="64097ee3-a116-4a4e-9521-27ad2ed69a62">
      <Output>
        <ErrorInfo>
          <Message>The web.config file for the site http://localhost:1904/ contains information from a previous run.  Replacing it with the backup file (web.config.backup) should fix the issue.</Message>
        </ErrorInfo>
      </Output>
    </UnitTestResult>
    <UnitTestResult executionId="0fb9c53c-8d67-498d-887c-e68dbb0f7f23" testId="ecea30c5-5271-3cb8-1af8-44291f6845c5" testName="formCekUIConstructorTest" computerName="ALRAZI" startTime="2012-06-10T15:59:48.0003177+07:00" endTime="2012-06-10T15:59:48.0303177+07:00" testType="13cdc9d9-ddb5-4fa4-a97d-d965ccfc6d4b" outcome="Failed" testListId="8c84fa94-04c1-424b-9868-57a2d4851a1d" relativeResultsDirectory="0fb9c53c-8d67-498d-887c-e68dbb0f7f23">
      <Output>
        <ErrorInfo>
          <Message>The web.config file for the site http://localhost:1904/ contains information from a previous run.  Replacing it with the backup file (web.config.backup) should fix the issue.</Message>
        </ErrorInfo>
      </Output>
    </UnitTestResult>
    <UnitTestResult executionId="43ac5f5a-3035-43e2-9eae-516e5f1c4198" testId="e320810d-0807-4335-07b4-ca6083f2d375" testName="Page_LoadTest" computerName="ALRAZI" startTime="2012-06-10T15:59:48.0383177+07:00" endTime="2012-06-10T15:59:48.0723177+07:00" testType="13cdc9d9-ddb5-4fa4-a97d-d965ccfc6d4b" outcome="Failed" testListId="8c84fa94-04c1-424b-9868-57a2d4851a1d" relativeResultsDirectory="43ac5f5a-3035-43e2-9eae-516e5f1c4198">
      <Output>
        <ErrorInfo>
          <Message>The web.config file for the site http://localhost:1904/ contains information from a previous run.  Replacing it with the backup file (web.config.backup) should fix the issue.</Message>
        </ErrorInfo>
      </Output>
    </UnitTestResult>
    <UnitTestResult executionId="f7b101c3-be46-49d1-84dd-ed6bae7752ba" testId="570d9275-f264-7744-cdb4-02444c17a081" testName="gantiTest" computerName="ALRAZI" startTime="2012-06-10T15:59:48.0833177+07:00" endTime="2012-06-10T15:59:48.1143177+07:00" testType="13cdc9d9-ddb5-4fa4-a97d-d965ccfc6d4b" outcome="Failed" testListId="8c84fa94-04c1-424b-9868-57a2d4851a1d" relativeResultsDirectory="f7b101c3-be46-49d1-84dd-ed6bae7752ba">
      <Output>
        <ErrorInfo>
          <Message>The web.config file for the site http://localhost:1904/ contains information from a previous run.  Replacing it with the backup file (web.config.backup) should fix the issue.</Message>
        </ErrorInfo>
      </Output>
    </UnitTestResult>
    <UnitTestResult executionId="29593f16-5c46-42dc-a093-ea3498711439" testId="e5df7cbe-7d97-608b-71b8-524f6e4300bd" testName="periksaTest" computerName="ALRAZI" startTime="2012-06-10T15:59:48.1213177+07:00" endTime="2012-06-10T15:59:48.1523177+07:00" testType="13cdc9d9-ddb5-4fa4-a97d-d965ccfc6d4b" outcome="Failed" testListId="8c84fa94-04c1-424b-9868-57a2d4851a1d" relativeResultsDirectory="29593f16-5c46-42dc-a093-ea3498711439">
      <Output>
        <ErrorInfo>
          <Message>The web.config file for the site http://localhost:1904/ contains information from a previous run.  Replacing it with the backup file (web.config.backup) should fix the issue.</Message>
        </ErrorInfo>
      </Output>
    </UnitTestResult>
    <UnitTestResult executionId="97930798-a618-4b4e-b770-779d72267a86" testId="51695535-be86-aaf1-a2d3-99a7fd4020d7" testName="teksTest" computerName="ALRAZI" startTime="2012-06-10T15:59:48.1603177+07:00" endTime="2012-06-10T15:59:48.1903177+07:00" testType="13cdc9d9-ddb5-4fa4-a97d-d965ccfc6d4b" outcome="Failed" testListId="8c84fa94-04c1-424b-9868-57a2d4851a1d" relativeResultsDirectory="97930798-a618-4b4e-b770-779d72267a86">
      <Output>
        <ErrorInfo>
          <Message>The web.config file for the site http://localhost:1904/ contains information from a previous run.  Replacing it with the backup file (web.config.backup) should fix the issue.</Message>
        </ErrorInfo>
      </Output>
    </UnitTestResult>
    <UnitTestResult executionId="a6c0acaa-8942-4a26-80ab-bb3eae4a88b8" testId="cdb29934-cca6-1a38-34fb-114b4ec3f798" testName="uploadTest" computerName="ALRAZI" startTime="2012-06-10T15:59:48.1983177+07:00" endTime="2012-06-10T15:59:48.2303177+07:00" testType="13cdc9d9-ddb5-4fa4-a97d-d965ccfc6d4b" outcome="Failed" testListId="8c84fa94-04c1-424b-9868-57a2d4851a1d" relativeResultsDirectory="a6c0acaa-8942-4a26-80ab-bb3eae4a88b8">
      <Output>
        <ErrorInfo>
          <Message>The web.config file for the site http://localhost:1904/ contains information from a previous run.  Replacing it with the backup file (web.config.backup) should fix the issue.</Message>
        </ErrorInfo>
      </Output>
    </UnitTestResult>
    <UnitTestResult executionId="4efb2996-935f-4369-9124-bdfc1c542ed9" testId="cb69e223-7c7d-2c88-27e6-5393a64d62ef" testName="formCekUIConstructorTest1" computerName="ALRAZI" startTime="2012-06-10T15:59:48.2503177+07:00" endTime="2012-06-10T15:59:48.2963177+07:00" testType="13cdc9d9-ddb5-4fa4-a97d-d965ccfc6d4b" outcome="Failed" testListId="8c84fa94-04c1-424b-9868-57a2d4851a1d" relativeResultsDirectory="4efb2996-935f-4369-9124-bdfc1c542ed9">
      <Output>
        <ErrorInfo>
          <Message>The web.config file for the site http://localhost:1904/ contains information from a previous run.  Replacing it with the backup file (web.config.backup) should fix the issue.</Message>
        </ErrorInfo>
      </Output>
    </UnitTestResult>
    <UnitTestResult executionId="3d453ed2-4eea-4416-a3ce-d408be44fb4b" testId="ac04f3d9-0fc1-6ca8-92d8-1c7b25679fc0" testName="Page_LoadTest1" computerName="ALRAZI" startTime="2012-06-10T15:59:48.3063177+07:00" endTime="2012-06-10T15:59:48.3483177+07:00" testType="13cdc9d9-ddb5-4fa4-a97d-d965ccfc6d4b" outcome="Failed" testListId="8c84fa94-04c1-424b-9868-57a2d4851a1d" relativeResultsDirectory="3d453ed2-4eea-4416-a3ce-d408be44fb4b">
      <Output>
        <ErrorInfo>
          <Message>The web.config file for the site http://localhost:1904/ contains information from a previous run.  Replacing it with the backup file (web.config.backup) should fix the issue.</Message>
        </ErrorInfo>
      </Output>
    </UnitTestResult>
    <UnitTestResult executionId="42569d9e-3f87-4a4d-8116-9b949f60aa15" testId="aa873e5f-5ade-ed1c-1806-56676f9a0903" testName="gantiTest1" computerName="ALRAZI" startTime="2012-06-10T15:59:48.3623177+07:00" endTime="2012-06-10T15:59:48.3913177+07:00" testType="13cdc9d9-ddb5-4fa4-a97d-d965ccfc6d4b" outcome="Failed" testListId="8c84fa94-04c1-424b-9868-57a2d4851a1d" relativeResultsDirectory="42569d9e-3f87-4a4d-8116-9b949f60aa15">
      <Output>
        <ErrorInfo>
          <Message>The web.config file for the site http://localhost:1904/ contains information from a previous run.  Replacing it with the backup file (web.config.backup) should fix the issue.</Message>
        </ErrorInfo>
      </Output>
    </UnitTestResult>
    <UnitTestResult executionId="a91fb669-e03f-43cd-8747-cc204d9e1416" testId="6dfa2cb3-d68e-46e8-ddc6-5ec401c8b27f" testName="periksaTest1" computerName="ALRAZI" startTime="2012-06-10T15:59:48.4003177+07:00" endTime="2012-06-10T15:59:48.4323177+07:00" testType="13cdc9d9-ddb5-4fa4-a97d-d965ccfc6d4b" outcome="Failed" testListId="8c84fa94-04c1-424b-9868-57a2d4851a1d" relativeResultsDirectory="a91fb669-e03f-43cd-8747-cc204d9e1416">
      <Output>
        <ErrorInfo>
          <Message>The web.config file for the site http://localhost:1904/ contains information from a previous run.  Replacing it with the backup file (web.config.backup) should fix the issue.</Message>
        </ErrorInfo>
      </Output>
    </UnitTestResult>
    <UnitTestResult executionId="4ceef893-b135-4c04-aada-9d1b02377866" testId="958d9c76-5ae1-96ec-8563-323f58042ef2" testName="teksTest1" computerName="ALRAZI" startTime="2012-06-10T15:59:48.4453177+07:00" endTime="2012-06-10T15:59:48.4773177+07:00" testType="13cdc9d9-ddb5-4fa4-a97d-d965ccfc6d4b" outcome="Failed" testListId="8c84fa94-04c1-424b-9868-57a2d4851a1d" relativeResultsDirectory="4ceef893-b135-4c04-aada-9d1b02377866">
      <Output>
        <ErrorInfo>
          <Message>The web.config file for the site http://localhost:1904/ contains information from a previous run.  Replacing it with the backup file (web.config.backup) should fix the issue.</Message>
        </ErrorInfo>
      </Output>
    </UnitTestResult>
    <UnitTestResult executionId="cc4c1004-1583-49ef-a5b3-6ce6bc4c5e83" testId="3a502c86-b169-8369-3888-4a52feab6ec0" testName="uploadTest1" computerName="ALRAZI" startTime="2012-06-10T15:59:48.4863177+07:00" endTime="2012-06-10T15:59:48.5273177+07:00" testType="13cdc9d9-ddb5-4fa4-a97d-d965ccfc6d4b" outcome="Failed" testListId="8c84fa94-04c1-424b-9868-57a2d4851a1d" relativeResultsDirectory="cc4c1004-1583-49ef-a5b3-6ce6bc4c5e83">
      <Output>
        <ErrorInfo>
          <Message>The web.config file for the site http://localhost:1904/ contains information from a previous run.  Replacing it with the backup file (web.config.backup) should fix the issue.</Message>
        </ErrorInfo>
      </Output>
    </UnitTestResult>
    <UnitTestResult executionId="dcb925f1-87a3-4415-b5f8-6a56408ab96c" testId="405713a5-d30f-6eb2-f8a8-5e3cc04d88a5" testName="formCekUIConstructorTest2" computerName="ALRAZI" startTime="2012-06-10T15:59:48.5363177+07:00" endTime="2012-06-10T15:59:48.5683177+07:00" testType="13cdc9d9-ddb5-4fa4-a97d-d965ccfc6d4b" outcome="Failed" testListId="8c84fa94-04c1-424b-9868-57a2d4851a1d" relativeResultsDirectory="dcb925f1-87a3-4415-b5f8-6a56408ab96c">
      <Output>
        <ErrorInfo>
          <Message>The web.config file for the site http://localhost:1904/ contains information from a previous run.  Replacing it with the backup file (web.config.backup) should fix the issue.</Message>
        </ErrorInfo>
      </Output>
    </UnitTestResult>
    <UnitTestResult executionId="94a33a98-86ac-43cb-becb-1e2e5054ab0e" testId="33f30171-414d-5a70-9c27-810d0f951090" testName="Page_LoadTest2" computerName="ALRAZI" startTime="2012-06-10T15:59:48.5793177+07:00" endTime="2012-06-10T15:59:48.6093177+07:00" testType="13cdc9d9-ddb5-4fa4-a97d-d965ccfc6d4b" outcome="Failed" testListId="8c84fa94-04c1-424b-9868-57a2d4851a1d" relativeResultsDirectory="94a33a98-86ac-43cb-becb-1e2e5054ab0e">
      <Output>
        <ErrorInfo>
          <Message>The web.config file for the site http://localhost:1904/ contains information from a previous run.  Replacing it with the backup file (web.config.backup) should fix the issue.</Message>
        </ErrorInfo>
      </Output>
    </UnitTestResult>
    <UnitTestResult executionId="cf9b65d8-6083-4215-a40a-1e86e5476aa9" testId="bcc86e6c-f665-35a4-05d6-5079e20bbadd" testName="gantiTest2" computerName="ALRAZI" startTime="2012-06-10T15:59:48.6163177+07:00" endTime="2012-06-10T15:59:48.6483177+07:00" testType="13cdc9d9-ddb5-4fa4-a97d-d965ccfc6d4b" outcome="Failed" testListId="8c84fa94-04c1-424b-9868-57a2d4851a1d" relativeResultsDirectory="cf9b65d8-6083-4215-a40a-1e86e5476aa9">
      <Output>
        <ErrorInfo>
          <Message>The web.config file for the site http://localhost:1904/ contains information from a previous run.  Replacing it with the backup file (web.config.backup) should fix the issue.</Message>
        </ErrorInfo>
      </Output>
    </UnitTestResult>
    <UnitTestResult executionId="6581898d-363d-42c0-977c-a210261a926b" testId="2c734c78-18f4-da17-8da6-f1a93d16bc08" testName="periksaTest2" computerName="ALRAZI" startTime="2012-06-10T15:59:48.6573177+07:00" endTime="2012-06-10T15:59:48.6883177+07:00" testType="13cdc9d9-ddb5-4fa4-a97d-d965ccfc6d4b" outcome="Failed" testListId="8c84fa94-04c1-424b-9868-57a2d4851a1d" relativeResultsDirectory="6581898d-363d-42c0-977c-a210261a926b">
      <Output>
        <ErrorInfo>
          <Message>The web.config file for the site http://localhost:1904/ contains information from a previous run.  Replacing it with the backup file (web.config.backup) should fix the issue.</Message>
        </ErrorInfo>
      </Output>
    </UnitTestResult>
    <UnitTestResult executionId="deae564e-eb7c-4ed3-b51e-db621527066c" testId="d266be2d-869b-4518-6f37-7e588951bbea" testName="teksTest2" computerName="ALRAZI" startTime="2012-06-10T15:59:48.6953177+07:00" endTime="2012-06-10T15:59:48.7273177+07:00" testType="13cdc9d9-ddb5-4fa4-a97d-d965ccfc6d4b" outcome="Failed" testListId="8c84fa94-04c1-424b-9868-57a2d4851a1d" relativeResultsDirectory="deae564e-eb7c-4ed3-b51e-db621527066c">
      <Output>
        <ErrorInfo>
          <Message>The web.config file for the site http://localhost:1904/ contains information from a previous run.  Replacing it with the backup file (web.config.backup) should fix the issue.</Message>
        </ErrorInfo>
      </Output>
    </UnitTestResult>
    <UnitTestResult executionId="f8c43b63-91a9-4bce-bb7a-3cd6ce026e5a" testId="0a45d055-867e-67eb-3f29-f60c73e04b0c" testName="uploadTest2" computerName="ALRAZI" startTime="2012-06-10T15:59:48.7343177+07:00" endTime="2012-06-10T15:59:48.7693177+07:00" testType="13cdc9d9-ddb5-4fa4-a97d-d965ccfc6d4b" outcome="Failed" testListId="8c84fa94-04c1-424b-9868-57a2d4851a1d" relativeResultsDirectory="f8c43b63-91a9-4bce-bb7a-3cd6ce026e5a">
      <Output>
        <ErrorInfo>
          <Message>The web.config file for the site http://localhost:1904/ contains information from a previous run.  Replacing it with the backup file (web.config.backup) should fix the issue.</Message>
        </ErrorInfo>
      </Output>
    </UnitTestResult>
    <UnitTestResult executionId="7ca90f5b-423b-4a1d-bb3e-0cc4cbbcf941" testId="30d73bd4-135f-a5c0-bfb3-ac0311736df9" testName="GlobalConstructorTest" computerName="ALRAZI" startTime="2012-06-10T15:59:48.7763177+07:00" endTime="2012-06-10T15:59:48.8093177+07:00" testType="13cdc9d9-ddb5-4fa4-a97d-d965ccfc6d4b" outcome="Failed" testListId="8c84fa94-04c1-424b-9868-57a2d4851a1d" relativeResultsDirectory="7ca90f5b-423b-4a1d-bb3e-0cc4cbbcf941">
      <Output>
        <ErrorInfo>
          <Message>The web.config file for the site http://localhost:1904/ contains information from a previous run.  Replacing it with the backup file (web.config.backup) should fix the issue.</Message>
        </ErrorInfo>
      </Output>
    </UnitTestResult>
    <UnitTestResult executionId="7b4d7a25-9386-4105-9c1f-92ea4c3b282f" testId="da817ab1-2743-7f21-688c-5ef8de92f21f" testName="Application_EndTest" computerName="ALRAZI" startTime="2012-06-10T15:59:48.8173177+07:00" endTime="2012-06-10T15:59:48.8473177+07:00" testType="13cdc9d9-ddb5-4fa4-a97d-d965ccfc6d4b" outcome="Failed" testListId="8c84fa94-04c1-424b-9868-57a2d4851a1d" relativeResultsDirectory="7b4d7a25-9386-4105-9c1f-92ea4c3b282f">
      <Output>
        <ErrorInfo>
          <Message>The web.config file for the site http://localhost:1904/ contains information from a previous run.  Replacing it with the backup file (web.config.backup) should fix the issue.</Message>
        </ErrorInfo>
      </Output>
    </UnitTestResult>
    <UnitTestResult executionId="ae935123-21e5-4892-afb5-9fc2d8a0afa8" testId="307e7801-f7cb-4520-3fc5-ad970cec9664" testName="Application_ErrorTest" computerName="ALRAZI" startTime="2012-06-10T15:59:48.9233177+07:00" endTime="2012-06-10T15:59:48.9693177+07:00" testType="13cdc9d9-ddb5-4fa4-a97d-d965ccfc6d4b" outcome="Failed" testListId="8c84fa94-04c1-424b-9868-57a2d4851a1d" relativeResultsDirectory="ae935123-21e5-4892-afb5-9fc2d8a0afa8">
      <Output>
        <ErrorInfo>
          <Message>The web.config file for the site http://localhost:1904/ contains information from a previous run.  Replacing it with the backup file (web.config.backup) should fix the issue.</Message>
        </ErrorInfo>
      </Output>
    </UnitTestResult>
    <UnitTestResult executionId="b21436c5-14a8-44b0-b75d-7998493caefd" testId="e1540a37-f1dd-ca20-5e3b-102798ebc5d7" testName="Application_StartTest" computerName="ALRAZI" startTime="2012-06-10T15:59:48.9763177+07:00" endTime="2012-06-10T15:59:49.0123177+07:00" testType="13cdc9d9-ddb5-4fa4-a97d-d965ccfc6d4b" outcome="Failed" testListId="8c84fa94-04c1-424b-9868-57a2d4851a1d" relativeResultsDirectory="b21436c5-14a8-44b0-b75d-7998493caefd">
      <Output>
        <ErrorInfo>
          <Message>The web.config file for the site http://localhost:1904/ contains information from a previous run.  Replacing it with the backup file (web.config.backup) should fix the issue.</Message>
        </ErrorInfo>
      </Output>
    </UnitTestResult>
    <UnitTestResult executionId="00a02dfb-5018-4eae-b7e6-a5bd931c1480" testId="530f76cd-2bf8-89d2-187b-0eaec20d2d9b" testName="Session_EndTest" computerName="ALRAZI" startTime="2012-06-10T15:59:49.0213177+07:00" endTime="2012-06-10T15:59:49.0523177+07:00" testType="13cdc9d9-ddb5-4fa4-a97d-d965ccfc6d4b" outcome="Failed" testListId="8c84fa94-04c1-424b-9868-57a2d4851a1d" relativeResultsDirectory="00a02dfb-5018-4eae-b7e6-a5bd931c1480">
      <Output>
        <ErrorInfo>
          <Message>The web.config file for the site http://localhost:1904/ contains information from a previous run.  Replacing it with the backup file (web.config.backup) should fix the issue.</Message>
        </ErrorInfo>
      </Output>
    </UnitTestResult>
    <UnitTestResult executionId="6ee84b89-a723-4cc5-bda6-ed1ec7190511" testId="b538844e-b03a-cc6e-e97b-c8b7fffc9c2a" testName="Session_StartTest" computerName="ALRAZI" startTime="2012-06-10T15:59:49.0603177+07:00" endTime="2012-06-10T15:59:49.0913177+07:00" testType="13cdc9d9-ddb5-4fa4-a97d-d965ccfc6d4b" outcome="Failed" testListId="8c84fa94-04c1-424b-9868-57a2d4851a1d" relativeResultsDirectory="6ee84b89-a723-4cc5-bda6-ed1ec7190511">
      <Output>
        <ErrorInfo>
          <Message>The web.config file for the site http://localhost:1904/ contains information from a previous run.  Replacing it with the backup file (web.config.backup) should fix the issue.</Message>
        </ErrorInfo>
      </Output>
    </UnitTestResult>
    <UnitTestResult executionId="dc3cfcd8-db3a-4c86-b129-d31ea65e8d8e" testId="4098347f-2de2-abbe-1f31-4d142f11500d" testName="HasilCekDokumenUIConstructorTest" computerName="ALRAZI" startTime="2012-06-10T15:59:49.1003177+07:00" endTime="2012-06-10T15:59:49.1303177+07:00" testType="13cdc9d9-ddb5-4fa4-a97d-d965ccfc6d4b" outcome="Failed" testListId="8c84fa94-04c1-424b-9868-57a2d4851a1d" relativeResultsDirectory="dc3cfcd8-db3a-4c86-b129-d31ea65e8d8e">
      <Output>
        <ErrorInfo>
          <Message>The web.config file for the site http://localhost:1904/ contains information from a previous run.  Replacing it with the backup file (web.config.backup) should fix the issue.</Message>
        </ErrorInfo>
      </Output>
    </UnitTestResult>
    <UnitTestResult executionId="7f0e8b93-ff57-458f-b030-da1675d7a5c4" testId="8e873a5d-9ef0-f58b-6bbc-65e7dd23c2e5" testName="Page_LoadTest" computerName="ALRAZI" startTime="2012-06-10T15:59:49.1383177+07:00" endTime="2012-06-10T15:59:49.1703177+07:00" testType="13cdc9d9-ddb5-4fa4-a97d-d965ccfc6d4b" outcome="Failed" testListId="8c84fa94-04c1-424b-9868-57a2d4851a1d" relativeResultsDirectory="7f0e8b93-ff57-458f-b030-da1675d7a5c4">
      <Output>
        <ErrorInfo>
          <Message>The web.config file for the site http://localhost:1904/ contains information from a previous run.  Replacing it with the backup file (web.config.backup) should fix the issue.</Message>
        </ErrorInfo>
      </Output>
    </UnitTestResult>
    <UnitTestResult executionId="2a57b543-3d35-4c6e-8589-49298885f4a1" testId="65592419-f6ff-494c-da67-eb32078e50e6" testName="grv_hasil_SelectedIndexChangedTest" computerName="ALRAZI" startTime="2012-06-10T15:59:49.1793177+07:00" endTime="2012-06-10T15:59:49.2123177+07:00" testType="13cdc9d9-ddb5-4fa4-a97d-d965ccfc6d4b" outcome="Failed" testListId="8c84fa94-04c1-424b-9868-57a2d4851a1d" relativeResultsDirectory="2a57b543-3d35-4c6e-8589-49298885f4a1">
      <Output>
        <ErrorInfo>
          <Message>The web.config file for the site http://localhost:1904/ contains information from a previous run.  Replacing it with the backup file (web.config.backup) should fix the issue.</Message>
        </ErrorInfo>
      </Output>
    </UnitTestResult>
    <UnitTestResult executionId="9d66b00a-783e-4024-aa61-580dfb27792a" testId="f4ab2284-0796-b3b4-6586-043a1f5db87c" testName="LoginConstructorTest" computerName="ALRAZI" startTime="2012-06-10T15:59:49.2203177+07:00" endTime="2012-06-10T15:59:49.2503177+07:00" testType="13cdc9d9-ddb5-4fa4-a97d-d965ccfc6d4b" outcome="Failed" testListId="8c84fa94-04c1-424b-9868-57a2d4851a1d" relativeResultsDirectory="9d66b00a-783e-4024-aa61-580dfb27792a">
      <Output>
        <ErrorInfo>
          <Message>The web.config file for the site http://localhost:1904/ contains information from a previous run.  Replacing it with the backup file (web.config.backup) should fix the issue.</Message>
        </ErrorInfo>
      </Output>
    </UnitTestResult>
    <UnitTestResult executionId="8efcc1b6-c2ba-42e8-9de2-67a678872e5c" testId="9a3de24e-2eff-76ae-d300-8685d9bcb047" testName="Page_LoadTest" computerName="ALRAZI" startTime="2012-06-10T15:59:49.2593177+07:00" endTime="2012-06-10T15:59:49.2913177+07:00" testType="13cdc9d9-ddb5-4fa4-a97d-d965ccfc6d4b" outcome="Failed" testListId="8c84fa94-04c1-424b-9868-57a2d4851a1d" relativeResultsDirectory="8efcc1b6-c2ba-42e8-9de2-67a678872e5c">
      <Output>
        <ErrorInfo>
          <Message>The web.config file for the site http://localhost:1904/ contains information from a previous run.  Replacing it with the backup file (web.config.backup) should fix the issue.</Message>
        </ErrorInfo>
      </Output>
    </UnitTestResult>
    <UnitTestResult executionId="e26e2796-8b44-47cb-b32d-d4d2511abdaf" testId="ac64bbc8-aeb0-2b58-1325-61a2768c0e83" testName="WinnowingConstructorTest" computerName="ALRAZI" startTime="2012-06-10T15:59:49.2973177+07:00" endTime="2012-06-10T15:59:49.3313177+07:00" testType="13cdc9d9-ddb5-4fa4-a97d-d965ccfc6d4b" outcome="Failed" testListId="8c84fa94-04c1-424b-9868-57a2d4851a1d" relativeResultsDirectory="e26e2796-8b44-47cb-b32d-d4d2511abdaf">
      <Output>
        <ErrorInfo>
          <Message>The web.config file for the site http://localhost:1904/ contains information from a previous run.  Replacing it with the backup file (web.config.backup) should fix the issue.</Message>
        </ErrorInfo>
      </Output>
    </UnitTestResult>
    <UnitTestResult executionId="dee8eb00-4647-4509-8313-a03586eb96fd" testId="cd9b4269-87bc-2cfc-dda4-07e3115de432" testName="getFingerprintTest" computerName="ALRAZI" startTime="2012-06-10T15:59:49.3393177+07:00" endTime="2012-06-10T15:59:49.3693177+07:00" testType="13cdc9d9-ddb5-4fa4-a97d-d965ccfc6d4b" outcome="Failed" testListId="8c84fa94-04c1-424b-9868-57a2d4851a1d" relativeResultsDirectory="dee8eb00-4647-4509-8313-a03586eb96fd">
      <Output>
        <ErrorInfo>
          <Message>The web.config file for the site http://localhost:1904/ contains information from a previous run.  Replacing it with the backup file (web.config.backup) should fix the issue.</Message>
        </ErrorInfo>
      </Output>
    </UnitTestResult>
    <UnitTestResult executionId="48623acc-2b19-4271-846e-53306091975f" testId="951a0291-5cc7-e805-4853-6d463241a4af" testName="primeRollingHashTest" computerName="ALRAZI" startTime="2012-06-10T15:59:49.3763177+07:00" endTime="2012-06-10T15:59:49.4063177+07:00" testType="13cdc9d9-ddb5-4fa4-a97d-d965ccfc6d4b" outcome="Failed" testListId="8c84fa94-04c1-424b-9868-57a2d4851a1d" relativeResultsDirectory="48623acc-2b19-4271-846e-53306091975f">
      <Output>
        <ErrorInfo>
          <Message>The web.config file for the site http://localhost:1904/ contains information from a previous run.  Replacing it with the backup file (web.config.backup) should fix the issue.</Message>
        </ErrorInfo>
      </Output>
    </UnitTestResult>
    <UnitTestResult executionId="c24b2af0-9a68-4cf3-909d-327a73fac69c" testId="a5238c7e-8a95-cb5a-b528-67036ccdafb9" testName="rollHashRightTest" computerName="ALRAZI" startTime="2012-06-10T15:59:49.4143177+07:00" endTime="2012-06-10T15:59:49.4463177+07:00" testType="13cdc9d9-ddb5-4fa4-a97d-d965ccfc6d4b" outcome="Failed" testListId="8c84fa94-04c1-424b-9868-57a2d4851a1d" relativeResultsDirectory="c24b2af0-9a68-4cf3-909d-327a73fac69c">
      <Output>
        <ErrorInfo>
          <Message>The web.config file for the site http://localhost:1904/ contains information from a previous run.  Replacing it with the backup file (web.config.backup) should fix the issue.</Message>
        </ErrorInfo>
      </Output>
    </UnitTestResult>
    <UnitTestResult executionId="b298f3d2-66ea-4727-9033-e9bf5b100771" testId="b0781a75-7e96-38e5-9284-4f3ab910ae3a" testName="setHashTest" computerName="ALRAZI" startTime="2012-06-10T15:59:49.4543177+07:00" endTime="2012-06-10T15:59:49.5133177+07:00" testType="13cdc9d9-ddb5-4fa4-a97d-d965ccfc6d4b" outcome="Failed" testListId="8c84fa94-04c1-424b-9868-57a2d4851a1d" relativeResultsDirectory="b298f3d2-66ea-4727-9033-e9bf5b100771">
      <Output>
        <ErrorInfo>
          <Message>The web.config file for the site http://localhost:1904/ contains information from a previous run.  Replacing it with the backup file (web.config.backup) should fix the issue.</Message>
        </ErrorInfo>
      </Output>
    </UnitTestResult>
    <UnitTestResult executionId="c57d5c6a-369c-4855-b3c3-eb50c4b8bdc4" testId="aaab4fa5-7ee6-f159-164b-f39f062960fb" testName="ModelDokumenConstructorTest" computerName="ALRAZI" startTime="2012-06-10T15:59:49.5253177+07:00" endTime="2012-06-10T15:59:49.5813177+07:00" testType="13cdc9d9-ddb5-4fa4-a97d-d965ccfc6d4b" outcome="Failed" testListId="8c84fa94-04c1-424b-9868-57a2d4851a1d" relativeResultsDirectory="c57d5c6a-369c-4855-b3c3-eb50c4b8bdc4">
      <Output>
        <ErrorInfo>
          <Message>The web.config file for the site http://localhost:1904/ contains information from a previous run.  Replacing it with the backup file (web.config.backup) should fix the issue.</Message>
        </ErrorInfo>
      </Output>
    </UnitTestResult>
    <UnitTestResult executionId="4a185eba-e83b-4072-8da5-519265ac7ba9" testId="d1cb4db1-3a91-adff-6a20-2d75edb804b4" testName="getTest" computerName="ALRAZI" startTime="2012-06-10T15:59:49.6083177+07:00" endTime="2012-06-10T15:59:49.6393177+07:00" testType="13cdc9d9-ddb5-4fa4-a97d-d965ccfc6d4b" outcome="Failed" testListId="8c84fa94-04c1-424b-9868-57a2d4851a1d" relativeResultsDirectory="4a185eba-e83b-4072-8da5-519265ac7ba9">
      <Output>
        <ErrorInfo>
          <Message>The web.config file for the site http://localhost:1904/ contains information from a previous run.  Replacing it with the backup file (web.config.backup) should fix the issue.</Message>
        </ErrorInfo>
      </Output>
    </UnitTestResult>
    <UnitTestResult executionId="e4654698-ff31-434d-8db4-a15545a86658" testId="33cccedd-e014-d783-3bd6-6e4b6cee0049" testName="getByIdTest" computerName="ALRAZI" startTime="2012-06-10T15:59:49.6483177+07:00" endTime="2012-06-10T15:59:49.6793177+07:00" testType="13cdc9d9-ddb5-4fa4-a97d-d965ccfc6d4b" outcome="Failed" testListId="8c84fa94-04c1-424b-9868-57a2d4851a1d" relativeResultsDirectory="e4654698-ff31-434d-8db4-a15545a86658">
      <Output>
        <ErrorInfo>
          <Message>The web.config file for the site http://localhost:1904/ contains information from a previous run.  Replacing it with the backup file (web.config.backup) should fix the issue.</Message>
        </ErrorInfo>
      </Output>
    </UnitTestResult>
    <UnitTestResult executionId="18ecd53a-ec07-41a1-80a2-74b4299f9a60" testId="1555dcc8-b260-0bb8-da07-7f7a06c8463e" testName="insertTest" computerName="ALRAZI" startTime="2012-06-10T15:59:49.6863177+07:00" endTime="2012-06-10T15:59:49.7163177+07:00" testType="13cdc9d9-ddb5-4fa4-a97d-d965ccfc6d4b" outcome="Failed" testListId="8c84fa94-04c1-424b-9868-57a2d4851a1d" relativeResultsDirectory="18ecd53a-ec07-41a1-80a2-74b4299f9a60">
      <Output>
        <ErrorInfo>
          <Message>The web.config file for the site http://localhost:1904/ contains information from a previous run.  Replacing it with the backup file (web.config.backup) should fix the issue.</Message>
        </ErrorInfo>
      </Output>
    </UnitTestResult>
    <UnitTestResult executionId="cd14c779-21a7-4619-a393-f903ae484e73" testId="2c8e497d-02c8-389d-f52d-fc389538bc8c" testName="updateTest" computerName="ALRAZI" startTime="2012-06-10T15:59:49.7243177+07:00" endTime="2012-06-10T15:59:49.7583177+07:00" testType="13cdc9d9-ddb5-4fa4-a97d-d965ccfc6d4b" outcome="Failed" testListId="8c84fa94-04c1-424b-9868-57a2d4851a1d" relativeResultsDirectory="cd14c779-21a7-4619-a393-f903ae484e73">
      <Output>
        <ErrorInfo>
          <Message>The web.config file for the site http://localhost:1904/ contains information from a previous run.  Replacing it with the backup file (web.config.backup) should fix the issue.</Message>
        </ErrorInfo>
      </Output>
    </UnitTestResult>
    <UnitTestResult executionId="79468343-037e-4274-a024-0c7c0f9cb409" testId="4c00c937-c4a3-6970-1a15-288505c42cca" testName="ojopodoEntitiesConstructorTest" computerName="ALRAZI" startTime="2012-06-10T15:59:49.7663177+07:00" endTime="2012-06-10T15:59:49.8043177+07:00" testType="13cdc9d9-ddb5-4fa4-a97d-d965ccfc6d4b" outcome="Failed" testListId="8c84fa94-04c1-424b-9868-57a2d4851a1d" relativeResultsDirectory="79468343-037e-4274-a024-0c7c0f9cb409">
      <Output>
        <ErrorInfo>
          <Message>The web.config file for the site http://localhost:1904/ contains information from a previous run.  Replacing it with the backup file (web.config.backup) should fix the issue.</Message>
        </ErrorInfo>
      </Output>
    </UnitTestResult>
    <UnitTestResult executionId="d63e7f50-a53a-4a80-8aab-5a61ac292053" testId="1b5391a6-2df0-6eb6-26ed-386e5ecb977d" testName="ojopodoEntitiesConstructorTest1" computerName="ALRAZI" startTime="2012-06-10T15:59:49.8113177+07:00" endTime="2012-06-10T15:59:49.8403177+07:00" testType="13cdc9d9-ddb5-4fa4-a97d-d965ccfc6d4b" outcome="Failed" testListId="8c84fa94-04c1-424b-9868-57a2d4851a1d" relativeResultsDirectory="d63e7f50-a53a-4a80-8aab-5a61ac292053">
      <Output>
        <ErrorInfo>
          <Message>The web.config file for the site http://localhost:1904/ contains information from a previous run.  Replacing it with the backup file (web.config.backup) should fix the issue.</Message>
        </ErrorInfo>
      </Output>
    </UnitTestResult>
    <UnitTestResult executionId="20bd5684-e5ea-4d97-93a7-d47e909adc0f" testId="80e4d96f-1b6c-16ac-d10d-00c8bd22a6c9" testName="ojopodoEntitiesConstructorTest2" computerName="ALRAZI" startTime="2012-06-10T15:59:49.8483177+07:00" endTime="2012-06-10T15:59:49.8783177+07:00" testType="13cdc9d9-ddb5-4fa4-a97d-d965ccfc6d4b" outcome="Failed" testListId="8c84fa94-04c1-424b-9868-57a2d4851a1d" relativeResultsDirectory="20bd5684-e5ea-4d97-93a7-d47e909adc0f">
      <Output>
        <ErrorInfo>
          <Message>The web.config file for the site http://localhost:1904/ contains information from a previous run.  Replacing it with the backup file (web.config.backup) should fix the issue.</Message>
        </ErrorInfo>
      </Output>
    </UnitTestResult>
    <UnitTestResult executionId="7890921f-2889-42d6-8828-e0ebc2a73d62" testId="0fe921bf-a9bd-c902-fc66-96af7cc617d8" testName="AddTodokumenTest" computerName="ALRAZI" startTime="2012-06-10T15:59:49.8873177+07:00" endTime="2012-06-10T15:59:49.9193177+07:00" testType="13cdc9d9-ddb5-4fa4-a97d-d965ccfc6d4b" outcome="Failed" testListId="8c84fa94-04c1-424b-9868-57a2d4851a1d" relativeResultsDirectory="7890921f-2889-42d6-8828-e0ebc2a73d62">
      <Output>
        <ErrorInfo>
          <Message>The web.config file for the site http://localhost:1904/ contains information from a previous run.  Replacing it with the backup file (web.config.backup) should fix the issue.</Message>
        </ErrorInfo>
      </Output>
    </UnitTestResult>
    <UnitTestResult executionId="443809c1-acba-4b90-97a0-1eb616aa519c" testId="e22ef012-b1c7-dc7f-5a34-afcc3752b48b" testName="AddTouserTest" computerName="ALRAZI" startTime="2012-06-10T15:59:49.9283177+07:00" endTime="2012-06-10T15:59:49.9663177+07:00" testType="13cdc9d9-ddb5-4fa4-a97d-d965ccfc6d4b" outcome="Failed" testListId="8c84fa94-04c1-424b-9868-57a2d4851a1d" relativeResultsDirectory="443809c1-acba-4b90-97a0-1eb616aa519c">
      <Output>
        <ErrorInfo>
          <Message>The web.config file for the site http://localhost:1904/ contains information from a previous run.  Replacing it with the backup file (web.config.backup) should fix the issue.</Message>
        </ErrorInfo>
      </Output>
    </UnitTestResult>
    <UnitTestResult executionId="d5e9e57f-ab52-409a-b3bf-0645784d07d8" testId="ed1a279c-f71e-b268-001d-b878afe901ac" testName="dokumenTest" computerName="ALRAZI" startTime="2012-06-10T15:59:49.9893177+07:00" endTime="2012-06-10T15:59:50.0533177+07:00" testType="13cdc9d9-ddb5-4fa4-a97d-d965ccfc6d4b" outcome="Failed" testListId="8c84fa94-04c1-424b-9868-57a2d4851a1d" relativeResultsDirectory="d5e9e57f-ab52-409a-b3bf-0645784d07d8">
      <Output>
        <ErrorInfo>
          <Message>The web.config file for the site http://localhost:1904/ contains information from a previous run.  Replacing it with the backup file (web.config.backup) should fix the issue.</Message>
        </ErrorInfo>
      </Output>
    </UnitTestResult>
    <UnitTestResult executionId="97f5cf02-4693-4a42-9d19-fd2afae50623" testId="4424f846-c6ae-a792-7d4f-d87d4f574411" testName="userTest" computerName="ALRAZI" startTime="2012-06-10T15:59:50.0633177+07:00" endTime="2012-06-10T15:59:50.1173177+07:00" testType="13cdc9d9-ddb5-4fa4-a97d-d965ccfc6d4b" outcome="Failed" testListId="8c84fa94-04c1-424b-9868-57a2d4851a1d" relativeResultsDirectory="97f5cf02-4693-4a42-9d19-fd2afae50623">
      <Output>
        <ErrorInfo>
          <Message>The web.config file for the site http://localhost:1904/ contains information from a previous run.  Replacing it with the backup file (web.config.backup) should fix the issue.</Message>
        </ErrorInfo>
      </Output>
    </UnitTestResult>
  </Results>
</TestRun>